Clearnesse Ironshore Violetley Westvale Courtcastle Valhaven Foxvale Woodice Corbank Ironriver Goldwyvern Esterfall Morwald Oakmere Dellwyn Oldmoor Eriwall Courtwall Buttermead Newby Butterbush Morwall Foxhaven Marbleiron Freyview Clearnesse
25
Goldwyvern Goldwyvern
Esterfall Esterfall
Foxvale Foxvale
Courtcastle Courtcastle
Eriwall Eriwall
Clearnesse Clearnesse
Valhaven Valhaven
Ironriver Ironriver
Morwald Morwald
Marbleiron Marbleiron
Newby Newby
Courtwall Courtwall
Morwall Morwall
Oakmere Oakmere
Foxhaven Foxhaven
Freyview Freyview
Ironshore Ironshore
Oldmoor Oldmoor
Dellwyn Dellwyn
Butterbush Butterbush
Corbank Corbank
Buttermead Buttermead
Violetley Violetley
Woodice Woodice
Westvale Westvale
