Shoreburn Mallowway Woodice Westmill Silverwitch Mallowbridge Lightmere Goldcrest Foxhaven Rosemill Deephedge Silverbarrow Snowshore Fogland Wildemarsh Brightmere Fieldedge Greyice Mallowness Bluelake Redlake Applecastle Violetfay Strongfall Wellmage Freyview Snowsage Summermage Newby Newmill Stoneglass Dellwyn Mistshore Ironriver Bluedale Orfort Oakmere Greensummer Corbank Bluedell Greenshore Southpine Goldwyvern Flowermill Westvale Windbridge Orbarrow Butterbush Coldville Courtedge Eastcastle Courtcastle Ironshore Valhaven Janholt Highmont Southwheat Icenesse Morwall Marbleiron Wooddell Oldmoor Verthedge Northriver Foxvale Buttermead Brightrock Stonefair Seamoor Wellbank Fairsage Rosegate Esterfall Silverlea Butterway Esterash Newley Redwell Erilyn Blackbush Clearnesse Bushgate Westerlight Bluewyn Violetley Springfox Starryhill Ostwynne Fairice Freymere Northwynne Eriwall Wolflea Flowerfield Courtwall Clearland Morwald Butterhill Lochmage Irondeer Shoreburn
100
Marbleiron Marbleiron
Ironriver Ironriver
Courtwall Courtwall
Violetley Violetley
Westvale Westvale
Woodice Woodice
Esterfall Esterfall
Eriwall Eriwall
Goldwyvern Goldwyvern
Newby Newby
Foxvale Foxvale
Morwall Morwall
Oakmere Oakmere
Erilyn Erilyn
Eastcastle Eastcastle
Rosemill Rosemill
Wolflea Wolflea
Greenshore Greenshore
Bluedell Bluedell
Newley Newley
Fairsage Fairsage
Greyice Greyice
Greensummer Greensummer
Southpine Southpine
Ostwynne Ostwynne
Violetfay Violetfay
Northwynne Northwynne
Redlake Redlake
Butterway Butterway
Brightrock Brightrock
Fogland Fogland
Silverwitch Silverwitch
Butterhill Butterhill
Deephedge Deephedge
Flowerfield Flowerfield
Coldville Coldville
Mallowbridge Mallowbridge
Blackbush Blackbush
Bluewyn Bluewyn
Silverbarrow Silverbarrow
Rosegate Rosegate
Freymere Freymere
Newmill Newmill
Icenesse Icenesse
Mallowness Mallowness
Fieldedge Fieldedge
Verthedge Verthedge
Highmont Highmont
Mistshore Mistshore
Applecastle Applecastle
Bluedale Bluedale
Orbarrow Orbarrow
Strongfall Strongfall
Silverlea Silverlea
Mallowway Mallowway
Flowermill Flowermill
Seamoor Seamoor
Northriver Northriver
Starryhill Starryhill
Wooddell Wooddell
Wellbank Wellbank
Janholt Janholt
Bluelake Bluelake
Orfort Orfort
Springfox Springfox
Summermage Summermage
Goldcrest Goldcrest
Courtedge Courtedge
Foxhaven Foxhaven
Redwell Redwell
Corbank Corbank
Oldmoor Oldmoor
Freyview Freyview
Morwald Morwald
Fairice Fairice
Snowsage Snowsage
Windbridge Windbridge
Ironshore Ironshore
Dellwyn Dellwyn
Butterbush Butterbush
Esterash Esterash
Stonefair Stonefair
Clearnesse Clearnesse
Bushgate Bushgate
Brightmere Brightmere
Stoneglass Stoneglass
Valhaven Valhaven
Courtcastle Courtcastle
Wildemarsh Wildemarsh
Wellmage Wellmage
Westerlight Westerlight
Snowshore Snowshore
Irondeer Irondeer
Buttermead Buttermead
Lightmere Lightmere
Southwheat Southwheat
Clearland Clearland
Westmill Westmill
Lochmage Lochmage
Shoreburn Shoreburn
