Brightmere Westmill Butterbush Bluedell Freyview Newley Wolflea Bushgate Clearnesse Wildemarsh Marbleiron Lochmage Westvale Ironriver Greyice Valhaven Westerlight Newby Erilyn Violetley Greenshore Eastcastle Courtcastle Irondeer Oakmere Southwheat Shoreburn Ironshore Clearland Fairsage Dellwyn Foxhaven Buttermead Rosemill Courtwall Morwald Oldmoor Goldwyvern Esterfall Lightmere Wellmage Corbank Foxvale Morwall Esterash Stonefair Snowshore Woodice Eriwall Stoneglass Brightmere
50
Marbleiron Marbleiron
Courtcastle Courtcastle
Morwald Morwald
Clearnesse Clearnesse
Valhaven Valhaven
Buttermead Buttermead
Woodice Woodice
Oldmoor Oldmoor
Dellwyn Dellwyn
Butterbush Butterbush
Corbank Corbank
Esterash Esterash
Stonefair Stonefair
Westerlight Westerlight
Clearland Clearland
Bushgate Bushgate
Brightmere Brightmere
Stoneglass Stoneglass
Wildemarsh Wildemarsh
Wellmage Wellmage
Snowshore Snowshore
Irondeer Irondeer
Lightmere Lightmere
Southwheat Southwheat
Westmill Westmill
Lochmage Lochmage
Shoreburn Shoreburn
Erilyn Erilyn
Bluedell Bluedell
Violetley Violetley
Eastcastle Eastcastle
Rosemill Rosemill
Wolflea Wolflea
Greenshore Greenshore
Westvale Westvale
Newley Newley
Fairsage Fairsage
Greyice Greyice
Eriwall Eriwall
Esterfall Esterfall
Ironriver Ironriver
Newby Newby
Goldwyvern Goldwyvern
Foxvale Foxvale
Morwall Morwall
Courtwall Courtwall
Oakmere Oakmere
Foxhaven Foxhaven
Freyview Freyview
Ironshore Ironshore
