129 99 145 172 89 123 103 192 175 192 121 170 58 170 73 136 73 170 101 52 101 97 76 179 92 124 92 13 118 166 118 45 22 10 100 10 28 5 148 153 151 21 67 21 182 190 8 142 8 181 32 187 32 181 106 178 106 133 85 184 109 34 71 64 119 163 119 94 27 165 40 3 90 152 91 152 77 69 167 130 167 69 61 112 79 72 43 19 7 96 70 96 11 16 25 46 2 55 2 4 157 110 154 193 154 196 37 160 74 127 113 146 88 31 88 1 88 115 197 107 82 180 145 99 129
63
1 1
43 43
46 46
10 10
112 112
52 52
55 55
103 103
58 58
61 61
115 115
13 13
64 64
67 67
70 70
73 73
76 49 76
118 118
16 16
79 79
82 82
4 4
85 85
106 106
88 88
97 97
91 91
121 121
19 19
94 139 94
124 124
25 25
22 22
100 100
127 127
145 145
148 148
157 157
154 154
151 151
31 31
133 133
7 7
160 160
163 163
109 109
166 166
136 136
34 34
28 28
172 172
175 175
178 178
181 169 181
130 130
184 184
37 37
187 187
190 190
40 40
142 142
193 193
196 196
