FacultyClub IRLE Cheit Investigative MartinezCommons UniversityHouse SproulPlaza OptometryLibrary Library AndersenAuditorium Stephens Morrison CareerCenter StowPlaza Sproul AnthropologyLibrary Birge FPF MelvinLaboratory Koshland OBrien EarthLibrary StudentUnion SutardjaDai Giauque Spieker ArtHistoryLibrary MediaCenter BioscienceLibrary Hilgard DonnerLaboratory SpringerGateway CITRIS MLK Etcheverry BrainImagingCenter Bechtel LawrenceofScience NewspapersLibrary BancroftDance Mulford McCone InternationalHouse McCone EnergyBuilding HearstGym BerkeleyWayWest Jacobs Unit3 Manville PacificFilmArchive Warren Durham EarthquakeLibrary FacultyClub
48
FacultyClub FacultyClub
Hilgard Hilgard
StudentUnion StudentUnion
EarthquakeLibrary EarthquakeLibrary
BioscienceLibrary BioscienceLibrary
Morrison Morrison
SproulPlaza SproulPlaza
Cheit Wheeler Cheit
Manville Manville
Koshland Koshland
Jacobs Pimentel Jacobs
Investigative Investigative
EarthLibrary EarthLibrary
EnergyBuilding EnergyBuilding
MediaCenter MediaCenter
StowPlaza StowPlaza
MartinezCommons MartinezCommons
MelvinLaboratory MelvinLaboratory
BancroftDance BancroftDance
AndersenAuditorium AndersenAuditorium
Unit3 Unit3
AnthropologyLibrary AnthropologyLibrary
Stephens Stephens
InternationalHouse InternationalHouse
OptometryLibrary OptometryLibrary
IRLE IRLE
DonnerLaboratory DonnerLaboratory
Birge Birge
UniversityHouse UniversityHouse
SpringerGateway SpringerGateway
ArtHistoryLibrary ArtHistoryLibrary
Sproul Sproul
LawrenceofScience LawrenceofScience
CITRIS CITRIS
NewspapersLibrary NewspapersLibrary
Warren Warren
CareerCenter CareerCenter
Mulford Mulford
SutardjaDai SutardjaDai
Durham Durham
HearstGym HearstGym
OBrien OBrien
Library Library
Etcheverry Etcheverry
Spieker Spieker
FPF FPF
PacificFilmArchive PacificFilmArchive
BrainImagingCenter BrainImagingCenter
