FacultyClub EarthquakeLibrary Morrison Spieker CITRIS BerkeleyLawLibrary BanwayBuilding Sproul Koshland MathLibrary Hildebrand Mulford BancroftDance IRLE Campbell LeConte Birge Stephens OBrien EnergyBuilding Wellman Wheeler CareerCenter Soda Durant CesarChavez UniversityHouse MartinezCommons Cheit PacificFilmArchive VisualCenter AndersenAuditorium MaxwellField SimpsonCenter FoxCottage Davis InternationalHouse AnnaHeadAlumnae StowPlaza HearstGreekTheatre Hilgard DonnerLaboratory MediaCenter UpperHearstParking InnovationStudio Investigative MelvinLaboratory EthnicLibrary Senior LawrenceofScience StudentUnion AnthropologyLibrary NewspapersLibrary HearstFieldAnnex McCone OptometryLibrary Jacobs BioscienceLibrary Stanley HearstFountain Warren FoundersRock EngineeringLibrary SEAsianLibrary LatinAmerican BerkeleyWayWest Unit3 HaasClubhouse Durham AlumniHouse Boalt LawSchool MSRI AquaticCenter Bowles Bechtel WooHonFai BrainImagingCenter SocialLibrary Manville TAAP Etcheverry SproulPlaza Underhill EarthLibrary NorthGate Pimentel PhysicsLibrary Evans EastAsianLibrary HealthServices FPF Library BancroftLibrary SutardjaDai MLK FacultyClub
93
LawrenceofScience LawrenceofScience
Pimentel Pimentel HearstGym
Mulford Mulford
SutardjaDai SutardjaDai
OBrien OBrien
Library Library
Spieker Spieker
IRLE IRLE SpringerGateway
DonnerLaboratory DonnerLaboratory
UniversityHouse UniversityHouse
Sproul Sproul
Birge Birge
CITRIS CITRIS
NewspapersLibrary NewspapersLibrary
Warren Warren
PhysicsLibrary PhysicsLibrary
CesarChavez CesarChavez
BerkeleyWayWest BerkeleyWayWest
MSRI MSRI
HealthServices HealthServices
WooHonFai WooHonFai
TAAP TAAP
MathLibrary MathLibrary
AquaticCenter AquaticCenter
UpperHearstParking UpperHearstParking
Evans Evans
BancroftLibrary BancroftLibrary
HearstFieldAnnex HearstFieldAnnex
HearstFountain VLSB HearstFountain
BerkeleyLawLibrary BerkeleyLawLibrary
Underhill Underhill
Campbell Campbell
Davis Davis
NorthGate NorthGate
CareerCenter CareerCenter
AlumniHouse AlumniHouse
Bowles Bowles
Wellman Wellman
Durham ArtHistoryLibrary Durham
Senior Senior
Stanley Stanley
SocialLibrary SocialLibrary
EastAsianLibrary EastAsianLibrary
SimpsonCenter Latimer SimpsonCenter
EthnicLibrary EthnicLibrary
FoxCottage FoxCottage
Hildebrand Hildebrand
MaxwellField MaxwellField
SEAsianLibrary SEAsianLibrary
Etcheverry Etcheverry
Bechtel Bechtel
BanwayBuilding BanwayBuilding
EngineeringLibrary EngineeringLibrary
Durant Durant
McCone McCone
LatinAmerican LatinAmerican
LawSchool LawSchool
LeConte LeConte
HearstGreekTheatre HearstGreekTheatre
MLK MLK
Soda Soda
FPF FPF
VisualCenter VisualCenter
Manville Manville
Morrison Morrison
PacificFilmArchive PacificFilmArchive
SproulPlaza SproulPlaza
Boalt Boalt
FoundersRock FoundersRock
BrainImagingCenter BrainImagingCenter
Wheeler Wheeler
Cheit Cheit
Koshland Koshland
Jacobs Jacobs
Hilgard Hilgard
EnergyBuilding IdaHouse EnergyBuilding
MediaCenter MediaCenter
StowPlaza StowPlaza
StudentUnion StudentUnion
BioscienceLibrary BioscienceLibrary
FacultyClub FacultyClub
MartinezCommons MartinezCommons
MelvinLaboratory MelvinLaboratory
Investigative Investigative
BancroftDance BancroftDance Giauque
AndersenAuditorium AndersenAuditorium
EarthquakeLibrary EarthquakeLibrary
Unit3 Unit3
AnthropologyLibrary AnthropologyLibrary
EarthLibrary EarthLibrary
Stephens Stephens
InternationalHouse InternationalHouse
OptometryLibrary OptometryLibrary
