FacultyClub Etcheverry HearstGym Unit3 Spieker Warren Mulford Morrison BrainImagingCenter StudentUnion EarthquakeLibrary FPF UniversityHouse SutardjaDai MartinezCommons Durham Wheeler Cheit Hilgard Manville Pimentel BioscienceLibrary Investigative Library OBrien PacificFilmArchive LawrenceofScience FacultyClub
25
FacultyClub FacultyClub
BioscienceLibrary BioscienceLibrary
Hilgard Hilgard
Mulford Mulford
SutardjaDai SutardjaDai
HearstGym HearstGym
Durham Durham
OBrien OBrien
Library Library
FPF FPF
Cheit Cheit
Etcheverry Etcheverry
Spieker Spieker
PacificFilmArchive PacificFilmArchive
BrainImagingCenter BrainImagingCenter
Morrison Morrison
Wheeler Wheeler
Manville Manville
StudentUnion StudentUnion
Unit3 CareerCenter
EarthquakeLibrary EarthquakeLibrary
UniversityHouse UniversityHouse
LawrenceofScience LawrenceofScience
Pimentel Pimentel
MartinezCommons SproulPlaza
