0 60 148 120 75 82 191 76 58 114 140 149 67 18 139 103 141 25 131 3 13 133 26 134 117 158 172 153 199 97 51 145 85 38 56 19 88 181 32 94 173 74 35 178 49 175 144 77 73 71 46 90 161 105 65 102 124 69 167 162 64 180 171 8 33 47 17 55 15 177 195 119 106 96 91 92 154 123 197 93 83 136 174 48 87 99 135 44 80 52 113 132 168 169 0
92
3 3
47 47
49 49
8 8
106 106
44 44
46 46
48 48
124 124
51 51
113 113
52 52
56 56
55 55
102 102
65 65
58 58
67 67
60 112 155 60
64 64
114 114
13 13
74 74
75 75
76 76
117 117
69 69
71 71
80 80
73 73
82 82
83 83
15 15
85 85
77 77
87 87
88 88
25 25
119 143 119
91 91
105 105
93 93
94 94
17 17
96 96
97 97
90 90
120 120
18 18
92 92
123 123
19 19
99 99
135 135
145 145
26 26
149 149
148 148
131 131
153 153
132 132
161 161 188
162 162
154 154
158 158
134 134
133 133
167 167
168 168
169 169
32 32 42
172 172
173 173
33 33 170
171 171
136 136
174 174
175 175
177 177
35 35
178 178
181 181
180 180
103 103
191 191
139 139
38 38
140 140
141 141
195 195
197 197
199 199
