1 15 105 3 78 57 35 65 54 51 12 34 88 11 82 52 94 164 86 50 17 58 100 6 47 187 198 176 96 176 18 92 62 172 84 28 92 97 24 37 114 26 48 89 14 22 63 90 66 70 80 20 80 36 27 87 107 23 104 73 104 91 111 157 10 149 99 8 79 76 68 69 161 19 161 60 85 33 29 33 59 44 40 45 166 98 166 46 166 16 21 53 55 53 95 42 64 41 72 56 131 61 38 61 2 93 9 71 39 179 101 167 83 167 67 49 77 25 4 81 5 13 66 31 7 1
95
2 2
3 3
4 4
10 10
11 11
12 12
13 13
16 16
17 17
18 18
19 19
42 42
9 9
44 44
45 45
46 46
47 47
48 48
49 49
50 50
51 51
52 52
53 53
54 54
55 55
56 56
57 57
58 58
59 59
60 60
61 61
62 62
63 63
64 64
65 65 75
66 66 43
67 67
68 68
69 69 30
70 70
71 71
72 72
73 73
15 15
14 14
76 76
77 77
78 78
79 79
80 80
81 81
82 82
83 83
84 84
85 85
86 86
87 87 32
88 88
89 89
90 90
91 91
92 92
94 94
95 95
96 96
97 97
93 93
25 25
22 22
20 20
5 5
98 98
99 99
100 100
101 101
21 21
23 23
24 24
26 26
27 27
6 6
31 31
7 7
33 33
34 34
28 28
35 35
36 36
8 8
37 37
38 38
29 29
39 39
40 40
41 41 74
