159 77 140 14 97 126 172 119 86 129 74 185 74 158 99 158 102 5 177 174 177 111 177 64 156 31 114 35 114 92 116 92 189 32 79 160 88 29 50 108 38 108 75 37 46 192 130 107 134 107 44 60 44 4 149 23 194 21 194 23 181 100 139 100 59 147 40 147 157 71 15 167 8 178 16 13 63 121 166 27 169 27 145 27 173 133 17 36 66 10 171 69 155 69 138 81 28 81 30 11 104 20 87 20 41 148 47 182 48 117 7 72 45 25 101 132 163 53 193 180 109 127 61 127 146 127 137 76 184 165 65 98 65 93 154 93 56 96 56 156 52 6 164 43 164 159 22 159
83
4 4
111 34 111 128
47 47
41 41
43 43
52 52
107 107
45 45
46 46
10 10 200
48 48
11 11
53 53
114 114
65 65 26
63 63
61 61
59 59
60 60
13 106 13
64 64
14 14
116 116
72 72
126 126
71 71
15 15
79 3 79
74 74
77 77 190
76 76
17 17
88 88
93 93
87 87
86 86
121 121
100 100 199
101 101
102 82 123 102
98 98
97 97
96 191 96
22 22
99 99
21 21
148 51 148
146 146
145 145
132 132
6 6
157 157
158 158
156 156
155 155
31 31
154 2 154
133 133
32 32
7 7
134 134 120
109 109
165 165
174 174
172 172
167 167
169 169
28 28
181 181
35 35
137 137 85
180 122 180
178 178
36 36
138 138
139 139
37 37
185 185
38 38
140 140
40 40
192 192
193 193 24
