Home46 Home49 Home88 Home85 Home88 Home32 Home31 Home89 Home82 Home15 Home13 Home30 Home55 Home51 Home78 Home71 Home41 Home39 Home35 Home86 Home24 Home64 Home40 Home84 Home69 Home63 Home83 Home49 Home9 Home49 Home46
21
Home9 Home9 Home28 Home45
Home13 Home13
Home15 Home57
Home24 Home27 Home62
Home30 Home5 Home30
Home31 Home31
Home35 Home68
Home39 Home42 Home39
Home40 Home40
Home41 Home41
Home49 Home49
Home55 Home55
Home63 Home66 Home63
Home69 Home69
Home71 Home71
Home78 Home11
Home82 Home48 Home82 Home80
Home83 Home83
Home85 Home12 Home85
Home86 Home60
Home88 Home33
