K AL AV CS AD BX BU CN X AT R CH D BO S CL Y BG BD AR BW AS F AJ BM B CP BS CC BP AQ BA AB CQ AY E BJ BR BL CM V BZ CJ CG AA W AN CE CA I BB BV AG CK CV CI AO AU AE CR L BH CF C AI P BQ AW CB AH M BT G BE Q BN BK CD CO J AF AM O AC BI A AK BF BC N CU AP U BY AZ H T CT Z AX K
100
A A
C C
D D
I I
J J
K K
L L
M M
N N
O O
P P
Q Q
R R
AP AP
AQ AQ
AR AR
AS AS
AT AT
AU AU
AV AV
AW AW
AX AX
AY AY
AZ AZ
BA BA
BB BB
BC BC
BD BD
BE BE
BF BF
BG BG
BH BH
BI BI
BJ BJ
BK BK
BL BL
BM BM
BN BN
BO BO
BP BP
BQ BQ
BR BR
BS BS
BT BT
BU BU
BV BV
BW BW
BX BX
BY BY
BZ BZ
CA CA
CB CB
CC CC
CD CD
CE CE
CF CF
CG CG
CH CH
CI CI
CJ CJ
CK CK
CL CL
CM CM
CN CN
CP CP
CQ CQ
CR CR
CS CS
S S
CO CO
Y Y
V V
T T
E E
CT CT
CU CU
CV CV
U U
W W
X X
Z Z
AA AA
F F
AD AD
AE AE
AF AF
G G
B B
AG AG
AH AH
AB AB
AI AI
AJ AJ
H H
AK AK
AL AL
AC AC
AM AM
AN AN
AO AO
