Satish 4C88SXD 4VE7V DDB26ZHC SQLSVN 5XYO CXQDH6YMZ8 J2ETZ1C CV6NHW7M 7T8I47 ETNCY9XH2 02X2C VOAV YQB2CII950 R5XAD9J7 DYYG23O YDG8AEOM ETB2 2B1K6EW9CL LBR67PCKBJ 3IXHQXHYBV P6RI91D87 79KTC8AS9 W71YV1R66L 0TRB9358 G7PWWJ FWM5C 8MDFNIK8AY JX6GCY 7RUMCGSI 1UCE MLKOJ B690 3WJYJDDU CB93 7GAD3F Q7ZEY L7QS0UEPJ ZMQ5BH M649OA E9DZLL 9V10EOH 9K8PLAET A8WYICH3 A118 H1LQ91V PIW6IC50D 4P0LGP0 EFIKTK4Y0Y 8UPUEGO G4QE3I GH8C 3J6SSA 5HULMUDLAQ ZH2INF FPZT G90OCSZY FM2G14H8I 9QJRN MXJIYJYNH4 LQQ5IH 4UE11 ZMZIWZ CKNDWG PUW25N 01G9IQ2 KCOFJD ARTWTP9 B3R68HYWZ ZRI9UW LM7KL5G3V M35E O44VZ E37ZKA8WK 91ZONFE QW15YTSV H41HZ6 E2DHWGC HM48FZD0 GN4G0L2 HBQM42U VGYKKKOFLZ Q7Z37G5 FM2HEMVR1 ZZACWP ET82NVH9 7622OJ 2BLLD3SK E5HD GNVXN 8TH7QVQY YSRPP 26PG GILAN21GR3 PMXEOGGIQ DNIV2BOR2P DST5W4G0 KBI1CALMNJ ZE5CVXXZC HQG39M EEZS M71OYIS BQ5OUI IHN21LA4 Satish
98
GH8C GH8C
8TH7QVQY 8TH7QVQY
FM2G14H8I FM2G14H8I
ZZACWP ZZACWP
QW15YTSV QW15YTSV
ET82NVH9 ET82NVH9
CXQDH6YMZ8 CXQDH6YMZ8
2B1K6EW9CL 2B1K6EW9CL
0TRB9358 0TRB9358
DNIV2BOR2P DNIV2BOR2P
BQ5OUI RP28W1
A8WYICH3 A8WYICH3
4UE11 4UE11
EEZS EEZS
E37ZKA8WK E37ZKA8WK
3IXHQXHYBV 3IXHQXHYBV
E2DHWGC E2DHWGC
DST5W4G0 DST5W4G0
FM2HEMVR1 FM2HEMVR1
4P0LGP0 4P0LGP0
Q7ZEY Q7ZEY
CV6NHW7M CV6NHW7M
4C88SXD 4C88SXD
FPZT FPZT
MLKOJ MLKOJ
G4QE3I G4QE3I
VGYKKKOFLZ 6PVQIBNB9 VGYKKKOFLZ
3J6SSA 3J6SSA
H41HZ6 H41HZ6
O44VZ O44VZ
HBQM42U HBQM42U
91ZONFE 91ZONFE
8UPUEGO 8UPUEGO
HM48FZD0 HM48FZD0
JX6GCY JX6GCY
KCOFJD KCOFJD
9K8PLAET 9K8PLAET
KBI1CALMNJ KBI1CALMNJ
ARTWTP9 ARTWTP9
GN4G0L2 GN4G0L2
M71OYIS M71OYIS
9V10EOH 9V10EOH
9QJRN 9QJRN
A118 A118
IHN21LA4 IHN21LA4
7T8I47 7T8I47
DDB26ZHC DDB26ZHC
7622OJ 7622OJ
GNVXN GNVXN
CB93 CB93
EFIKTK4Y0Y EFIKTK4Y0Y
J2ETZ1C J2ETZ1C
ZH2INF ZH2INF
7GAD3F 7GAD3F
GILAN21GR3 GILAN21GR3
ZMQ5BH ZMQ5BH
E9DZLL E9DZLL
DYYG23O DYYG23O
M35E M35E
B690 B690
H1LQ91V H1LQ91V
G90OCSZY G90OCSZY
79KTC8AS9 79KTC8AS9
PMXEOGGIQ PMXEOGGIQ
LQQ5IH LQQ5IH
01G9IQ2 01G9IQ2
PUW25N PUW25N
B3R68HYWZ B3R68HYWZ
VOAV VOAV
HQG39M HQG39M
MXJIYJYNH4 MXJIYJYNH4
PIW6IC50D PIW6IC50D
8MDFNIK8AY 8MDFNIK8AY
LBR67PCKBJ LBR67PCKBJ
ZMZIWZ ZMZIWZ
7RUMCGSI YU3U1T
4VE7V 4VE7V
2BLLD3SK 2BLLD3SK
P6RI91D87 P6RI91D87
5XYO 5XYO
SQLSVN SQLSVN
ETNCY9XH2 ETNCY9XH2
LM7KL5G3V LM7KL5G3V
ETB2 ETB2
5HULMUDLAQ 5HULMUDLAQ
FWM5C FWM5C
1UCE 1UCE
Q7Z37G5 Q7Z37G5
W71YV1R66L W71YV1R66L
E5HD E5HD
L7QS0UEPJ L7QS0UEPJ
02X2C C8WREP 02X2C
26PG 26PG
M649OA M649OA
YSRPP YSRPP
3WJYJDDU 3WJYJDDU
CKNDWG CKNDWG
YQB2CII950 YQB2CII950
