Satish CXLQGGJ746 PQ09CSX 0I7Y F3YJ 5HGKBK QJ0LM8 M6CD1Y QHH48VD7JJ AO31B76 SKLZM PL0UHK F1G8HC 6WSDW IEYK8 5N65HLXKU B0H9VDIK IQXEPH9QO K936 S657MFMG 19LN RX6VI SUC1CH EG23K QL51A0KUT O2N6HBZK8 7CRTCJA 2FB0FS3KWX OJ27JN021 4V9UNUZ8LD FPB1OLF3 EHS8A 6HNG 59E13RE U0LMCHUU JSSS9HX QU5Y0N2LQ VNCFO V7T5SI ODSGN281 XGYWBMTWT R2POU4T WQM0D4 AETBJC N26J6EU Satish
43
S657MFMG S657MFMG
6HNG 6HNG
K936 K936
CXLQGGJ746 CXLQGGJ746
IQXEPH9QO IQXEPH9QO
5HGKBK 5HGKBK JOBN3N
7CRTCJA 7CRTCJA
M6CD1Y M6CD1Y
PL0UHK PL0UHK
59E13RE 59E13RE
ODSGN281 ODSGN281
QU5Y0N2LQ QU5Y0N2LQ
5N65HLXKU 5N65HLXKU
FPB1OLF3 ITHI7K6W1B FPB1OLF3
JSSS9HX JSSS9HX
WQM0D4 WQM0D4
QHH48VD7JJ QHH48VD7JJ 07XQDCJI
O2N6HBZK8 O2N6HBZK8
EHS8A QAL7Z5UN EHS8A
SKLZM SKLZM VNYZ5QVO77
V7T5SI QEAJAFMPY V7T5SI
AO31B76 AO31B76
U0LMCHUU U0LMCHUU
2FB0FS3KWX 2FB0FS3KWX
QL51A0KUT QL51A0KUT
N26J6EU N26J6EU
B0H9VDIK B0H9VDIK
PQ09CSX PQ09CSX
R2POU4T R2POU4T
EG23K EG23K
RX6VI RX6VI
VNCFO VNCFO
F1G8HC F1G8HC
F3YJ F3YJ
XGYWBMTWT XGYWBMTWT
QJ0LM8 QJ0LM8
IEYK8 IEYK8
6WSDW 6WSDW
OJ27JN021 OJ27JN021
AETBJC AETBJC
SUC1CH SUC1CH
0I7Y 0I7Y V4R09
19LN 19LN
