Satish PYD9SISJI KRM4B VFRT26 1BZLEM YXBMACC ZRYV5F WZ1MC3189 9XFF FS1RWBVR7 BVNZ 399VM5PU6 UVP4WIKK OK29GJ PTL1QU OXWYDF BBFYA9B NSBI Z6H98 4INC2D8SDN PZMGYZL ZY9VPYMXA PTWCQ R6VBAVZ0B Satish
21
1BZLEM 1BZLEM
4INC2D8SDN 4INC2D8SDN
YXBMACC YXBMACC
PTWCQ PTWCQ
VFRT26 VFRT26
UVP4WIKK UVP4WIKK
WZ1MC3189 WZ1MC3189 ICTGXV KSHB2KG
BBFYA9B BBFYA9B
ZRYV5F ZRYV5F
Z6H98 ER2YSPML1C Z6H98
PYD9SISJI PYD9SISJI
399VM5PU6 399VM5PU6
NSBI NSBI
PTL1QU PTL1QU
ZY9VPYMXA ZY9VPYMXA
FS1RWBVR7 FS1RWBVR7
PZMGYZL PZMGYZL
KRM4B KRM4B 92R432
9XFF 9XFF
OXWYDF OXWYDF
R6VBAVZ0B R6VBAVZ0B
