129 83 130 89 12 103 45 175 7 151 114 108 125 42 21 61 79 152 128 64 190 177 28 15 145 189 48 8 123 57 17 155 49 53 121 150 91 20 191 63 97 76 96 87 149 88 40 5 33 2 188 16 0 160 27 126 69 14 55 31 10 110 39 178 26 163 60 25 196 25 59 95 156 99 56 51 6 85 23 194 29 157 105 98 109 107 100 122 66 30 184 30 111 142 180 13 50 81 4 11 101 84 80 161 9 137 92 183 47 116 44 129
91
0 0 82
105 192 105
40 40
8 8
47 58 62
48 48
50 50
110 110
44 44
53 53
9 9
55 55
56 56
57 57
49 49
51 51
11 11
2 2
59 59
61 61
114 114
63 63
64 64
66 66
13 13
23 23
76 76
14 14
125 125
15 15
83 36
84 84
85 85
81 81 158
87 87
88 88
89 89
16 16
91 91
92 92
25 25
17 17
95 95
96 96
98 98
99 99
100 100
101 101
21 21
123 123
4 4
121 121 171
97 97
126 126
122 122
145 145
142 142
130 130
26 26
151 151
152 152
5 5 174
29 29
156 156
150 150
128 128
155 155
6 6
157 195 157
161 161
160 160
108 108
163 163
107 107
33 33
180 180
178 178
175 175
177 65 177
137 137 197
103 103
190 190
183 183
184 184
109 109
188 188
189 189
39 39
191 191
194 194
196 196
