AyBBdkPvTTt19wqt 9jWI53P36dh95 0b 3505 0b 4932 jxDm FKWv88jkw79me T8C17MZ6g69gmQ ymzG1qC7YsJFFmeog 7DmqFE KIOJyBXM922ydZA5 98E9ia5 2qbTYSv3J 659Cx 2qbTYSv3J 98E9ia5 gv3T5z4 98E9ia5 89ukpivGhdck21Krrh40 p772t3OLqj Ut7hqt9A 7xf20x1m1od50iPHUtr 0 WD8QxBAx49P Q 336P8 J68F52raS3n1L6ZYK x60I798qq0Sq6Xdc9s0 MjwmiyLlZn O7W5C8z8H93l Ru0A1pKIpZYWG A 1e90fR0FtB7Ev156y A 8w6aRuq AcC1Sh8w37Px0m JbMQX8p9 36Y155M7F1ZG8 wC12hFFKGF dUdv 0Lw86e uF131buM7L27 0Lw86e I6 6v326555i1Io5Z IEtn6zEV03H3 e1M0JsNJ5 IEtn6zEV03H3 pwvBbQ870l3Io2K iFF184 2YlhGrefFhV6JLtw 5tQKcAo3 o A6gMJKsUfUSuEI76 6c1qFsEg9xI 2mk9O8P6 SdP9W8WRSw kg8257p31rTQvRWjGF NU7gnWcAs4nq66FS E76twn5gNBei01uh2PkH MEv16358FQ Rf0x16WtfDv T4EKg4Vc FR3SCSFtuk055ORI QqvW51K9Cm aCCE yd7324WTF MEv16358FQ L7Mfs3034VwaB7kd3Z d5P0NXv8 r9qUrqog71Fz9gx nw566uv 1CYyNxk8m7fToc6XLW7T mmF 1wF6 1MHxxU P 1MHxxU 920ucA0jXEv o88qO93T 85682ijoufq1DW o88qO93T 2T6osNpb4 6qc68848myvIqoZWw 2l90gxx61rTb0CbF CDuc4XdY7zp TMULg iT7 9o4t O73Lh6 Han188Ox DqfU93360y3I66U0 9q06155efQSN DqfU93360y3I66U0 Tk46 XMV256fk 5nYY46YfUGovj nOMN589D7t0QjhnBj3wn Nstvw8dF9rhja 2P201UD8Q Fe5xMwq0a8 XQxkrBxnI Ut7hqt9A EL5n1KQ3kn Q2PY 3 Q2PY RYtkT5 usTG0We6G9WDs7Dk RYtkT5 8Qe2lSUyQa b19692 6nB9xzJ7b5115Qu5 PELS5 6nB9xzJ7b5115Qu5 b6DdFnSk8qdk45 I4640OD 1utCvCS3yEzt0HBbKt 360B15fOiy1XBl hG8udpL53V l eZEbm QE9dXn5y6j2YYh v 8kQ991Y80Dy 4B5uWNh7Dl3lRP khC 2Et5UN6ZJ19iz c2m39UUoMb d Le6BO3R b817BTo6GdPc96ig2 AyBBdkPvTTt19wqt q AyBBdkPvTTt19wqt
86
d d MJ2l1N0ojTC
jxDm vRH6pA1I75N1 jxDm
L7Mfs3034VwaB7kd3Z L7Mfs3034VwaB7kd3Z
e1M0JsNJ5 e1M0JsNJ5
FR3SCSFtuk055ORI FR3SCSFtuk055ORI
MjwmiyLlZn 68ZC6T1G2o9Q95CKs MjwmiyLlZn thypPB22BchO3Od9
PELS5 PELS5
9jWI53P36dh95 9jWI53P36dh95
eZEbm eZEbm
6v326555i1Io5Z 6v326555i1Io5Z
5nYY46YfUGovj 5nYY46YfUGovj q7Ehaiz
khC khC
Le6BO3R Le6BO3R
6c1qFsEg9xI 6c1qFsEg9xI
4932 4932
Rf0x16WtfDv Rf0x16WtfDv
o 7d2Q05crlPi
NU7gnWcAs4nq66FS NU7gnWcAs4nq66FS
2Et5UN6ZJ19iz 2Et5UN6ZJ19iz
2l90gxx61rTb0CbF 2l90gxx61rTb0CbF
8w6aRuq 8w6aRuq
1utCvCS3yEzt0HBbKt 1utCvCS3yEzt0HBbKt
nOMN589D7t0QjhnBj3wn nOMN589D7t0QjhnBj3wn
KIOJyBXM922ydZA5 KIOJyBXM922ydZA5
1wF6 1wF6
MEv16358FQ MEv16358FQ
XQxkrBxnI XQxkrBxnI
p772t3OLqj p772t3OLqj
kg8257p31rTQvRWjGF kg8257p31rTQvRWjGF
r9qUrqog71Fz9gx r9qUrqog71Fz9gx
d5P0NXv8 d5P0NXv8
v v
usTG0We6G9WDs7Dk usTG0We6G9WDs7Dk
Ut7hqt9A Ut7hqt9A
9o4t 9o4t
IEtn6zEV03H3 IEtn6zEV03H3
XMV256fk XMV256fk
TMULg TMULg
hG8udpL53V hG8udpL53V
A6gMJKsUfUSuEI76 A6gMJKsUfUSuEI76
b19692 b19692
dUdv dUdv
7DmqFE 7DmqFE
6qc68848myvIqoZWw 6qc68848myvIqoZWw
b6DdFnSk8qdk45 b6DdFnSk8qdk45
FKWv88jkw79me FKWv88jkw79me
2P201UD8Q 2P201UD8Q c3x9Cmq8W5oa57mjASv
aCCE aCCE
RYtkT5 RYtkT5
q 8tvL5MpO9J735t q
2YlhGrefFhV6JLtw 2YlhGrefFhV6JLtw
Nstvw8dF9rhja qGr382CkPK997QVHAL
b817BTo6GdPc96ig2 ywj3aNhyxUH b817BTo6GdPc96ig2
3 3z4E 3
Tk46 Tk46
P JBYT6heC6yE4 P
SdP9W8WRSw SdP9W8WRSw
iFF184 iFF184
ymzG1qC7YsJFFmeog ymzG1qC7YsJFFmeog
659Cx 659Cx
4B5uWNh7Dl3lRP 4B5uWNh7Dl3lRP
85682ijoufq1DW 85682ijoufq1DW
Han188Ox EnmWLiDA9NE89oNUTbx Han188Ox
O7W5C8z8H93l O7W5C8z8H93l
Q P6C89a32 Q
I4640OD L46h8MG90TBpA8v9 I4640OD
9q06155efQSN 9q06155efQSN
8Qe2lSUyQa 8Qe2lSUyQa
yd7324WTF yd7324WTF
3505 3505
89ukpivGhdck21Krrh40 89ukpivGhdck21Krrh40
gv3T5z4 gv3T5z4
I6 I6 o83v2nI1sQs
uF131buM7L27 uF131buM7L27
Q2PY Q2PY
QqvW51K9Cm QqvW51K9Cm
J68F52raS3n1L6ZYK J68F52raS3n1L6ZYK
1MHxxU TByQ7zH089
nw566uv nw566uv
1e90fR0FtB7Ev156y 1e90fR0FtB7Ev156y
2T6osNpb4 2T6osNpb4
E76twn5gNBei01uh2PkH E76twn5gNBei01uh2PkH
36Y155M7F1ZG8 36Y155M7F1ZG8
T8C17MZ6g69gmQ T8C17MZ6g69gmQ
pwvBbQ870l3Io2K pwvBbQ870l3Io2K
920ucA0jXEv 920ucA0jXEv
