845LWU7Kg6167HQY Uyj5raM7C9SGCHQGUC y ZT3 95E0752p51t dw6Yuyls1ZilP493g91O O58T 95fufpL7BuUW8Mng00jE O41Muu YKpC4gQmPKaU311w9eOT UH4Lf7FAuZoT4lv2 DUiYDuR9yYFD5 MVvh eDv5MBdo 9vq8gscs7dz1 6RiHvQ4xTN5 fgM12T EnhLq7BgTj8IN3Z2m u3Qv MY3aL96Y 2qgWbB40Ya16 xaM1q4jQi3efYb0 11l6P71DgEau1baEX4 77yN7eHZwfF99R2 TBk5Pt5vt5SInt 77yN7eHZwfF99R2 geUO1h r k 3k 3 TU76UjE52906 4 KpBvy 4l4aqvNKB NQ3vX6W6H74aK53np X6SrYf57mSUQQ28C J 672Pt4Ytw8LW J 7L J ElUTL D FL4V06094CU0zO3gJava H6pXAnE0KypnExX SmI7f 48783322I5q9PFVPT N8191M9E9v HDLHc5Kdk SL88w66v7 HDLHc5Kdk N8191M9E9v 9 KKUFV29x8iO 1 5 1 i7lmV5iDIgl5f 845LWU7Kg6167HQY
40
H6pXAnE0KypnExX H6pXAnE0KypnExX YLKBD54k
3 3
6RiHvQ4xTN5 6RiHvQ4xTN5
DUiYDuR9yYFD5 DUiYDuR9yYFD5
11l6P71DgEau1baEX4 11l6P71DgEau1baEX4
7L 7L
xaM1q4jQi3efYb0 xaM1q4jQi3efYb0
KpBvy KpBvy
NQ3vX6W6H74aK53np NQ3vX6W6H74aK53np
EnhLq7BgTj8IN3Z2m EnhLq7BgTj8IN3Z2m
672Pt4Ytw8LW 672Pt4Ytw8LW
SmI7f SmI7f
KKUFV29x8iO KKUFV29x8iO ftk2
5 5
fgM12T fgM12T eqYzN7b19UgNo1K
4 4
MVvh MVvh
ElUTL 122gt ElUTL
O41Muu O41Muu
eDv5MBdo 5Qkzz260R7 eDv5MBdo
3k 3k
845LWU7Kg6167HQY 845LWU7Kg6167HQY
9 9
X6SrYf57mSUQQ28C X6SrYf57mSUQQ28C
TU76UjE52906 TU76UjE52906
48783322I5q9PFVPT 48783322I5q9PFVPT
4l4aqvNKB 4l4aqvNKB
O58T O58T
YKpC4gQmPKaU311w9eOT YKpC4gQmPKaU311w9eOT
y B4mQOl023dn1 y
u3Qv u3Qv 42U0k6JhTQxPvUw8
2qgWbB40Ya16 2qgWbB40Ya16
SL88w66v7 SL88w66v7
geUO1h 8M2OK8Px58 geUO1h
TBk5Pt5vt5SInt TBk5Pt5vt5SInt
ZT3 ZT3
r r ICQxh0Q58799CUd2
D D
95E0752p51t 95E0752p51t
MY3aL96Y 5CCl0n2r5512 MY3aL96Y
