0 90 79 4 171 178 175 91 175 125 77 125 34 76 7 33 72 28 41 161 71 67 8 128 45 128 71 148 94 160 138 89 26 108 54 24 63 55 101 2 78 2 36 56 174 29 14 122 10 42 145 95 145 151 154 199 39 199 142 116 19 105 92 17 13 5 109 22 46 158 40 184 69 184 35 100 134 44 134 100 40 49 121 11 75 85 68 58 6 51 96 73 153 66 153 12 139 16 57 18 82 99 32 25 166 124 93 174 81 107 47 51 30 103 20 53 102 65 61 185 84 87 84 97 173 88 198 60 141 31 141 64 9 80 9 50 112 0 137 37 137 52 137 0
84
0 0 43 15 86 59 62
11 11
9 9
17 17 21
14 14
41 41
42 48 42
40 40
44 44
45 45
46 46
47 47
8 8
49 49
50 50
51 51
52 52
53 53
54 98 54
55 55
56 56
57 1 57
58 58
10 10
60 60
61 61 70
2 2 27
63 63
64 64
65 65 3
66 66
67 67
68 68
69 69
12 12
71 71
72 72 83
73 73
13 13
76 76
77 77
78 78
79 79
80 80
81 81
82 82
75 75
84 84
85 85
16 16
87 87
88 88
90 90
91 91
94 94
95 95
96 96
89 89 23
18 18
92 92
93 93 38
24 24
19 19
4 4
97 97
99 99
20 20
22 22
25 25
26 26
5 5
29 29
30 30
31 31
6 6
32 32
33 33 74
34 34
35 35
7 7
36 36
37 37
28 28
39 39
