74 123 81 167 162 91 131 200 131 53 37 178 37 152 16 140 181 142 42 8 146 45 13 192 13 121 111 199 133 54 179 168 4 193 127 47 102 98 102 50 66 63 174 63 115 148 105 117 3 180 158 43 187 17 64 90 64 165 171 136 184 96 20 181 95 172 12 172 5 48 132 173 100 198 130 28 58 68 23 25 44 107 112 114 112 134 86 31 21 76 33 108 183 188 88 113 198 120 116 138 34 94 163 129 141 61 76 154 76 56 80 125 157 125 83 60 59 14 39 32 27 103 51 190 155 52 34 18 110 72 100 73 100 97 137 99 11 161 109 123 74
93
4 4
45 45
44 44
111 111
42 42
23 23
50 50
51 51 77
52 52
107 107
54 54
47 47
112 112
11 11
125 125
114 114
113 113
53 53
105 105
56 135 56
12 12
103 103
58 58
59 59
60 60
61 61
63 139 63
115 115
66 66
14 118 14
116 116
72 72
81 81
73 73
76 89 76
16 16
86 86 128
80 80
88 88
17 17
90 90
91 91
83 83
18 18
120 120
96 96
97 97
98 98
99 99
100 100
95 95
94 94
20 20
5 5
127 127
123 123
146 146
27 27
154 154
155 155
132 132
157 157
158 158
152 152
31 31
133 133
129 129
165 165
32 32
134 134
161 161
109 109
163 163
167 167
136 136
108 108
171 171
173 173
174 174
179 179
178 178
138 138
130 130
184 184
192 192
190 190
140 140
39 39
199 199
200 200
142 142
193 193
198 198 143
