112 123 8 73 109 95 28 35 102 151 166 0 20 147 69 29 126 127 84 146 23 53 27 46 158 70 72 171 78 181 184 24 131 160 154 187 6 99 41 68 163 42 56 54 9 170 17 105 188 157 21 44 182 75 114 165 144 138 119 59 58 130 124 194 34 183 174 107 152 81 52 83 71 33 190 36 85 162 14 80 64 55 66 149 136 169 120 121 172 129 168 94 13 143 96 118 112
94
0 104 0
46 11
44 44
42 42
41 41
8 8
9 9
124 124
102 102
59 59
52 52
53 53
54 54
64 64
56 56
66 66
58 58
114 114
69 69
70 70
71 71
72 72
13 13
75 75
68 68
23 23
14 14
73 73
118 118
78 78
85 85
80 80
81 81
84 84
83 83
17 17
105 105
119 119
96 96
120 120
95 95
94 94
123 40 123
24 24
21 21
121 121
126 126
99 99
20 20
146 146
147 147
143 60 143
149 149
130 130
144 144
154 154
29 29
131 131
157 157
151 151
160 160
152 152
162 162
163 163
6 6
166 117 166
158 158
168 168
169 169
170 170
171 171
172 97 172
165 165
174 174
136 136
33 33
107 49 107
27 27
127 127
34 34
182 182
183 183
129 129
35 35
181 181
36 36
138 138
184 184
109 109
187 187
188 188
190 190
28 28
194 194
