Soda loc18 loc50 loc33 loc71 loc19 loc45 loc20 loc73 loc49 loc45 loc32 loc48 loc45 loc66 loc45 loc90 loc67 loc26 loc43 loc22 loc24 loc6 loc44 loc40 loc44 loc6 loc72 loc64 loc83 loc91 loc68 loc91 loc83 loc17 loc8 loc31 loc8 loc64 loc65 loc51 loc63 loc10 loc86 loc96 loc53 loc29 loc95 loc29 loc55 loc53 loc92 loc12 loc61 loc23 loc30 loc63 loc3 Soda
39
Soda loc79
loc24 loc21
loc23 loc23
loc55 loc13 loc55
loc61 loc61
loc53 loc53
loc26 loc26
loc31 loc41 loc31
loc30 loc30
loc29 loc29
loc10 loc10
loc32 loc32
loc33 loc33
loc44 loc89 loc44
loc40 loc40 loc39
loc8 loc8
loc43 loc43
loc45 loc81 loc93 loc45
loc63 loc57
loc48 loc48
loc49 loc49
loc12 loc12
loc72 loc72
loc73 loc73
loc66 loc97 loc66 loc36
loc83 loc83
loc67 loc67
loc92 loc92
loc68 loc68 loc38
loc17 loc17
loc91 loc91
loc90 loc90
loc18 loc18
loc19 loc19
loc20 loc20
loc71 loc71
loc95 loc28 loc95
loc96 loc96 loc99
loc86 loc86
