Soda loc3 loc64 loc199 loc80 loc179 loc45 loc92 loc75 loc137 loc75 loc72 loc57 loc157 loc59 loc157 loc57 loc92 loc151 loc104 loc163 loc42 loc171 loc154 loc163 loc104 loc135 loc67 loc129 loc17 loc23 loc74 loc13 loc34 loc84 loc167 loc97 loc84 loc34 loc189 loc32 loc34 loc14 loc121 loc88 loc34 loc94 loc83 loc50 loc43 loc65 loc43 loc27 loc131 loc180 loc10 loc147 loc55 loc194 loc35 loc176 loc95 loc165 loc22 loc183 loc60 loc68 loc126 loc52 loc196 loc51 loc103 loc155 loc51 loc196 loc142 loc196 loc170 loc192 loc87 loc47 loc164 loc101 loc8 loc15 loc79 loc141 loc102 loc37 loc181 loc111 loc128 loc31 loc24 loc198 loc28 loc166 loc198 loc39 loc30 loc11 loc111 loc114 loc193 loc38 loc122 loc77 loc173 loc107 loc173 loc77 loc41 loc188 loc26 loc27 loc43 loc82 loc184 loc90 loc179 loc58 loc53 loc25 loc106 loc172 loc36 loc145 loc36 loc106 Soda
87
Soda Soda
loc42 loc42
loc41 loc41
loc8 loc8
loc51 loc51
loc22 loc22
loc106 loc106
loc45 loc45
loc111 loc111
loc50 loc50
loc58 loc58
loc10 loc10
loc55 loc55
loc53 loc140 loc53
loc11 loc11
loc57 loc57
loc114 loc114
loc59 loc59 loc20
loc65 loc65
loc64 loc64
loc13 loc13
loc74 loc74
loc75 loc75
loc23 loc23
loc14 loc14
loc80 loc80
loc72 loc72
loc83 loc83
loc84 loc84
loc15 loc15
loc77 loc77
loc79 loc79
loc3 loc3
loc82 loc82
loc25 loc25
loc17 loc17
loc88 loc88
loc90 loc90
loc94 loc94
loc24 loc24
loc95 loc95
loc97 loc97
loc121 loc121
loc126 loc126
loc101 loc101
loc122 loc122
loc147 loc147
loc145 loc145 loc156
loc26 loc26
loc131 loc131
loc157 loc157
loc151 loc151
loc30 loc136 loc30
loc154 loc154
loc128 loc128
loc155 loc155
loc163 loc163
loc32 loc32
loc171 loc171
loc172 loc172 loc6
loc165 loc100 loc165
loc166 loc109
loc167 loc167
loc170 loc170
loc107 loc146 loc107
loc34 loc34 loc118 loc138
loc173 loc173
loc183 loc183
loc181 loc181
loc180 loc180
loc35 loc9 loc35
loc137 loc40 loc137
loc189 loc189
loc103 loc103
loc36 loc36
loc192 loc192
loc193 loc193
loc194 loc194
loc37 loc37
loc188 loc188
loc28 loc28
loc38 loc38
loc39 loc39
loc141 loc141
loc142 loc142 loc7
loc196 loc185 loc61
loc199 loc199
