0 2 53 54 68 83 71 80 31 14 121 91 67 60 92 177 33 177 72 123 65 5 135 169 84 169 66 149 23 117 116 90 3 25 6 21 93 63 88 57 173 77 32 18 196 155 111 75 111 70 11 64 40 124 140 81 192 69 157 144 27 44 41 79 87 24 94 130 52 82 22 62 12 10 12 125 17 110 26 110 167 89 51 59 7 73 100 61 100 103 58 36 46 49 48 74 4 133 20 28 181 120 96 97 34 8 38 35 78 42 176 30 9 85 148 45 56 99 113 15 113 1 95 132 43 132 76 47 37 139 86 39 86 106 50 106 13 0
95
8 8
10 10
11 11
12 12
13 13
14 14
15 15
3 3
17 17
2 2
41 41 19
42 42
43 43
44 44
45 45
46 46
47 47
48 48
49 49
50 50
51 51
52 52
53 53 55
54 54
9 9 98
56 56
57 57
58 58
59 59
60 60
61 61
62 62
63 63
64 64
65 65
66 66
67 67
68 68
69 69
70 70
71 71
72 72
73 73
74 74
75 75
76 76
77 77
78 78
79 79
80 80
81 81
82 82
83 83
84 84
85 85
86 86
87 87
88 88
89 89
90 90
91 91
94 94
95 95
96 96
18 18
92 92
93 93
24 16 24
21 21
4 4
97 97
99 99
100 100
20 20
22 22
23 23
25 25
26 26
5 5
30 30
31 31
6 6
1 1
32 32
33 33
27 27
34 34
35 35
7 7
36 36
37 37
28 28
38 38
39 29 39
40 40
