48 73 171 163 173 35 81 148 21 79 11 6 109 168 185 78 138 199 141 196 176 40 16 98 103 98 67 98 101 43 137 143 125 174 179 102 110 154 7 175 165 34 165 38 117 189 162 123 114 157 194 193 52 156 180 104 149 74 66 107 87 90 25 42 9 129 136 72 108 47 55 83 64 106 170 3 155 199 127 88 173 145 118 58 164 77 124 56 124 2 23 39 85 152 29 36 147 135 181 96 191 96 158 177 107 133 93 119 126 94 182 113 69 77 19 121 120 121 151 57 60 84 51 5 65 197 154 115 10 46 168 20 48
96
2 2
40 40
110 110
42 42
46 46
9 9
48 48
58 58
10 10
52 52
56 56
55 55
11 11
113 113
60 60
69 69
64 64
115 115
66 66
67 67
23 23
125 125
79 79
78 78
73 73 186
74 74
117 117
16 16
3 3
118 118
84 84
25 25
85 85
119 119
87 87
88 88
120 120
90 90
98 98
101 101
93 93
123 123
21 21
19 19
20 20
126 126
136 136
145 145
143 167 143
147 147
148 148
149 149
29 29
5 5
156 156
158 158
155 155
151 151
152 152
154 154 53
165 165
157 157
133 133
164 164
108 108
170 170
171 171
163 163
135 135
107 107
176 176
177 177
34 34
179 179
180 180
181 181
182 182
175 175
137 137
185 185 190
35 35
129 129
103 103
36 36
7 7
191 191
138 138
109 109
38 38
39 39
141 141
193 193
194 194
196 196
197 197
199 199
