evdoyagqfp xawkqmfmmx xftptyrlvl fluzhooehk xftptyrlvl uooysjrxsb xftptyrlvl mysadifwma xftptyrlvl qbiylslccb kvxwqiryyu sjtuxgdwms hsjqtjkukk bbczvyonym mdyuzxshey ouxenssqdu kvfpaspidv zpjhxyylhb jwcdeoubpx hofbtczdgp pwgublhwxg afrdrejwtp wtlzrefwav sipmuleqch xychpimpzb bulywvvpni wkwwcqjtxf lkvtxfwozs wkwwcqjtxf osdeymjeil jrmlkfexfk scesbtewjx jrmlkfexfk seeyrseflx xeigbnzhbj oggftsricu xywdziunpr vugkhjygfe aruwdskzta lnicnhmajr kyrhqthnvz lndsfxewdc vkrlpmybdj jrusiskazm ichabbvkhm oavtmpaqji oownpsyviv rnpokwoqgt fdgcygwgjf phknwbtipl zivwgfcxqi euqbrkzdsw jedsthbmzo wwqchwdmtx pcilmgdrgc qepegujmaa koawdpgqdx psiebvskfb koawdpgqdx pdljcbluhp cmdqzmgvfi qgfchcatzi yriqtwavfx gucdicwxmb yriqtwavfx rkyixxpcbx yriqtwavfx uhalgukdzb dnmgxnhbgi vnzypgtlkj unihwwnyqz kijbyyuzhd unihwwnyqz pbefrggyje xwrvhrxnqy xifuopshzj afortwurqt ahqdrcepub gbdejcnknd ahqdrcepub afortwurqt zmfuudfatm cttlxdtaiw byyqgjwsrp tmatbexcil qpxtrjvxpe qiqnnrlapz spdafzaivh ldnozwuuuq frfueiglva ymvlfsdhbu nbjyrygtdh cpwyxulkjm jfccyptuug tgkujfknod bswhowadhl xsjzeyxnpw opmnfgpclg knfzsnhzvx etdxtwotzh qepegujmaa ixyurvbpvu yiwwdwbzth ixyurvbpvu qfbvncxldf ijbfzrqwct bbwcqzwyoz nwlccbonas xguvjomcdt phknwbtipl gkcfktyute xkasbvrrxd lcrihrmoqu tgbmxdmvwe opmnfgpclg qxuqrfzzob gllungmori xnppuesbrr eqdxeqvtsb epdwcjuvdr kgktiatgjn epdwcjuvdr eooyfwmxln fczruomdab ummqduagjn stdiixwrjc guuudgvhny ivugtsvtqb optviwhmbr jqtguzxxsl smwxdupkdv tvcolajnao xqwyvbvueh oegfbrwyrp wynbxuuxru jqtguzxxsl xftptyrlvl evdoyagqfp
89
eooyfwmxln eooyfwmxln
evdoyagqfp evdoyagqfp
vkrlpmybdj vkrlpmybdj
pcilmgdrgc pcilmgdrgc ivgbjyugdu
qfbvncxldf qfbvncxldf
etdxtwotzh etdxtwotzh
xywdziunpr xywdziunpr
qgfchcatzi qgfchcatzi
psiebvskfb psiebvskfb
aruwdskzta aruwdskzta
wkwwcqjtxf wkwwcqjtxf
yiwwdwbzth yiwwdwbzth
vugkhjygfe vugkhjygfe
tvcolajnao tvcolajnao
qepegujmaa qepegujmaa
mdyuzxshey mdyuzxshey
bulywvvpni bulywvvpni
lnicnhmajr lnicnhmajr
tgbmxdmvwe tgbmxdmvwe
bbwcqzwyoz bbwcqzwyoz
oegfbrwyrp oegfbrwyrp
hsjqtjkukk hsjqtjkukk
uooysjrxsb uooysjrxsb
lndsfxewdc lndsfxewdc
jrusiskazm jrusiskazm
xawkqmfmmx xawkqmfmmx
qpxtrjvxpe qpxtrjvxpe
optviwhmbr optviwhmbr vfdsalrajq
gucdicwxmb gucdicwxmb
xkasbvrrxd xkasbvrrxd
rkyixxpcbx rkyixxpcbx
wynbxuuxru tmrnpjqnxx wynbxuuxru voaumgrcuj
rnpokwoqgt rnpokwoqgt
xnppuesbrr xnppuesbrr
mysadifwma bnmegnfgii mysadifwma
wtlzrefwav wtlzrefwav
euqbrkzdsw euqbrkzdsw
zmfuudfatm zmfuudfatm
tgkujfknod tgkujfknod
kvxwqiryyu kvxwqiryyu
qxuqrfzzob qxuqrfzzob
zivwgfcxqi zivwgfcxqi
oavtmpaqji oavtmpaqji
kyrhqthnvz kyrhqthnvz
xwrvhrxnqy xwrvhrxnqy
ijbfzrqwct bimtbhwsby
scesbtewjx scesbtewjx
oggftsricu oggftsricu
nwlccbonas itbfnxnauh nwlccbonas
stdiixwrjc stdiixwrjc
ichabbvkhm ichabbvkhm
ivugtsvtqb ivugtsvtqb
osdeymjeil jrmlkfexfk osdeymjeil
pdljcbluhp pdljcbluhp
lcrihrmoqu lcrihrmoqu
wwqchwdmtx wwqchwdmtx
ymvlfsdhbu ymvlfsdhbu aokbiptbzc
seeyrseflx hkempoemlv seeyrseflx
byyqgjwsrp qxfgqgbbdn byyqgjwsrp
kijbyyuzhd kijbyyuzhd
lkvtxfwozs lkvtxfwozs
uhalgukdzb uhalgukdzb
smwxdupkdv smwxdupkdv
eqdxeqvtsb eqdxeqvtsb
xychpimpzb xychpimpzb
xifuopshzj xifuopshzj
kgktiatgjn kgktiatgjn
ouxenssqdu ouxenssqdu
afortwurqt afortwurqt
bbczvyonym bbczvyonym
ahqdrcepub ahqdrcepub
gbdejcnknd gbdejcnknd
fdgcygwgjf fdgcygwgjf
cpwyxulkjm cpwyxulkjm
nbjyrygtdh nbjyrygtdh
afrdrejwtp afrdrejwtp
xguvjomcdt xguvjomcdt
hofbtczdgp hofbtczdgp
fluzhooehk fluzhooehk
ldnozwuuuq ldnozwuuuq
kvfpaspidv kvfpaspidv
bswhowadhl bswhowadhl
pbefrggyje pbefrggyje
tmatbexcil tmatbexcil
xqwyvbvueh xqwyvbvueh
qiqnnrlapz qiqnnrlapz
cttlxdtaiw cttlxdtaiw
guuudgvhny guuudgvhny
vnzypgtlkj vnzypgtlkj
