mdyuzxshey vkrlpmybdj zmfuudfatm ouxenssqdu qydclznxrd cmdqzmgvfi tmrnpjqnxx wtlzrefwav hsjqtjkukk smwxdupkdv koawdpgqdx unihwwnyqz qepegujmaa unihwwnyqz koawdpgqdx aokbiptbzc smwxdupkdv hsjqtjkukk wtlzrefwav jrmlkfexfk gllungmori rkyixxpcbx optviwhmbr ixyurvbpvu gwnccktgki ixyurvbpvu uooysjrxsb seeyrseflx uooysjrxsb ixyurvbpvu siatqqydwf ahqdrcepub lazlsvgukx idfvjoquhh lbuiysostx oegfbrwyrp tgbmxdmvwe oegfbrwyrp bswhowadhl wtyqwjwskq yiwwdwbzth xftptyrlvl jedsthbmzo oewptytlja knfzsnhzvx xftptyrlvl yiwwdwbzth jqtguzxxsl hadchvmijq phknwbtipl kdujdjjwot zjbarjhmau bulywvvpni lndsfxewdc mswyvpdrsy hkempoemlv fznfvsgjhc lkvobxyfca oggftsricu euqbrkzdsw oggftsricu lnicnhmajr owusjcmdkp ljhmnbaicr ebqxbaqnmm zumetrybth jatkaoyfxb vkrlpmybdj mdyuzxshey
39
gllungmori gllungmori
zjbarjhmau qcktwemqbm zjbarjhmau
zmfuudfatm zmfuudfatm
lkvobxyfca lkvobxyfca
wtlzrefwav wtlzrefwav
qepegujmaa xtvbrolacp qepegujmaa
seeyrseflx vugkhjygfe seeyrseflx
jedsthbmzo jedsthbmzo
zumetrybth zumetrybth
ahqdrcepub ahqdrcepub
wtyqwjwskq wtyqwjwskq
kdujdjjwot kdujdjjwot
knfzsnhzvx knfzsnhzvx
gwnccktgki gwnccktgki
vkrlpmybdj vkrlpmybdj
aokbiptbzc aokbiptbzc
lbuiysostx lbuiysostx
jqtguzxxsl jqtguzxxsl
mdyuzxshey mysadifwma mdyuzxshey
lazlsvgukx lazlsvgukx
cmdqzmgvfi cmdqzmgvfi psiebvskfb qfbvncxldf
oewptytlja nwlccbonas oewptytlja
tgbmxdmvwe tgbmxdmvwe
mswyvpdrsy mswyvpdrsy
koawdpgqdx koawdpgqdx
lndsfxewdc lndsfxewdc
ebqxbaqnmm ebqxbaqnmm
hadchvmijq wynbxuuxru hadchvmijq
qydclznxrd qydclznxrd
jatkaoyfxb jatkaoyfxb bnmegnfgii
ljhmnbaicr ljhmnbaicr
owusjcmdkp owusjcmdkp
xftptyrlvl xftptyrlvl
lnicnhmajr lnicnhmajr
bulywvvpni bulywvvpni
rkyixxpcbx eooyfwmxln rkyixxpcbx
optviwhmbr optviwhmbr
fznfvsgjhc fznfvsgjhc
euqbrkzdsw euqbrkzdsw
