0 11 130 131 11 181 11 83 169 83 90 184 90 45 175 45 21 142 21 5 116 117 5 78 187 78 47 154 47 166 47 57 136 137 57 190 57 58 100 101 58 46 172 46 72 54 193 54 10 114 115 10 199 10 26 160 26 38 148 38 87 151 87 53 178 53 31 119 118 31 41 123 122 41 113 112 41 49 196 49 25 124 125 25 94 126 127 94 60 108 109 60 128 129 60 69 110 111 69 44 104 105 44 39 106 107 39 1 157 1 12 138 139 12 34 121 120 34 84 145 84 133 132 84 9 163 9 18 102 103 18 40 134 135 40 0
75
1 155
110 110
45 173 182
106 106
111 111
9 161 188 143
47 152 164
124 124
49 194
10 197
112 112
53 176
54 191
102 102
11 179 167
113 113
104 104
114 114
115 115
116 116
72 170
125 125
117 117
78 185
118 118
119 119
105 105
87 149
120 120
21 140
100 100
101 101
123 123
121 121
126 126
122 122
145 144 145
142 141 142
130 130
26 158
148 147 148
131 131
154 153 154
151 150 151
132 132
128 128
163 162 163
157 156 157
133 133
160 160 159
108 108
134 134
169 168 169
166 165 166
135 135
107 107
172 171 172
127 127
181 180 181
136 136
175 174 175
178 177 178
137 137
129 129
103 103
190 189 190
184 184 183
138 138
187 186 187
109 109
139 139
38 146
193 192 193
196 195 196
199 198 199
