0 3 0 130 133 130 99 105 100 15 85 87 95 40 43 40 160 162 161 162 160 137 136 137 135 138 135 79 195 114 150 152 151 122 120 47 183 180 182 189 129 72 144 145 148 145 65 68 65 27 118 27 25 28 2 13 10 12 66 67 80 82 108 102 101 77 116 117 166 117 168 117 128 125 74 54 69 179 124 64 94 110 57 110 113 17 16 17 104 149 159 184 154 190 192 191 92 90 55 58 32 30 20 35 37 35 38 35 39 134 139 44 140 142 141 132 186 42 186 187 185 75 78 75 0
88
2 2
110 110
42 41 42
43 43
44 44
47 47
124 124
58 58
57 56 57
55 55
54 54
113 113
102 102
66 66
114 114
104 104
69 69
12 11 12
65 65
64 64
13 13
67 123 67
68 68
116 116
72 72
125 125
74 74
82 82
15 15
78 78
118 118
79 79
16 16
3 3
25 25
17 17
105 105
87 87
95 97 95
92 91 92
120 120
101 101
94 172 94
100 100
99 99
20 20
122 122
145 145
144 144
154 154
152 152
149 149
148 148
30 30
132 131 132
128 128
161 161
159 159
133 133
160 160
108 108
32 32
134 134
166 166
168 168
135 52 135
27 27
179 179
180 180
136 136
183 183
35 35
187 187
129 129
182 181 182
138 138
192 192
184 184
186 186
37 36 37
139 139
189 189
28 28
38 38
39 39
141 141
142 142
195 195 197
