loc0 loc76 loc13 loc58 loc31 loc66 loc39 loc84 loc30 loc99 loc18 loc54 loc36 loc90 loc45 loc63 loc3 loc93 loc12 loc57 loc33 loc60 loc15 loc69 loc42 loc87 loc24 loc88 loc7 loc88 loc34 loc97 loc25 loc79 loc35 loc53 loc17 loc89 loc8 loc98 loc41 loc95 loc23 loc95 loc5 loc86 loc50 loc59 loc47 loc92 loc11 loc65 loc20 loc82 loc46 loc65 loc2 loc67 loc14 loc67 loc0
42
loc24 loc24
loc25 loc25
loc23 loc23
loc20 loc20
loc11 loc11
loc5 loc5
loc2 loc2
loc53 loc26
loc35 loc35
loc36 loc36
loc33 loc33
loc30 loc30
loc31 loc31
loc41 loc41
loc34 loc34
loc7 loc7
loc58 loc40 loc49 loc4
loc39 loc39
loc8 loc8
loc42 loc42
loc45 loc45
loc60 loc21 loc6
loc46 loc46
loc47 loc47
loc50 loc50
loc63 loc27
loc12 loc12
loc76 loc22
loc14 loc14
loc65 loc29 loc38
loc66 loc48
loc13 loc13
loc15 loc15
loc79 loc16
loc54 loc9
loc3 loc3
loc82 loc1 loc37 loc10 loc19 loc28
loc86 loc32
loc17 loc17
loc18 loc18
loc97 loc43
loc89 loc44
