loc0 loc193 loc13 loc103 loc58 loc184 loc94 loc184 loc50 loc122 loc95 loc122 loc76 loc148 loc40 loc148 loc31 loc139 loc10 loc109 loc19 loc109 loc46 loc109 loc64 loc127 loc91 loc163 loc1 loc153 loc45 loc153 loc90 loc172 loc82 loc172 loc55 loc172 loc100 loc199 loc28 loc136 loc37 loc181 loc73 loc146 loc20 loc146 loc65 loc128 loc74 loc110 loc74 loc128 loc2 loc137 loc38 loc113 loc77 loc131 loc32 loc185 loc14 loc176 loc68 loc158 loc59 loc158 loc86 loc188 loc62 loc188 loc23 loc125 loc98 loc161 loc80 loc161 loc44 loc179 loc53 loc107 loc35 loc107 loc71 loc143 loc8 loc143 loc26 loc169 loc7 loc124 loc70 loc187 loc61 loc187 loc34 loc151 loc79 loc115 loc25 loc115 loc43 loc196 loc16 loc178 loc97 loc133 loc52 loc133 loc78 loc150 loc42 loc150 loc69 loc105 loc96 loc195 loc51 loc195 loc60 loc195 loc15 loc177 loc24 loc159 loc87 loc123 loc33 loc123 loc93 loc147 loc30 loc186 loc6 loc183 loc3 loc183 loc21 loc129 loc75 loc138 loc66 loc102 loc48 loc189 loc57 loc189 loc99 loc189 loc27 loc117 loc63 loc108 loc9 loc162 loc81 loc135 loc18 loc135 loc36 loc135 loc54 loc180 loc72 loc180 loc39 loc192 loc12 loc120 loc22 loc157 loc49 loc157 loc4 loc157 loc67 loc157 loc85 loc193 loc0
94
loc1 loc1
loc10 loc10
loc12 loc12
loc13 loc13
loc14 loc14
loc9 loc9
loc42 loc42
loc43 loc43
loc44 loc44
loc45 loc45
loc46 loc46
loc8 loc8
loc48 loc48
loc49 loc49
loc50 loc50
loc51 loc51
loc52 loc52
loc53 loc53
loc54 loc54
loc55 loc55
loc2 loc2
loc57 loc57
loc58 loc58
loc59 loc59
loc60 loc60
loc61 loc61
loc62 loc62
loc63 loc63
loc64 loc64
loc65 loc65
loc66 loc66
loc67 loc67
loc68 loc68
loc69 loc69
loc70 loc70
loc71 loc71
loc72 loc72
loc73 loc73
loc75 loc75
loc76 loc76
loc77 loc77
loc78 loc78
loc79 loc79
loc80 loc80
loc81 loc81
loc82 loc82
loc74 loc74
loc15 loc15
loc85 loc85
loc86 loc86
loc87 loc87
loc16 loc16
loc3 loc3
loc90 loc90
loc91 loc91
loc18 loc18
loc93 loc93
loc94 loc94
loc95 loc95
loc96 loc96
loc100 loc100
loc24 loc24
loc21 loc21
loc19 loc19
loc4 loc4
loc97 loc97
loc98 loc98
loc99 loc99
loc20 loc20
loc110 loc11 loc92 loc47
loc22 loc22
loc113 loc41 loc29 loc5
loc23 loc23
loc25 loc25
loc26 loc26
loc131 loc56 loc83
loc30 loc30
loc31 loc31
loc6 loc6
loc32 loc32
loc33 loc33
loc27 loc27
loc34 loc34
loc35 loc35
loc179 loc89 loc17
loc7 loc7
loc36 loc36
loc187 loc88
loc37 loc37
loc28 loc28
loc38 loc38
loc39 loc39
loc40 loc40
loc102 loc84
