99 176 103 52 22 52 92 52 167 154 149 154 122 48 26 199 39 199 42 74 166 84 160 120 171 120 55 144 169 104 31 104 130 162 0 162 53 37 180 23 5 21 78 23 165 64 59 113 124 113 114 113 170 138 20 138 30 113 51 113 148 16 190 16 17 16 68 187 117 116 27 49 123 49 125 49 10 49 126 81 158 107 163 69 173 69 93 94 107 142 156 70 175 15 175 188 176 35 14 178 79 34 32 152 90 152 98 36 155 110 151 110 33 19 184 19 1 12 139 161 62 73 62 80 71 192 71 112 71 146 86 181 86 168 194 24 95 164 159 131 159 106 108 88 196 119 157 172 157 96 132 96 56 43 18 7 111 45 41 45 185 137 150 137 186 85 127 85 174 85 63 2 40 2 47 8 135 61 54 129 28 102 58 99
94
0 0
127 127
43 97 66
42 42
41 41
40 40
8 8
22 22
106 106
47 47
111 111
124 124
51 51
10 10
112 112
53 53
102 102
55 55
56 56
61 61
59 59
12 12
114 114
63 63
68 68
70 70
73 73
125 125
117 117
15 15
81 9 100
78 78
80 80
119 119
92 92
94 94
17 17
90 90
88 88
18 18
24 24 183
123 123
98 98
126 126
99 99
20 20
122 122
142 142
146 146
130 130
148 148
149 149
150 150
151 151
26 26
5 5
132 132
155 155
131 131
31 82
158 158
30 30
160 160
161 161
1 1
163 163
164 164
165 165
166 166
167 167
168 168
169 169
170 170
171 171
172 172
174 174
107 4
33 33
27 27
34 34
180 180
181 181
173 25 83 173
35 35
178 178 75
103 103
184 184
185 185
186 186
188 188
190 190
28 28
39 39
192 192
