81 34 78 145 89 95 189 36 126 167 56 132 107 9 178 86 108 16 159 1 80 12 71 109 103 115 161 81
27
9 9
107 107
103 103
56 56
12 12
115 115
71 71
126 97 65 42 170 153 126
16 16
78 130 135 138 17 156 158 162 35 164 165 166 41 43 45 46 49 183 184 57 197 70 199 74 76 78 84 87 90 124
80 80
81 81
86 86
89 89
95 95
145 145
132 132
1 1
159 159
161 161
109 109
167 167
34 8 141 14 18 20 150 23 152 24 154 27 33 34 48 179 180 52 53 182 58 59 188 191 64 195 196 69 198 200 77 85 88 92 93 96 100 117 121 123 125 127
178 178
189 189
108 108
36 36
