10 50 184 185 186 187 112 111 109 108 107 106 104 103 102 101 99 98 97 96 94 93 92 91 89 88 87 86 84 83 82 81 79 78 77 76 74 73 72 71 69 68 67 66 64 63 62 61 199 198 197 196 59 58 57 56 193 192 191 190 54 53 52 51 50 10 1 2 3 7 6 32 35 34 8 38 37 36 39 43 42 41 11 12 29 23 22 21 10
84
1 1
102 102
104 104
43 43
42 42
41 41
22 22
8 8
106 106
52 52
53 53
54 54
51 51
56 56
57 57
58 58
59 59
11 11
61 61
62 62
63 63
64 64
2 2
66 66
67 67
68 68
69 69
12 12
72 72
73 73
74 74
23 25 23
77 77
78 78
79 79
71 71
81 81
82 82
83 83
84 84
76 76
87 87
88 88
89 89
3 3 5
92 92
93 93
94 94
86 86
96 96
97 97
98 98
99 99
91 91
21 21
101 101
111 111
112 112
29 29 15
6 6
108 108
32 32
107 107
34 34
103 103
35 35
184 184
185 185
186 186
187 187
36 36
7 7
190 190
191 191
192 192
109 109
37 37
197 197
198 198
199 199
38 38
39 39
193 193
196 196
