0 56 35 20 81 84 158 98 88 61 100 48 3 58 57 54 149 18 44 176 97 31 55 76 33 76 28 42 41 36 90 79 95 66 4 32 16 85 75 2 93 21 71 94 10 43 74 37 68 53 49 78 99 27 39 65 23 60 189 51 92 104 24 63 80 34 11 59 40 69 26 50 22 64 67 25 15 6 96 7 45 89 17 62 5 87 38 46 72 29 14 73 52 136 82 135 113 12 19 30 0
91
0 91
10 10 83
11 1 11
2 2
16 16
18 18
41 41
42 42
43 43
44 44
45 45
46 46
22 22
48 48
49 49
50 50
51 51
52 52
53 53
54 54
55 55
56 56
57 57
58 58
59 59
60 60
61 61
62 62
63 63
64 64
65 65
66 66
67 67
68 68
69 69
12 12
71 71
72 72
73 73
74 74
75 75
76 76
14 14
78 9 78
79 79
80 80
81 81
82 82
15 15
84 84
85 85
3 3
87 87
88 8 88
89 89
90 90
17 17 70
93 93
94 94
95 95
96 96
92 92
24 24
21 21 13
19 19
4 4
97 97
98 98
99 99 86
100 100
20 20
23 23
25 25
26 26
5 5
29 29
30 30
31 31
6 6
32 32
33 33
27 27
34 34
35 35
7 7
36 36 77
37 37 47
28 28
38 38
39 39
40 40
