0 2 3 5 6 7 8 9 10 20 21 23 24 25 26 25 24 23 21 20 10 9 11 12 13 15 16 17 16 15 13 12 11 9 8 7 6 5 3 4 28 30 31 32 33 35 36 38 36 35 33 34 41 42 41 43 44 45 46 47 29 47 48 49 50 51 52 53 54 53 55 56 58 59 60 61 60 62 63 64 65 64 66 67 68 69 71 73 74 75 76 77 78 79 80 81 83 81 82 81 80 79 78 77 76 75 74 73 71 72 90 105 106 107 108 109 110 112 113 115 116 117 118 117 116 115 113 112 110 109 108 107 106 105 90 72 91 93 95 93 91 92 98 99 100 99 98 92 91 72 71 69 70 122 124 125 131 132 133 134 135 136 135 134 133 132 131 125 124 126 128 126 124 122 123 138 139 140 141 142 143 145 147 148 150 151 146 152 153 154 155 156 157 158 157 156 155 154 153 152 146 145 143 142 141 140 139 138 123 122 70 121 163 164 165 166 167 168 169 171 173 175 177 172 171 169 170 183 185 186 187 191 192 193 194 195 196 197 198 197 196 195 194 193 192 191 189 188 186 185 183 170 169 168 167 166 165 164 163 121 70 69 1 0
84
0 0
45 45
42 42
51 51
52 52
44 44
54 54
9 9
50 50
11 11
59 59
10 10 19
113 113
63 57 63
2 2
65 65
66 66
58 58
68 68
69 69
61 61
62 62
13 13 14
74 74
76 76
73 73
82 82
83 83
75 75
15 15
77 77
78 78
79 79
80 80
118 120 118
25 25
17 17 18
91 91
90 90
95 96 95
93 93 94
24 24
21 21 22
4 4
121 121
100 100 101
146 146
148 148
142 142
26 26 27
5 5
154 154
29 29
147 147
131 131
158 158 159
150 150
153 153
132 132
128 128 129
163 163
31 31
1 1
108 108
134 134
168 168
166 166
167 167
107 107
170 170
172 172
136 136 137
175 176 175
177 181
35 35
183 183
191 191
188 188
38 38 39
140 140
141 141
195 195
196 196
198 198 199
