0 30 28 27 28 26 25 23 32 20 19 18 17 85 86 83 81 80 79 78 77 76 74 75 73 64 70 62 63 62 58 59 60 61 58 56 54 55 54 53 51 49 48 47 46 44 42 41 40 39 37 36 35 34 33 117 116 112 115 113 114 115 112 ViksNode 128 129 130 129 128 ViksNode 107 108 105 106 102 101 104 101 100 122 123 122 121 122 100 99 96 93 94 92 14 15 16 13 12 10 9 8 7 6 5 4 3 0
42
3 3
27 27
113 113
30 30
10 10
108 108
36 36
35 35
7 7
37 37
59 59
8 8
42 42 43
106 106
47 47
60 60
104 104
48 48
73 73
63 63
78 78
80 80
86 86
94 94
74 74
13 13
123 123
18 18
70 70 71
55 55
19 19
4 4
121 121
99 99
114 114
20 20 21
15 15
25 25
53 53
56 56
117 117
130 130
