destitute Loomis Rio Darwin ripe papal septillion creekside Hewlett decor swordfish Auberge Vega Andersen Halstead embassy tate diligent swingy midget funny Gilmore Elizabethan combine extractor mediate Fisk connubial schedule slowdown minion Bleeker Dominican bobble McCall shroud choice fatten trill yogurt Isfahan balustrade MN illusion Injun stanza Injun jewel namesake destitute
45
Andersen Andersen
Auberge Auberge Modesto
McCall McCall
MN MN
Loomis Loomis Hindi
Bleeker Bleeker
Rio Rio
Gilmore Gilmore
funny funny
Vega Vega
extractor extractor
balustrade balustrade
Fisk Fisk
Darwin Darwin
bobble bobble
Dominican Dominican
choice choice
illusion illusion
connubial connubial
Elizabethan Elizabethan
creekside creekside
decor decor
embassy embassy
diligent diligent
jewel jewel
midget midget
papal papal
ripe ripe
Hewlett Hewlett
schedule schedule
septillion septillion transpiration anvil
Halstead Halstead
mediate mediate
fatten fatten
Injun Injun
shroud shroud
slowdown slowdown amateur
stanza stanza
tate tate
swordfish swordfish
Isfahan Isfahan
minion minion
trill trill
yogurt yogurt
swingy swingy
