woebegone encumbrance transonic atom coarse torus icon update bifurcate Durango Hewlett Durango sinh monotonous MN exothermic MN casserole renaissance casserole felony Isfahan thoroughfare balustrade babysat balustrade imperishable switchmen Gilmore simulate Stephen PDP Sunday PDP limitate PDP oriole diligent numerology stanza administer trill fulsome embroil septillion McCall funny wingspread shovel choice lexicon Vega lexicon Modesto swordfish Rodney Auberge mediate funky millennium inform postscript trimester illusion trimester yogurt Simon Darwin catenate thirteen broil barnacle yearn bowman creekside Wheller combine FPC Winchester bat directory ripe minion brook schedule anvil softball car papal archive dull swingy Fisk December Zorn mack Irvin cowhand explosion cowhand Andersen extrovert Tucson deduce Curtis sphalerite noon midstream confrontation relaxation backplate involuntary spill involuntary slowdown woebegone
86
Andersen Andersen
Vega Vega
Wheller Wheller
Winchester connubial Winchester
Zorn Zorn
Tucson Tucson
Sunday whatsoever Sunday silage
anvil anvil
funny funny
Isfahan Isfahan
felony felony equipping tate
Durango Reilly Durango
administer administer
bat bat
bifurcate bifurcate
archive archive
backplate backplate
babysat babysat
Auberge Auberge
barnacle barnacle
Fisk Fisk
extrovert extrovert
broil broil
Gilmore Gilmore
car car
casserole casserole
catenate catenate
choice choice
icon icon
coarse coarse
illusion griddle illusion
imperishable imperishable
Hewlett Hewlett
deduce deduce
embroil embroil
involuntary involuntary
diligent diligent
exothermic exothermic
explosion explosion
directory directory
dull dull
Irvin Irvin
inform inform secondary
midstream midstream
numerology numerology viscous
noon noon
McCall McCall
Curtis Curtis
renaissance renaissance
oriole bunch oriole
PDP PDP
papal papal
mack mack
relaxation relaxation
postscript postscript
septillion septillion
mediate mediate
shovel shovel
limitate limitate
fulsome fulsome
Darwin Darwin
slowdown slowdown
sphalerite sphalerite
spill mitre spill
stanza stanza
sinh sinh
simulate simulate
millennium millennium
softball softball
Rodney Rodney
swingy swingy
swordfish swordfish
thoroughfare thoroughfare
thirteen thirteen
December December
transonic transonic
monotonous monotonous dreadnought
update update
funky funky
trimester trimester transfuse
Modesto Modesto
Simon Simon Goodrich
Stephen Stephen
wingspread wingspread
yearn yearn
yogurt yogurt
