exothermic felony Irvin decor shovel trill combine Injun Curtis Bernini amateur midget lordosis Halstead Sicilian extrovert sacrifice McCall namesake FPC yogurt Dominican swordfish exothermic
20
Irvin Irvin
McCall Andersen McCall
Bernini Bernini Tucson
felony felony
Curtis Curtis
amateur amateur
FPC FPC
combine Iowa combine
decor decor
sacrifice sacrifice
extrovert extrovert
lordosis lordosis
shovel shovel
midget midget coarse
Injun Injun
swordfish swordfish wafer
trill trill
Halstead Halstead
namesake namesake
yogurt yogurt
