Loc35 Loc54 Loc95 Loc37 Loc58 Loc51 Loc34 Loc81 Loc62 Loc80 Loc22 Loc24 Loc73 Loc0 Loc74 Loc86 Loc91 Loc90 Loc79 Loc43 Loc93 Loc56 Loc10 Loc25 Loc92 Loc4 Loc89 Loc78 Loc84 Loc77 Loc47 Loc15 Loc20 Loc63 Loc66 Loc14 Loc41 Loc64 Loc65 Loc48 Loc52 Loc71 Loc28 Loc19 Loc33 Loc75 Loc70 Loc1 Loc44 Loc23 Loc67 Loc31 Loc46 Loc96 Loc7 Loc35
47
Loc0 Loc0
Loc1 Loc1
Loc25 Loc25
Loc24 Loc24
Loc22 Loc22
Loc4 Loc4
Loc23 Loc23
Loc62 Loc62
Loc52 Loc52
Loc28 Loc28
Loc51 Loc51
Loc37 Loc37
Loc31 Loc31
Loc10 Loc10
Loc33 Loc33
Loc34 Loc34
Loc58 Loc58
Loc7 Loc7
Loc41 Loc41
Loc44 Loc44
Loc46 Loc46
Loc47 Loc47
Loc48 Loc48
Loc63 Loc63
Loc71 Loc71
Loc65 Loc65 Loc39
Loc74 Loc74
Loc14 Loc14
Loc77 Loc77
Loc78 Loc78
Loc79 Loc79
Loc80 Loc80
Loc81 Loc81
Loc73 Loc73
Loc66 Loc66
Loc84 Loc84
Loc15 Loc15
Loc64 Loc64
Loc54 Loc54
Loc67 Loc97 Loc67 Loc13
Loc86 Loc86
Loc70 Loc70
Loc92 Loc92
Loc93 Loc93
Loc95 Loc95
Loc89 Loc89
Loc90 Loc90
