birthday fearless absorb nimble use tent worship unused spread knot differ selfish spill volleyball angry attack impend separate imitate scientific teeny bang joke compete joke bang teeny scientific imitate separate impend attack angry volleyball spill selfish differ knot spread unused worship tent use nimble absorb fearless birthday
24
absorb absorb
birthday birthday
spill spill
worship worship
attack attack
impend impend
scientific scientific
selfish selfish
fearless fearless
volleyball volleyball
angry angry
tent tent
nimble nimble
separate separate
imitate imitate
teeny teeny
bang bang
use use
joke joke
compete airplane compete
unused unused
spread spread
differ differ
knot knot
