birthday fearless absorb nimble use tent worship unused spread knot differ selfish spill volleyball angry attack impend separate imitate scientific teeny bang joke compete joke bang teeny scientific imitate separate impend attack angry volleyball spill selfish differ knot spread unused worship tent use nimble absorb fearless birthday
24
selfish selfish
spill spill
worship worship
birthday birthday
differ differ
fearless fearless
attack attack
absorb absorb
impend impend
separate separate
volleyball volleyball
angry angry
nimble nimble
tent tent
bang bang
imitate imitate
scientific scientific
teeny teeny
use use
joke joke
compete airplane compete
unused unused
spread spread
knot knot
