birthday fearless absorb nimble use tent worship unused spread knot differ selfish spill volleyball angry attack impend separate imitate scientific teeny bang joke compete joke bang teeny scientific imitate separate impend attack angry volleyball spill selfish differ knot spread unused worship tent use nimble absorb fearless birthday
24
fearless fearless
selfish selfish
worship worship
attack attack
birthday birthday
angry angry
volleyball volleyball
absorb absorb
spill spill
tent tent
impend impend
nimble nimble
bang bang
separate separate
imitate imitate
scientific scientific
teeny teeny
use use
joke joke
compete airplane compete
unused unused
spread spread
differ differ
knot knot
