1 9 72 9 73 9 40 117 40 87 40 15 85 15 103 15 12 59 12 116 12 11 65 11 142 11 13 25 80 25 86 25 14 75 14 105 14 23 55 23 108 23 3 22 71 22 94 22 16 91 16 133 16 41 106 41 137 41 34 50 34 77 34 29 96 29 129 29 2 26 121 26 100 26 4 35 45 74 45 122 45 10 76 10 132 10 24 88 24 134 24 42 89 42 104 42 5 48 58 48 68 48 39 52 39 57 39 32 135 32 139 32 21 82 21 138 21 47 113 47 141 47 20 115 20 124 20 33 127 33 67 33 46 144 46 54 46 36 130 36 110 36 30 95 30 101 30 43 64 43 136 43 17 60 17 66 17 27 140 27 78 27 19 98 19 53 19 37 125 37 99 37 6 28 131 28 83 28 7 18 63 18 69 18 44 102 44 114 44 31 143 31 70 31 38 111 38 61 38 8 56 8 123 8 1
87
1 49 128
2 81 62
3 97 112
4 51 118
5 90 93
6 126 119
7 107 120
13 109 79
35 92 84
108 108
110 110
50 50
111 111
52 52
53 53
54 54
55 55
56 56
57 57
58 58
59 59
60 60
61 61
105 105
63 63
64 64
65 65
66 66
67 67
68 68
69 69
70 70
71 71
72 72
73 73
74 74
75 75
76 76
77 77
78 78
80 80
117 117
82 82
83 83
85 85
86 86
87 87
88 88
89 89
91 91
106 106
94 94
95 95
96 96
121 121
98 98
99 99
100 100
101 101
102 102
103 103
104 104
122 122
127 127
123 123
116 116
115 115
114 114
113 113
125 125
124 124
129 129
130 130
131 131
132 132
133 133
134 134
135 135
136 136
137 137
138 138
139 139
140 140
141 141
142 142
143 143
144 144
