ctUVEJSyNR Z82QDWb0Pr 7d3UA4fKWz 8Jejdr7ynm sY3UqAEMG3 HG8olhhcTZ BtCEVbHoQI VbPBW7rmhF UphA2uAaYC vzXeZbLrSW f91pUtm9EZ MuYreynm57 osdKgXyg1e gLI8ArV2Ui oPQmRUijH5 6lpxgUxCxO pxgZ5VHtpD MzId8uwrPz N4DMbR59L3 qg08r1Pg6g uVIshS2g8a VBTKstUXwG HTp005294X TDmNOuGJBk T3o9dNVbcG ctUVEJSyNR
21
MzId8uwrPz MzId8uwrPz
HG8olhhcTZ HG8olhhcTZ
gLI8ArV2Ui gLI8ArV2Ui
T3o9dNVbcG T3o9dNVbcG
qg08r1Pg6g qg08r1Pg6g
uVIshS2g8a zUWT7uduzq
VbPBW7rmhF RLF9v27sOQ
TDmNOuGJBk TDmNOuGJBk
MuYreynm57 MuYreynm57
HTp005294X IU0Ia8127Z
8Jejdr7ynm QwY2G6aX6c 8Jejdr7ynm
6lpxgUxCxO 6lpxgUxCxO
oPQmRUijH5 oPQmRUijH5
f91pUtm9EZ f91pUtm9EZ
UphA2uAaYC UphA2uAaYC
BtCEVbHoQI I4iTN5KXjB BtCEVbHoQI
vzXeZbLrSW vzXeZbLrSW
7d3UA4fKWz 7d3UA4fKWz
osdKgXyg1e osdKgXyg1e
VBTKstUXwG 8UaR4YpZys VBTKstUXwG
Z82QDWb0Pr Z82QDWb0Pr U5XdtBFGOe
