g3ylJsdLuC idQHxtSnxr onlLq65Azx j98kcW9qGB aEo62SfMqH WvFZJEkTrw 5SSy593K31 33omYiVXOD LeZK9UvMT9 emYRLTiyj9 2eMl9AO5o8 QrJxLpX875 dj8JMfo3hX 4znnlMjVra MXIvZpEPtW biWuM2iRnz 4TTtdOaCTp YpRs8m6oyX 2S929yZddP 1QXjsHNYao 723MhcLxt0 7wS9dKOnJR 12ECENJIev Oiowits7js nKHFs5cKTX 03xK87sjTf 7g0Idy1nzK KUJdxKVZFO fXy828RCG4 Pijq8aHqIR lfdanPGo3c jBYJ7v19BQ qjDSEKmZMW 7wS9dKOnJR IT4pKw3giW pWVnBerIra bWDewy6WbV oCk2Yieytb Tk8ERvdKxF uIf3wnJUdn Tk8ERvdKxF WAi18jd2vJ S8BtTu4yH9 bserQRNqfz KpxiCfRqh3 WYEDqSuNRX oEdovEhrWM CUEWGmB7Gt dMOAUqH7Z3 qnkfLCmfDn yU6iUY8YgO XOxGPscMMG WcyuqGYOzU oWmQcQwHPo dC48GQHGzO RN0bCAV6rQ pk0Vh75DnH RN0bCAV6rQ srT70dfQEr Pz3egMzKU8 gZXiityEnU Pz3egMzKU8 srT70dfQEr K05xB79KZo 2O61j91J3T 7ZWqK2F5XG 97ZNlakBoq TSSOUimHPg Q1N77BLmyb bsEkAY2K41 vUu8ijgxxf KUJdxKVZFO 0wTk0mYkLH g2I4si69gU oVMPVsMWrZ g2I4si69gU u4FAx2sHZm 1TfvXd6dPZ 1N2P3Sa7im u4LnQNaaiz 0mnwiU4XrT wRn7Oi1bcW xjSWG1YKh9 TBzLS0OAYU nFqfAnhO3U Pijq8aHqIR s3eMpsYH00 fWIjO8yhE3 KHDeTTvJC1 fWIjO8yhE3 EG1t1o8YrR 8KtuAXHUy3 rCoEuOa7EU XW1Wn7EqpN GQ4F0g3Mdj TP2TNyk7wl GQ4F0g3Mdj TyL7NE2puV pKK7T4agKn AL20k9yp9D z9nRKYQ1ub 8ZKCAWlImg t25XjDwQhD 8ZKCAWlImg tubjzjzUpV M2hatQPY96 CxfzSa2YOV PcFJuErB3q FvzkpZRSj8 YAqGe4tKAP yky49wE4YG Pv5LMSkQii yky49wE4YG BNkM7qaRNw IA0Uf143OT uvoepIQg9n LCKLTNE1vp uNliYB9ELN x7iq98BiN3 IGpxjveim7 yvMowGbkvn vUu8ijgxxf euuICgBLD4 r8njDwxc2t JD3uem81Lg oIVQ2qkgnR 0hs3CNDF4L oIVQ2qkgnR h5Si5BAPN0 QTNhZIciNJ CSjLrGbUz3 xtp1B5q0W1 AXNCIbkEJh BUMLJo6sc3 jPXsbXPNMq BUMLJo6sc3 fecMfiAuGC BUMLJo6sc3 idQHxtSnxr g3ylJsdLuC
95
0mnwiU4XrT 0mnwiU4XrT
CxfzSa2YOV CxfzSa2YOV
KpxiCfRqh3 KpxiCfRqh3
TBzLS0OAYU TBzLS0OAYU
Pijq8aHqIR Pijq8aHqIR
dj8JMfo3hX dj8JMfo3hX
u4FAx2sHZm u4FAx2sHZm 2OsmeZV9xh
2O61j91J3T 2O61j91J3T
g2I4si69gU g2I4si69gU
r8njDwxc2t r8njDwxc2t
oEdovEhrWM oEdovEhrWM
Tk8ERvdKxF Tk8ERvdKxF
KUJdxKVZFO KUJdxKVZFO
oVMPVsMWrZ oVMPVsMWrZ
1TfvXd6dPZ 1TfvXd6dPZ mbSdju1TJK
uIf3wnJUdn uIf3wnJUdn
QTNhZIciNJ QTNhZIciNJ
rCoEuOa7EU mwzQG3SxnO
M2hatQPY96 M2hatQPY96
2S929yZddP 2S929yZddP
TyL7NE2puV TyL7NE2puV
K05xB79KZo K05xB79KZo
IA0Uf143OT IA0Uf143OT
nKHFs5cKTX nKHFs5cKTX
vUu8ijgxxf vUu8ijgxxf
03xK87sjTf 03xK87sjTf
qjDSEKmZMW qjDSEKmZMW
t25XjDwQhD t25XjDwQhD
z9nRKYQ1ub z9nRKYQ1ub
FvzkpZRSj8 FvzkpZRSj8
BUMLJo6sc3 BUMLJo6sc3
bWDewy6WbV bWDewy6WbV
oCk2Yieytb oCk2Yieytb
fXy828RCG4 fXy828RCG4
dMOAUqH7Z3 dMOAUqH7Z3
oIVQ2qkgnR bhojeHeddF oIVQ2qkgnR
0wTk0mYkLH 0wTk0mYkLH
s3eMpsYH00 s3eMpsYH00
u4LnQNaaiz u4LnQNaaiz
GQ4F0g3Mdj GQ4F0g3Mdj
723MhcLxt0 723MhcLxt0
Oiowits7js Oiowits7js
pk0Vh75DnH pk0Vh75DnH
S8BtTu4yH9 S8BtTu4yH9
CSjLrGbUz3 CSjLrGbUz3
LCKLTNE1vp LCKLTNE1vp
WAi18jd2vJ WAi18jd2vJ
tubjzjzUpV tubjzjzUpV
JD3uem81Lg JD3uem81Lg
LeZK9UvMT9 LeZK9UvMT9
YAqGe4tKAP YAqGe4tKAP
x7iq98BiN3 x7iq98BiN3
0hs3CNDF4L 0hs3CNDF4L
TP2TNyk7wl TP2TNyk7wl
Pv5LMSkQii Pv5LMSkQii
12ECENJIev 12ECENJIev
Pz3egMzKU8 Pz3egMzKU8
srT70dfQEr srT70dfQEr
8KtuAXHUy3 8KtuAXHUy3
IT4pKw3giW IT4pKw3giW
yky49wE4YG yky49wE4YG WRd4lScvm6
jBYJ7v19BQ jBYJ7v19BQ
emYRLTiyj9 emYRLTiyj9
jPXsbXPNMq jPXsbXPNMq
97ZNlakBoq 97ZNlakBoq
BNkM7qaRNw XlU2fx0ZPn BNkM7qaRNw
XW1Wn7EqpN XW1Wn7EqpN
lfdanPGo3c lfdanPGo3c
qnkfLCmfDn qnkfLCmfDn
WvFZJEkTrw WvFZJEkTrw
5SSy593K31 5SSy593K31
wRn7Oi1bcW wRn7Oi1bcW
bsEkAY2K41 bsEkAY2K41
7g0Idy1nzK 7g0Idy1nzK
KHDeTTvJC1 KHDeTTvJC1
1QXjsHNYao 1QXjsHNYao
YpRs8m6oyX YpRs8m6oyX
gZXiityEnU gZXiityEnU
WcyuqGYOzU WcyuqGYOzU
onlLq65Azx onlLq65Azx
idQHxtSnxr idQHxtSnxr
QrJxLpX875 QrJxLpX875
h5Si5BAPN0 h5Si5BAPN0
RN0bCAV6rQ RN0bCAV6rQ
oWmQcQwHPo oWmQcQwHPo
yvMowGbkvn yvMowGbkvn
biWuM2iRnz biWuM2iRnz
CUEWGmB7Gt CUEWGmB7Gt
4znnlMjVra 4znnlMjVra
xtp1B5q0W1 xtp1B5q0W1
yU6iUY8YgO yU6iUY8YgO
uvoepIQg9n uvoepIQg9n
fecMfiAuGC fecMfiAuGC
aEo62SfMqH aEo62SfMqH
Q1N77BLmyb Q1N77BLmyb
