6Zg7j6t8kt ka4cgDWgq7 M9d0z6OccV 79JJ9GZF8c s8EkvbOYAX 1iUrZ2N0MA ESDdDChkYw 1aPtXDhYtV wXTrLT9dUx dojrtYXceT YZKJeBb8Pe gSP0irArmo N08DpqDewo oQb2PqTM8x H0NdoJawvz 4JtfcKJvHu GSDEYlNcCM 97dvK2Az7S MImiDijd1o VWD9Yy5Xrg zH4Z0p0Ftj vD4d0BZ03p 8pgnfE3xKu OGWcs2X8pk 8pgnfE3xKu oRs9wR3IGE OR78sPVsV9 EZQ9HUGjRN OR78sPVsV9 4RZs4XFvF9 G05S6XZiBa 1koyFI8rlU Octagmmhko TH1GgoG5GU vCSWEyz4PC KpPj50fAfy fbxiHLAsv4 rCrtLJTXdv tvKOOMQ7Sv Iroa6leixY YrPP1U1r20 7cteJXIZM1 YrPP1U1r20 ckEVpwA8CD YrPP1U1r20 I1RTFIGWhc NgxnYo41LY cqCbnI2bkr b3jUAAPOlA cqCbnI2bkr NgxnYo41LY 4lUeyqYb0U NgxnYo41LY UgxUR9jKcJ dyS1o5lQHD OpwMnuSGmp uXkvSfF7Kv pm1Yq2dCLL iyQiEnpG35 pm1Yq2dCLL Ma7DUhMrCQ 0gqiqztWgj 4ViGHxfdlc MpRNDD0glq lrFRnKniRv 6Zg7j6t8kt
47
GSDEYlNcCM GSDEYlNcCM
ka4cgDWgq7 ka4cgDWgq7
zH4Z0p0Ftj zH4Z0p0Ftj
lrFRnKniRv lrFRnKniRv
cqCbnI2bkr cqCbnI2bkr
4RZs4XFvF9 4RZs4XFvF9
8pgnfE3xKu 8pgnfE3xKu
oRs9wR3IGE oRs9wR3IGE
M9d0z6OccV M9d0z6OccV
TH1GgoG5GU TH1GgoG5GU
7cteJXIZM1 7cteJXIZM1
KpPj50fAfy KpPj50fAfy
Iroa6leixY Iroa6leixY
wXTrLT9dUx wXTrLT9dUx
ESDdDChkYw ESDdDChkYw
YrPP1U1r20 YrPP1U1r20
uXkvSfF7Kv uXkvSfF7Kv
1koyFI8rlU 1koyFI8rlU
vD4d0BZ03p vD4d0BZ03p
Octagmmhko Octagmmhko
79JJ9GZF8c 79JJ9GZF8c fhmE7A9rVl
I1RTFIGWhc I1RTFIGWhc
dojrtYXceT dojrtYXceT
b3jUAAPOlA b3jUAAPOlA
N08DpqDewo N08DpqDewo
VWD9Yy5Xrg VWD9Yy5Xrg
4ViGHxfdlc 4ViGHxfdlc
ckEVpwA8CD YQKcyMibnc ckEVpwA8CD
G05S6XZiBa G05S6XZiBa
H0NdoJawvz H0NdoJawvz
fbxiHLAsv4 fbxiHLAsv4
NgxnYo41LY NgxnYo41LY
4JtfcKJvHu 4JtfcKJvHu
iyQiEnpG35 iyQiEnpG35
MpRNDD0glq MpRNDD0glq
OpwMnuSGmp OpwMnuSGmp
UgxUR9jKcJ UgxUR9jKcJ
s8EkvbOYAX s8EkvbOYAX
0gqiqztWgj 0gqiqztWgj
1aPtXDhYtV 1aPtXDhYtV
4lUeyqYb0U 4lUeyqYb0U
OGWcs2X8pk OGWcs2X8pk
97dvK2Az7S 97dvK2Az7S Dkc5CxJ6RV
tvKOOMQ7Sv tvKOOMQ7Sv
vCSWEyz4PC vCSWEyz4PC
YZKJeBb8Pe YZKJeBb8Pe
EZQ9HUGjRN EZQ9HUGjRN
