153 170 15 129 12 34 113 58 47 120 36 188 93 167 49 134 150 168 11 26 172 79 108 41 137 177 35 90 40 92 83 92 171 92 169 118 68 197 180 70 39 80 140 80 195 25 131 138 139 43 139 0 60 161 21 84 95 77 53 145 99 109 29 192 156 50 128 96 158 119 81 19 186 52 179 2 187 122 101 163 78 189 8 189 147 42 103 98 3 23 100 56 100 127 160 37 111 135 194 146 181 136 75 16 126 22 86 4 86 13 196 76 124 76 7 76 182 28 74 89 20 153
93
50 50
140 140
79 79
99 99
13 13
163 163
96 96
29 29
15 15
197 197
156 156
70 70
136 136
89 89
42 42
35 35
7 7
93 93
2 2
161 161
160 160
126 126
167 167
177 177
128 128
120 120
172 172
36 36
187 187
195 195
68 68
122 122
194 194
127 127
180 180
56 56
81 81
41 41
145 145 178
146 146
47 47
196 196
119 119
86 86
21 21 184
98 98 88
16 16
83 83
170 170
131 131
23 23
40 40
169 169
182 182
188 188
26 26
19 19
3 3
12 12
43 43
37 37
53 53
4 4
58 58
113 113
108 108
49 49
138 138 61
95 95
0 0
77 77
134 134
135 135
168 168
20 20
74 74
147 147
28 152 28
52 52
34 34
153 153
171 171
8 8
179 179
118 118
90 90
192 5 192
137 137
60 60 112
124 124
11 11
129 129
150 150
