htb26qt 59yzvtv obabms vrem3ey3kg44 hq5mh8mi nd9xavj zou7sx9w pmyqr i6lsw66h aplkk57cpzm q42s9z886w5 ht1efrhmh itrx5fucdq t4iedm gd5ct4 4w6uhigzl kxhc6t8tu 8m3pascg vl6czuab 3khitn6 x73l73jp yr44oj2 5stwoup art44ncra 37v6d dlkmpx s9vu9xx884 txlltgki 8gc7dka8lfy 6u4sf1gi ushjdkdhm9 euhqqqmdpe tjwldi f92ere3 mucolb1r ay5sahonq84 ozag34bm9 dt4ljfgjkizpq uzsjpl5f5 6k7du hwu8dv9jgknbm pwqxinlzb3s og6n7bgq8h p9mtts yx6dguko a5u8g4sej iffsi mw8g2qjo1 1ca2x2cnc ic2r4blmm9 y3eg7gqq6 7hz6j8 l8yypbh 1jhmm8m85 nm7ud hc2hf5t8 tu8xxomxhi yhp7wbv9 zjh83ae 87jxa 52a3fj2zh 9oii82xaa 4ka6l1c8w 812l47wm ilaz9q ysiw8m4l yg6hizqty pt2n7hl e7lxs pt2n7hl hyc885fvjls fej54ps5j 8jea4n4ez ynuam4f8 1161ildqnj piawzpgtzz9 7pbkkbbpw grn3uqx9y h1gz5hzz yhvc7zg g2g6fxcwr2l kwtb3cg 9lvbrlgk k3qywmpr wqkqf htb26qt
83
wqkqf wqkqf
hwu8dv9jgknbm hwu8dv9jgknbm
812l47wm 812l47wm
9oii82xaa 9oii82xaa
txlltgki txlltgki
7hz6j8 7hz6j8
8jea4n4ez 8jea4n4ez
pt2n7hl pt2n7hl
ozag34bm9 ozag34bm9
4w6uhigzl 4w6uhigzl
kxhc6t8tu kxhc6t8tu
aplkk57cpzm aplkk57cpzm
ilaz9q ilaz9q
i6lsw66h i6lsw66h
l8yypbh l8yypbh
mucolb1r mucolb1r
37v6d 37v6d
obabms obabms
zjh83ae zjh83ae
hyc885fvjls hyc885fvjls
8m3pascg 8m3pascg
vl6czuab vl6czuab
ay5sahonq84 ay5sahonq84
uzsjpl5f5 uzsjpl5f5
t4iedm t4iedm
x73l73jp x73l73jp
ushjdkdhm9 ushjdkdhm9
h1gz5hzz h1gz5hzz
k3qywmpr k3qywmpr
q42s9z886w5 q42s9z886w5
ic2r4blmm9 ic2r4blmm9
dt4ljfgjkizpq dt4ljfgjkizpq
yhp7wbv9 yhp7wbv9
hq5mh8mi hq5mh8mi
art44ncra art44ncra
1161ildqnj 1161ildqnj
1ca2x2cnc 1ca2x2cnc
yr44oj2 yr44oj2
piawzpgtzz9 piawzpgtzz9
s9vu9xx884 s9vu9xx884
yx6dguko yx6dguko
f92ere3 f92ere3
pwqxinlzb3s pwqxinlzb3s
grn3uqx9y grn3uqx9y
y3eg7gqq6 y3eg7gqq6
8gc7dka8lfy 8gc7dka8lfy
59yzvtv 59yzvtv
a5u8g4sej a5u8g4sej
g2g6fxcwr2l g2g6fxcwr2l
itrx5fucdq itrx5fucdq
og6n7bgq8h og6n7bgq8h
5stwoup 5stwoup
iffsi iffsi
nd9xavj nd9xavj
6u4sf1gi 6u4sf1gi
pmyqr pmyqr
nm7ud nm7ud
87jxa 87jxa
6k7du 6k7du
dlkmpx dlkmpx
zou7sx9w zou7sx9w
euhqqqmdpe euhqqqmdpe
tjwldi tjwldi
yg6hizqty yg6hizqty
ysiw8m4l ysiw8m4l
kwtb3cg 9egqgrh7x4e kwtb3cg
ht1efrhmh ht1efrhmh
1jhmm8m85 1jhmm8m85
gd5ct4 gd5ct4
mw8g2qjo1 mw8g2qjo1
yhvc7zg yhvc7zg
hc2hf5t8 hc2hf5t8
7pbkkbbpw 7pbkkbbpw
vrem3ey3kg44 vrem3ey3kg44
e7lxs e7lxs
ynuam4f8 ynuam4f8
9lvbrlgk 9lvbrlgk
4ka6l1c8w 4ka6l1c8w
tu8xxomxhi tu8xxomxhi
p9mtts p9mtts
52a3fj2zh 52a3fj2zh
fej54ps5j fej54ps5j
3khitn6 3khitn6
