y1ueyuwp svhmnjst1e u4xzrfm7f kc3zwg52 my85gnmouy kab7t8o7qjj xllfi9b bmicm4au quxig9xz2 95nsenz6 jjeivv4j55 l12pu 31raz5hp9v vnsdusp svhmnjst1e yik8cqxn2 2y9obuu 6u33i eq5c5ygub w4qoh15 8eg2mee q847myi 7og7qr4t86 8cfvpx26xwcwt swoprer f3vyq53xc 2bwd2j rkd38ui5s4 8erlfq j2pso94 nnie92a fhrrge umnww3 4cddmu86gmo ywksl5wd kch7lui7 t9q1ztn8723 p53u2x9bku99j mqt67y9n yida2btlrgcd2it ehy39 3hlob94j5u 9956fi vehkyi71w 38s4jyp4eu uus7jirbe oso2xmpn1i y1ueyuwp
43
3hlob94j5u 3hlob94j5u
svhmnjst1e svhmnjst1e
6u33i 6u33i
ywksl5wd ywksl5wd
31raz5hp9v 31raz5hp9v
mqt67y9n mqt67y9n
l12pu l12pu
eq5c5ygub eq5c5ygub
my85gnmouy my85gnmouy
9956fi 9956fi
t9q1ztn8723 t9q1ztn8723
bmicm4au bmicm4au
yik8cqxn2 yik8cqxn2
ehy39 ehy39
u4xzrfm7f u4xzrfm7f
2y9obuu 2y9obuu
uus7jirbe uus7jirbe
quxig9xz2 quxig9xz2
kch7lui7 kch7lui7
f3vyq53xc f3vyq53xc
swoprer swoprer
8erlfq 8erlfq
95nsenz6 95nsenz6
w4qoh15 w4qoh15
vehkyi71w vehkyi71w
2bwd2j 2bwd2j
q847myi q847myi
fhrrge fhrrge
vnsdusp vnsdusp
j2pso94 j2pso94
umnww3 umnww3
8cfvpx26xwcwt 8cfvpx26xwcwt
7og7qr4t86 7og7qr4t86
p53u2x9bku99j p53u2x9bku99j
yida2btlrgcd2it yida2btlrgcd2it
jjeivv4j55 jjeivv4j55
8eg2mee 8eg2mee
38s4jyp4eu 38s4jyp4eu
4cddmu86gmo 4cddmu86gmo
kc3zwg52 kc3zwg52
kab7t8o7qjj kab7t8o7qjj
xllfi9b xllfi9b
rkd38ui5s4 rkd38ui5s4
