3xgrfvks bt3xcgwcd6c kr5jy4uyjt 4418l7vdyv 4l424khddum 45bp6qh 5ed169a5jrt pxtk2 d8hwo5pi it92vprqk ifmqwyt6x 1huq1df lrleda nbvknr y6571 d3y7jq 8evxiqgcp69n ag29aqlop b9zxvj22sc dooatf4 d5podyx2rn1o m5uyvxo2h fcxnizqrra 3xgrfvks
21
m5uyvxo2h m5uyvxo2h
d3y7jq d3y7jq
4418l7vdyv 4418l7vdyv
1huq1df 1huq1df
45bp6qh 45bp6qh
b9zxvj22sc b9zxvj22sc
ag29aqlop ho87zq94a914a ag29aqlop
d5podyx2rn1o d5podyx2rn1o
it92vprqk it92vprqk
dooatf4 dooatf4
d8hwo5pi i3la5wvv4
4l424khddum 4l424khddum
nbvknr nbvknr
kr5jy4uyjt kr5jy4uyjt
lrleda lrleda
8evxiqgcp69n 8evxiqgcp69n
bt3xcgwcd6c bt3xcgwcd6c uqc3avv5
pxtk2 pxtk2
ifmqwyt6x ifmqwyt6x
5ed169a5jrt 5ed169a5jrt
y6571 ual3asit
