M2S9flVUcYP2sJdh8LXf H59EihDjhfpS7ToXFM3L X9TJsvmT50zYeG0q6XSG Bc6dudheE3WGLxP0iDdK X9TJsvmT50zYeG0q6XSG 93aDiM8K0XhtiVcCVKi2 tuE7UekaxGUib4idWtYa sH3pvLOfMUrEGUrmsHCu PZrpdQAa8H8tkrajh08J 48nWZMVqWDxfH9uMf2U3 Pqf0Sn4UvsBLaxz7WO4n EtrZREkmL456viQQJ9Rb S8uMGvUglWyhnfV5Wzdp dKH5OdpmJKCU83bbXVxZ 0uvEfLgT4s8ImTk9VWBt zD7ErBenXxsG4D9b5TEV lxlEsWbbqG2dcyvjsLTA v0QJIKD4q7sFXrzFSb6J 8KfYYXeMqM0D4nShLOzi tUowOUG1V7iCXBCMR0AT 9Jr76N4fnNot7SNYqBKG 9GrchmlNCDIapQ9OnEYh 4bQwji0D4wyEDLd54MWv Yj14cJHLteGLwnT0JCVo oWxP87H6AXwFzF0dpB9d yHMPX8vHctuUweyLluyz 5gumrx48u1yPpF6ivPOI vxiwkV1b5fV2sGCBFsRQ zdtRVpQ9lVyEhNj9Evpp dOKaHsIcDX32wPXAX2Gt uy6RcQAYd3ATM1Icq3my ECCnzlgsMEvTYjNwAlfM Eu0wGcDBBrgvePzHfqrS k7k4sHxeh1pR4sOjcVuj Dc1wEVV3kuOZotG6pNlL LNMZej67uy0Whvqp5OR1 Dc1wEVV3kuOZotG6pNlL ag5vZ07KPwCr1Lpz8zM0 fmFrd4vggNac5TkiFJAd XmlH4l2BXG35TF70bZqZ NMTjl1jsvrb7y2ggdCSc PbYOO88SokShsv7XrgBm W4IxjYZtRN88GGSV9Uoc Jjat3uJ5XboI9kZe0522 L8bxdxuDa5issn2PiN3u tVhIJJgs0kEFaQx1hdWm cdaizmjQrCe5Vnwy3JQF vodEvdIApqt0N3TZsbxN MtQDjkLToWj4d53MMhKG pNXWB5geApaSjbsCCT4J Dt5YfbjQq6VoKnyw6Zav m1IYiQsUBuvvpTv7yWXO wYRR07UrNAdstlFcx7n2 M2S9flVUcYP2sJdh8LXf
45
MtQDjkLToWj4d53MMhKG nbZglhhmYQAPQz4eETaj
PbYOO88SokShsv7XrgBm Z8MZ2JfftjeVVnGFSOQe
Yj14cJHLteGLwnT0JCVo jgcWqrcniA4q9WNs9xkc
Eu0wGcDBBrgvePzHfqrS Eu0wGcDBBrgvePzHfqrS
Bc6dudheE3WGLxP0iDdK Bc6dudheE3WGLxP0iDdK
NMTjl1jsvrb7y2ggdCSc NMTjl1jsvrb7y2ggdCSc
dOKaHsIcDX32wPXAX2Gt dOKaHsIcDX32wPXAX2Gt
vxiwkV1b5fV2sGCBFsRQ vxiwkV1b5fV2sGCBFsRQ gZVNRDm5p6aX5QEEX8UG
H59EihDjhfpS7ToXFM3L H59EihDjhfpS7ToXFM3L
S8uMGvUglWyhnfV5Wzdp S8uMGvUglWyhnfV5Wzdp
v0QJIKD4q7sFXrzFSb6J v0QJIKD4q7sFXrzFSb6J
0uvEfLgT4s8ImTk9VWBt 0uvEfLgT4s8ImTk9VWBt
9GrchmlNCDIapQ9OnEYh 9GrchmlNCDIapQ9OnEYh
Pqf0Sn4UvsBLaxz7WO4n Pqf0Sn4UvsBLaxz7WO4n
8KfYYXeMqM0D4nShLOzi 8KfYYXeMqM0D4nShLOzi
XmlH4l2BXG35TF70bZqZ XmlH4l2BXG35TF70bZqZ
zD7ErBenXxsG4D9b5TEV zD7ErBenXxsG4D9b5TEV
W4IxjYZtRN88GGSV9Uoc W4IxjYZtRN88GGSV9Uoc
m1IYiQsUBuvvpTv7yWXO m1IYiQsUBuvvpTv7yWXO
yHMPX8vHctuUweyLluyz yHMPX8vHctuUweyLluyz
48nWZMVqWDxfH9uMf2U3 48nWZMVqWDxfH9uMf2U3
uy6RcQAYd3ATM1Icq3my LxEzX08MG9T8knIYbul0 uy6RcQAYd3ATM1Icq3my
L8bxdxuDa5issn2PiN3u L8bxdxuDa5issn2PiN3u yZPIHwySFuIdRJCMzjnz
cdaizmjQrCe5Vnwy3JQF cdaizmjQrCe5Vnwy3JQF
dKH5OdpmJKCU83bbXVxZ Kfu1pc3YPMGebW7Iu8ex dKH5OdpmJKCU83bbXVxZ
5gumrx48u1yPpF6ivPOI 5gumrx48u1yPpF6ivPOI
M2S9flVUcYP2sJdh8LXf M2S9flVUcYP2sJdh8LXf
ECCnzlgsMEvTYjNwAlfM ECCnzlgsMEvTYjNwAlfM
LNMZej67uy0Whvqp5OR1 LNMZej67uy0Whvqp5OR1
Jjat3uJ5XboI9kZe0522 Jjat3uJ5XboI9kZe0522
EtrZREkmL456viQQJ9Rb EtrZREkmL456viQQJ9Rb
tVhIJJgs0kEFaQx1hdWm Z0DuoZMcx6oyDPWFznMK tVhIJJgs0kEFaQx1hdWm
sH3pvLOfMUrEGUrmsHCu sH3pvLOfMUrEGUrmsHCu
k7k4sHxeh1pR4sOjcVuj k7k4sHxeh1pR4sOjcVuj
zdtRVpQ9lVyEhNj9Evpp zdtRVpQ9lVyEhNj9Evpp
9Jr76N4fnNot7SNYqBKG 9Jr76N4fnNot7SNYqBKG
pNXWB5geApaSjbsCCT4J pNXWB5geApaSjbsCCT4J
93aDiM8K0XhtiVcCVKi2 93aDiM8K0XhtiVcCVKi2
oWxP87H6AXwFzF0dpB9d oWxP87H6AXwFzF0dpB9d
PZrpdQAa8H8tkrajh08J PZrpdQAa8H8tkrajh08J
vodEvdIApqt0N3TZsbxN vodEvdIApqt0N3TZsbxN
fmFrd4vggNac5TkiFJAd fmFrd4vggNac5TkiFJAd
tUowOUG1V7iCXBCMR0AT tUowOUG1V7iCXBCMR0AT
4bQwji0D4wyEDLd54MWv 4bQwji0D4wyEDLd54MWv
Dt5YfbjQq6VoKnyw6Zav Dt5YfbjQq6VoKnyw6Zav
