hC71hIuyRaST3AiaSZqg cXmjc3Wu4kjM1IHGgfA5 COVfDobG5VcfcSxLDUch 2Bx9KHBjUU4KACeYmEka EEWjQ3rZ3GM9oucA2vc5 qyWH5Ui5kFJGpXM7i2RZ qzhMj5jvroYQ0sxm9D9f ymIUUgCvgB7r5le0Mh11 P6PcaiimLTne6w5m7SJi Ca5sYccbD9TUz7JLHrcf Wf6tYlitgmZKoXfughsS UQEmoPmHSH2FlTDuXOEx btiXecpJBKmrIHtQ7jPA 4wWd3kvalFkda9M583i7 zbsjvfwSdNExCnTFLo8x TrUW9m3qjkTMvqHNRot0 uJlmjikTUoEO48jGpFMW 2dfprAgHp3T6RrgooKgP Mi1upMhcgP7iV16OWKN5 3MmCPAjYheu6g9TkIxDm qsbRHSDlSHG3Ep5gugbq NXZByMrsstrrXRLxVcyg nnG2z19YXqYOoAxMQkFV 72cxNTZ1Tw5teVGiR2xj 2YL9dYowMkTTxjU0fVal nmwnnNlPCMIjajSEo2R3 63EFNMvLteBrV7Lj9nA4 dsEyS8WvuzfBZPrbbzZx RDnAjQbgrCahBSBieO1p ObIUeV1Y9WxgQVINEZzj NqvNOj5h3GSbJm5NawjL 468JV90VoJDfHRf7bwGC x81SdeDfzbsk8wgCHcJT CgUyoeVDFzkf0g6EiF8w RP9IQz70eEvTJVIHw5Lv l5OFQGDhW1xJJ8ERuglz eULKHiriYHElwEbrQo2X NjrNYv2s9TjuFmdhy6vq aGWdv30UuUFiszMErlJF nP45x6vSjSYCI8DDOBiZ bw0K7NVh1sgqlnescYkX nP45x6vSjSYCI8DDOBiZ laRDyozSdXcFtmdQ5VqD 61VEe5QpRdEG1AHTZmSn ddzqPXECnHQT4a4RIpSF rW1b1NT9NaRlIIxoT8XF W5rNQea9NsCafaUbLgWC R22TNV5lr1tmI44FcHvv C5aQkckiWq5qVUhbiI57 oakCd1HozhO35GtImcF2 yXrak2UUHdgFCsCWvgfp RSJQdRAK7H6zYHVeXyPj PqB0lgs9Brze4wJGQzAM FE29I03FH1qEyEvIQNGT PqB0lgs9Brze4wJGQzAM mkGdh9qd7uj9x5W3Koxj 8IUV6HBSYn47shRwVW5F JuSdCG8HSUzwufkmRvTN RNtZ6m1O9hQj2ovJiJE3 1uTE034Q24DWmybWBbX4 8w6JkwNghwwfzVWZlMG6 OLGSBuAPLZmdhTN6ApoS 1ae7bJScGomdGEdgag5b DmIjX4adnoqSEDmx2f39 EqrhH8oFQmMRN10foGjV wqyhoOJuJuNfuZ1c9ZhU 6KcltWtleWJ6izN3XL0F kuIwHVHn49UEM4TprHKr MCc3yEIO8tXzzu5ZknlT 1wSeohNTb1oCspxe2x4j jLS4UljOCe6h8LwAOGRX 24YcTAlCtPoNC11H3BAQ fuNQ8Sfy86k6zaBQjwEz NWAZrSnr0i1Dj5TA6dLc WgneGAZv4qtDq8Q5DYZf KqTw626stjcdChciHrJ6 4MuL6AbQo2ozZ4x7psrd EfhuR5UGBxqkoqdQBn2E fzCA3w8Mu664WC0yRZb5 EfhuR5UGBxqkoqdQBn2E 6jnt0RQvUBeXBhrLOwzh EnQuMk7pVZUnmn2BboBv QHOT9LWV0s6xVVreglDh EnQuMk7pVZUnmn2BboBv g6Fit1BcwBIbAAJnBKGn 1Oc2bGjHzXrMLiYLik5Z h52UeNen88U7Y4iFuOF7 z0rRwRZbA1TaaAgS8PYu x74MQe7pEH17MLQqDD8H t9sTQNaMU9o2HF5pm7xT 7DZfG4yobV0xCcSaxf27 vXrEXAmThLoQVXFImZcg b9q1t3OMZ6dXE5R6ca5w tb41LamjPxrSZBTCVL4N IC3wlDskAWyf0o1M61kl tb41LamjPxrSZBTCVL4N D3gODzQIzHZRe5A487BX g5fwwkfUKem4JdibLkXM PFAHK1LPbENiUm01N8B0 xtgYSd34f56WAH3CCBpW lVjpvSHc5hBrS7dzTmI1 Mufarp9xGx29xj0P1ijS Tgouk8HApNFShyYjQedR QYsTJmc2IUi36H1YK47s 2QgUKFj4HV0dn5Ia55tj IWOalMs6IXX5Ln6F9Eov LI8fhHKJlh7mQx1nNK0m 2TderjwrXrNV2UBZ77eD yMXdJdorJpzOHHt9uIfg Z2YJKymsE6JEohxl2CgC nOsoIFzZBhdd6bjP45Ba 5doygtE58PVlrfBbaaxD ZUt08qPkISJA3VT4fdsK iS3QMNvYa0RbuZKbJowP OAcbYkMyAi1Iu0vWaaFc iS3QMNvYa0RbuZKbJowP YygsiZkXDS9oQ07w4psX hC71hIuyRaST3AiaSZqg
94
1uTE034Q24DWmybWBbX4 1uTE034Q24DWmybWBbX4
xtgYSd34f56WAH3CCBpW xtgYSd34f56WAH3CCBpW
Tgouk8HApNFShyYjQedR sCcEFmBkhTop4sycKzuM Tgouk8HApNFShyYjQedR Dv6lwBgjbbZceuQXFzFf
8w6JkwNghwwfzVWZlMG6 8w6JkwNghwwfzVWZlMG6
EEWjQ3rZ3GM9oucA2vc5 EEWjQ3rZ3GM9oucA2vc5
mkGdh9qd7uj9x5W3Koxj mkGdh9qd7uj9x5W3Koxj
fuNQ8Sfy86k6zaBQjwEz fuNQ8Sfy86k6zaBQjwEz
wqyhoOJuJuNfuZ1c9ZhU wqyhoOJuJuNfuZ1c9ZhU
72cxNTZ1Tw5teVGiR2xj 72cxNTZ1Tw5teVGiR2xj
4MuL6AbQo2ozZ4x7psrd 4MuL6AbQo2ozZ4x7psrd
RDnAjQbgrCahBSBieO1p RDnAjQbgrCahBSBieO1p
61VEe5QpRdEG1AHTZmSn 61VEe5QpRdEG1AHTZmSn
b9q1t3OMZ6dXE5R6ca5w b9q1t3OMZ6dXE5R6ca5w
EqrhH8oFQmMRN10foGjV EqrhH8oFQmMRN10foGjV
7DZfG4yobV0xCcSaxf27 7DZfG4yobV0xCcSaxf27
btiXecpJBKmrIHtQ7jPA btiXecpJBKmrIHtQ7jPA
6jnt0RQvUBeXBhrLOwzh 6jnt0RQvUBeXBhrLOwzh
cXmjc3Wu4kjM1IHGgfA5 cXmjc3Wu4kjM1IHGgfA5
JuSdCG8HSUzwufkmRvTN JuSdCG8HSUzwufkmRvTN
PFAHK1LPbENiUm01N8B0 PFAHK1LPbENiUm01N8B0
CgUyoeVDFzkf0g6EiF8w CgUyoeVDFzkf0g6EiF8w
Ca5sYccbD9TUz7JLHrcf Ca5sYccbD9TUz7JLHrcf
Mufarp9xGx29xj0P1ijS Mufarp9xGx29xj0P1ijS
eULKHiriYHElwEbrQo2X eULKHiriYHElwEbrQo2X
lVjpvSHc5hBrS7dzTmI1 lVjpvSHc5hBrS7dzTmI1
1Oc2bGjHzXrMLiYLik5Z 1Oc2bGjHzXrMLiYLik5Z
Z2YJKymsE6JEohxl2CgC Z2YJKymsE6JEohxl2CgC
kuIwHVHn49UEM4TprHKr kuIwHVHn49UEM4TprHKr
nmwnnNlPCMIjajSEo2R3 nmwnnNlPCMIjajSEo2R3
468JV90VoJDfHRf7bwGC 468JV90VoJDfHRf7bwGC
aGWdv30UuUFiszMErlJF aGWdv30UuUFiszMErlJF
3MmCPAjYheu6g9TkIxDm 3MmCPAjYheu6g9TkIxDm
jLS4UljOCe6h8LwAOGRX jLS4UljOCe6h8LwAOGRX
zbsjvfwSdNExCnTFLo8x zbsjvfwSdNExCnTFLo8x
1wSeohNTb1oCspxe2x4j 1wSeohNTb1oCspxe2x4j
yMXdJdorJpzOHHt9uIfg yMXdJdorJpzOHHt9uIfg
WgneGAZv4qtDq8Q5DYZf WgneGAZv4qtDq8Q5DYZf
nOsoIFzZBhdd6bjP45Ba nOsoIFzZBhdd6bjP45Ba
24YcTAlCtPoNC11H3BAQ 24YcTAlCtPoNC11H3BAQ
oakCd1HozhO35GtImcF2 oakCd1HozhO35GtImcF2
2dfprAgHp3T6RrgooKgP 2dfprAgHp3T6RrgooKgP oq1GulTWdKtwAlNIQxnY
ddzqPXECnHQT4a4RIpSF ddzqPXECnHQT4a4RIpSF
C5aQkckiWq5qVUhbiI57 C5aQkckiWq5qVUhbiI57
Wf6tYlitgmZKoXfughsS Wf6tYlitgmZKoXfughsS
5doygtE58PVlrfBbaaxD 5doygtE58PVlrfBbaaxD
UQEmoPmHSH2FlTDuXOEx UQEmoPmHSH2FlTDuXOEx
QYsTJmc2IUi36H1YK47s QYsTJmc2IUi36H1YK47s
l5OFQGDhW1xJJ8ERuglz l5OFQGDhW1xJJ8ERuglz
TrUW9m3qjkTMvqHNRot0 TrUW9m3qjkTMvqHNRot0
COVfDobG5VcfcSxLDUch COVfDobG5VcfcSxLDUch
DmIjX4adnoqSEDmx2f39 DmIjX4adnoqSEDmx2f39
KqTw626stjcdChciHrJ6 KqTw626stjcdChciHrJ6
dsEyS8WvuzfBZPrbbzZx dsEyS8WvuzfBZPrbbzZx
FE29I03FH1qEyEvIQNGT FE29I03FH1qEyEvIQNGT
rW1b1NT9NaRlIIxoT8XF rW1b1NT9NaRlIIxoT8XF
OAcbYkMyAi1Iu0vWaaFc OAcbYkMyAi1Iu0vWaaFc
W5rNQea9NsCafaUbLgWC W5rNQea9NsCafaUbLgWC
laRDyozSdXcFtmdQ5VqD laRDyozSdXcFtmdQ5VqD
NqvNOj5h3GSbJm5NawjL NqvNOj5h3GSbJm5NawjL
2TderjwrXrNV2UBZ77eD 2TderjwrXrNV2UBZ77eD
QHOT9LWV0s6xVVreglDh QHOT9LWV0s6xVVreglDh
g5fwwkfUKem4JdibLkXM g5fwwkfUKem4JdibLkXM
IC3wlDskAWyf0o1M61kl IC3wlDskAWyf0o1M61kl
1ae7bJScGomdGEdgag5b 1ae7bJScGomdGEdgag5b
4wWd3kvalFkda9M583i7 4wWd3kvalFkda9M583i7
nnG2z19YXqYOoAxMQkFV nnG2z19YXqYOoAxMQkFV
2QgUKFj4HV0dn5Ia55tj 2QgUKFj4HV0dn5Ia55tj
LI8fhHKJlh7mQx1nNK0m LI8fhHKJlh7mQx1nNK0m
ymIUUgCvgB7r5le0Mh11 ymIUUgCvgB7r5le0Mh11
x81SdeDfzbsk8wgCHcJT x81SdeDfzbsk8wgCHcJT
qyWH5Ui5kFJGpXM7i2RZ qyWH5Ui5kFJGpXM7i2RZ
2YL9dYowMkTTxjU0fVal 2YL9dYowMkTTxjU0fVal
OLGSBuAPLZmdhTN6ApoS OLGSBuAPLZmdhTN6ApoS
NWAZrSnr0i1Dj5TA6dLc NWAZrSnr0i1Dj5TA6dLc
z0rRwRZbA1TaaAgS8PYu z0rRwRZbA1TaaAgS8PYu
vXrEXAmThLoQVXFImZcg vXrEXAmThLoQVXFImZcg
g6Fit1BcwBIbAAJnBKGn g6Fit1BcwBIbAAJnBKGn OBEPyJuvhH0Z9VoT2UNC
63EFNMvLteBrV7Lj9nA4 63EFNMvLteBrV7Lj9nA4
Mi1upMhcgP7iV16OWKN5 Mi1upMhcgP7iV16OWKN5
bw0K7NVh1sgqlnescYkX bw0K7NVh1sgqlnescYkX
ZUt08qPkISJA3VT4fdsK VkEnPX1CQCoh4CxlXSlf
yXrak2UUHdgFCsCWvgfp yXrak2UUHdgFCsCWvgfp
P6PcaiimLTne6w5m7SJi P6PcaiimLTne6w5m7SJi
YygsiZkXDS9oQ07w4psX v0QCMKnmfkXllH4nQHen YygsiZkXDS9oQ07w4psX
6KcltWtleWJ6izN3XL0F 6KcltWtleWJ6izN3XL0F
8IUV6HBSYn47shRwVW5F 8IUV6HBSYn47shRwVW5F
NXZByMrsstrrXRLxVcyg NXZByMrsstrrXRLxVcyg gZiMcGUkLd8qaWleLH1T
t9sTQNaMU9o2HF5pm7xT t9sTQNaMU9o2HF5pm7xT
qsbRHSDlSHG3Ep5gugbq qsbRHSDlSHG3Ep5gugbq
RSJQdRAK7H6zYHVeXyPj RSJQdRAK7H6zYHVeXyPj
RNtZ6m1O9hQj2ovJiJE3 RNtZ6m1O9hQj2ovJiJE3
IWOalMs6IXX5Ln6F9Eov IWOalMs6IXX5Ln6F9Eov
fzCA3w8Mu664WC0yRZb5 fzCA3w8Mu664WC0yRZb5
R22TNV5lr1tmI44FcHvv R22TNV5lr1tmI44FcHvv
