Jacksonville Atlanta Louisville Arlington Portland Seattle LasVegas LongBeach Omaha Austin Raleigh LosAngeles Indianapolis SanJose Boston OklahomaCity Phoenix Oakland Philadelphia Houston ColoradoSprings VirginiaBeach Nashville Milwaukee Tucson Columbus Detroit Tulsa Minneapolis Jacksonville
23
LosAngeles LosAngeles
Seattle Seattle
Jacksonville Jacksonville
Austin Austin
Louisville Louisville
Indianapolis Indianapolis
Columbus Columbus
OklahomaCity FortWorth
Philadelphia Philadelphia
Boston Boston
Phoenix Phoenix
Nashville ElPaso
Portland Portland
Atlanta Fresno Atlanta SanFrancisco
LongBeach LongBeach
Raleigh Memphis
SanJose SanJose
LasVegas LasVegas
Tucson Tucson
VirginiaBeach VirginiaBeach
Oakland Albuquerque
Minneapolis Minneapolis
Tulsa Tulsa
