SaintPaul SanJose SanDiego Minneapolis Bakersfield Minneapolis Lincoln JerseyCity Lexington Fresno Spokane Fresno Chesapeake Lubbock StPetersburg Milwaukee Columbus Glendale Hialeah OklahomaCity FortWayne Aurora Austin SanAntonio Austin ElPaso LosAngeles Plano Chandler NewOrleans KansasCity Norfolk Denver Detroit Tucson Raleigh Tucson Dallas LongBeach Baltimore ChulaVista Cincinnati ChulaVista Charlotte Phoenix Durham SantaAna Durham WinstonSalem Oakland Atlanta Toledo Tampa Houston Stockton SanFrancisco Madison Louisville Memphis Honolulu Scottsdale Newark Garland SaintPaul
44
Houston Houston
ElPaso ElPaso
Phoenix Phoenix
SantaAna SantaAna Pittsburgh
Honolulu Honolulu
Milwaukee Milwaukee
Aurora Aurora
Baltimore Indianapolis FortWorth Baltimore
Memphis Memphis
OklahomaCity OklahomaCity
Austin Austin
SanAntonio SanAntonio
Tucson Tucson
Atlanta Atlanta
SanDiego SanDiego
Raleigh Raleigh
Lexington Lexington
Dallas Dallas
LongBeach LongBeach
SanJose SanJose
Stockton Stockton
Tampa Tampa
NewOrleans NewOrleans
Durham Durham
FortWayne Anchorage FortWayne
JerseyCity JerseyCity Laredo
Newark Newark
Madison Madison
Columbus Columbus
Charlotte Charlotte
StPetersburg Henderson StPetersburg
Cincinnati Cincinnati
Chandler Chandler
Lubbock Lubbock
Chesapeake Chesapeake
Glendale Glendale
Plano Plano
WinstonSalem WinstonSalem
Denver Denver
Lincoln Lincoln
Hialeah Hialeah
Spokane Spokane
Bakersfield Bakersfield
Scottsdale Scottsdale
