Chattanooga Cleveland SanAntonio Memphis Wichita Fayetteville Richmond Fayetteville Aurora Lexington Baltimore Aurora Orange Frisco Orange Henderson Toledo Atlanta Chicago Naperville Orlando Albuquerque LosAngeles Albuquerque Waco Albuquerque Cincinnati Paterson Cincinnati LongBeach GrandPrairie Mobile Olathe Corona Lubbock Louisville Hollywood OuterHaven Fresno GrandRapids Fresno Worcester NewYork SantaClarita RanchoCucamonga Newark RanchoCucamonga Akron Hayward Jacksonville Macon Shreveport LittleRock CapeCoral Oceanside Fontana Tucson SanBernardino Boise Sunnyvale SanDiego Arlington ChulaVista Anaheim MorenoValley Tallahassee Buffalo Pomona FortCollins Salem Ontario Salem Boston Brownsville Jackson HuntingtonBeach Alexandria NewportNews DesMoines Cincinnati WinstonSalem Knoxville Berkeley Springfield Spokane Oxnard Tacoma Huntsville Fremont Honolulu SanFrancisco ElkGrove McAllen ElkGrove Savannah FortLauderdale Indianapolis Riverside Scottsdale Tempe Scottsdale OverlandPark Surprise Anchorage Midland Anchorage Phoenix GardenGrove Salinas Murfreesboro Salinas Bakersfield BatonRouge Detroit Vancouver PortStLucie Chandler Washington SaintPaul Norfolk Raleigh Norfolk Irvine OklahomaCity SantaAna OklahomaCity Lincoln Madison Denton SanJose Glendale VirginiaBeach FortWorth Roseville Durham Yonkers Plano Dayton ElPaso Chattanooga
95
NewYork NewYork
SanBernardino SanBernardino
ElPaso ElPaso
Washington Washington
Raleigh Raleigh
SanJose SanJose
GrandPrairie GrandPrairie
Bakersfield Bakersfield
Aurora Aurora
Anaheim Anaheim
Honolulu Honolulu
SantaAna SantaAna
Riverside Riverside
Wichita Wichita
Lexington Lexington
Cleveland Cleveland
Henderson Henderson
SaintPaul SaintPaul
Jacksonville Jacksonville
Cincinnati Cincinnati
Chicago Chicago
FortWorth FortWorth
GrandRapids GrandRapids
Fontana Fontana
Orlando Orlando
Irvine Syracuse Irvine
Toledo Toledo
Durham Durham
ChulaVista ChulaVista
Anchorage Anchorage
Plano Plano
Lincoln Lincoln
SanFrancisco SanFrancisco
Yonkers Yonkers
Newark Newark
SantaClarita SantaClarita
Scottsdale Scottsdale
Madison Madison Joliet
Indianapolis Indianapolis
Buffalo Buffalo
Lubbock Lubbock
Memphis Memphis
Glendale Glendale
Fremont Fremont
Boise Boise
BatonRouge BatonRouge
Spokane Spokane
LittleRock LittleRock
Tacoma Tacoma
PortStLucie PortStLucie
Phoenix Phoenix
Richmond Richmond
Tallahassee Tallahassee
DesMoines DesMoines
Boston Boston
Akron Akron
GardenGrove GardenGrove
Salem Salem
Oceanside Oceanside
NewportNews NewportNews
Baltimore Baltimore
CapeCoral CapeCoral
Alexandria Alexandria
Springfield Springfield
Corona Corona
Shreveport Shreveport
Tempe Tempe
SanAntonio SanAntonio
LosAngeles LosAngeles
Jackson Jackson
Frisco KansasCity Frisco
Hayward Hayward
Fayetteville Fayetteville
Knoxville Knoxville
Worcester Worcester
Oxnard Oxnard
Savannah Savannah
Pomona Pomona
Brownsville Brownsville
McAllen McAllen
Naperville Naperville
Vancouver Vancouver Austin
Murfreesboro Murfreesboro Charlotte
Paterson Paterson
FortLauderdale FortLauderdale
SanDiego SanDiego
Berkeley Berkeley
Midland Midland
Olathe Olathe
Louisville Louisville
Ontario Ontario
Orange Orange
Denton Denton
Waco Waco
Surprise Surprise
