Porterton Dianashire Ashleyborough Paulburgh Robertsstad Toddtown Swansonshire Toddtown Robertsstad Paulburgh Walltown Scotttown Jacksonview Scotttown Walltown Johnberg Williamshire Johnberg Walltown Callahantown Maryport Callahantown Walltown Paulburgh Ashleyborough Osborneville Payneview Jacksonville Jennifertown Jacksonville Christopherhaven Jacksonville Payneview Teresafort Calvinton Teresafort Smithtown Teresafort Payneview Barnesmouth Clarkborough Barnesmouth Harrisport Barnesmouth Payneview Osborneville Christophermouth Shawnhaven Candaceborough Shawnhaven Dannyside Shawnhaven Christophermouth Osborneville Ashleyborough Clarkberg Burtonview Murphyside Bakertown Murphyside Burtonview Clarkberg Reevestown Judithview Michaelview Judithview Reevestown Clarkberg Ashleyborough Dianashire Burgessview Williamfort Moodyburgh Gregoryberg Smithfort Gregoryberg Moodyburgh Heatherberg Thomasborough Heatherberg Moodyburgh Williamfort Williamport Ashleystad Holthaven Ashleystad Codyton Ashleystad Williamport Williamfort Thomasville Lopezburgh Leahmouth Lopezburgh Byrdfurt Lopezburgh Thomasville Williamfort Burgessview Marcusburgh Matthewburgh Bondfort Shawnmouth Bondfort Adamview Bondfort Matthewburgh Virginiastad Robinsonmouth Virginiastad Johnsonberg Virginiastad Matthewburgh Marcusburgh Fletcherland Kingview Williamschester Kingview Fletcherland Willisfurt Ortizberg Willisfurt Fletcherland Marcusburgh Tylerbury Jamestown Wilsonstad Jamestown Tylerbury Paultown Hansonbury Paultown Tylerbury Marcusburgh Burgessview Billton Banksburgh Simmonsburgh Michaelville Simmonsburgh Banksburgh Yvonneborough Parkermouth Yvonneborough Banksburgh Billton Burgessview Dianashire Porterton Wallton Davisstad Newmanburgh Gallowaymouth Rioshaven Gallowaymouth Newmanburgh Davisstad Leechester Pettyton Bondmouth Pettyton Jonesfurt Pettyton Leechester Castanedachester Suttonville Castanedachester Leechester Davisstad Jacksonton Singletonton Clarkbury Singletonton Jacksonton Davisstad Wallton Derekmouth Charlesberg Kevinberg Adamside Kevinberg Patriciabury Kevinberg Charlesberg Sethland Ellisstad Sethland Tannerhaven Sethland Charlesberg Weberbury Clarkport Weberbury Kimberlyburgh Weberbury Charlesberg Derekmouth Geraldside Joseport Gabrielburgh Joseport Hallborough Joseport Geraldside Michellehaven Cranemouth Michellehaven Ramosborough Michellehaven Geraldside Derekmouth Jeffreyfort Johnsonchester Susanfort Johnsonchester Nealfurt Johnsonchester Jeffreyfort Garytown Audreyfort Garytown Jeffreyfort Derekmouth Wallton Danielleport Scottburgh Laurenbury Haleview Laurenbury Scottburgh Danielleport Melissaview Campbellhaven Annberg Campbellhaven Melissaview Cheyennefurt Watsonville Cheyennefurt Thompsonshire Cheyennefurt Melissaview Danielleport Cooperton Lopezborough Waltersmouth Adamport Waltersmouth Adkinsberg Waltersmouth Lopezborough Cooperton Danielleport Wallton Porterton
54
Williamshire Williamshire
Bondmouth Taylorton Bondmouth Mercedesmouth
Swansonshire Abigailhaven Swansonshire
Smithfort Millerborough Smithfort
Kimberlyburgh Candiceland Kimberlyburgh
Thompsonshire Thompsonshire
Adamport Adamport
Jonesfurt Jonesfurt
Michaelview Michaelview Clarenceview
Ramosborough Fordhaven Ramosborough
Shawnmouth Buckleyside Priceville Shawnmouth
Audreyfort Patriciaside Audreyfort
Calvinton Calvinton
Parkermouth Shawnfort Parkermouth
Gabrielburgh Gabrielburgh Hodgesstad
Smithtown Abigailville Jacksonland Smithtown
Michaelville Michaelville Williamland
Tannerhaven Tannerhaven
Clarkport Clarkport
Codyton Mindyview Codyton Ryanside
Robinsonmouth Horneside Robinsonmouth
Wilsonstad Wilsonstad
Williamschester Williamschester Mirandaview
Annberg Houstonchester Annberg Dyerport
Jacksonview Danielville Jacksonview
Ortizberg Ortizberg
Adamview Adamview Harrisborough
Nealfurt Nealfurt
Candaceborough Candaceborough
Hallborough Hallborough Kylieview
Dannyside Dannyside
Susanfort Susanfort
Leahmouth Leahmouth
Watsonville Robertomouth Watsonville Christyland
Byrdfurt Loweryborough Garciamouth Byrdfurt
Harrisport Harrisport Brendaview
Clarkbury Jermaineton Clarkbury
Hansonbury Hansonbury
Jennifertown Jennifertown Feliciaville
Bakertown Bakertown Derekville Jameston
Adkinsberg Adkinsberg
Johnsonberg Johnsonberg
Maryport Combsville Maryport Reynoldsview
Thomasborough Masseyside Thomasborough Ortegaberg
Ellisstad Ellisstad Osbornemouth
Patriciabury Troyfort Patriciabury Thomasmouth
Christopherhaven Christopherhaven
Clarkborough Clarkborough
Suttonville Suttonville
Holthaven Holthaven Vickiville
Adamside Adamside Bradberg Andrewschester
Rioshaven Josephstad Rioshaven
Haleview Hallstad Haleview
Cranemouth Cranemouth Joneschester
