Hernandezville Joelview Mitchellchester Lopezmouth Dixonton Francesmouth Dixonton Keithton Dixonton Lopezmouth Heathermouth Lopezview Heathermouth Lopezmouth Mitchellchester Joelview Farmerside Ralphtown Stricklandbury Tylermouth Stricklandbury Ralphtown Garciaport Charlesburgh Garciaport Ralphtown Farmerside Gabriellabury Courtneyfurt Gabriellabury Murphyberg Gabriellabury Farmerside Ryanton Williamsmouth Mcdonaldmouth Williamsmouth Ryanton Farmerside Joelview Downsville Richardhaven Tammychester Richardhaven Downsville Joelview Hernandezville Beckyshire Ponceville Garymouth Christophertown Crystaltown Christophertown Garymouth Camposstad Donaldstad Camposstad Garymouth Ponceville Mcculloughchester Crystalchester Smithmouth Crystalchester Mcculloughchester Jonestown Barbarachester Jonestown Kellyfort Jonestown Mcculloughchester Ponceville Bridgesville Dennisstad Wilsonburgh Dennisstad Bridgesville Riveramouth Martinton Riveramouth Bradshawside Riveramouth Bridgesville Esparzaberg Kristinbury Esparzaberg Thomasburgh Esparzaberg Bridgesville Ponceville Beckyshire Derekton Thomaschester Derekton Wallaceville Morenoside Wallaceville Derekton Beckyshire Hernandezville
26
Kellyfort Kellyfort Tinatown Pittsland
Kristinbury Allenberg Kristinbury
Donaldstad Thomastown Donaldstad
Lopezview Lopezview Robertsfort
Tammychester Tammychester Rebeccaton
Smithmouth Robertborough Smithmouth
Downsville Haasville
Thomaschester Belindamouth
Bradshawside Bradshawside Wandaside
Wilsonburgh Josephton Wilsonburgh Harristown
Thomasburgh Thomasburgh Johnsonmouth Sanchezland
Murphyberg Hendersonchester
Martinton Martinton Brianland Deborahfort
Heathermouth Emilymouth
Courtneyfurt Contrerasland Morrisbury
Tylermouth Deanstad Tylermouth
Charlesburgh Angelaview Charlesburgh
Keithton Andrewland Keithton Aprilstad
Barbarachester Barbarachester Jonesberg
Camposstad Williamsville
Williamsmouth Johnstonmouth
Morenoside Amberfurt Johnport
Mcdonaldmouth Mcdonaldmouth Adkinsfurt
Mitchellchester Huynhton
Crystaltown Crystaltown Johnsontown
Francesmouth Francesmouth Richardville
