0 23 37 35 81 20 53 119 55 34 50 7 50 64 48 139 63 46 24 6 9 96 27 99 92 54 49 54 60 4 57 25 70 16 22 51 142 47 98 65 26 11 18 87 196 106 10 71 94 39 67 56 14 78 36 77 68 140 86 66 3 80 43 69 1 82 177 89 29 93 21 74 41 32 59 97 31 2 83 176 19 42 45 157 38 28 75 5 12 62 134 44 85 84 76 33 15 194 61 194 72 30 8 17 79 73 0
92
8 8
10 10
11 11
12 12
0 0
14 14
15 15
41 41
42 42
43 43
44 44
45 45
46 46
47 47
48 48
49 49
50 50
51 51 13
9 9 52
53 53
54 54
55 90 55
56 56
57 57
2 2
59 59
60 60
61 61
62 62
63 63
64 64 88
65 65
66 66
67 67
68 68
69 69
70 70
71 71
72 72
73 73
74 74
75 75
76 76
77 77
78 78
79 79
80 80
81 81
82 82
83 40 83
84 84
85 85
86 86
87 95 87
16 16
89 89
3 3
25 25
93 93
94 94
17 17
96 96
18 18
92 92
24 24
21 21
19 19
4 4
97 97
98 98 91
99 99
20 20
22 22
23 23
26 26
5 5
29 29
30 30
31 31
6 6
1 1 58
32 32
33 33
27 27
34 34
35 35
7 7
36 36
37 37
28 28
38 38
39 39
