K BH FS GD CA EJ CA EN FD BJ DV BF GL DP BX EU AH AW GR EO DE EV CY X AE ED GC AF BB CW CK BQ EG AG GG C DR FX CH EZ CH FU EH DN CM BG FM DZ CQ FH CJ BR FT GK FR AU FG BI DB DX EM BP FJ GJ P EC FE FV AP BO AX I GI CT GF EQ CE FP Y AS DH DS AN EB DC U DG EL DI DK AJ DT EK GE EK T FO CB BA G BE BY V FI GO Z BL M BT CF AM AD B K
95
B B
DG DG
I I
AS AS
DC DC
AX AX
AW AW
DH DH
DI DI
BG BG
BA BA
BI BI
BJ BJ
BB L BB
CY CY
BF R BF
BE BE
DK DK
M M
BR BR
BL BL
BP BP
BO BO
BQ BQ
X X
BY BY
DV DV
BX BX
P P
CB FZ CB
DP DP
CE CE
CF CF
Z Z
DB DB
CK CK
CJ CJ
CT CT
CQ CQ
CM CM
Y Y
V V
T T
DR DR
CW CW
U U
DS DS
EV EV
EN EN
EO EO
EQ EQ
EZ EZ
EU EU
EC EC
AF AF
FE FE
G G
FG FG
FI FI
FJ FJ
FD FD
ED ED
FM FM
AG AG
FO FO
FP FP
FH FH
FR FR
FS FS
AH AH
FU FU
FV FV
EH EH
FX FX
DX DX
EG EG
DZ DZ AB
AJ AJ
GF GF
GG GG
GC GC
GI GI
GJ GJ
GK GK
GL GL
GD GD
GE GE
EJ EJ
AM AM
AN AN
EK EK
EL EL
EM EA EM
GO GO
GR GR
