89 12 127 80 4 49 144 160 20 11 83 111 140 107 31 64 18 121 33 25 44 99 180 155 178 114 125 143 102 122 61 179 119 70 136 70 135 45 151 94 41 37 124 59 75 78 101 169 5 172 142 197 98 182 48 9 48 27 66 191 65 34 82 147 128 23 96 38 32 28 132 195 132 190 145 39 85 146 148 58 16 118 189 51 156 130 173 86 29 86 56 86 173 36 79 103 73 133 194 97 100 199 112 109 183 69 89
90
4 4
41 41
124 124
44 44
49 49
9 9
111 111
48 48
112 112
59 59
51 51
61 61
56 56
11 11
102 102
58 58
12 187 12
114 114
70 192 70
64 64
65 65
69 69
23 23
73 73
125 125
118 1 118
75 75
85 85
86 86
78 78
79 79
80 80
16 16
82 82
83 83
25 25
94 94
18 18
100 100
121 121
98 98
96 96
97 97
99 99
101 101
122 122
145 149
146 146
147 147
144 144
142 188 21
130 130
5 5
29 29
148 148 13
151 151
156 156
132 132
128 128
155 155
31 6 31
133 133
160 160
169 169
32 32
172 172
173 173
135 135
107 107
33 33
27 27
127 88 127
136 136 3
179 179
178 178
103 193
36 36
189 189
190 190
191 191
183 183
109 109
37 37
38 81 38
39 39
140 140
194 194 141
195 195
197 197
199 199
