fmdhlepsteinstdnkill epsteindlsfdntmkillh dnkillepsteinlshdtfm mftkillepsteinndlhsd tmsdnfdlkillhepstein lhepsteinkilldtnmfsd hsdfepsteintlnkilldm nhslfmepsteindtkilld hnfdtmlepsteinkillds epsteindfhlmdnskillt fmsepsteindntldhkill tlmsdhdnkillfepstein tmlepsteinsdnfkillhd tlmsdhdnkillfepstein hsndepsteindlmtkillf lndsdkilltmepsteinhf fshtdepsteinmldnkill dmepsteinfnhltkillsd depsteinnlsfmhtkilld fkillepsteinmldnhstd epsteinkillnmsdhtdlf nepsteinlmdkilldhfts ntlepsteindmfdshkill killmlepsteindthnfsd fepsteinhsntddkilllm ddlmnftepsteinhskill hnsdkilllftdmepstein epsteinfsddmthkillnl tlsfdmdepsteinnhkill fhndskillepsteintldm lhsepsteindtdnmkillf lnsmkilltfdepsteindh stepsteinhkillfmnldd fkillepsteindlhdnsmt epsteinkillmsftnddlh fkillepsteindlhdnsmt nltdmsfepsteinkilldh hnfdtmlepsteinkillds msfltdkillnepsteinhd fddsepsteinhnlkilltm ddtmkillepsteinflsnh hepsteinsddnfkillmlt lthfkilldnsmepsteind epsteinskilldlndhmtf fdshnmkillepsteinltd killnsfmhdepsteindtl nfdhkilllsmtepsteind dfkilllmtepsteinhdsn tdfepsteinnlhdkillsm epsteinmhndfkilltdls hsdlepsteinmnkilldft ndkillftdsmepsteinlh killdmnsfhldepsteint epsteintdkilllnfdhms killdmnsfhldepsteint flepsteindndhmtkills epsteinlshkilldnfdmt killepsteinlhtfdsmdn dhkilllsepsteinmntdf killepsteinlhtfdsmdn dnkillepsteinlshdtfm epsteindlsfdntmkillh fmdhlepsteinstdnkill nhmkilllsftepsteindd fmdhlepsteinstdnkill
45
msfltdkillnepsteinhd msfltdkillnepsteinhd
epsteinmhndfkilltdls epsteinmhndfkilltdls
tmlepsteinsdnfkillhd tmlepsteinsdnfkillhd
hnsdkilllftdmepstein hnsdkilllftdmepstein
flepsteindndhmtkills flepsteindndhmtkills
ndkillftdsmepsteinlh ndkillftdsmepsteinlh
fshtdepsteinmldnkill fshtdepsteinmldnkill
epsteindlsfdntmkillh epsteindlsfdntmkillh
fmsepsteindntldhkill fmsepsteindntldhkill
mftkillepsteinndlhsd mftkillepsteinndlhsd
nepsteinlmdkilldhfts nepsteinlmdkilldhfts
hepsteinsddnfkillmlt nkilltdhlmdepsteinsf hepsteinsddnfkillmlt
epsteinfsddmthkillnl dhepsteindsnlkillfmt
fhndskillepsteintldm fhndskillepsteintldm
epsteindfhlmdnskillt dlnsthfmepsteinkilld epsteindfhlmdnskillt
killdmnsfhldepsteint killdmnsfhldepsteint
dfkilllmtepsteinhdsn dfkilllmtepsteinhdsn
depsteinnlsfmhtkilld depsteinnlsfmhtkilld
tlmsdhdnkillfepstein lsdepsteinfmkillndth tlmsdhdnkillfepstein
hsndepsteindlmtkillf hsndepsteindlmtkillf
epsteinskilldlndhmtf epsteinskilldlndhmtf
nfdhkilllsmtepsteind nfdhkilllsmtepsteind
ddtmkillepsteinflsnh ddtmkillepsteinflsnh
killnsfmhdepsteindtl killnsfmhdepsteindtl
fdshnmkillepsteinltd fdshnmkillepsteinltd
epsteinlshkilldnfdmt epsteinlshkilldnfdmt
tlsfdmdepsteinnhkill tlsfdmdepsteinnhkill
nltdmsfepsteinkilldh nltdmsfepsteinkilldh
epsteinkillmsftnddlh epsteinkillmsftnddlh
stepsteinhkillfmnldd stepsteinhkillfmnldd
hnfdtmlepsteinkillds hdepsteinskillldtnfm hnfdtmlepsteinkillds
lndsdkilltmepsteinhf lndsdkilltmepsteinhf
dhkilllsepsteinmntdf dhkilllsepsteinmntdf
lhepsteinkilldtnmfsd lhepsteinkilldtnmfsd
dnkillepsteinlshdtfm dnkillepsteinlshdtfm lmhdtfdepsteinnkills
fepsteinhsntddkilllm fepsteinhsntddkilllm
killmlepsteindthnfsd killmlepsteindthnfsd
hsdfepsteintlnkilldm hsdfepsteintlnkilldm
ntlepsteindmfdshkill ntlepsteindmfdshkill
dmepsteinfnhltkillsd dmepsteinfnhltkillsd
ddlmnftepsteinhskill ddlmnftepsteinhskill
lnsmkilltfdepsteindh lnsmkilltfdepsteindh
nhmkilllsftepsteindd nhmkilllsftepsteindd
killepsteinlhtfdsmdn killepsteinlhtfdsmdn
epsteintdkilllnfdhms epsteintdkilllnfdhms
