dldkilltnmhfepsteins msddkilllthepsteinfn dlfdkilltepsteinhnms fhnmkillepsteinsdltd lepsteindnhstfdmkill killfhdndtlepsteinsm fthlkillnepsteindsdm thnkillmddsepsteinfl fthlkillnepsteindsdm killmdshdtnflepstein fdskillndtmepsteinlh killmdshdtnflepstein sdndhepsteinltkillfm dfkilllepsteinsnmhtd ldfsmnepsteinkilltdh dkillldfepsteintsmnh dlshdtepsteinnkillfm dkillldfepsteintsmnh hmndfkillslepsteintd epsteindmshtfldnkill hsepsteinfkillnmddtl nmdhepsteinkilltfsld epsteinhnkillsldfdmt mkilldlshdtfepsteinn epsteinhdkillltsmfdn dhsepsteintlkillmfnd lepsteindsmnhftdkill epsteinldtnfmshdkill fdmtdepsteinkilllsnh lntkillepsteinfsddhm mhdskillldftnepstein killtdslhfdepsteinnm slepsteinkillfmddhtn depsteinlfnmkilldsht tldkillhsfnmepsteind depsteinftndhmkillsl hepsteinnfdmlsdtkill depsteinftndhmkillsl epsteindkilltlmnhsfd hkilllepsteinnstfddm lsmftnepsteinkillhdd dflstmkillepsteindhn killdepsteinmfltdshn tsdnhkilllmepsteindf tdfkillslepsteinhdmn sldhnfmtdkillepstein msepsteintlhnfkilldd hmdkilllnepsteinfsdt killhtdmdlnsfepstein nfltdmkillsdepsteinh killhtdmdlnsfepstein sndldftmkillepsteinh nepsteindhkillltmsfd hdmndfepsteinstkilll lkillepsteintdshmfnd mdkilllfdnstepsteinh epsteinfthkilldnslmd ntmdhepsteinsdkillfl fddsmepsteintnkillhl mndtkillepsteindlfhs dftkillhmldnepsteins ndshkilldmlepsteinft lmkillepsteintsndfhd hepsteinntdkillsdmfl lmkillepsteintsndfhd lhsntdepsteindkillmf mdkillnlsdtepsteinhf nftmskilldldepsteinh hnddkilltslmfepstein thdlskillnfdmepstein dmtlsfhnkilldepstein hnddkilltslmfepstein killtepsteinddhlmnsf ltfnsdhepsteinkilldm tepsteinmdfldhnskill ltfnsdhepsteinkilldm killtdmsdfhnepsteinl dhkillldsepsteintnmf epsteinfsltkillnhddm fmltddhnepsteinskill epsteinfsltkillnhddm killhdfnsepsteinmltd fsepsteindkillhmtdln skillthlfndepsteindm mkillthfdlnepsteinds dtsmdnlhfepsteinkill epsteinsnmflhtdkilld mhkillepsteinddlfsnt hdntepsteinkilllsdfm dkillnmhldstfepstein epsteinshlkilldmnfdt dfdepsteintlnskillhm ldepsteindhkilltsmfn mfndlsdepsteinhkillt dsftepsteindhkillmnl sdlhfnmdepsteintkill dsftepsteindhkillmnl mfndlsdepsteinhkillt dmldfhskillntepstein mdkillntepsteindfhsl tndskilldfepsteinmhl dkillnmsfhtlepsteind ndkillthdepsteinlsmf lkillfthdsepsteindnm dtnkillsepsteinmdfhl lkillfthdsepsteindnm nsepsteinfmdkillhldt hnskillepsteintfdmld hnsepsteinmkillfddtl dhtepsteinkillsdflmn killepsteinfdlhdtnms skillmfepsteinthddnl killepsteinfdlhdtnms killmfndshdtepsteinl depsteinslkillhdftmn killthsepsteindmlfdn dnldkillhmfstepstein killdldepsteinmfsthn shfnmltepsteindkilld killtdslhfdepsteinnm fmtnkilldepsteindhsl fhdmnepsteindkillslt sdndhepsteinltkillfm tdkillepsteinsmhdfnl epsteintfhndkilllmsd tdnfmdhepsteinslkill lkilldtnmsepsteindfh tsmdepsteinkillhfdln killfthnmsdlepsteind killsepsteindmtflhnd msddkilllthepsteinfn dldkilltnmhfepsteins
93
fmltddhnepsteinskill fmltddhnepsteinskill
hnsepsteinmkillfddtl hnsepsteinmkillfddtl
killmfndshdtepsteinl killmfndshdtepsteinl
slepsteinkillfmddhtn slepsteinkillfmddhtn
tepsteinmdfldhnskill tepsteinmdfldhnskill
mkilldlshdtfepsteinn mkilldlshdtfepsteinn
tldkillhsfnmepsteind tldkillhsfnmepsteind
killtdslhfdepsteinnm killtdslhfdepsteinnm
lsmftnepsteinkillhdd lsmftnepsteinkillhdd
msddkilllthepsteinfn msddkilllthepsteinfn
dhsepsteintlkillmfnd dhsepsteintlkillmfnd
epsteinsnmflhtdkilld epsteinsnmflhtdkilld
epsteinhnkillsldfdmt epsteinhnkillsldfdmt
dtnkillsepsteinmdfhl dtnkillsepsteinmdfhl
skillthlfndepsteindm skillthlfndepsteindm
mkillthfdlnepsteinds mkillthfdlnepsteinds
lepsteindnhstfdmkill lepsteindnhstfdmkill
killdldepsteinmfsthn killdldepsteinmfsthn
nftmskilldldepsteinh nftmskilldldepsteinh
sdlhfnmdepsteintkill sdlhfnmdepsteintkill
epsteinfthkilldnslmd epsteinfthkilldnslmd
dkillnmhldstfepstein dkillnmhldstfepstein
epsteindmshtfldnkill epsteindmshtfldnkill
killhtdmdlnsfepstein killhtdmdlnsfepstein
dkillnmsfhtlepsteind dkillnmsfhtlepsteind
thdlskillnfdmepstein lepsteinkilldhfmstnd thdlskillnfdmepstein
sndldftmkillepsteinh sndldftmkillepsteinh
killdepsteinmfltdshn killdepsteinmfltdshn
dnldkillhmfstepstein dnldkillhmfstepstein
hsepsteinfkillnmddtl hsepsteinfkillnmddtl
killtdmsdfhnepsteinl killtdmsdfhnepsteinl
epsteintfhndkilllmsd epsteintfhndkilllmsd
lkilldtnmsepsteindfh dhmkillfdltnsepstein lkilldtnmsepsteindfh
fsepsteindkillhmtdln epsteinlmkillfshnddt fsepsteindkillhmtdln
dlshdtepsteinnkillfm dlshdtepsteinnkillfm
tdfkillslepsteinhdmn tdfkillslepsteinhdmn
mndtkillepsteindlfhs mndtkillepsteindlfhs
ndkillthdepsteinlsmf ndkillthdepsteinlsmf
thnkillmddsepsteinfl thnkillmddsepsteinfl
sldhnfmtdkillepstein sldhnfmtdkillepstein tepsteinhsdkillmldfn
epsteindkilltlmnhsfd epsteindkilltlmnhsfd
ltfnsdhepsteinkilldm ltfnsdhepsteinkilldm
hepsteinnfdmlsdtkill hepsteinnfdmlsdtkill
fmtnkilldepsteindhsl mkillldnhepsteinstfd fmtnkilldepsteindhsl
mdkillntepsteindfhsl mdkillntepsteindfhsl
shfnmltepsteindkilld shfnmltepsteindkilld
ldepsteindhkilltsmfn ldepsteindhkilltsmfn
depsteinftndhmkillsl depsteinftndhmkillsl
tsmdepsteinkillhfdln tsmdepsteinkillhfdln
killhdfnsepsteinmltd killhdfnsepsteinmltd
tdkillepsteinsmhdfnl tdkillepsteinsmhdfnl
dlfdkilltepsteinhnms dlfdkilltepsteinhnms
mdkillnlsdtepsteinhf mdkillnlsdtepsteinhf
killtepsteinddhlmnsf killtepsteinddhlmnsf
tndskilldfepsteinmhl tndskilldfepsteinmhl
fhnmkillepsteinsdltd fhnmkillepsteinsdltd
sdndhepsteinltkillfm sdndhepsteinltkillfm
msepsteintlhnfkilldd msepsteintlhnfkilldd
hnskillepsteintfdmld hnskillepsteintfdmld
killfthnmsdlepsteind killfthnmsdlepsteind
dtsmdnlhfepsteinkill dtsmdnlhfepsteinkill
epsteinhdkillltsmfdn epsteinhdkillltsmfdn
dhtepsteinkillsdflmn dhtepsteinkillsdflmn
fhdmnepsteindkillslt fhdmnepsteindkillslt
epsteinldtnfmshdkill epsteinldtnfmshdkill
fddsmepsteintnkillhl fddsmepsteintnkillhl
dflstmkillepsteindhn dflstmkillepsteindhn
nfltdmkillsdepsteinh nfltdmkillsdepsteinh
hmndfkillslepsteintd hmndfkillslepsteintd
dfkilllepsteinsnmhtd dfkilllepsteinsnmhtd
tsdnhkilllmepsteindf tsdnhkilllmepsteindf
lhsntdepsteindkillmf lhsntdepsteindkillmf
dmldfhskillntepstein dmldfhskillntepstein
ndshkilldmlepsteinft ndshkilldmlepsteinft
dmtlsfhnkilldepstein dmtlsfhnkilldepstein
nmdhepsteinkilltfsld nmdhepsteinkilltfsld
depsteinlfnmkilldsht lhepsteintndkilldsmf depsteinlfnmkilldsht
fdmtdepsteinkilllsnh fdmtdepsteinkilllsnh
depsteinslkillhdftmn depsteinslkillhdftmn
skillmfepsteinthddnl skillmfepsteinthddnl
ldfsmnepsteinkilltdh ldfsmnepsteinkilltdh
lkillepsteintdshmfnd lkillepsteintdshmfnd
mhkillepsteinddlfsnt mhkillepsteinddlfsnt
ntmdhepsteinsdkillfl ntmdhepsteinsdkillfl
hmdkilllnepsteinfsdt hmdkilllnepsteinfsdt
nepsteindhkillltmsfd nepsteindhkillltmsfd
hepsteinntdkillsdmfl depsteintkilllnmsfdh hepsteinntdkillsdmfl
dfdepsteintlnskillhm dfdepsteintlnskillhm
fdskillndtmepsteinlh fdskillndtmepsteinlh
mdkilllfdnstepsteinh mdkilllfdnstepsteinh
lmkillepsteintsndfhd lmkillepsteintsndfhd
mhdskillldftnepstein mhdskillldftnepstein
killthsepsteindmlfdn killthsepsteindmlfdn
