tepsteinfdkilldlmhns killepsteintdldshfnm nfdhepsteinltsdmkill lepsteinfdkillsdnmht dhlepsteindkillsmtnf mfskillnhlddtepstein thmepsteinlkillfsndd slepsteinftndkillmdh htskillepsteindnlfdm ndlmhepsteintdskillf tmhsnfepsteinldkilld nkillsdtdhfmlepstein epsteinthsdmndkillfl snldmtkillfepsteindh msnepsteinfkillhtdld fnmhskilldepsteinltd ndlepsteinhdtskillfm ldnmepsteinhfstdkill hfskillnepsteinldtdm hdepsteinsmdtnflkill tepsteinfdkilldlmhns
19
ldnmepsteinhfstdkill hepsteinnfstkilllmdd hldmepsteindsnkilltf skilldnmlhdftepstein
msnepsteinfkillhtdld hkillmepsteinstdfdnl msnepsteinfkillhtdld
ndlmhepsteintdskillf ndlmhepsteintdskillf
nfdhepsteinltsdmkill nfdhepsteinltsdmkill
lepsteinfdkillsdnmht lepsteinfdkillsdnmht
mfskillnhlddtepstein epsteindsmnlfdtkillh
killepsteintdldshfnm killepsteintdldshfnm nlhtdsdepsteinfmkill tskillepsteinhfmddnl
epsteinthsdmndkillfl epsteinthsdmndkillfl
snldmtkillfepsteindh snldmtkillfepsteindh
hdepsteinsmdtnflkill fnlskillhtepsteindmd hdepsteinsmdtnflkill
hfskillnepsteinldtdm killnfhdsdltepsteinm
fnmhskilldepsteinltd fnmhskilldepsteinltd
thmepsteinlkillfsndd thmepsteinlkillfsndd
ndlepsteinhdtskillfm ndlepsteinhdtskillfm
tmhsnfepsteinldkilld tmhsnfepsteinldkilld
htskillepsteindnlfdm htskillepsteindnlfdm
slepsteinftndkillmdh epsteinsdfmhltkillnd
nkillsdtdhfmlepstein nkillsdtdhfmlepstein
dhlepsteindkillsmtnf dhlepsteindkillsmtnf
