149 060 062 070 067 069 070 071 068 071 070 062 054 063 090 099 096 097 092 091 090 063 072 084 088 087 089 087 086 074 085 074 075 076 080 076 081 076 077 078 079 063 054 053 056 053 054 062 060 149 100 107 116 115 117 126 122 123 125 140 142 140 119 120 104 103 105 100 149 000 001 002 013 024 015 006 015 024 025 026 027 028 038 048 038 037 036 044 031 024 013 002 001 000 149
31
006 006
026 026
031 031
037 037
048 048
053 050 053
054 059 054
056 056 066
060 060
063 064 065
067 067
068 068
069 069
078 083 078
079 079
080 080
081 081
085 085
086 086
088 088
089 089
091 091
096 096
097 097
103 103
104 104
105 111
126 126
115 115
123 123
142 142
