BatonRouge Bellevue Bradenton Atlanta Baltimore Barnstable Augusta Bethlehem BonitaSprings Aberdeen Aurora Appleton Allentown Bremerton Albuquerque Beaumont Bridgeport Brownsville AnnArbor Birmingham Boulder AtlanticCity Buffalo Bellevue BatonRouge
19
Aberdeen Aberdeen BoiseCity
AnnArbor AnnArbor
Bethlehem Bethlehem
Augusta Albany
Aurora Aurora
Allentown Arvada
Atlanta Atlanta Berkeley
BatonRouge BatonRouge
Bellevue Anchorage Burbank
AtlanticCity AtlanticCity
Albuquerque Albuquerque Boston
Barnstable Barnstable
Bradenton Bradenton Cambridge
BonitaSprings Amarillo
Boulder Boulder
Birmingham Birmingham Bryan
Beaumont Beaumont
Bremerton Abilene
Buffalo Buffalo
