CorpusChristi ElPaso Akron ElPaso CedarRapids Burbank Denver Denton Chicago ColoradoSprings DavidsonCounty Danbury BoiseCity Clearwater Bradenton Canton Columbia Buffalo Carrollton Anchorage Elkhart Champaign Anaheim Amarillo Boise Chattanooga Escondido Chesapeake BatonRouge Chesapeake Durham Albuquerque Columbus Detroit Austin Beaumont CorpusChristi
31
Akron Akron DalyCity
CedarRapids BonitaSprings Alexandria
Albuquerque Albuquerque
Austin Asheville Austin
Chicago Bridgeport Appleton Chicago
Champaign Champaign
Beaumont Beaumont
BatonRouge Augusta
Carrollton Carrollton Arvada
BoiseCity BoiseCity
Amarillo Cincinnati Amarillo
Bradenton Charleston
Anaheim Anaheim CathedralCity
Burbank ElMonte
Buffalo Davenport Bloomington Elizabeth
Anchorage BelAir Deltona
Chattanooga Chattanooga
Canton Canton
Columbia Brownsville Columbia
Columbus Columbus
CorpusChristi Downey CapeCoral CorpusChristi
Danbury Danbury Dallas
DavidsonCounty Chandler AppleValley
Clearwater Clearwater Bryan Boulder
Denton Bremerton Denton
Denver Denver
ColoradoSprings ColoradoSprings
Durham Durham
ElPaso ElPaso
Elkhart Elkhart
Escondido Escondido
