FortCollins Harlingen Knoxville Independence Bellevue Lakeland CollegeStation Canton DavidsonCounty Berkeley CapeCoral Carrollton Frederick Hampton Lafayette Champaign Elkhart Kissimmee Amarillo Alexandria AppleValley Fontana Harrisburg Irvine GrandRapids Garland Indianapolis Burbank Cambridge Appleton Fayetteville DalyCity Beaumont Houston Fresno Kalamazoo Charlotte Jacksonville Gilbert Augusta Joliet Fairfield Lancaster Erie Arvada Davenport Albuquerque Fargo BonitaSprings Baltimore AnnArbor Bakersfield Cincinnati Fremont Cary Irving Lacey Detroit CedarRapids Lorain Austin LasVegas Kennewick LasVegas Layton ColoradoSprings Bloomington DesMoines Chandler LittleRock FortWaltonBeach Akron Leominster Arvada Hickory Inglewood Lubbock Louisville Barnstable Aberdeen Marysville Jefferson Dallas Bradenton Bridgeport McAllen Chicago Clearwater Evansville Danbury Atlanta Manchester BoiseCity Henderson Allentown Bremerton Grayslake Hollywood FortCollins
85
Aberdeen Aberdeen
Bremerton Bremerton
Bradenton Bradenton
Austin Austin
Burbank Burbank
FortWaltonBeach FortWaltonBeach
Cary Cary
CapeCoral CapeCoral
AnnArbor AnnArbor
Carrollton Carrollton
Fairfield Fairfield
Champaign Champaign
CedarRapids CedarRapids
Akron Akron Elizabeth
Chandler Chandler
AppleValley AppleValley
Frederick Frederick
Fayetteville Fayetteville Brownsville
Chicago Chicago
Fremont Fremont
ColoradoSprings ColoradoSprings
Appleton Appleton
CollegeStation Boise CollegeStation ElPaso
Bakersfield Bakersfield
Fresno Fresno
GrandRapids GrandRapids
Danbury Danbury
Arvada Arvada
DalyCity DalyCity
Dallas Dallas
DavidsonCounty DavidsonCounty
Barnstable Barnstable
Detroit Detroit
DesMoines DesMoines
Erie Erie
Baltimore Baltimore
Atlanta Atlanta
Garland Garland
Albuquerque Albuquerque
Elkhart Elkhart
Grayslake Grayslake
Evansville Evansville
Augusta Augusta
Gilbert Gilbert
Houston Houston
Hollywood Hollywood
Hickory Hickory
Bellevue Bellevue
Alexandria Alexandria
Indianapolis Indianapolis
Irvine Irvine
Irving Irving
Independence Independence
Jacksonville Jacksonville
Berkeley ElMonte Berkeley
Hampton Hampton
Joliet Joliet LasCruces
Inglewood Inglewood
Kalamazoo Kalamazoo
Allentown Allentown
Harlingen Harlingen
Jefferson Jefferson
Harrisburg Harrisburg
FortCollins FortCollins
Lafayette Lakewood Lafayette
Kennewick Anaheim Kennewick
Fontana Fontana
Beaumont Beaumont Bethlehem
Lacey Brighton Lacey
Knoxville Hemet Knoxville
LasVegas Cleveland
Layton Layton Denver
Lakeland Lakeland
Lancaster Anchorage Lancaster
Fargo Fargo
BoiseCity Eugene BoiseCity
Amarillo Amarillo
Leominster Leominster
LittleRock Abilene LittleRock
BonitaSprings BonitaSprings
Henderson Henderson
Lorain Lorain
Louisville Louisville
Lubbock Lubbock
Manchester Manchester
