152 75 50 153 183 9 81 166 35 95 0 62 145 60 89 108 8 136 87 142 28 42 13 38 6 144 65 139 101 37 126 69 82 53 102 181 125 5 113 4 121 104 12 186 80 1 58 129 22 112 31 111 168 73 165 134 169 140 105 94 151 143 24 149 41 90 116 147 84 56 84 147 66 180 130 51 172 51 154 78 154 0 179 184 7 14 85 61 45 160 175 160 157 162 97 27 79 152
67
0 0
42 42
38 38
41 41
8 8
45 45
9 9
111 111
51 51
50 50
112 112
53 53
56 56
113 113
58 58
60 60
12 12
66 66 171
65 65
13 13
116 116
81 81
73 73 92
75 75
78 170 78
79 79
85 96 85
105 105
87 87
89 89
90 90
94 94
95 95
121 121
97 97
126 126
101 101
144 144
145 145
143 143
142 142
130 130
28 28
5 5 182
149 163 149
151 151
157 157
153 153
154 2
31 31
134 134
166 166
165 165
175 175
169 169
168 168
27 27
172 172
136 136
180 180
35 35
37 37
129 54
139 139
181 181
183 183
184 184
