4HOMU JXLE1 DL8LT DDXG0 X180A LIRLU 2C63O T9O11 PYPSO DCHO3 945CN 1RS2N PMFJ2 768ZF P419D FC0PR OIPRN C7WKJ V8GEC DTPF4 TORQI 1F0YL L2GJ5 EDSMH WI88U TCC7B L2PQE LEBVZ OSJ7O V22SY 0VPRW IF7TL 6ACGE ZN2EP IZESQ 3AIXW KOYRV Z22CS 8CLEZ YJ67U SKPO7 Q5DAA ZZH8Z WP2MA HV4Z2 SYV5N XEEQB NPDI9 M1HJR ZHSBU TBPBM Y61KP WXZHF CM5WA 6NY7T BE5V8 4WDJE Q7FCL W2M5C ELH5L UW44H 52MNN SA6G0 2BUI5 6WOBI 9WSXC FMCVK PXCIN CFGE5 6OA3K K50JQ 53Y1R 7U3JG C8O6I UDYJK DOLRQ 45JXE PTADN A1QRL HZHRA RU85S 50J5H SHOOM AT3CI VHCFR W2H22 WZB33 H3R1V 0U9HU KC9RF 0D2BR BVMDZ C45HH H1LTE OLLV9 MC71K LKP22 HWKGJ LLTLN 69BJO FRZVP RAAD4 FCYPJ TI35I TY0L7 61QWU ZRPB5 4HOMU
98
L2PQE L2PQE
HWKGJ HWKGJ
6ACGE 6ACGE
SHOOM SHOOM
Q7FCL Q7FCL
CFGE5 CFGE5
K50JQ K50JQ
0VPRW 0VPRW
DDXG0 DDXG0
SYV5N SYV5N
PTADN PTADN
DTPF4 DTPF4
TY0L7 TY0L7
BE5V8 BE5V8
7U3JG 7U3JG
W2M5C W2M5C
IF7TL IF7TL
WI88U WI88U
768ZF 768ZF
945CN 945CN
RU85S RU85S
SA6G0 SA6G0
RAAD4 RAAD4
TORQI TORQI
DCHO3 DCHO3
ZHSBU ZHSBU
FRZVP FRZVP
HZHRA HZHRA
9WSXC 9WSXC
Y61KP Y61KP
53Y1R 53Y1R
TI35I TI35I
KOYRV KOYRV
IZESQ IZESQ
ZN2EP ZN2EP
PXCIN PXCIN
2BUI5 7GA8O 2BUI5
ZZH8Z ZZH8Z
NPDI9 NPDI9
C7WKJ C7WKJ
XEEQB XEEQB
P419D P419D
L2GJ5 L2GJ5
0U9HU 0U9HU
KC9RF KC9RF
3AIXW 3AIXW
1RS2N 1RS2N
AT3CI AT3CI
LEBVZ LEBVZ
6WOBI 6WOBI
Q5DAA Q5DAA
61QWU 61QWU
C45HH C45HH
T9O11 T9O11
SKPO7 SKPO7
ZRPB5 ZRPB5
0D2BR 0D2BR
69BJO 69BJO
WZB33 WZB33
52MNN 52MNN
X180A X180A
M1HJR M1HJR
OLLV9 OLLV9
WXZHF WXZHF
OIPRN OIPRN
MC71K MC71K
ELH5L ELH5L
LIRLU LIRLU
BVMDZ BVMDZ
W2H22 W2H22
6OA3K 6OA3K
FC0PR FC0PR
FCYPJ FCYPJ
C8O6I C8O6I
JXLE1 JXLE1
45JXE 45JXE
PYPSO PYPSO 8EXDQ
LLTLN LLTLN
A1QRL A1QRL
YJ67U YJ67U
V8GEC V8GEC
4WDJE 4WDJE
1F0YL 1F0YL
V22SY V22SY
DOLRQ DOLRQ
2C63O 2C63O
TBPBM TBPBM
LKP22 LKP22
PMFJ2 PMFJ2
8CLEZ 8CLEZ
CM5WA CM5WA
UW44H UW44H
50J5H 50J5H
WP2MA WP2MA
TCC7B TCC7B
EDSMH EDSMH
VHCFR VHCFR
H1LTE H1LTE
