WNYCV UUOP5 XTUSM UGOIO HZ80H XBRKQ URMBF CHXFM RFDQ4 1UWW5 QSI1X F07YB GXYLV HR8IA OE5TB EQWAL XRQ65 5I6U4 V11OW 1BUOS ZA57Z BMC9X CUG55 H8ZPW ULCTZ 7CXN0 YMTTJ KB443 X2AM4 TG5ZG 91RFG PQ40E EYREL WH9QK XPFOM WH9QK HHCET 65TK9 1ACIU B8UZ8 KR27P 42QVU QTZLJ 77EY5 KRLTG 1NBGE XDKMD 2PD2W GAXPM FS0ES 18R1B WNYCV
46
XRQ65 XRQ65
XDKMD XDKMD
UUOP5 UUOP5
CHXFM 9HVLF
HR8IA HR8IA
ULCTZ ULCTZ
GXYLV GXYLV
18R1B 18R1B
KB443 KB443
OE5TB OE5TB
1NBGE 1NBGE
1BUOS 1BUOS
CUG55 CUG55
UGOIO UGOIO
HHCET HHCET
7CXN0 7CXN0
EQWAL EQWAL
1ACIU 1ACIU XD7IR
TG5ZG TG5ZG
PQ40E F5YBY
WNYCV K1ZSD
XPFOM XPFOM
GAXPM GAXPM
B8UZ8 B8UZ8
QSI1X QSI1X
QTZLJ QTZLJ
77EY5 77EY5
X2AM4 X2AM4
RFDQ4 BO3AW
H8ZPW H8ZPW
BMC9X BMC9X
KRLTG KRLTG
V11OW V11OW
XTUSM XTUSM
ZA57Z ZA57Z
91RFG 91RFG
YMTTJ YMTTJ
EYREL EYREL
XBRKQ H212X XBRKQ
65TK9 65TK9
HZ80H HZ80H
F07YB F07YB
5I6U4 2KYXC 5I6U4
42QVU 42QVU
URMBF 2FT0Z URMBF
1UWW5 1UWW5
