cy4fm C565q yMPWG NvAYI 1H2uK 19YKC tao9t 8aYYW kbRYl 7XIxZ di7h7 5rdYI 7l0Vw lA2MC vSPJ5 Vjg5l X6hJp uWr4y rUUVt P8Fbf zQjQm nogr2 OoKEI OFvld EWhpw 8RNd8 wdXpe BoNoJ Xhpv3 Cfmbw KYsbm 6ceXl yFKGt 3iQ53 IjjWK F2nEN GHZOS C0eRL FnVf8 DCl5F gk2cW LNh60 dU1Ub G6G4p jse5F hOy4D Iks3D uT5W0 qt5AA w4BF1 cy4fm
49
7XIxZ 7XIxZ
NvAYI NvAYI P3lE7
hOy4D hOy4D
19YKC 19YKC
KYsbm KYsbm
Xhpv3 Xhpv3
DCl5F DCl5F
nogr2 nogr2
uWr4y uWr4y
8RNd8 8RNd8
Iks3D Iks3D
7l0Vw 7l0Vw
EWhpw EWhpw
yFKGt yFKGt
C565q C565q
F2nEN F2nEN
OFvld OFvld
IjjWK IjjWK
8aYYW 8aYYW
1H2uK 1H2uK
LNh60 LNh60
dU1Ub dU1Ub
w4BF1 w4BF1
kbRYl kbRYl
G6G4p G6G4p
BoNoJ BoNoJ
qt5AA qt5AA
wdXpe wdXpe
gk2cW gk2cW
uT5W0 uT5W0
Vjg5l Vjg5l
3iQ53 3iQ53
GHZOS GHZOS
FnVf8 FnVf8
OoKEI OoKEI
lA2MC lA2MC
di7h7 di7h7
C0eRL C0eRL
X6hJp X6hJp
jse5F jse5F
zQjQm zQjQm
rUUVt rUUVt
yMPWG yMPWG
tao9t tao9t
6ceXl 6ceXl
Cfmbw Cfmbw
vSPJ5 vSPJ5
5rdYI 5rdYI
P8Fbf P8Fbf
