fab8g f5Qx2 Gt2w1 9u8oD l0HDP nRTkO 1pNjr pesnn 8PY0r guI5B BybTG GHmnJ eDWES x8KLa 8tK4L 4ORRk 7J90B O1QPI aiycm dAx9s 0YoJb XDGuI obqW1 4b2sA P5ucv AGorf TtUXd tQXF5 L54Jg adW6k 1xx4U 1OpM2 n9AEE FW6DI fr0Bd 8xyrX LBzlR VIl39 CT8M8 015ql fhc2k HKgVO 1SvIs lJfgZ tEdSo 2Z0oU iy8Ty PpZP8 KB016 b4E7v G944F uQK8T gwQSf lJJK2 lcarA wKKkJ bD2TR kCdcu Q0oXi TQZik c17Qf qchZ3 RnwlC BJ1iC KzS0e Nbb6U cDkiZ BWyM2 KWmhW RhMSo wiGnS cm8oa F7m3U nScgp sF84c o4F0A Vjk2Z HaHFT yM9nQ 4GEPG Bw1D7 ciJ7c Flgse ZlgGe 3FUsL cQMFl B3NSd bepE0 G91ym Lqz0g RgC1Q 9ZatH VUKiE 3XMfZ g1WJz H6HgM rzyrR mgHYN DHhK9 5Ix1v fab8g
100
H6HgM H6HgM
f5Qx2 f5Qx2
yM9nQ yM9nQ
HaHFT HaHFT
F7m3U F7m3U
Bw1D7 Bw1D7
Vjk2Z Vjk2Z
fab8g fab8g
Flgse Flgse
ciJ7c ciJ7c
RgC1Q RgC1Q
lJfgZ lJfgZ
nScgp nScgp
o4F0A o4F0A
lcarA lcarA
CT8M8 CT8M8
VUKiE VUKiE
wiGnS wiGnS
sF84c sF84c
RhMSo RhMSo
cm8oa cm8oa
cDkiZ cDkiZ
KWmhW KWmhW
lJJK2 lJJK2
KB016 KB016
BWyM2 BWyM2
qchZ3 qchZ3
Nbb6U Nbb6U
015ql 015ql
rzyrR rzyrR
BJ1iC BJ1iC
TQZik TQZik
cQMFl cQMFl
kCdcu kCdcu
RnwlC RnwlC
1SvIs 1SvIs
Gt2w1 Gt2w1
wKKkJ wKKkJ
bD2TR bD2TR
uQK8T uQK8T
c17Qf c17Qf
KzS0e KzS0e
tEdSo tEdSo
gwQSf gwQSf
G944F G944F
VIl39 VIl39
PpZP8 PpZP8
3XMfZ 3XMfZ
g1WJz g1WJz
b4E7v b4E7v
iy8Ty iy8Ty
Q0oXi Q0oXi
1xx4U 1xx4U
1OpM2 1OpM2
n9AEE n9AEE
FW6DI FW6DI
HKgVO HKgVO
L54Jg L54Jg
Lqz0g Lqz0g
9ZatH 9ZatH
XDGuI XDGuI
bepE0 bepE0
dAx9s dAx9s
O1QPI O1QPI
AGorf AGorf
4ORRk 4ORRk
4b2sA 4b2sA
0YoJb 0YoJb
tQXF5 tQXF5
TtUXd TtUXd
2Z0oU 2Z0oU
B3NSd B3NSd
7J90B 7J90B
GHmnJ GHmnJ
P5ucv P5ucv
G91ym G91ym
obqW1 obqW1
8tK4L 8tK4L
aiycm aiycm
DHhK9 DHhK9
fhc2k fhc2k
fr0Bd fr0Bd
guI5B guI5B
eDWES eDWES
pesnn pesnn
mgHYN mgHYN
LBzlR LBzlR
BybTG BybTG
1pNjr 1pNjr
x8KLa x8KLa
8xyrX 8xyrX
adW6k adW6k
4GEPG 4GEPG
3FUsL 3FUsL
ZlgGe ZlgGe
l0HDP l0HDP
9u8oD 9u8oD
nRTkO nRTkO
8PY0r 8PY0r
5Ix1v 5Ix1v
