0 161 160 41 129 77 128 77 127 181 41 184 131 95 132 95 130 183 38 126 97 124 125 180 179 33 185 33 186 134 91 135 91 78 31 107 168 167 106 31 108 7 146 80 147 80 145 193 194 146 7 153 51 151 152 198 197 27 112 113 35 114 35 64 60 142 191 192 143 60 144 60 96 140 96 141 96 139 189 30 166 165 103 59 105 59 104 30 136 187 188 137 85 138 85 67 2 164 101 43 102 43 100 163 2 176 119 50 120 50 118 175 118 23 196 149 148 88 150 36 169 170 110 109 21 154 93 155 93 156 93 14 116 25 117 25 115 21 12 178 122 94 121 94 123 2 159 92 0
88
0 162
110 110 111
106 106
124 124
112 112 171
102 102
113 113 172
104 104
114 114
115 115 173
116 116 174
125 125
117 117
118 118
105 105
119 119
120 120
92 157 158
100 100
101 101
123 123
121 121 177
126 126
122 122
132 132
130 130
139 139
142 142
143 143
144 144
145 145
146 146
147 147
148 195 148
149 149
150 150
151 151
152 152
153 153
154 154
155 155
156 156
131 131
128 128
159 159
160 160
161 161
108 108
163 163
164 164
165 165
166 166
167 167
168 168
169 169
170 170
135 135
134 134
127 127
175 175
176 176
107 107
178 178
179 179
180 180
181 181 182
129 129
183 183
184 184
185 185 133
186 186
187 187
188 188
189 189
103 103
191 191
109 109
140 140 190
141 141
192 192
193 193
194 194
196 196
197 197
198 198
136 136
137 137
138 138
