1 4 2 98 83 87 91 97 0 95 94 72 86 22 45 64 99 42 44 16 80 78 76 89 88 24 67 75 81 49 38 57 61 79 61 57 38 49 81 67 24 88 89 76 78 80 16 85 51 46 47 48 54 45 27 29 39 40 18 73 30 23 28 31 50 32 26 41 19 36 37 65 12 8 13 14 33 20 11 9 17 21 25 10 3 5 7 5 3 10 25 21 17 9 11 20 33 14 13 8 12 65 37 36 19 41 26 32 50 31 28 23 30 73 18 40 39 29 27 45 22 86 72 94 95 0 97 91 87 83 98 2 4 1
31
1 15
20 20
24 24
61 61
57 57
51 51
38 38
36 36
7 6 7
48 48
42 42
45 45
44 44
46 46
47 47
49 34 70 74 49 52 53 55 56 59
79 77 79
80 80
81 66 68 69 58 81 82 90 60 62 63
78 78
76 76
75 75
64 64
54 54
16 16
67 67
85 85
88 88
89 89
94 94
99 99
