55 2 12 6 3 4 94 103 102 106 112 110 108 107 104 16 20 11 15 9 7 100 23 18 21 29 27 25 13 34 31 39 35 36 37 48 32 44 49 42 45 46 52 54 57 58 67 41 63 60 69 72 51 61 62 70 71 83 73 81 80 75 65 77 79 90 85 89 98 92 87 93 99 96 55
74
2 2
3 3
36 36
37 37
35 35
34 34
103 103
42 42
7 7
44 44
45 45
46 46
39 39
110 110
49 49
41 41
106 106
52 52
9 9
54 54
55 55
48 48
102 102
58 58
51 51
60 60
61 61
62 62
63 63
11 11
65 65
57 57
104 104
12 12
69 69
70 70
71 71
72 72
13 13
75 75
67 67
23 23
79 79
80 80
81 81
73 73
83 83
15 15
85 85
77 77
16 16
89 89
90 90
25 25
92 92
93 93
94 94
87 87
96 96
18 18
98 98
99 99
100 100
21 21
4 4
20 20
112 112
107 107
27 27
29 29
31 31
6 6
32 32
108 108
