Soda Doe Hertz GBC Stephans Wheeler Haas RSF TheRoof GoldenStatePark LakeMerrit ClarkKerr Foothill BC Blackwell Unit1 Unit3 MainStacks Unit2 MemorialStadium Wellman Sproul Morgan Mulford BWW MLK Barrows Soda
26
RSF RSF
BWW BWW
Sproul Sproul
Barrows Barrows
Doe Doe
Wheeler Wheeler
Stephans Stephans
Haas Haas
Hertz Hertz
GBC GBC
MLK MLK
MemorialStadium MemorialStadium
MainStacks MainStacks
Morgan Morgan
Mulford Mulford
Wellman Wellman
Unit1 Unit1
Unit2 Unit2
Unit3 Unit3
Blackwell Blackwell
BC BC
Foothill Foothill
ClarkKerr ClarkKerr
LakeMerrit LakeMerrit
GoldenStatePark GoldenStatePark
TheRoof TheRoof
