Soda InternationalHouse DeltaDelta Venus ChezPanisse CafeTibet Sacramento VictoryPoint Irvine ChiOmega SigmaKappa Riverside AlphaChi LosAngeles SantaBarbara FantasticComics Platano Cancun BAMPFA Tako CREAM DKingGallery Rasputin Tang Kips Tuhuamixtel Myto ElGrullo TripleRock Jalisco Talpa Tuxcacuesco Guadalajara MexicoCity SanMiguel SanDiego Tijuana SanBernardino SouthGate Fontana Whittier Chino Emeryville Upland Ashby Perris Gregoire BayStreet AlphaCentauri Compton Mars Saturn Pomona Jupiter BerkeleyHigh BerkeleyHillel Soda
55
ChiOmega ChiOmega
SigmaKappa SigmaKappa
AlphaChi AlphaChi
DeltaDelta DeltaDelta
InternationalHouse InternationalHouse
BerkeleyHillel BerkeleyHillel
BerkeleyHigh BerkeleyHigh
Jupiter Jupiter
Mars Mars
Venus Venus
Saturn Saturn
AlphaCentauri AlphaCentauri
Gregoire Gregoire
BayStreet BayStreet
Emeryville Emeryville
Pomona Pomona
Compton Compton
Ashby Ashby
Perris Perris
Fontana Fontana
SanBernardino SanBernardino
Upland Upland
Chino Chino
Whittier Whittier
SouthGate SouthGate
Tijuana Tijuana
SanDiego SanDiego
Jalisco Jalisco
Guadalajara Guadalajara
SanMiguel SanMiguel
Tuxcacuesco Tuxcacuesco
Talpa Talpa
ElGrullo ElGrullo
MexicoCity MexicoCity
Tuhuamixtel Tuhuamixtel
Myto Myto
Kips Kips
TripleRock TripleRock
Rasputin Rasputin
CREAM CREAM
Tako Tako
Tang Tang
Cancun Cancun
DKingGallery DKingGallery
BAMPFA BAMPFA
Platano Platano
CafeTibet CafeTibet
FantasticComics FantasticComics
SantaBarbara SantaBarbara
Sacramento Sacramento
LosAngeles LosAngeles
Irvine Irvine
Riverside Riverside
VictoryPoint VictoryPoint
ChezPanisse ChezPanisse
