5 4 33 137 156 76 81 19 151 109 84 168 84 109 58 152 109 75 66 17 105 25 30 65 180 28 149 90 159 90 2 140 164 29 193 165 173 165 42 165 63 26 35 110 188 35 135 100 78 179 161 99 1 101 174 27 0 53 199 166 122 166 32 166 199 48 46 154 187 74 170 136 117 83 104 171 112 10 112 82 129 146 129 82 112 186 133 68 195 56 118 113 61 138 55 102 158 45 14 45 47 43 119 67 119 71 178 91 150 130 64 37 177 18 192 96 155 40 123 62 34 121 157 121 52 162 103 189 77 143 77 196 184 85 86 44 86 93 190 16 74 31 74 191 194 51 183 69 138 116 134 50 62 36 11 20 94 39 92 39 94 5
95
1 1
44 44
43 43
47 47
42 42
110 110
51 51
52 52
53 53
46 46
55 55
56 56
48 48
50 50
10 10
11 11
102 102
2 2
58 58
104 104
68 68
69 153 69
61 61
63 63
64 64
67 41 67
71 71
14 14
116 116
76 76
75 75
77 77
78 78
83 83
81 81
16 16
105 105
92 92
25 25
85 85
17 17
96 96 22
91 91
18 18
123 123
101 101
100 100
99 99
20 20
122 122
149 149
143 143
26 26
146 146
156 156
158 80 158
159 159
151 151
152 152
162 162
154 154
31 31
157 157
133 133
168 168
32 32
170 170
171 171
164 164
174 174
135 135
33 33
178 178
179 179
180 180
34 9 34
173 173
183 183
184 184
177 177
137 137
187 187
189 189
103 103
138 138
192 192
37 37
188 188
28 28
39 39
140 140
193 193
194 194
196 196
199 199
