COM NER MTQ NER MYT MUS DJI MUS SGS KHM SGS NZL GLP MDA GLP REU AFG REU SDN MEX MLI CPV MHL MAC MHL PAN PCN GMB NGA FSM FIN GAB ETH EGY GIB GHA GEO ESP ECU ESH FRA GBR GIN FSM NGA NFK NGA GMB GRC HND COK CAN HTI GUM HKG KAZ KNA LAO LUX NIC AUS NIC ITA MWI CXR DEU CZE NIU IRN IOT IRN MYS DZA DOM SAU RWA CPV LIE LTU KWT LKA BVT CIV CAF NRU PSE PER PNG POL ARE ARM AND ALB QAT SGP RUS BLZ BEN BLM BHR BDI AZE BIH PRY MOZ PRY NPL MMR HMD HRV LCA KOR LBN JPN HUN PAK GNQ COD COG CHN SHN IDN COL COM
90
SHN SHN
GUM GUM
MYT MYT
GRC GRC
MTQ MTQ
GNQ GNQ
RWA RWA
MOZ MOZ
FRA FRA
RUS RUS
MMR MMR
MDA MDA
MLI MLI
HMD HMD
MEX MEX
GMB GMB
REU REU
LKA LKA
LTU LTU
LUX LUX
MAC MAC
GIN GIN
KWT KWT
LIE LIE
GIB GIB
LAO LAO
LBN LBN
GHA GHA
PSE PSE
KOR KOR
KNA KNA
ITA ITA
KHM KHM
PRY PRY
KAZ KAZ
IRN IRN
JPN JPN
IOT IOT
PNG PNG
GBR GBR
HRV HRV
HND HND MAR
SGS LBR SGS
GAB GAB
IDN IDN
HUN HUN
HTI HTI
POL POL
FSM FSM
GEO GEO
CXR CXR
ESP ESP
CPV CPV
PAN PAN
COK COK
COG COG
NZL NZL
ESH ESH
COL COL
NRU NRU
COD COD
CHN CHN
CIV CIV
NPL NPL
EGY EGY
CAN CAN
CAF CAF
ECU ECU
BIH BHS
BLM BLM
DZA DZA
PAK PAK
FIN FIN
NIU NIU
AZE AZE
BHR BMU BHR
NIC NIC IRL ABW
BEN BEN
HKG HKG
SDN SDN
BDI BDI
AUS AUS ATG
ARM ARM
NFK ALA NFK JEY
DJI DMA DJI
NER NER
DEU DEU CYP
ARE ARE
ALB ALB
AFG AFG
