DZA GBR FRO FRA ECU FIN ERI FSM GIB CAF BVT CIV CAN COD BRN BEL BDI BGR GLP GRL GNB HND DMA ATA ATF ASM DOM BHS BFA BLM BES BLR CCK COG GTM GUY GUM GRD CYM ARE ALB DZA
34
HND HND GEO
CIV CHE
FIN ABW FLK FIN AND
FRO FRO
GBR GBR
GUY GRC CUB
FSM GHA FSM
FRA FRA
COD COD
CAF CAF
COG COG
DOM AUS DOM CUW
ERI ERI
ECU ECU
GTM HMD
DMA DJI
CCK CCK
GRL HKG
CYM CZE CYM CXR
GRD GRD GNQ
CAN BRB CAN
BVT BVT
BLM BLM
BLR BEN BLR
GLP GLP
BRN BRN
BHS BHS
BES BES
BFA BGD BFA
BDI BDI
ATF ATF
ATA ATA
ARE ARE DNK
ALB ARG ALB
