Soda 124 161 116 174 165 177 164 183 179 178 157 198 105 140 171 194 142 158 193 197 129 138 163 195 182 168 185 191 101 145 184 106 187 127 196 120 155 121 154 181 133 147 115 117 123 159 149 148 173 180 188 119 112 128 156 166 136 190 122 141 110 99 167 108 146 102 132 130 114 151 137 152 126 109 118 162 153 125 189 169 192 160 113 143 103 175 150 186 100 135 131 170 144 134 172 176 104 139 111 Soda
99
106 106
126 126
102 102
108 108
109 109
105 105
110 110
123 123
111 111
101 101
112 112
103 103
113 113
114 114
115 115
124 124
116 116
117 117
104 104
118 118
119 119
100 100
122 122
120 120
125 125
99 99
121 121
127 127
128 128
129 129
130 130
131 131
132 132
133 107 133
134 134
135 135
136 136
137 137
138 138
139 139
140 140
141 141
142 142
143 143
144 144
145 145
146 146
147 147
148 148
149 149
150 150
151 151
152 152
153 153
154 154
155 155
156 156
157 157
158 158
159 159
160 160
161 161
162 162
163 163
164 164
165 165
166 166
167 167
168 168
169 169
170 170
171 171
172 172
173 173
174 174
175 175
176 176
177 177
178 178
179 179
180 180
181 181
182 182
183 183
184 184
185 185
186 186
187 187
188 188
189 189
190 190
191 191
192 192
193 193
194 194
195 195
196 196
197 197
198 198
