Soda 73 76 101 94 12 25 10 19 11 6 7 24 33 99 18 92 8 39 81 72 71 44 63 47 84 85 59 69 5 27 98 100 62 91 31 30 53 88 83 40 74 55 66 51 78 80 93 61 57 45 65 79 21 23 22 48 9 28 90 97 20 26 16 43 60 17 41 52 75 64 86 35 14 68 58 87 96 49 77 34 32 70 82 56 46 15 36 2 67 37 42 38 95 29 13 89 54 50 4 3 Soda
100
2 2
3 3
4 4
9 9
10 10
11 11
12 12
13 13
14 14
15 15
16 16
17 17
18 18
19 19
42 42
43 43
44 44
45 45
46 46
47 47
48 48
49 49
50 50
51 51
52 52
53 53
54 54
55 55
56 56
57 57
58 58
59 59
60 60
61 61
62 62
63 63
64 64
65 65
66 66
67 67
68 68
69 69
70 70
71 71
72 72
73 73
74 74
75 75
76 76
77 77
78 78
79 79
80 80
81 81
82 82
83 83
84 84
85 85
86 86
87 87
88 88
89 89
90 90
91 91
92 92
94 94
95 95
96 96
97 97
93 93
25 25
22 22
20 20
5 5
98 98
99 99
100 100
101 101
21 21
23 23
24 24
26 26
27 27
6 6
30 30
31 31
32 32
7 7
33 33
34 34
28 28
35 35
36 36
8 8
37 37
38 38
29 29
39 39
40 40
41 41
