Wurster Class Hilgard Moses Goldman Kleeberger Alabama Sather Hazardous Gilman Florida Sutardja Cory Pitzer McLaughlin Optometry Blackwell Parking Juneau Idaho Vermont Simpson Stanley Honolulu Frank Silver Nevada North Chan Pennsylvania Raleigh Oregon Anthony Maxwell Brain Moffitt Spieker Barrows Observatory Indianapolis Montgomery Tennessee Boston Salem Hesse California Recreational Simon Visitor Wurster
49
Wurster Wurster
Barrows Barrows
Moffitt Moffitt
Boston Boston
California California
Simon Simon
Blackwell Blackwell
Class Class
Frank Frank
Indianapolis Indianapolis
Salem Salem
Brain Brain
McLaughlin McLaughlin
Spieker Spieker
Honolulu Honolulu
Parking Parking
Vermont Vermont
Pennsylvania Pennsylvania
Maxwell Maxwell
Observatory Observatory
Raleigh Raleigh
Optometry Optometry
Hilgard Hilgard
Juneau Juneau
Hesse Hesse
Pitzer Pitzer
Chan Chan
Montgomery Montgomery
Alabama Alabama Massachusetts
Visitor Visitor
Anthony Anthony
Simpson Simpson
Idaho Idaho
Cory Cory
Gilman Gilman
Sutardja Sutardja
Tennessee Tennessee
Oregon Oregon
Sather Sather
Stanley Stanley
Kleeberger Kleeberger
Goldman Goldman
Silver Silver
Moses Moses
Recreational Recreational
Hazardous Hazardous
Florida Florida
North North
Nevada Nevada
