Rhode Life Valley Michigan Campanile Oregon Lansing Mulford Florida Columbus Chvez Brain Krutch Madison Santa Berkeley Annapolis Austin Heating Durham Energy Utah Lower McLaughlin Trenton Etcheverry Maxwell Chou Bancroft Montgomery West Simon Class Edwards Mathematical Salt Springer Birge Hawaii Cleary Blackwell Nashville Barrows Jacobs Foothill Boalt Sproul Jefferson LeConte Pennsylvania Stadium Hertz Clark Mississippi Topeka Illinois Providence Richmond Hearst Durant Tennessee Police Little Concord Moffitt Morrison Haste Montana Hartford Jones Insectary Observatory Wisconsin Maryland International Hargrove Cory Moses Bowles Tang Columbia BART CNMAT Nevada Silver Simpson Baton Grinnell Kentucky Hellman Harrisburg Martin University Donner Cheyenne East Olympia McEnerney Rhode
98
Rhode Rhode
Columbus Columbus
Grinnell Grinnell
University University
Santa Santa
Cory Cory
Michigan Michigan
CNMAT CNMAT
Cleary Warren Cleary
Wisconsin Wisconsin
Lower Lower
BART BART
Nevada Nevada
Columbia Columbia
Kentucky Kentucky
Edwards Edwards
Oregon Oregon
Austin Austin
Simpson Simpson
Tang Tang
Krutch Krutch
Blackwell Blackwell
Bowles Bowles
Florida Florida
Valley Valley
LeConte LeConte
Simon Simon
Berkeley Berkeley
Brain Brain
Harrisburg Harrisburg
Martin Martin
Hellman Hellman
Lansing Lansing
McEnerney McEnerney
Mathematical Mathematical
Energy Energy
Durham Durham
Class Class
Heating Heating
Utah Utah
Annapolis Annapolis
Jefferson Jefferson
Donner Donner
Pennsylvania Pennsylvania
Campanile Campanile
Life Life
Maryland Maryland Minnesota
West West
Mississippi Mississippi
Birge Birge
Springer Springer
Observatory Observatory
Chvez Chvez
Durant Durant
Little Little
Mulford Mulford
Cheyenne Cheyenne
Hertz Hertz
Police Police
Chou Chou
Bancroft Bancroft
Etcheverry Etcheverry
Madison Madison
Montana Montana
Illinois Illinois
Olympia Olympia
Hartford Hartford
Trenton Trenton
McLaughlin McLaughlin
Hargrove Hargrove
Silver Silver
Concord Concord
Moffitt Moffitt
Jones Jones
Clark Clark
Salt Salt
Boalt Boalt
Baton Baton
Stadium Stadium
Insectary Insectary
Sproul Sproul
Richmond Richmond
Montgomery Montgomery
Foothill Foothill
Haste Haste
Moses Moses
Hawaii Hawaii
East East
Tennessee Tennessee
Hearst Hearst
Jacobs Jacobs
Maxwell Maxwell
Providence Providence
Morrison Morrison
International International
Barrows Barrows
Nashville Nashville
Topeka Topeka
