Donner Cyclotron Gayley Recreational Phoenix Haas Providence Wurster Haste Life Topeka Illinois Ishi Minnesota Old Tallahassee Gilman Foothill Iowa North Juneau Optometry McCone Santa Donner
24
Donner Donner
Haas Haas
Cyclotron Cyclotron Helena
McCone McCone
Santa Santa
Phoenix Phoenix
Illinois Illinois
Life Life
Haste Haste
North North
Providence Providence
Topeka Topeka
Gayley Gayley
Old Old
Minnesota Minnesota
Gilman Gilman
Tallahassee Tallahassee
Recreational Recreational
Wurster Wurster
Foothill Foothill
Ishi Ishi
Juneau Juneau
Iowa Iowa
Optometry Optometry
