YuhuaEast Sennett SerangoonGarden Sennett ChinaSquare SerangoonNorth TagoreSindo Punggol BayfrontSubzone PeoplesPark OrangeGrove Matilda BedokSouth ClarkeQuay Shipyard SembawangStraits OneTreeHill HongKah Kembangan LoyangEast SenokoSouth ClementiNorth EvertonPark ReservoirView PulauPunggolTimor YioChuKangEast UluPandan Dunearn SembawangHills Dunearn KeatHong HongKahNorth SouthernIslands WestCoast TuasNorthPioneer Chatsworth Commonwealth SungeiRoad Kranji PangSua DairyFarm PeiChun JurongPort JooSengPayaLebar SenokoWest Yunnan ChangiPoint Sembawang TampinesNorth Tanglin TuasPromenade TiongBahru TuasBay PunggolField Cairnhill DhobyGhaut BukitBatokWest PengSiang Tampines KebunBahru MountEmily GeylangEast Moulmein Museum TohGuan PayaLebarEast MountPleasant BenoiSector YioChuKang Aljunied BoatQuay Saujana JurongRiver ChoaChuKang JurongRiver Saujana HougangCentral SungeiKadut TelokBlangahRise Sentosa KampongUbi Brickworks Serangoon ClementiCentral Mandai ChengSan BoonLayPlace LowerSeletar PearlsHill MandaiEast Boulevard RochorCanal Mountbatten Northland WoodlandsWest BukitBatokSouth PasirPanjang2 SerangoonCentral Khatib SimpangNorth AlexandraNorth Port BukitTimah AngMoKioTownCentre Anson OneNorth JurongWestCentral ClementiWest IstanaNegara BedokNorth CityHall TelokBlangahDrive YuhuaEast
87
Sentosa Sentosa
TagoreSindo TagoreSindo
BayfrontSubzone BayfrontSubzone
Matilda Matilda
SimpangNorth Paterson SimpangNorth
Kembangan Kembangan
Port Port
Museum Museum
LowerSeletar LowerSeletar
SerangoonNorth SerangoonNorth
JooSengPayaLebar JooSengPayaLebar
PunggolField PunggolField
PearlsHill PearlsHill
OneTreeHill OneTreeHill Trafalgar
JurongPort JurongPort
CityHall CityHall
KeatHong KeatHong
KebunBahru KebunBahru
SerangoonGarden SingaporeRiver SerangoonGarden
AngMoKioTownCentre AngMoKioTownCentre
OrangeGrove OrangeGrove
DairyFarm DairyFarm
BoatQuay BoatQuay
TuasPromenade TuasPromenade
BedokSouth BedokSouth
TuasNorthPioneer TuasNorthPioneer
YioChuKang YioChuKang
BedokNorth BedokNorth
PulauPunggolTimor PulauPunggolTimor
ChinaSquare ChinaSquare
Shipyard Shipyard PasirRisPark
Sembawang Sembawang EastCoast
Khatib Khatib
BukitBatokSouth BukitBatokSouth
HongKah UpperThomson HongKah
Punggol Punggol
Chatsworth Chatsworth InstitutionHill
PeoplesPark PeoplesPark
Moulmein Moulmein
SembawangHills SembawangHills
DhobyGhaut DhobyGhaut
OneNorth OneNorth
SungeiKadut SungeiKadut
ChoaChuKang ChoaChuKang
Aljunied Aljunied
Tampines Tampines
SouthernIslands SouthernIslands
SembawangStraits SembawangStraits
RochorCanal RochorCanal
ReservoirView ReservoirView
MandaiEast MandaiEast
WoodlandsWest WoodlandsWest
TuasBay TuasBay
Saujana Saujana
TiongBahru TiongBahru
ClementiNorth ClementiNorth
Tanglin Tanglin
Kranji ChangiWest
TampinesNorth TampinesNorth
SungeiRoad WaterwayEast SungeiRoad
BukitBatokWest BukitBatokWest
GeylangEast GeylangEast
TohGuan PasirRisDrive TohGuan
PeiChun PeiChun
Brickworks Brickworks
UluPandan UluPandan
Commonwealth KentRidge Commonwealth
Serangoon Serangoon
Mountbatten Mountbatten
BenoiSector BenoiSector
HongKahNorth HongKahNorth
Northland Northland
AlexandraNorth AlexandraNorth
YioChuKangEast YioChuKangEast
ChangiPoint ChangiPoint
TelokBlangahRise TelokBlangahRise
Sennett Sennett
SerangoonCentral SerangoonCentral
PayaLebarEast PayaLebarEast
BoonLayPlace BoonLayPlace
Cairnhill Cairnhill
JurongWestCentral JurongWestCentral
EvertonPark EvertonPark
Mandai Mandai PasirRis Geylang
IstanaNegara IstanaNegara
PangSua PangSua
HougangCentral DefuIndustrialPark HougangCentral
