LeonieHill ChangiPoint SungeiKadut KampongUbi Shipyard NeeSoon OrangeGrove DefuIndustrialPark OrangeGrove NeeSoon JurongWestCentral Outram MonksHill Kranji TanglinHalt TuasBay SingaporePolytechnic Novena Clementi Victoria SerangoonGarden Phillip Yishun BishanEast Ridout Changi CompassvaleTrafalgar ConeyIsland BukitBatokCentral MandaiWest YioChuKang AnchorvaleBuangkok KallangWay Semakau Frankel FarrerPark KampongGlam ClarkeQuay SungeiRoad SembawangSprings PasirRisPark Sentosa Guilin GreenwoodPark Trafalgar Townsville ChangiWest ClementiCentral YishunCentral Woodgrove PunggolTownCentre TampinesWest YuhuaWestBoonLay LoyangEast ChoaChuKangCentral Springleaf PasirPanjang2 TanjongRhu GeylangBahru AirportRoad LeonieHill
46
PasirPanjang2 PasirPanjang2
YioChuKang Boulevard YioChuKang
ChoaChuKangCentral ChoaChuKangCentral
Ridout Ridout
MonksHill MonksHill
PunggolTownCentre PunggolTownCentre
Novena Novena
JurongWestCentral JurongWestCentral
Trafalgar Trafalgar
FarrerPark FarrerPark
SerangoonGarden SerangoonGarden
DefuIndustrialPark Tyersall DefuIndustrialPark
Guilin Guilin
SungeiRoad SungeiRoad
Springleaf Springleaf
SingaporePolytechnic SingaporePolytechnic
OrangeGrove OrangeGrove
TuasBay TuasBay
KampongGlam KampongGlam
Phillip Phillip
ChangiWest ChangiWest
Townsville Townsville
AirportRoad AirportRoad
Shipyard Shipyard
MandaiWest NorthCoast MandaiWest
TampinesWest TampinesWest
ClementiCentral ClementiCentral
KallangWay KallangWay
GreenwoodPark GreenwoodPark
Yishun Yishun
ConeyIsland ConeyIsland
TanglinHalt TanglinHalt
Kranji Kranji
SembawangSprings SembawangSprings
Semakau Semakau
Outram Sennett Outram
YuhuaWestBoonLay YuhuaWestBoonLay
NeeSoon NeeSoon
Victoria Victoria
SungeiKadut SungeiKadut
Woodgrove Woodgrove
BukitBatokCentral BukitBatokCentral
Sentosa Sentosa
AnchorvaleBuangkok AnchorvaleBuangkok
LoyangEast LoyangEast
BishanEast BishanEast
