BukitBatokEast Simei SungeiRoad Sudong RobertsonQuay Redhill Gombak DowntownCore LowerSeletar Safti Tengeh Frankel SwissClub Springleaf CityHall TanjongPagar SimpangNorth GhimMoh Sembawang JooKoon Tyersall AirportRoad NeeSoon ChoaChuKang Bayshore Hillcrest RiverValley BukitBatokEast
22
Frankel Frankel
LowerSeletar LowerSeletar
Tengeh Tengeh
SimpangNorth SimpangNorth
Sembawang Sembawang
Redhill Redhill PearlsHill
JooKoon JooKoon
BukitBatokEast LeonieHill TiongBahruStation
Tyersall Tyersall
TanjongPagar TanjongPagar
Simei Simei
ChoaChuKang ChoaChuKang
Safti Safti GaliBatuMandai
CityHall CityHall
NeeSoon NeeSoon
SwissClub SwissClub
Sudong Sudong
Hillcrest Hillcrest
GhimMoh GhimMoh
SungeiRoad SungeiRoad
DowntownCore DowntownCore
RiverValley RiverValley
