139 18 11 85 2 72 69 82 5 35 65 16 172 143 144 142 37 23 14 15 128 21 78 9 84 44 41 22 105 127 134 101 64 184 114 79 182 108 111 130 161 148 165 162 187 191 24 138 89 119 146 123 77 147 118 75 91 112 153 106 67 33 104 71 148 32 47 1 58 74 7 60 39 57 43 13 30 113 189 102 109 188 27 96 145 158 98 156 186 122 81 95 178 8 157 176 125 131 31 25 141 48 26 198 139
98
1 1
111 111
41 41
9 9
43 43
44 44
23 23
48 173 48
47 47
112 112
125 125
114 114
11 11
113 113
58 58
105 105
65 65
57 57
67 67
60 60
69 69
13 13
71 71
72 72
64 64
75 75
14 14
77 77
15 15
82 82
74 74
118 118
85 85
16 16
78 78
79 79
119 119
81 81
106 106
84 84
26 26
18 18
95 95
96 96 152
89 89
91 91
25 25
101 101
22 22
5 5
122 122
98 98
127 127
21 21
123 123
138 138
147 147
148 148
146 146
145 145
144 144
131 131
27 27
30 30
157 157
156 156
31 31
153 153
32 32
7 7
2 2
158 158
134 134
161 161
109 109
33 33
165 165
176 176
172 172
178 178
108 108
128 128
35 35
182 182
130 130
104 104
8 8
37 37
184 184
189 189
186 186
187 187
188 188
191 191
39 39
141 141
142 142
198 198
