F8 O3 E3 D5 E8 E7 A3 O5 G6 M5 K6 P9 S4 C3 O1 C8 A9 T0 K5 C0 I0 S9 H4 B2 S0 D8 T5 T8 A0 S2 P5 H6 N1 O2 R8 L9 C2 D3 N4 R9 I9 H1 N7 S7 E4 D9 N6 B4 I6 H3 S8 R0 I3 P6 P2 M6 F9 I4 A1 K1 G1 S5 K3 N2 Q0 F1 I8 H0 N0 G9 G0 E2 Q8 A8 B3 Q7 H5 L6 Q3 R4 J0 J1 F2 C1 D4 R6 P7 Q5 B0 C4 M0 J2 D7 H2 A2 I2 T9 E5 G4 N8 F8
98
A0 A0
E4 E4
E3 E3
K6 K6
E2 E2
A8 A8
F1 F1
F2 F2
C2 C2
E5 E5
A9 A9
E7 E7
E8 E8
B0 B0
G1 G1
G0 G0
F9 F9
G4 G4
A2 A2
G6 G6
B3 B3
B2 B2
H0 H0
H1 H1
H3 H3
H4 H4
H5 H5
L6 L6
G9 G9
C3 C3
B4 B4
I0 I0
H2 H2
I2 I2
I3 I3
H6 H6
A3 A3
L9 L9
I4 I4
K5 K5
I6 I6
J2 J2
I8 I8
I9 I9
J0 J0
J1 J1
M0 M0
C4 C4
C1 C1
M6 M6
K1 K1
C0 C0
M5 M5
O3 O3
N0 N0
O5 O5
N1 N1
P6 P6
P5 P5
P9 P9
P2 P2
N2 N2
A1 A1
P7 P7 T1
Q7 F6 Q7
Q8 Q8
Q0 Q0
R0 R0
Q3 Q3
N4 N4
Q5 Q5
R4 R4
D3 D3
R6 R6
N6 N6
R8 R8
R9 R9
S0 S0
D4 D4
N7 N7
K3 K3
D5 D5
S8 S8
S9 S9
T0 T0
S2 S2
N8 N8
S7 S7
S5 S5
D7 D7
C8 C8
T9 T9
D8 D8
D9 D9
O1 O1
O2 O2
T5 T5
T8 T8
