Latias Zorua Wurmple Exeggutor Relicanth Aggron Elgyem Charmeleon Vibrava Primeape Raticate Unown Jigglypuff Noivern Infernape Staryu Darumaka Luvdisc Petilil Keldeo Dartrix Latias
18
Latias Toxicroak Shelgon
Primeape Primeape
Wurmple Wurmple Bounsweet
Luvdisc Luvdisc
Relicanth Relicanth
Raticate Raticate
Dartrix Dartrix
Noivern Reshiram Talonflame Noivern Palkia
Charmeleon Charmeleon Golisopod
Petilil Petilil
Elgyem Elgyem
Jigglypuff Jigglypuff
Unown Magearna
Exeggutor Exeggutor
Infernape Infernape Scolipede
Staryu Staryu
Vibrava Vibrava
Keldeo Keldeo
