Qwilfish Tropius Drapion Taillow Scatterbug Terrakion Politoed Lotad Phanpy Skiddo Noibat Simisear Sandile Dewpider Slowbro Nincada Whismur Tsareena Woobat Escavalier Weezing Plusle Wailord Xerneas Jumpluff Steenee Wartortle Honedge Skorupi Magnemite Amoonguss Stufful Conkeldurr Zekrom Weepinbell Lumineon Comfey Magnemite Yungoos Bounsweet Whismur Bastiodon Shellder Vespiquen Weezing Tauros Swadloon Munna Seaking Treecko Kakuna Tornadus Gengar Metapod Inkay Slurpuff Metang Crawdaunt Porygon2 Vullaby Volcarona Magmar Shellos Drampa Qwilfish
61
Qwilfish Qwilfish
Terrakion Terrakion
Drapion Drapion
Phanpy Phanpy
Skiddo Skiddo
Politoed Politoed
Dewpider Froakie Dewpider
Sandile Sandile Meloetta
Magmar Magmar
Shellos Shellos
Taillow Taillow Paras
Porygon2 Porygon2
Slowbro Slowbro
Drampa Drampa
Noibat Noibat
Lotad Lotad
Scatterbug Scatterbug
Vullaby Vullaby
Inkay Inkay
Steenee Steenee
Tornadus Tornadus
Skorupi Skorupi
Wartortle Wartortle
Weepinbell Weepinbell
Tauros Tauros
Crawdaunt Crawdaunt
Volcarona Volcarona
Simisear Simisear
Nincada Nincada
Gengar Gengar
Honedge Honedge
Amoonguss Amoonguss
Tsareena Tsareena
Jumpluff Jumpluff
Vespiquen Vespiquen
Munna Munna
Kakuna Kakuna
Magnemite Magnemite
Whismur Whismur
Xerneas Xerneas
Weezing Weezing
Zekrom Zekrom
Woobat Woobat
Comfey Comfey
Bounsweet Bounsweet
Seaking Seaking
Stufful Stufful
Shellder Shellder
Plusle Plusle
Treecko Treecko
Swadloon Swadloon
Lumineon Lumineon
Yungoos Yungoos
Bastiodon Bastiodon
Wailord Wailord
Escavalier Escavalier
Conkeldurr Conkeldurr
Slurpuff Slurpuff
Tropius Tropius
Metang Metang
Metapod Metapod
