Qwilfish Drampa Sandile Simisear Noibat Skiddo Skorupi Lotad Drapion Taillow Scatterbug Meloetta Porygon2 Vullaby Shellos Magmar Inkay Slurpuff Metang Steenee Jumpluff Metapod Gengar Munna Seaking Treecko Kakuna Tauros Swadloon Magnemite Amoonguss Crawdaunt Weezing Vespiquen Shellder Bastiodon Weezing Plusle Wailord Zekrom Conkeldurr Stufful Woobat Escavalier Weepinbell Magnemite Comfey Nincada Whismur Bounsweet Froakie Drampa Qwilfish
48
Qwilfish Qwilfish
Metang Metang
Taillow Taillow
Porygon2 Porygon2
Simisear Simisear
Amoonguss Amoonguss
Noibat Noibat Honedge
Lotad Lotad
Scatterbug Scatterbug
Vullaby Vullaby Volcarona
Metapod Metapod
Steenee Steenee
Meloetta Meloetta
Skorupi Skorupi
Drampa Drampa
Plusle Plusle
Drapion Drapion
Crawdaunt Crawdaunt
Inkay Inkay
Stufful Stufful
Nincada Nincada
Gengar Gengar
Froakie Froakie
Slurpuff Slurpuff
Vespiquen Vespiquen
Munna Munna
Kakuna Kakuna
Magnemite Magnemite
Whismur Whismur
Shellos Shellos
Weezing Weezing
Skiddo Skiddo
Woobat Woobat
Comfey Comfey
Seaking Seaking
Bounsweet Bounsweet
Sandile Sandile
Bastiodon Bastiodon
Wailord Wailord
Escavalier Escavalier
Conkeldurr Conkeldurr
Magmar Magmar
Jumpluff Jumpluff
Tauros Tauros
Weepinbell Weepinbell
Swadloon Swadloon
Shellder Shellder
Treecko Treecko
