Monroe Clarksville Huntsville Irving Austin Muskegon Daytona Anchorage Baton Hampton Viejo Hesperia Brownsville Davidson Rapids Arlington Bridgeport Abilene Layton Lafayette Hartford Glendale Amarillo Mesquite Burlington Dayton Merced Montgomery Detroit Three Gainesville Vista Greensboro Apple Fayetteville Elizabeth Athens Boulder Lacey Melbourne Julian Cleveland Erie Monterey Four Canton Kenosha Baltimore Killeen Clarke Birmingham Mobile Leominster Havre Aberdeen Lowell Cambridge Albany Boise Kailua Lancaster Hagerstown Antioch Elkhart Huntington Hickory Bethlehem Gilbert Modesto Dallas Cary Manchester Chesapeake Asheville Fairfield Kissimmee Seven Laredo Akron Bradenton Denver Kennewick Lewisville Allentown Miami Corpus Johnson Charleston Carrollton Bedford Naples Prairie Denton Hayward Lakeland Ten Jacksonville Anaheim Hialeah Mesa Monroe
100
Athens Athens
Hagerstown Hagerstown
Lafayette Lafayette
Huntington Huntington
Hialeah Hialeah
Naples Naples
Seven Seven
Viejo Viejo
Abilene Abilene
Cleveland Cleveland
Austin Austin
Havre Havre
Anaheim Anaheim
Melbourne Melbourne
Asheville Asheville
Lewisville Lewisville
Hampton Hampton
Davidson Davidson
Kissimmee Kissimmee
Gilbert Gilbert
Cary Cary
Monroe Monroe
Chesapeake Chesapeake
Prairie Prairie
Bethlehem Bethlehem
Charleston Charleston
Gainesville Gainesville
Clarke Clarke
Glendale Glendale
Monterey Monterey
Hayward Hayward
Baltimore Baltimore
Antioch Antioch
Hesperia Hesperia
Hickory Hickory
Albany Albany
Kennewick Kennewick
Detroit Detroit
Mobile Mobile
Four Four
Lacey Lacey
Lakeland Lakeland
Apple Apple
Dallas Dallas
Laredo Laredo
Baton Baton
Elkhart Elkhart
Leominster Leominster
Ten Ten
Carrollton Carrollton
Bridgeport Bridgeport
Huntsville Huntsville
Modesto Modesto
Jacksonville Jacksonville
Fayetteville Fayetteville
Boulder Boulder
Amarillo Amarillo
Layton Layton
Mesa Mesa
Aberdeen Aberdeen
Elizabeth Elizabeth
Killeen Killeen
Johnson Johnson
Kailua Kailua
Arlington Arlington
Denver Denver
Hartford Hartford
Birmingham Birmingham
Cambridge Cambridge
Muskegon Muskegon
Dayton Dayton
Erie Erie
Boise Boise
Fairfield Fairfield
Montgomery Montgomery
Denton Denton
Kenosha Kenosha
Akron Akron
Vista Vista
Canton Canton
Corpus Corpus
Merced Merced
Daytona Daytona
Allentown Allentown
Brownsville Brownsville
Anchorage Anchorage
Rapids Rapids
Three Three
Bedford Bedford
Manchester Manchester
Lowell Lowell
Lancaster Lancaster
Irving Irving
Burlington Burlington
Miami Miami
Clarksville Clarksville
Bradenton Bradenton
Greensboro Greensboro
Mesquite Mesquite
Julian Julian
