Burlington Independence Naperville Bridgeport Miramar Clarke Honolulu Davenport Prairie Killeen McAllen Hampton Myrtle Louisville Chicago Merced Chattanooga Cedar Rapids Denver Greenville Amarillo Hayward Buffalo Cambridge Burlington
24
Honolulu Honolulu
Buffalo Buffalo
Independence Independence
Chattanooga Chattanooga
Merced Merced
Denver Denver
Chicago Chicago
Killeen Killeen
McAllen McAllen
Rapids Rapids
Naperville Naperville
Greenville Greenville
Hayward Hayward
Clarke Columbus Clarke
Bridgeport Bridgeport
Hampton Hampton
Cambridge Cambridge
Myrtle Myrtle
Amarillo Amarillo
Davenport Davenport
Prairie Prairie
Miramar Miramar
Cedar Cedar
Louisville Louisville
