Myrtle Montgomery Davidson Bloomington Medford GreenBay Corpus Houma Leominster Aribel Grays Macon Barnstable Lorain Harlingen Kissimmee Miramar Chicago Lansing Bridgeport Cathedral Moreno Nashua Appleton Hemet Dallas Chandler Lexington Minneapolis Alexandria Deltona Joliet Kansas Champaign Cary Huntsville Erie Plen Huntington Albany Albuquerque Bradenton Baltimore Abilene Hartford Cedar Hollywood Brownsville Mobile Merced Myrtle
49
Champaign Champaign
Brownsville Brownsville
Chicago Chicago
Huntsville Huntsville
Hartford Hartford
Huntington Muskegon Huntington
Aribel Aribel
Cedar Cedar
Harlingen Harlingen
Cary Cary
Macon Macon
Baltimore Baltimore
Davidson Davidson
Dallas Dallas
Lexington Lexington
Leominster Leominster
Deltona Deltona
Houma Houma
Grays Grays
Erie Erie
Hollywood Hollywood
Barnstable Barnstable
Corpus Corpus
Minneapolis Minneapolis
GreenBay GreenBay
Kansas Kansas
Appleton Appleton
Albany Albany
Alexandria Alexandria
Miramar Miramar
Chandler Chandler
Abilene Abilene
Merced Merced
Bloomington Bloomington
Nashua Nashua
Medford Medford
Lansing Lansing
Montgomery Montgomery
Hemet Hemet
Kissimmee Kissimmee
Cathedral Cathedral
Plen Plen
Bridgeport Bridgeport
Mobile Mobile
Bradenton Bradenton
Albuquerque Albuquerque
Lorain Lorain
Joliet Joliet
Moreno Moreno
