DK CP BM CU AA FB CM GG EY BF BV EA FH CA HC DI FG BH AU DO DT BP DP EQ AM CC AY AB DU GV DE EP BZ DN HB FZ AK EO FN HI DZ HE CT CG EF GB DB DD EL BC AZ CR GT GX EB DM BW ED FW FD FP CY HD FT AV AN GZ DL CS ET GN EM HF ES CK AT GR EW AO AG GY BE CE HJ EN BR CW BI DX DF CI CX FA CD BL DK
94
AA AA
AB AB
BR BR
BP BP
BZ BZ
BV BV
CD CD
BW BW
AK AK
CI CI
CA CA
CK CK
CC CC
CM CM
CE CE
CG CG
CP CP
AM AM
EA EA
CT CT
CU CU
AN AN
CW CW
EL EL
CS CS
CR CR
EM EM
AO AO
DD DD
DE DE
DF DF
CX CX
CY CY
EN EN
DB DB
AZ AZ
EO EO
EB EB
DN DN
DO DO
DP DP
DM DM
DI DI
DL DL
DU DU
AY AY
AV AV
EQ EQ
AT AT
ET ET
DT DT
EW EW
DX DX
AU AU
ES ES
EP EP
FH FH
FN FN
BC BC
FA FA
FP FP
FB FB
FT FT
FZ FZ
BE BE
FW FW
EY EY
BF BF
AG AG
GB GB
FD FD
GG GG
GN GN
GR GR
ED ED
GT GT
BH BH
GV GV
BI BI
GX GX
GY GY
GZ GZ
FG FG
HB HB
HC HC
DZ DZ
BL BL
HJ HJ
BM BM
EF EF
HD HD
HE HE
HF HF
HI HI
