Soda AnthonyHall BerkeleyArtMuseum CalvinLaboratory ClarkKerrCampus ChouHall DonnerLab ChanShunAuditorium EtcheverryHall CNMAT CaliforniaHall EdwardsStadium BanwayBldg BarkerHall AlumniHouse HavilandHall DoeMemorialLibrary EvansHall BotanicalGarden CheitHall BlumHall BirgeHall BlackwellHall EshlemanHall CyclotronRd BoaltHall BancroftLibrary CampbellHall EastAsianLibrary Dwinelle CareerCenter VLSB BerkeleyWayWest BrainImagingCenter BARTStation BarrowsHall BarrowLane EvansDiamond Cory DurantHall Soda
37
AlumniHouse AlumniHouse
AnthonyHall AnthonyHall Campanile
BarkerHall BarkerHall
BarrowsHall BarrowsHall
BirgeHall BirgeHall
CampbellHall CampbellHall
CareerCenter CareerCenter
ChanShunAuditorium ChanShunAuditorium
VLSB VLSB
CheitHall CheitHall
ChouHall ChouHall
ClarkKerrCampus ClarkKerrCampus
CNMAT CNMAT
Cory Cory
CyclotronRd CyclotronRd
BancroftLibrary BancroftLibrary EastGate
DoeMemorialLibrary DoeMemorialLibrary
BarrowLane BarrowLane
DonnerLab DonnerLab
DurantHall DurantHall
Dwinelle Dwinelle
EdwardsStadium EdwardsStadium
BARTStation BARTStation
EshlemanHall EshlemanHall
EtcheverryHall EtcheverryHall
EvansDiamond EvansDiamond
BerkeleyArtMuseum BerkeleyArtMuseum DavisHall
BerkeleyWayWest BerkeleyWayWest
BlumHall BlumHall
BlackwellHall BlackwellHall
BotanicalGarden BotanicalGarden
BoaltHall BoaltHall
BrainImagingCenter BrainImagingCenter
EastAsianLibrary EastAsianLibrary
BanwayBldg BanwayBldg
CaliforniaHall CaliforniaHall
CalvinLaboratory CalvinLaboratory
