Soda EtcheverryHall WicksonNaturalArea Emeryville SproulPlaza AnthonyHall HertzHall Unit1 BancroftLibrary Benicia IshiCourt Pacifica Hillsborough SanRamon EvansHall FoundersRock MinorHallAddition StHelena KleebergerFieldHouse SatherTower Pittsburg Alameda GiauqueHall Orinda Oakley Brisbane ClarkKerrCampus Campanile Insectary Healdsburg WomenFacultyClub SternHall WellmanHall ZellerbachHall MulfordHall ZellerbachPlayhouse WursterHall Fairfield SanRafael Albany Unit3 Hayward Saratoga BlumHall Cory WestCircle KroeberHall WheelerHall GoldmanField GilmanHall HearstGreekTheatre CalvinLaboratory PimentelHall BarkerHall Piedmont NorthGateHall DonnerLab LewisHall WestGate FrankSchlessingerWay Belmont ChouHall StadiumRimWay HearstMiningCircle ClearyHall Pinole MartinezCommons Soda
66
MartinezCommons MartinezCommons
SternHall SternHall
GoldmanField GoldmanField
PimentelHall PimentelHall
Saratoga Saratoga
Oakley Oakley
ClearyHall ClearyHall
MulfordHall MulfordHall
StadiumRimWay StadiumRimWay
Pinole Pinole
FoundersRock FoundersRock
Orinda Orinda
Cory Cory
Hillsborough Hillsborough
WomenFacultyClub WomenFacultyClub
ZellerbachHall ZellerbachHall
Hayward Hayward
Pacifica Pacifica LowerSproulPlaza
SanRafael SanRafael
HearstMiningCircle HearstMiningCircle
KroeberHall KroeberHall
CalvinLaboratory CalvinLaboratory
WursterHall WursterHall
Healdsburg Healdsburg
BarkerHall BarkerHall
EtcheverryHall EtcheverryHall
LewisHall LewisHall
Campanile Campanile
Brisbane Brisbane
Alameda Alameda
AnthonyHall AnthonyHall
Piedmont Piedmont
KleebergerFieldHouse KleebergerFieldHouse
IshiCourt IshiCourt SanPablo
DonnerLab DonnerLab
WestCircle WestCircle
ClarkKerrCampus ClarkKerrCampus
Belmont Belmont
MinorHallAddition MinorHallAddition
NorthGateHall HargroveMusicLibrary NorthGateHall
GilmanHall GilmanHall
WheelerHall WheelerHall
WestGate WestGate
HertzHall HertzHall
FrankSchlessingerWay FrankSchlessingerWay
SatherTower SatherTower
Albany Albany
HearstGreekTheatre HearstGreekTheatre
GiauqueHall GiauqueHall
SanRamon SanRamon
Fairfield Fairfield
WellmanHall WellmanHall
ChouHall ChouHall EastGate
Benicia Benicia
SproulPlaza SproulPlaza
Pittsburg Pittsburg
Insectary Insectary
Unit3 Unit3
ZellerbachPlayhouse ZellerbachPlayhouse
BancroftLibrary BancroftLibrary
Emeryville Emeryville
BlumHall BlumHall
StHelena StHelena
Unit1 Unit1
EvansHall EvansHall
WicksonNaturalArea WicksonNaturalArea
