McLaughlinHall CareerCenter MathematicalSciences BotanicalGarden HasteStreetChildDeve EnergyBiosciencesBui GrinnellNaturalArea EvansDiamond HertzHall Library PublicAffairsOfficeo FacultyGlade ZellerbachHall LegendsAquaticCenter MagnesCollectionofJe WomensFacultyClub EshlemanHall GiauqueHall SpiekerAquaticsCompl LevineFrickeSoftball StrawberryCanyonRecr UCBerkeleyExtension GoldmanSchool StephensHall CampusSharedServices CNMAT1750ArchSt Romeos AnnaHeadAlumnaeHall InsectaryGreenhouse GianniniHall JonesChildStudyCente Unit3ResidentHall WitterRugbyField SimpsonCenterforStud BerkeleyArtMuseumand SeniorHall ResidentialStudentSe BancroftParkingStruc WarrenHall EastAsianStudiesInst RecreationalSportsFa EtcheverryHall VisitorCenter KroeberHall SamsPad DurantHall RedwoodGroveBotanica MoffittLibrary McLaughlinHall
48
McLaughlinHall McLaughlinHall
BancroftParkingStruc BancroftParkingStruc
UCBerkeleyExtension UCBerkeleyExtension
FacultyGlade FacultyGlade
GianniniHall GianniniHall
MathematicalSciences MathematicalSciences
StephensHall StephensHall
CNMAT1750ArchSt CNMAT1750ArchSt
Unit3ResidentHall Unit3ResidentHall
GoldmanSchool GoldmanSchool
EshlemanHall EshlemanHall
Library Library
DurantHall DurantHall
SimpsonCenterforStud SimpsonCenterforStud
LevineFrickeSoftball LevineFrickeSoftball
GrinnellNaturalArea GrinnellNaturalArea
BotanicalGarden BotanicalGarden
ResidentialStudentSe ResidentialStudentSe
CareerCenter CareerCenter
HasteStreetChildDeve HasteStreetChildDeve
InsectaryGreenhouse InsectaryGreenhouse
BerkeleyArtMuseumand BerkeleyArtMuseumand
WitterRugbyField WitterRugbyField
EnergyBiosciencesBui EnergyBiosciencesBui
EastAsianStudiesInst EastAsianStudiesInst
WomensFacultyClub WomensFacultyClub
CampusSharedServices CampusSharedServices
EtcheverryHall EtcheverryHall
SpiekerAquaticsCompl SpiekerAquaticsCompl
JonesChildStudyCente JonesChildStudyCente
KroeberHall KroeberHall
MoffittLibrary MoffittLibrary
StrawberryCanyonRecr StrawberryCanyonRecr
EvansDiamond EvansDiamond
PublicAffairsOfficeo PublicAffairsOfficeo
HertzHall HertzHall
Romeos Romeos
AnnaHeadAlumnaeHall AnnaHeadAlumnaeHall
SeniorHall SeniorHall
MagnesCollectionofJe MagnesCollectionofJe
GiauqueHall GiauqueHall
WarrenHall WarrenHall
LegendsAquaticCenter LegendsAquaticCenter
RedwoodGroveBotanica RedwoodGroveBotanica
RecreationalSportsFa RecreationalSportsFa
VisitorCenter VisitorCenter
SamsPad SamsPad
ZellerbachHall ZellerbachHall
