BerkeleyArtMuseumand LegendsAquaticCenter ArchitectsEngineersA CareerCenter WarrenHall ChancellorsEsplanade IRLE McConeHall AnthonyHall LiKaShingCenter Library BancroftDanceStudio HavilandHall MorrisonHall McLaughlinHall FacultyGlade EvansHall CoryHall StanleyHall GraduateTheologicalU EllsworthParkingStru LawrenceBerkeleyNati KoretVisitorCenter MathematicalSciences CheitHall UpperHearstParkingSt EnergyBiosciencesBui LeConteHall BowlesHall ClarkKerrCampus GianniniHall EdwardsTrackStadiumG ZellerbachHall HenryHWheelerBrainIm InvestigativeReporti WellmanHall NaturalResourcesLabo MagnesCollectionofJe MaxwellFamilyFieldan SimonHall Unit1ResidentHall InternationalHouse LowerHearstParkingSt FoxCottage2350Bowdit EastAsianStudiesInst AHammock BanwayBuilding CaliforniaHall CesarEChavezStudentC ManvilleHall FacultyClub HearstMemorialMining GoldmanField MartinezCommons MosesHall SutardjaDaiHall Sebastians UniversityHealthServ GolbousPlace ObservatoryHill LatinAmericanStudies PacificFilmArchiveBe MariesHouse AcademicInnovationSt InsectaryGreenhouse SimpsonCenterforStud KoshlandHall NorthField PublicAffairsOfficeo AlumniHouse BarrowsHall Demography EvansDiamond UniversityHouse HaasSchoolofBusiness LawrenceHallofScienc MulfordHall SpiekerAquaticsCompl FallProgramforFreshm SatherTower BancroftLibrary LawSchool BerkeleyArtMuseumand
82
BerkeleyArtMuseumand BerkeleyArtMuseumand
LowerHearstParkingSt LowerHearstParkingSt
NorthField NorthField
SutardjaDaiHall SutardjaDaiHall
MartinezCommons MartinezCommons
AlumniHouse AlumniHouse
CareerCenter CareerCenter
WarrenHall WarrenHall
FacultyClub FacultyClub
CaliforniaHall CaliforniaHall
HavilandHall HavilandHall
KoshlandHall KoshlandHall
AcademicInnovationSt AcademicInnovationSt
BowlesHall BowlesHall
McLaughlinHall McLaughlinHall
MosesHall MosesHall
SpiekerAquaticsCompl SpiekerAquaticsCompl
BancroftLibrary BancroftLibrary
Unit1ResidentHall Unit1ResidentHall
Library Library
CheitHall CheitHall
EvansHall EvansHall
StanleyHall StanleyHall
AHammock AHammock
GoldmanField GoldmanField
LawSchool LawSchool
IRLE IRLE
UniversityHouse UniversityHouse
MaxwellFamilyFieldan MaxwellFamilyFieldan
McConeHall McConeHall
BarrowsHall BarrowsHall
LeConteHall LeConteHall
GianniniHall GianniniHall
PublicAffairsOfficeo PublicAffairsOfficeo
HaasSchoolofBusiness HaasSchoolofBusiness
NaturalResourcesLabo NaturalResourcesLabo
MulfordHall MulfordHall
PacificFilmArchiveBe PacificFilmArchiveBe
ChancellorsEsplanade ChancellorsEsplanade
InvestigativeReporti InvestigativeReporti
GraduateTheologicalU GraduateTheologicalU
KoretVisitorCenter KoretVisitorCenter
EdwardsTrackStadiumG EdwardsTrackStadiumG
SimonHall SimonHall
WellmanHall WellmanHall
FacultyGlade FacultyGlade
EastAsianStudiesInst EastAsianStudiesInst
ArchitectsEngineersA ArchitectsEngineersA
AnthonyHall AnthonyHall
SatherTower SatherTower
UpperHearstParkingSt UpperHearstParkingSt
ZellerbachHall ZellerbachHall
MorrisonHall MorrisonHall
Sebastians Sebastians
LiKaShingCenter LiKaShingCenter
LawrenceHallofScienc LawrenceHallofScienc
CesarEChavezStudentC CesarEChavezStudentC
InternationalHouse InternationalHouse
ManvilleHall ManvilleHall
LawrenceBerkeleyNati LawrenceBerkeleyNati
EnergyBiosciencesBui EnergyBiosciencesBui
GolbousPlace GolbousPlace
MathematicalSciences MathematicalSciences
EllsworthParkingStru EllsworthParkingStru
FallProgramforFreshm FallProgramforFreshm
LegendsAquaticCenter LegendsAquaticCenter
EvansDiamond EvansDiamond
CoryHall CoryHall
LatinAmericanStudies LatinAmericanStudies
HenryHWheelerBrainIm HenryHWheelerBrainIm
FoxCottage2350Bowdit FoxCottage2350Bowdit
ObservatoryHill ObservatoryHill
MagnesCollectionofJe MagnesCollectionofJe
HearstMemorialMining HearstMemorialMining
UniversityHealthServ UniversityHealthServ
SimpsonCenterforStud SimpsonCenterforStud
ClarkKerrCampus ClarkKerrCampus
BancroftDanceStudio BancroftDanceStudio
Demography Demography
BanwayBuilding BanwayBuilding
MariesHouse MariesHouse
InsectaryGreenhouse InsectaryGreenhouse
