LegendsAquaticCenter GolbousPlace EucalyptusGrove LewisHall SodaHall EllsworthParkingStru LawSchool SatherTower InvestigativeReporti NorthField SoutheastAsianStudie StarrEastAsianLibrar LevineFrickeSoftball GoldmanField LeConteHall NorthGateHall CITRIS MemorialGlade ValleyLifeSciencesBu LegendsAquaticCenter
19
EllsworthParkingStru EllsworthParkingStru
LeConteHall LeConteHall
SatherTower SatherTower
LegendsAquaticCenter LegendsAquaticCenter DurantHall
InvestigativeReporti InvestigativeReporti
EucalyptusGrove EucalyptusGrove
SodaHall SodaHall
StarrEastAsianLibrar StarrEastAsianLibrar
NorthField NorthField
GoldmanField GoldmanField
LewisHall LewisHall
LevineFrickeSoftball LevineFrickeSoftball
CITRIS CITRIS
ValleyLifeSciencesBu ValleyLifeSciencesBu
LawSchool LawSchool
NorthGateHall NorthGateHall
MemorialGlade MemorialGlade
GolbousPlace GolbousPlace
SoutheastAsianStudie SoutheastAsianStudie
