a b du o df fr fd fv ev dx eu ew fa fh do ck k dt m cs fy ec dg gh fb eq cu dq er fu ga fg gp en dn gn ff cp p de cq fl dj fs em ey dm cd bz ch cb by br bv bm bl bf bi bc bd bb aw az ar ap al an ah ak aj ag ae ab aa u y t w ci cv ex ed ct et ea j dv c ee h eg l e ep gl fn gm fz gb a
99
a a cl
ar ar
ap ap
w w
dg dg
j j
bc bc
bd bd
aw aw
du du
az az
k k
bb bb
l l
dj dj
c c
bf bf
bi bi
m m
bm bm
bl bl
bz bz
br br
dv dv
o o
dm dm
bv bv
by by
p p
dn dn
cb cb
do do
cd cd
ck ck
ch ch
ci ci
dt dt
dq dq
cu cu
cv cv
cs cs
cq cq
cp cp
y y
t t
e e
ct ct
u u
em em
en en
ea ea
ep ep
er er
aa aa
et et
eu eu
ev ev
ew ew
ex ex
ey ey
eq eq
fb fb
ec ec
ae ae
ff ff
fg fg
fh fh
fa fa
b b
ed ed
fl fl
fd fd
fn fn
de de
ag ag
ee ee
fr fr
fs fs
ah ah
ab ab
dx dx
ga ga
gb gb
fv fv
fu fu
aj aj
fz fz
fy fy
h h
ak ak
df df
al al
gh gh
an an
gl gl
gm gm
gn gn
gp gp
eg eg
