Fizz Bane Orianna Kled Xayah Slark Vi Kayn Irelia Ryze Jayce Sona Yorick Nasus Viktor Ziggs Morphling WinterWyvern Omniknight CentaurWarrunner ShadowDemon Trundle Ekko Thresh FacelessVoid Amumu Gragas Terrorblade Talon Magnus Kassadin LoneDruid Timbersaw Singed Weaver Sven Slardar Jinx Nunu Syndra Venomancer BountyHunter Fiddlesticks VelKoz Visage Chen Lucian Tiny Beastmaster Karma TrollWarlord TahmKench Cassiopeia SpiritBreaker Puck Tristana Brewmaster Techies Zilean Sniper Annie Heimerdinger Azir Rengar Leona Huskar Warlock Oracle Undying Janna JarvanIV Pantheon DeathProphet Katarina Nidalee Kennen Vladimir Rubick Rumble Zed LeBlanc ShadowFiend NightStalker Quinn KhaZix Mirana Medusa ShadowShaman Fizz
88
BountyHunter BountyHunter
Lucian Lucian
Kennen Kennen
Jayce Jayce
Warlock Warlock
ShadowFiend ShadowFiend
Orianna Orianna
Singed Singed
Viktor Viktor
Kassadin Kassadin
Nidalee Nidalee
Chen Chen
Amumu Amumu StormSpirit
WinterWyvern WinterWyvern
Zilean Zilean
Karma Karma
Terrorblade Terrorblade
Talon Talon
Brewmaster Brewmaster
Pantheon Pantheon
Omniknight Omniknight
Beastmaster Beastmaster
Nasus Nasus
Slardar Slardar
Weaver Weaver
TrollWarlord TrollWarlord
Thresh Thresh
Fizz Fizz
Sven Sven
Vladimir Vladimir
Yorick Yorick
Ziggs Ziggs
Sniper Sniper
JarvanIV JarvanIV
ShadowShaman ShadowShaman
Mirana Mirana
Leona Leona
Medusa Medusa
Heimerdinger Heimerdinger
Rumble Rumble
SpiritBreaker SpiritBreaker
KhaZix KhaZix
Sona Sona
Timbersaw Timbersaw
Ekko Ekko
Vi Vi
Cassiopeia Cassiopeia
VelKoz VelKoz
NightStalker NightStalker
ShadowDemon ShadowDemon
Oracle Oracle
Puck Puck
Ryze Ryze
Jinx Jinx
Xayah Xayah
Janna Janna
Slark Slark
CentaurWarrunner CentaurWarrunner
Rubick Rubick
Zed Zed
Undying Undying
TahmKench TahmKench
Rengar Rengar
Venomancer Venomancer
DeathProphet DeathProphet
LeBlanc LeBlanc
Fiddlesticks Fiddlesticks
Kled Kled
Syndra Syndra
LoneDruid LoneDruid
Tiny Tiny
Techies Techies
Morphling Morphling
Quinn Quinn
Kayn Kayn
Nunu Nunu
Annie Annie
FacelessVoid FacelessVoid
Bane Bane
Katarina Katarina
Huskar Huskar
Magnus Magnus
Tristana Tristana
Visage Visage
Azir Azir
Gragas Gragas
Trundle Trundle
Irelia Irelia
