Pantheon Spectre ArcWarden MasterYi Nunu Ezreal Lux Draven Jinx Morgana CentaurWarrunner Ziggs Ashe Oracle LoneDruid Maokai Bristleback Tailyah Magnus Galio Phoenix Jax WraithKing BountyHunter Bard Skarner Jhin Kled Lich ChaosKnight SpiritBreaker Rumble NightStalker Talon TrollWarlord Shyvana Slark Jayce Lucian Akali Heimerdinger CrystalMaiden KogMaw Disruptor Anivia Tiny Malphite Xerath Ahri Pantheon
48
MasterYi MasterYi
Tailyah Tailyah
Oracle Oracle
TrollWarlord TrollWarlord
Shyvana Shyvana
Akali Akali
Jinx Jinx
Morgana Morgana
Rumble Rumble
Bristleback Bristleback
Galio Galio
Jax Jax
Skarner Skarner
Bard Bard
SpiritBreaker SpiritBreaker
Malphite Malphite
Anivia Anivia
Phoenix Phoenix
Disruptor Disruptor
Xerath Xerath
Kled Kled
Slark Slark
Magnus Magnus
Maokai Maokai
Nunu Nunu
Lich Lich
CrystalMaiden CrystalMaiden
ArcWarden ArcWarden
Ashe Ashe
Spectre Spectre
CentaurWarrunner CentaurWarrunner
Tiny Tiny
Ezreal Ezreal
Heimerdinger Heimerdinger
Lucian Lucian
Draven Draven
Jhin Jhin
Lux Lux
ChaosKnight ChaosKnight
KogMaw KogMaw
Ahri Ahri
Jayce Jayce
Ziggs Ziggs
WraithKing WraithKing
Talon Talon
NightStalker NightStalker
LoneDruid LoneDruid
BountyHunter BountyHunter
