0 2 3 4 5 4 3 2 0 7 8 74 66 62 58 56 52 55 54 55 52 56 58 62 66 74 8 10 72 67 63 59 57 51 60 61 65 69 73 12 30 32 31 40 76 78 99 16 15 14 17 18 19 18 17 14 47 46 91 43 80 88 94 89 93 50 49 92 49 48 47 45 42 86 99 79 81 41 33 36 35 39 37 84 87 82 87 84 37 39 35 29 34 38 75 95 96 97 96 95 75 38 34 29 28 27 28 26 10 11 71 68 71 11 10 9 7 0
82
0 0 1 21 22 23
8 8
10 10
5 5 6
61 61
55 55
54 53 54
17 17
4 4
2 2
26 26
27 27 77
28 28
29 29
30 30
31 31
56 56
33 33
52 52
35 35
36 36
37 37
38 38
51 51
40 40
41 41
42 42
43 43 44
7 25 7
45 45
46 46
47 47
48 48
49 49
50 50
9 24 9
60 60
63 63
58 58
59 59
57 57
65 65 70
66 66
67 67
68 64 68
12 12
72 72
73 73
74 74
75 75
14 13 14
78 78
79 79
80 80
81 81
82 82 83
16 16
84 84
15 15
86 86
87 87
88 88
89 89
3 3
91 91
92 90 92
93 93
18 18
19 19 20
69 69
71 71
94 94
96 96
97 97 98
99 99 85
11 11
62 62
76 76
32 32
34 34
39 39
95 95
