6 1 4 0 7 2 6 11 15 13 14 16 19 10 18 11 24 20 23 26 24 30 31 30 38 39 30 42 40 48 46 41 40 42 55 51 55 57 55 67 69 62 63 60 65 67 73 74 78 72 79 75 77 73 80 81 80 96 90 95 97 98 94 96 103 105 101 102 107 109 106 105 103 111 114 112 115 118 113 111 124 126 123 129 128 120 125 124 133 132 138 137 130 134 139 133 143 148 145 149 147 146 143 158 150 153 154 152 159 158 168 164 168 166 167 163 168 172 176 170 179 177 172 189 180 186 184 181 182 189 199 198 197 194 190 191 196 199 6
81
0 8 0
40 40
41 41
106 106
46 46
48 48
51 59 50 51
10 10
112 112
113 113
57 57
114 114
60 60
69 69
65 65
62 62
63 63
23 23
115 115
14 14
125 125
81 81 87
74 74
75 75
15 15
77 77
78 78
79 79
80 88 85
118 118
105 105
97 97
98 98
90 90
18 18
120 120
95 95
19 19
4 4
126 126
101 101
20 20 21
130 130
26 26
153 153
145 145
146 146
152 152
148 148
149 144 149
150 157 150
132 132
128 128
31 31
1 1
170 178 170
163 163
134 134
164 164
167 167
166 166
107 107
180 185
181 187 181
182 182
179 179
177 177
176 176
137 137
129 129
7 7
191 191
190 190
186 186
109 109
139 139
38 36 38
39 39
194 194
196 196
198 198
