L16 L135 L99 L138 L27 L63 L149 L4 L143 L147 L21 L109 L13 L76 L74 L134 L38 L81 L125 L43 L91 L148 L78 L94 L85 L56 L70 L77 L124 L62 L82 L141 L131 L153 L22 L7 L24 L28 L12 L87 L150 L151 L126 L104 L142 L75 L119 L72 L18 L110 L53 L1 L130 L19 L95 L152 L106 L35 L107 L11 L89 L139 L67 L145 L128 L129 L9 L111 L83 L32 L92 L32 L20 L146 L47 L103 L133 L68 L52 L100 L140 L114 L79 L114 L84 L8 L2 L116 L101 L93 L6 L29 L16
81
L1 L1
L109 L109
L103 L103
L35 L35
L7 L7
L38 L38
L110 L110
L43 L43
L8 L8
L22 L22
L106 L106
L47 L47
L9 L9
L124 L124
L56 L56
L53 L53
L52 L52
L114 L114
L11 L11
L2 L2
L63 L61 L63
L104 L104
L68 L68
L12 L12
L70 L70
L62 L62
L67 L67
L75 L75
L76 L76
L78 L78
L125 L125
L74 L74
L72 L72
L82 L82
L83 L83
L84 L84
L85 L85
L77 L77
L119 L80 L90 L119
L79 L79
L89 L89
L16 L16
L91 L91
L92 L92
L93 L93
L94 L94
L95 L95
L87 L87
L24 L24
L18 L18 L5
L99 L99
L100 L100
L101 L101
L21 L21
L4 L4
L126 L126
L20 L20
L133 L144 L133
L134 L134
L130 L130
L129 L129
L107 L107
L138 L138
L139 L139
L140 L140
L141 L141
L142 L142
L143 L40 L65 L143
L27 L27
L145 L145
L146 L146
L147 L147
L28 L28
L29 L29
L128 L128
L131 L131
L149 L149
L150 L150
L151 L151
L152 L152
L153 L153
