5 0 1 2 3 4 5 11 6 7 8 9 10 11 17 12 13 14 15 16 17 23 18 19 20 21 22 23 29 24 25 26 27 28 29 35 30 31 32 33 34 35 41 36 37 38 39 40 41 47 42 43 44 45 46 47 53 48 49 50 51 52 53 59 54 55 56 57 58 59 65 60 61 62 63 64 65 71 66 67 68 69 70 71 77 72 73 74 75 76 77 83 78 79 80 81 82 83 89 84 85 86 87 88 89 95 90 91 92 93 94 95 101 96 97 98 99 100 101 107 102 103 104 105 106 107 113 119 125 131 137 143 149 155 161 167 173 179 5
90
0 0
1 1
103 103
12 12
104 104
19 19
102 102
21 21
16 16
105 105
36 36
37 37
38 38
39 39
40 40
7 7
42 42
43 43
44 44
45 45
46 46
8 8
48 48
49 49
50 50
51 51
52 52
9 9
54 54
55 55
56 56
57 57
58 58
10 10
60 60
61 61
62 62
63 63
64 64
2 2
66 66
67 67
68 68
69 69
70 70
13 13
72 72
73 73
74 74
75 75
76 76
14 14
78 78
79 79
80 80
81 81
82 82
15 15
84 84
85 85
86 86
87 87
88 88
3 3
90 90
91 91
92 92
93 93
94 94
18 18
96 96
97 97
4 4
98 98
99 99
100 100
20 20
106 106
22 22
25 25
24 24
28 28
26 26
30 30
31 31
6 6
32 32
33 33
27 27
34 34
