0 4 10 135 133 9 8 5 148 142 127 122 120 125 123 93 95 97 89 94 98 96 101 117 111 108 105 110 104 109 47 51 53 55 141 137 64 68 73 42 45 43 35 30 49 44 86 81 82 80 84 83 85 78 77 70 65 66 69 113 114 118 40 34 39 36 32 31 33 27 26 18 11 13 15 22 16 23 28 25 24 29 76 7 12 19 60 56 138 131 134 128 132 75 67 62 146 145 0
98
0 0
4 4
5 5
7 7
8 8
9 9
10 10
11 11
12 12
13 13
15 15
16 16
18 18
19 19
22 22
23 23
34 34
35 35
36 36
33 33
31 31
108 108
32 32
127 127
44 44
109 109
40 40
47 47
39 39
42 42
110 110
43 43
45 45
111 111
56 56
49 49
51 51
60 60
53 53
55 55
114 114
113 113
66 66
67 67
68 68
69 69
104 104
62 62
64 64
73 73
65 65
75 75
76 76
77 77
70 70
125 125
117 117
83 83
84 84
85 85
86 86
78 78
80 80 119
89 89
81 81
82 82
25 25
105 105
123 123
120 120
96 96
95 95
101 101
93 93
94 94
97 97
98 98
122 122
118 118
24 24
135 135 143
137 137
133 133
128 128
141 141
142 142
134 134
27 27
145 145
138 138
26 26
28 28
29 29
30 30
131 131
132 132
146 146
148 148
