1 170 190 140 11 3 137 148 42 16 184 149 121 183 14 45 182 59 28 92 163 77 165 6 159 34 72 60 180 161 97 2 74 123 142 12 25 64 116 176 65 89 9 188 67 36 78 155 27 160 95 21 112 108 192 139 91 99 40 81 153 122 32 151 120 57 147 44 191 181 68 94 114 118 76 126 17 132 20 119 197 70 127 87 131 129 7 117 164 100 53 143 79 186 172 52 178 13 93 1
97
2 2
44 44
42 42
9 9 35
45 45
112 112
57 57
52 52
59 59
11 11
53 53
12 12
114 114
3 3
67 67
68 68
60 60
70 70
13 13
65 65
64 64
14 14
116 116
126 126
117 117
81 81
78 78
74 74
77 77
76 76
16 16
118 118
79 79
17 17
91 91 167
119 119
95 95
87 87
120 120
89 89
122 122
121 121
92 92
93 93
94 94
25 25
97 97
20 20
99 99
127 127
100 100
21 21
123 123
143 143
148 148
149 149
131 131
151 151
27 27
153 153
6 6
155 155 29
147 147
132 132
129 129
32 32
165 165
7 7
161 161
159 159
160 160
170 170
163 163
172 172
164 164
137 137
108 108
34 34
178 178
28 28
181 181
182 182
183 183
184 184
176 176
36 36
180 180
192 192
139 139
191 191
186 186
188 188
140 140
190 190
40 40
142 142
197 197
