187 86 156 47 67 196 99 7 110 179 36 87 164 78 172 66 8 119 144 52 104 166 173 72 136 178 161 77 107 77 2 30 169 149 132 149 6 12 152 106 163 106 108 134 154 97 54 89 189 80 194 165 160 39 69 171 93 41 146 114 79 44 180 117 175 142 73 183 65 140 176 159 157 83 33 56 35 53 95 58 126 184 92 101 127 82 123 148 150 133 131 109 22 71 181 124 23 124 128 9 120 13 59 37 42 88 153 29 4 94 158 48 63 195 199 70 45 32 185 162 68 187
95
2 2
45 45
44 44
47 47
110 110
41 41
8 8
42 42
106 90 111
9 9
124 124
48 48
58 58
59 59
54 54 55
52 52
53 53
63 63
12 12
114 114
68 68
69 69
70 70
71 71
73 73
65 65
13 13
67 18 67
23 23
72 72
117 117
80 80
78 78
86 86
79 79
83 83
82 82
119 119
87 87
89 89
123 15
120 120
92 92
93 93
94 94
95 95
97 97
126 126
132 132
128 128
134 134
146 146
148 148
142 142
150 150
131 131
152 152
153 153
154 154
29 29
156 156
157 157
30 30
6 6
160 160
161 161 191
162 162
163 163
164 164
165 165
166 166
133 133
108 108
32 32
171 171
172 172
173 173
33 33
175 175
169 169 190
107 107
127 127
136 136
176 176
181 181
180 180
7 7
36 36
183 183
184 184
109 109
39 39
140 140
196 196
199 199
