location1 location43 location26 location38 location32 location12 location41 location4 location2 location49 location10 location13 location6 location27 location34 location42 location37 location11 location36 location23 location16 location39 location45 location5 location1
20
location12 location12 location24
location32 location32
location6 location6
location16 location16
location27 location27
location5 location5
location23 location31 location23
location26 location26
location43 location14
location39 location17 location39 location15
location38 location38
location42 location42
location34 location28 location46
location45 location33
location10 location10
location11 location11
location36 location44
location37 location37
location49 location49
location4 location48
