location1 location90 location20 location96 location70 location95 location195 location196 location94 location22 location130 location150 location108 location10 location116 location165 location154 location127 location169 location186 location75 location139 location146 location161 location13 location16 location197 location35 location185 location11 location180 location105 location136 location30 location26 location133 location58 location181 location87 location32 location85 location158 location28 location179 location93 location188 location118 location148 location107 location69 location190 location19 location92 location100 location33 location6 location157 location172 location74 location164 location182 location110 location142 location109 location149 location123 location46 location40 location114 location184 location199 location97 location68 location91 location82 location140 location49 location3 location177 location59 location65 location37 location106 location143 location57 location17 location152 location111 location25 location128 location12 location44 location5 location27 location178 location1
94
location3 location3
location111 location111
location107 location107
location44 location44
location49 location49
location46 location46
location10 location10
location11 location11
location59 location59
location57 location57
location114 location114
location12 location12
location58 location58
location105 location105
location13 location13
location65 location65
location116 location116
location68 location68
location69 location69
location70 location2
location118 location43 location118
location82 location82
location74 location74
location75 location75
location85 location85
location16 location16
location87 location87
location26 location26
location17 location17
location106 location106
location91 location91
location92 location92
location93 location93
location94 location94
location95 location95
location96 location96
location97 location97
location90 location90
location25 location25
location100 location100
location19 location193
location22 location22
location20 location20 location56
location5 location5
location127 location127
location123 location123
location136 location136
location143 location171 location143
location148 location148
location149 location149
location27 location27
location6 location6
location146 location146
location30 location30
location157 location157
location150 location150
location152 location152
location154 location154
location133 location133
location164 location164
location165 location165
location32 location175 location32
location158 location158
location161 location161
location169 location169
location109 location109
location33 location33
location172 location172
location128 location128
location108 location108
location35 location35
location28 location28
location179 location179
location180 location180
location181 location181
location177 location177
location184 location129 location159 location184
location185 location185
location186 location186
location178 location178
location188 location188
location130 location130
location190 location190
location182 location182
location37 location37
location139 location139
location110 location110
location140 location140
location40 location40
location142 location142
location195 location195
location196 location196
location197 location197
location199 location199
