c5 t9 e4 e1 o4 g3 h0 o0 a0 j7 m4 q0 r1 g1 h5 a6 a4 l6 s3 c3 k9 c8 i2 p9 o8 j3 f5 f3 l0 g9 c4 h1 n6 s2 q3 h3 r7 h4 s4 r2 j6 f2 t7 p0 m0 b1 d4 i1 a7 g0 b0 e0 g5 q5 o2 k6 b3 a1 a8 l1 b7 p7 g6 i0 t2 k1 f6 o7 n3 h2 q8 e5 t5 g4 r4 s9 g8 e2 d5 h6 j5 s1 o6 l4 b5 o5 l3 t6 l8 t8 i5 n0 d6 r9 i4 n4 q1 t0 t1 c5
96
a0 a0
l0 l0
e4 e4
e1 e1
e0 e0
a8 a8
e2 e2
l1 l1
k6 k6
e5 e5
f5 f5
f6 f6
f3 f3
f2 f2
g0 g0
g1 g1 m7
b1 b1
g3 g3
g4 g4
g5 g5
g6 g6
b3 b3
g9 g9
l4 l4
h1 h1
h2 h2
h3 h3
h4 h4
h5 h5
h6 h6
g8 s7 g8
c3 c3
h0 h0
l6 l6
b5 b5
l8 l8
i5 i5
i0 i0
i1 i1
i4 i4
b7 b7
j7 j7
j6 j6
m0 m0
j3 j3
c4 c4
j5 j5
a4 j2 a4
k1 k1
m4 m4
l3 l3
o8 o8
o2 o2
n0 n0
o4 o4
o5 o5
o6 o6
o7 o7
p0 p0
p9 p9
q1 q1
a6 a6
q3 q3
a1 a1
p7 p7
n3 n3
q0 q0
n4 n4
r2 r2
q5 q5
r4 r4
r1 r1
q8 q8
n6 n6
r9 r9
d4 d4
s1 s1
s2 s2
s3 s3
s4 s4
r7 r7
d5 d5
d6 d6
a7 a7
s9 g7 s9
t0 t0
t1 t1
k9 k9
c8 c8
t6 t6
t7 t7
t8 t8
t9 t9
o0 o0
t2 t2
t5 t5
