According to all known laws of there is no way a bee should be able Its wings are too small get its fat little body off the The flies anyway flies The the off body little fat its get small too are wings Its able be should bee a way no is there of laws known all to According You lint your Wave in row told flying Is that fuzz Special Never thought make Three days grade high Those were glad tooka day hitchhiked around did come back growing Looks Hear Looks growing back come did around hitchhiked day tooka glad were Those high grade days Three make thought Never Special fuzz that Is flying told row in Wave your lint You According what humans think black and shake it up Breakfast Hang on Oan you believe this I pick Looking Use Your fatherpaid good money for very proud A perfect report Very got Very report perfect A proud very for money good fatherpaid Your Use Looking pick I this believe you Oan on Hang Breakfast up it shake and black think humans what According
47
to to
off off
little little
money money
its its
bee bee
of of
fatherpaid fatherpaid
report report
The The
very very
anyway anyway bees
Use Use
think think
what what
is is
you you
and and
it it
A A
Breakfast Breakfast
on on
way way
this this
pick pick
got going got
that that
flying flying
thought thought
row row
Three Three
Its Its
be be
Those Those
Special Special
lint lint
known known
grade grade
are are
small small
Wave Wave
come come
growing growing
Hear Hear not
glad glad
day day
around around
