0 7 39 97 159 131 105 179 135 93 189 157 101 195 43 187 31 183 83 95 65 55 165 19 185 9 63 5 113 163 29 175 127 21 107 137 91 27 177 191 149 161 147 89 87 61 103 181 111 25 37 45 23 139 49 13 109 69 199 151 155 125 133 59 141 99 117 33 143 81 145 171 73 79 11 17 3 153 123 121 77 85 67 71 197 193 169 35 129 51 115 47 1 15 119 75 173 53 57 167 41 0
100
1 1
3 3
45 45
41 41
43 43
111 111
9 9
55 55
47 47
49 49
51 51
53 53
113 113
11 11
65 65
57 57
59 59
69 69
61 61
63 63
115 115
13 13
75 75
67 67
23 23
125 125
71 71
117 117
73 73
83 83
15 15
85 85
77 77
79 79
119 119
81 81
105 105
25 25
93 93
17 17
95 95
87 87
89 89
91 91
21 21
123 123
19 19
121 121
97 97
99 99
101 101
147 147
145 145
143 143
5 5
29 29
155 155
131 131
157 157
149 149
151 151
153 153
163 163
31 31
165 165
133 133
167 167
159 159
169 169
161 161
171 171
135 135
173 173
107 107
175 175
33 33
177 177
27 27
179 179
127 127
181 181
137 137
183 183
129 129
185 185
35 35
187 187
103 103
189 189
7 7
191 191
139 139
109 109
37 37
39 39
141 141
193 193
195 195
197 197
199 199
