According to all known laws of there is no way a bee should be should bee a way no is there of laws known all to According wings are too small get its fat little body off the The flies anyway flies The the off body little fat its get small too are wings According care what humans think black and shake it up Breakfast Hang on Oan you believe this believe you Oan on Hang Breakfast up it shake and black think humans what care According
22
to to
be be Its
bee bee
small small
of of
known known
are are
anyway anyway bees
its its
little little
what what
off off
and and
it it
Breakfast Breakfast
is is
The The
way way
think think
on on
you you
this pick this
