0 17 51 174 105 126 43 156 74 29 50 35 32 19 96 159 16 191 183 184 131 68 33 18 93 194 185 177 80 197 179 46 136 142 24 70 163 38 189 62 158 178 192 2 4 109 12 77 199 182 21 69 119 3 86 52 133 180 103 190 94 31 115 170 188 198 193 60 195 39 78 9 157 125 129 160 8 143 58 0
79
0 0
109 109
43 43
8 8 116
46 46
9 9
51 51
50 50
52 52
60 60
2 2
58 58
12 12
62 62
115 115
69 69
68 68
70 70
125 125
74 74
77 77
78 78
80 80
16 16
3 3
86 86
119 119
105 105
17 17
96 96
94 94
93 93
24 24
18 18
21 21
19 19
4 4
126 126
142 142
143 143
131 131
29 29
158 158
156 156
31 31
157 157
133 133
159 159
160 160
32 32
163 163
170 170
174 174
136 136
33 33
177 177
178 178
179 179
180 180
129 129
182 182
183 183
184 184
185 185
35 35
103 103
188 188
189 189
190 190
191 191
38 38
198 198
199 199
39 39
192 192
193 193
194 194
195 195
197 197
