190 135 114 33 58 83 129 136 165 67 111 189 40 27 147 133 108 162 95 0 56 153 5 172 4 47 4 198 102 181 120 151 29 21 176 169 57 50 54 163 93 116 24 152 132 92 106 137 6 121 145 38 65 64 55 64 44 103 168 23 186 84 192 69 108 3 9 118 142 1 156 149 85 112 185 49 76 107 62 46 109 66 179 66 71 171 146 193 139 115 177 173 81 11 138 52 61 134 188 134 99 2 182 113 123 113 94 141 30 117 22 104 68 56 166 75 190
90
1 1
47 47
46 46
40 40
44 44
106 106
22 22
111 111
55 34 36 55
56 56
57 57
54 32 54
50 50
52 52
112 112
62 62
11 11
2 2
102 102
113 113
104 104
61 61
114 114
69 69
67 8 67
65 65
66 66
68 10 68
23 23
71 71
116 116
76 60 76
117 117
118 118
84 84
3 3
83 83
95 95
94 94
93 164 93
92 92
123 123
21 21
121 121
99 99
142 142
5 5
146 146
29 29
153 153 45
149 149
152 152
30 30
132 132
162 162
163 163
156 156
165 165
166 166
133 133
168 168
169 169
108 108
171 195
172 172
173 173
135 135
33 33
177 177 101
27 27
179 179 100
136 136
181 181
182 182
176 176
137 137
186 186
129 129
189 189
103 103
138 138
185 185
109 109
188 188
139 139
38 38
141 141
192 192
193 193
198 198
