114 49 67 91 28 85 199 98 100 81 182 164 154 129 92 47 26 18 63 133 80 95 53 187 135 93 171 127 111 115 37 5 195 196 134 177 69 119 161 78 102 170 94 174 150 166 141 14 31 124 4 3 103 3 7 96 167 147 32 24 179 36 192 84 38 87 169 146 183 176 130 16 54 132 12 132 70 43 197 131 59 89 33 48 15 66 181 112 105 143 109 75 117 1 35 149 62 108 51 173 0 10 25 191 76 190 29 74 175 114
94
0 0
43 43
124 124
111 111
47 47
51 51
49 49
112 112 42
10 10
53 53
102 102
59 59
67 67
12 12
114 114
62 62
63 63
66 66
115 115
76 76
69 69
117 117
70 70
14 14
81 81 188
75 75
74 74
84 84
15 15
78 78
87 87
16 16
105 105
3 3
91 91
92 92
93 93
94 94
95 95
96 96
89 89
18 18
24 24
4 4
100 100
98 98
119 119
135 135
146 146
26 26
5 41 5
154 154
29 29
147 147
131 131
149 149
150 150
133 133
161 161
108 108
31 31
164 164
1 1
166 166
167 167
32 32
171 171
33 33
173 173
174 174
177 177
169 169
170 170
127 155 127
181 148 21 181
182 182
175 175
176 176
35 35
187 187
103 103
36 36
7 7
191 191
183 183
109 109
37 37
28 28
38 38
195 195
196 196
197 197
199 199
134 134
