gc gk em cg fy db az cn g br er go ck ep cd am cr cp j bv df fh df et bn b y es eg fg bu gq v ai dn at a bq fe e ff ga dx fk fq p by bc ah cw cs cl ee cj el bi dz ao cv ey fn bb bt ap bx dh en ae dq aw h dj gg dp do fi bj ge cy eq d gi di gj cq ad an bl fo ft gh dw fr gm dg u ds fw dy ab cm q co as gc
94
a a
at at
ao ao
ap ap
dg dg
as as ac
j j
dh dh
aw aw
bc bc
az az
di di
bb bb
dj dj
bl bl
bi bi
bj bj
bn bn
by by
bq bq
br br
bx bx
bt bt
bu bu
bv bv
q q
cg cg
p p
d d
cj cj
dp dp
do do
cm cm
cn cn
db db fa
cp cp
cq cq
cr cr
cs cs
ck ck
cl cl
dq dq bp
co co
y y
v v
e e
dw dw
cv cv
u u
ds ds
dn dn
et et
eq eq
em em
en en
ep ep
ey ey
ad ad
er er
es es
dy dy
ae ae
g g
fh fh
fi fi
b b cz
ff ff
fe fe
fn fn
fo fo fd
ee ee
fq fq
fr fr
fk fk
ah ah
ab ab
dx gn dx
ai ai
ga ga
fy fy
ft ft
fw fw
gi gi
gj gj
gk gk
gh gh
ge ge
gg gg
am am
an an
el el
gm gm
go go
gq gq
