Liam Jordan Jack Joshua Lucas Joshua Cooper Grant Antonio Owen Antonio Kaleb Elias Kaleb Santiago Carter Elliott Caleb Cameron Gabriel Victor Dominic Victor Gabriel Jayce Matthew John Messiah Eric Samuel Eric Greyson Chase Aaron David Brody George Ethan Brantley Kai Christopher Kai Carson Kai Bryce Sebastian Edward Wyatt Gael Dawson Alejandro Ian Alejandro Dawson Oscar Levi Oscar Xander Maddox Ezekiel Ezra Jose Ezra Jackson Braxton Silas Nicholas Daniel Jameson Benjamin Jaxon Benjamin Jameson Hudson Jameson Matteo Julian Josiah Justin Bennett Landon William Beau Dean Kingston Luke Miles Nolan Elijah Nolan Ryan Xavier Steven James Steven Sawyer Eli Sawyer Steven Hunter Isaiah Andrew Oliver Andrew Dylan Lincoln Max Jayden Bentley Camden Maverick Anthony Angel Jaxson Weston Kevin Finn Jacob Finn Kevin Nathan Connor Jasper Elliot Grayson Alexander Leo Bryson Malachi Henry Malachi Adam Colton Tucker Charles Tucker Aiden Richard Preston Jonathan Brayden Asher Waylon Marcus Parker Marcus Waylon Gavin Zion Rhett Christian Hayden Austin Rowan Theodore Ayden Giovanni Robert Joseph Jude Evan Liam
80
Liam Liam
Jacob Jacob
Ethan Ethan
Daniel Daniel
Matthew Matthew
Ryan Ryan
Jaxon Jaxon
Nathan Nathan
Aaron Michael Aaron
Isaiah Isaiah
Oliver Oliver
Charles Charles Mason
Caleb Caleb
Josiah Josiah
Christian Christian
Hunter Hunter Jace Thomas
Eli Eli
Jonathan Jonathan
Connor Connor
Landon Landon
Lucas Lucas
Asher Asher
Cameron Cameron
Leo Leo
Theodore Theodore
Alexander Alexander
Hudson Hudson
Robert Robert
William William
Nolan Nolan Logan
Nicholas Nicholas
Ezra Ezra
Colton Colton
Angel Angel
Brayden Brayden
Jordan Jordan
Dominic Dominic
Austin Austin
Ian Ian
Adam Adam
Elias Elias
Jaxson Jaxson
Greyson Greyson
Jose Jose
Ezekiel Ezekiel Jeremiah
Maverick Noah Maverick
Aiden Aiden Mateo
James Isaac James
Carson Carson
Evan Evan
Jayden Jayden
Bryson Bryson
Henry Henry
Cooper Cooper
Xavier Xavier
Parker Parker
Joseph Joseph
Wyatt Wyatt
Sebastian Sebastian
Jackson Jackson
Samuel Samuel
David David
Carter Carter
John John
Benjamin Benjamin
Luke Luke
Gabriel Gabriel
Anthony Anthony
Grayson Grayson
Owen Owen
Jack Jack
Richard Easton
Julian Julian
Elijah Adrian Elijah
Levi Levi
Christopher Christopher
Dylan Dylan
Joshua Joshua
Andrew Andrew
Lincoln Lincoln
