Liam Isaiah Joseph Mateo Alexander Mason Jayden Adam Brayden Jaxson Logan William Aiden Parker Gavin Luke Asher Jordan Nicholas Theodore David Sebastian Josiah Eli Dominic Carter Benjamin Sawyer Jose Owen Dylan Thomas Aaron Leo Isaiah Liam
24
Liam Liam
William William
Logan Logan
Benjamin Benjamin
Mason Mason Elijah
Alexander Alexander
Aiden Aiden
Joseph Joseph
Sebastian Sebastian
David David
Carter Carter
Jayden Jayden
Owen Noah Owen
Dylan Dylan
Luke Luke
Isaiah Daniel
Thomas James
Eli Wyatt Lucas Jackson
Brayden Samuel Ethan
Jordan Jacob Matthew
Dominic Oliver
Adam Henry
Jaxson Michael
Sawyer John
