LOC16 LOC18 LOC15 LOC46 LOC25 LOC59 LOC53 LOC17 LOC91 LOC78 LOC29 LOC14 LOC90 LOC20 LOC82 LOC37 LOC80 LOC95 LOC80 LOC45 LOC79 LOC45 LOC63 LOC47 LOC4 LOC26 LOC36 LOC0 LOC23 LOC81 LOC12 LOC99 LOC73 LOC51 LOC3 LOC6 LOC70 LOC6 LOC97 LOC98 LOC56 LOC48 LOC61 LOC31 LOC89 LOC62 LOC44 LOC96 LOC44 LOC33 LOC9 LOC85 LOC52 LOC16
39
LOC3 LOC3
LOC62 LOC62
LOC4 LOC4
LOC56 LOC56
LOC23 LOC23
LOC53 LOC53
LOC25 LOC25
LOC26 LOC26
LOC61 LOC61
LOC29 LOC29
LOC52 LOC52
LOC31 LOC31
LOC33 LOC33
LOC37 LOC37
LOC36 LOC36
LOC59 LOC59
LOC47 LOC47
LOC46 LOC46
LOC45 LOC50 LOC45
LOC9 LOC9
LOC12 LOC12
LOC73 LOC73
LOC15 LOC15
LOC81 LOC81
LOC78 LOC43 LOC78
LOC79 LOC79
LOC90 LOC90
LOC82 LOC82 LOC28
LOC89 LOC89
LOC85 LOC85
LOC17 LOC17
LOC96 LOC96
LOC97 LOC97
LOC98 LOC98
LOC99 LOC99
LOC18 LOC57 LOC18 LOC22
LOC20 LOC20
LOC70 LOC70
LOC95 LOC95
