zero three four eleven twelve nineteen twenty twentyseven thirtyfour thirtyfive fortytwo fortyone forty thirtynine fortysix fortyfive fortyfour thirtyseven thirtyeight thirtyone thirtytwo twentyfive eighteen seventeen sixteen fifteen eight fourteen seven six five zero
24
three three
fifteen fifteen
sixteen sixteen
eleven eleven
thirtyone thirtyone
twelve twelve thirteen
six six
fourteen fourteen
five five
eighteen eighteen
nineteen nineteen
twenty twenty
twentyfive twentyfive
thirtyseven thirtyseven
fortytwo fortytwo
seven seven
thirtyeight thirtyeight
forty forty
eight nine
thirtytwo thirtytwo
thirtyfour thirtyfour
thirtyfive thirtyfive
fortyfive fortyfive
fortysix fortysix
