zero two three ten seventeen twentyfour twentyfive twentysix thirtythree thirtyfour fortyone fortyeight fiftyfive fiftyfour fiftythree sixty sixtyone sixtyeight sixtyseven sixtysix sixtyfive seventytwo seventynine seventyeight eightyfour eightythree eightytwo eightynine eightyeight eightyone eightytwo seventyfive seventysix seventyseven seventy sixtyfour fiftyseven fifty fiftyone fortyfour fortyfive thirtyeight thirtyseven thirtysix twentynine twentytwo fifteen twentyone twenty twentyone fourteen thirteen twelve five six zero
42
two two
three three four
fiftyfive fiftyfive
twenty twenty
twentynine thirtyfive twentynine thirty
twentyfive twentyfive
twentytwo twentytwo
twentyfour twentyfour
fiftythree fiftythree
five five
sixtyone sixtyone sixtytwo
fiftyseven fiftyseven
ten ten
six six
thirtysix thirtysix
thirtythree thirtythree
thirtyfour thirtyfour
thirtyseven thirtyseven
thirtyeight thirtynine
fortyfive fortyfive
fortyfour fortyfour
sixty sixty
fortyeight fortyeight fortyseven
fifty fifty
twelve twelve
sixtyfive sixtyfive
seventyseven seventyseven seventyone
seventynine seventynine
fourteen fourteen
eightyone eightyone
eightytwo eightytwo
seventyfive seventyfive
fifteen fifteen
sixtysix sixtysix
seventyeight seventyeight
sixtyseven sixtyseven
eightyfour eightyfour
eightynine eightynine
sixtyeight sixtyeight
eightyeight eightyeight ninetyfive eightyseven
seventy seventy
fiftyone fiftyone
