zero one two three ten eleven twelve thirteen fourteen eight fifteen sixteen seventeen twentyfour thirtyone thirtyeight fortyfive fiftytwo fiftynine sixtysix sixtyfive sixtyfour seventy seventyseven seventyone seventytwo seventynine seventyeight eightyfour ninetyone ninetyeight ninetytwo ninetynine onehunsix onehunthirteen onehunnineteen onehuntwentysix onehuntwenty onehuntwentyone onehuntwentyeight onehunthirtyfive onehunthirtyfour onehunforty onehunthirtynine onehunfortysix onehunfortyseven onehunfiftyfour onehunsixtyone onehunsixty onehunfiftynine onehunfiftyeight onehunfiftyseven onehunsixtyfour onehunsixtyfive onehunsixtysix onehunseventythree onehunseventyfour onehunseventyfive onehunsixtynine onehunseventysix onehuneightytwo onehuneightyone onehuneighty onehuneightyseven onehuneightysix onehunninetythree onehunninetytwo onehunninetyone onehuneightyfour onehuneightyfive onehunseventyeight onehunseventyone onehunsixtyfour onehunfiftyseven onehunfifty onehunfortythree onehunfortyfour onehunthirtyseven onehunthirty onehuntwentythree onehunsixteen onehunseventeen onehuneighteen onehuneleven onehunten onehunnine onehuneight onehunone ninetyfour eightyseven eightyeight eightyone eightytwo seventyfive seventysix sixtynine sixtyeight sixtyseven sixty fiftynine fiftyeight fiftyseven sixtythree sixtytwo fiftyfive fiftysix fortynine fortythree fortyfour thirtyseven thirtyeight thirtynine forty thirtythree thirtyfour thirtyfive twentynine thirty twentythree twentyfour twentyfive twentysix twentyseven twenty thirteen six zero
89
one one seven
onehunten onehunten
fortythree fortythree
fortyfour fortyfour
fortyfive fortyfive
onehuneleven onehuneleven
fortynine fortynine
fiftyseven fiftyseven
fiftyeight fiftyeight
ten ten
sixty sixty
fiftytwo fiftytwo fiftythree
fiftyfive fiftyfive
eleven eleven
two two
onehunthirteen onehunthirteen
sixtyseven sixtyseven
twelve twelve
sixtynine sixtynine
seventy seventy
seventyone seventyone
seventytwo seventytwo
sixtyfour sixtyfour
sixtysix sixtysix
twentythree twentythree
seventyeight seventyeight
onehunsixteen onehunsixteen
fourteen fourteen
seventyfive seventyfive
onehunseventeen onehunseventeen
fifteen fifteen
seventyseven seventyseven
onehuneighteen onehuneighteen
seventynine seventynine
sixteen sixteen
three three
eightytwo eightytwo eightythree
eightyfour eightyfour
twentyfive twentyfive
onehunnineteen onehunnineteen
seventeen seventeen
eightyseven eightyseven
onehuntwentythree onehuntwentythree onehuntwentyfour
onehuntwentyone onehuntwentyone
onehunone onehunone
ninetynine ninetynine
ninetyeight ninetyeight
onehuntwentysix onehuntwentysix
twenty twenty
onehunfortysix onehunfortyfive onehunfortysix
onehunfortyfour onehunfortyfour
onehunfortythree onehunfortythree
onehunthirty onehunthirty
twentysix twentysix
twentynine twentynine
onehunfiftyfour onehunfiftyfour
onehunfiftyseven onehunfiftyseven
onehunfifty onehunfortynine onehunfifty
onehunsixty onehunsixty
onehunsixtyone onehunsixtyone
onehuntwentyeight onehuntwentyeight onehuntwentyseven
six six
onehunsixtyfour onehunsixtythree onehunsixtyfour
onehunsixtyfive onehunsixtyfive
onehunsixtysix onehunsixtysix
onehunfiftynine onehunfiftynine
onehunthirtyfive onehunthirtyfive
onehunsixtynine onehunsixtynine onehunseventy
onehuneight onehuneight
onehunseventyone onehunseventyone
thirtythree thirtythree
onehunseventythree onehunseventythree
onehunseventyfive onehunseventyfive
twentyseven twentyseven
thirtyfour thirtyfour
onehunseventyfour onehunseventyfour
onehuneightyfour onehuneightyfour
onehunseventysix onehunseventysix
onehunseventyeight onehunseventyeight
onehuneightytwo onehuneightytwo
onehuneighty onehuneighty
onehuneightyone onehuneightyone
onehuneightyseven onehuneightyseven
thirtyseven thirtyseven
thirtyeight thirtyeight
onehunforty onehunforty
onehunninetyone onehunninety onehunninetyone
onehunninetytwo onehunninetytwo
onehunninetythree onehunninetythree onehunninetyfour
