0 20 79 12 36 86 15 150 92 182 70 59 89 83 98 90 28 84 121 9 194 94 82 113 11 85 144 43 29 75 62 34 176 45 176 66 2 46 48 179 4 31 5 173 63 13 17 33 78 6 51 183 44 87 47 67 54 16 96 100 24 56 65 21 52 71 58 81 18 39 184 7 76 97 27 97 55 30 41 69 163 22 72 68 180 23 180 68 37 26 93 50 153 19 80 130 64 73 122 95 3 88 10 61 25 38 14 188 77 49 1 91 40 57 8 35 42 99 32 53 20 0
97
80 80
4 4
50 50
51 51
19 19
54 54
81 81
94 94
33 33
98 98
69 69
96 96
57 57
77 77
88 88
46 46
27 27
65 65
55 55
76 60 76
13 13
78 78
92 92
95 95
45 45
25 25
39 39
5 5
63 63
91 91
49 49
47 47
36 36
70 70
82 82
73 73
26 26
22 22
66 66
21 21
35 35
31 31
72 72
15 15
24 24
64 64
20 20
17 17
38 38
11 11
23 23
8 8
16 16
12 12
34 34
37 37
85 85
0 0
89 89
32 32
93 93
62 62
10 10
44 44
29 29
71 71
52 74 52
58 58
42 42
53 53
67 67
2 2
43 43
41 41
48 48
14 14
30 30
6 6
75 75
90 90
86 86
61 61
99 99
59 59
1 1
7 7
28 84 28
83 83
9 9
79 79
97 97
40 40
68 68
87 87
56 56
3 3
18 18
