0 3 117 191 140 104 65 114 181 114 182 114 183 114 184 114 185 114 180 109 45 95 100 123 100 122 100 121 100 120 100 95 45 109 167 109 166 109 165 109 163 109 162 109 161 109 164 142 150 106 149 106 148 106 147 106 154 175 112 174 112 173 112 172 112 177 112 176 112 116 190 116 189 116 188 116 103 137 103 136 103 135 103 134 103 21 105 146 105 145 105 144 105 143 105 141 105 33 68 101 130 101 129 101 128 101 127 101 126 101 124 101 125 36 98 118 195 118 196 118 194 108 115 187 115 186 115 108 160 108 159 108 157 108 156 108 158 153 106 152 106 151 106 7 119 199 119 198 119 197 119 171 90 4 107 155 107 2 102 133 102 131 102 132 12 113 78 110 168 110 169 110 170 110 78 113 179 113 178 138 104 139 104 140 191 117 193 117 192 117 3 0
79
127 127
124 124
125 125
120 120
123 123
121 121
126 126
122 122
129 129
130 130
131 131
132 132
133 133
134 134
135 135
136 136
137 137
138 138
139 139
128 128
142 142
143 143
144 144
145 145
146 146
147 147
148 148
149 149
150 150
151 151
152 152
153 153
154 154
155 155
156 156
157 157
158 158
159 159
160 160
161 161
162 162
163 163
164 164
165 165
166 166
167 167
168 168
169 169
170 170
171 171
172 172
173 173
174 174
175 175
176 176
177 177
178 178
179 179
180 180
181 181
182 182
183 183
184 184
185 185
186 186
187 187
188 188
189 189
190 190
191 140 191
192 192
193 193
194 194
195 195
196 196
197 197
198 198
199 199
141 141
