Afghanistan Albania Algeria Andorra Angola Antigu Argentina Armenia Australia Austria Austrian Azerbaijan Baden Bahrain Bangladesh Barbados Bavaria Belarus Belgium Belize Benin Bolivia Bosnia Botswana Brazil Brunei Brunswick Bulgaria Burkina Burma Burundi Cabo Cambodia Cameroon Canada Chad Chile China Colombia Comoros Costarica CotedIvoire Croatia Cuba Cyprus Czechi Czechoslovakia Congo Denmark Djibouti Dominica Dominicanrepublic Ecuador Egypt ElSalvador EquatorialGuinea Eritrea Estonia Eswatini Ethiopia Fiji Finland France Gabon Georgia Germany Ghana Greece Grenada Guatemala Guinea GuineaBissau Guyana Haiti Hanover HanseaticRepublics Hawaii Hesse HolySee Honduras Hungary Iceland India Indonesia Iran Iraq Ireland Israel Italy Jamaica Japan Jordan Kazakhstan Kenya Kiribati Korea Kosovo Kuwait Kyrgyzstan Laos Afghanistan
100
Afghanistan Afghanistan
Algeria Algeria
Andorra Andorra
Australia Australia
Austria Austria
Austrian Austrian
Azerbaijan Azerbaijan
Baden Baden
Bahrain Bahrain
Bangladesh Bangladesh
Barbados Barbados
Bavaria Bavaria
Belarus Belarus
CotedIvoire CotedIvoire
Croatia Croatia
Cuba Cuba
Cyprus Cyprus
Czechi Czechi
Czechoslovakia Czechoslovakia
Congo Congo
Denmark Denmark
Djibouti Djibouti
Dominica Dominica
Dominicanrepublic Dominicanrepublic
Ecuador Ecuador
Egypt Egypt
ElSalvador ElSalvador
EquatorialGuinea EquatorialGuinea
Eritrea Eritrea
Estonia Estonia
Eswatini Eswatini
Ethiopia Ethiopia
Fiji Fiji
Finland Finland
France France
Gabon Gabon
Georgia Georgia
Germany Germany
Ghana Ghana
Greece Greece
Grenada Grenada
Guatemala Guatemala
Guinea Guinea
GuineaBissau GuineaBissau
Guyana Guyana
Haiti Haiti
Hanover Hanover
HanseaticRepublics HanseaticRepublics
Hawaii Hawaii
Hesse Hesse
HolySee HolySee
Honduras Honduras
Hungary Hungary
Iceland Iceland
India India
Indonesia Indonesia
Iran Iran
Iraq Iraq
Ireland Ireland
Israel Israel
Italy Italy
Jamaica Jamaica
Japan Japan
Jordan Jordan
Kenya Kenya
Kiribati Kiribati
Korea Korea
Kosovo Kosovo
Belgium Belgium
Kazakhstan Kazakhstan
Brazil Brazil
Bolivia Bolivia
Belize Belize
Angola Angola
Kuwait Kuwait
Kyrgyzstan Kyrgyzstan
Laos Laos
Benin Benin
Bosnia Bosnia
Botswana Botswana
Brunei Brunei
Brunswick Brunswick
Antigu Antigu
Burma Burma
Burundi Burundi
Cabo Cabo
Argentina Argentina
Albania Albania
Cambodia Cambodia
Cameroon Cameroon
Bulgaria Bulgaria
Canada Canada
Chad Chad
Armenia Armenia
Chile Chile
China China
Burkina Burkina
Colombia Colombia
Comoros Comoros
Costarica Costarica
