Afghanistan Albania Algeria Andorra Angola Antigu Argentina Armenia Australia Austria Austrian Azerbaijan Baden Bahrain Bangladesh Barbados Bavaria Belarus Belgium Belize Benin Bolivia Bosnia Botswana Brazil Brunei Brunswick Bulgaria Burkina Burma Burundi Cabo Cambodia Cameroon Canada Chad Chile China Colombia Comoros Costarica CotedIvoire Croatia Cuba Cyprus Czechi Czechoslovakia Congo Denmark Djibouti Afghanistan
50
Afghanistan Afghanistan
Albania Albania
Angola Angola
Antigu Antigu
Argentina Argentina
Armenia Armenia
Austrian Austrian
Bolivia Bolivia
Bosnia Bosnia
Botswana Botswana
Brazil Brazil
Brunei Brunei
Brunswick Brunswick
Bulgaria Bulgaria
Burkina Burkina
Burma Burma
Burundi Burundi
Cabo Cabo
Cambodia Cambodia
Cameroon Cameroon
Canada Canada
Chad Chad
Chile Chile
China China
Colombia Colombia
Comoros Comoros
Costarica Costarica
CotedIvoire CotedIvoire
Czechoslovakia Czechoslovakia
Australia Australia
Croatia Croatia
Cuba Cuba
Cyprus Cyprus
Czechi Czechi
Austria Austria
Congo Congo
Denmark Denmark
Djibouti Djibouti
Baden Baden
Azerbaijan Azerbaijan
Algeria Algeria
Bangladesh Bangladesh
Bahrain Bahrain
Barbados Barbados
Bavaria Bavaria
Andorra Andorra
Belarus Belarus
Belgium Belgium
Belize Belize
Benin Benin
