equinox band union fibre wilderness prejudice novel corpse mastermind tropical muggy farewell dollar disposition lamb referee explicit secretary photograph hiccup flow slice orange analyst remark brick fish bark aisle houseplant seller paint essential jurisdiction uncertainty glove funeral chain presidential dry twitch method clothes equinox
43
houseplant houseplant
lamb lamb
aisle aisle
novel novel
photograph photograph
farewell farewell
explicit explicit
slice slice
band band
essential essential
seller seller
fish fish
orange orange
clothes clothes
prejudice prejudice
union union
fibre fibre
presidential presidential
chain chain
brick brick
mastermind mastermind
equinox equinox
analyst analyst
dry dry
twitch twitch
funeral funeral
remark remark
method method
jurisdiction jurisdiction
dollar dollar
corpse corpse
bark bark
referee referee
hiccup hiccup
glove glove
tropical tropical
disposition disposition
muggy muggy
paint paint
secretary secretary
uncertainty uncertainty
flow flow
wilderness wilderness
