pump need preoccupation leadership rock valley linger impound formulate sweet pray row aspect tip feign sit pursuit nominate pedestrian prospect parallel range sentiment packet ground forest polish hallway title performance depressed privilege gloom lot appearance admiration attractive lemon ensure float unanimous plug physical wage diagram ghost park distributor exercise literature fairy minor judicial reject survival overlook freedom innovation hierarchy affect mud category engineer consideration line sacrifice wear brain separate sticky button guideline descent pipe anger mouse reflection pump
77
row row
float float
tip tip
mouse mouse
park park
minor minor
admiration admiration
diagram diagram
ghost ghost
overlook overlook
descent descent
button button
prospect prospect
affect affect
need need
pump pump
privilege privilege
sacrifice sacrifice
pedestrian genetic pedestrian
aspect aspect
survival survival
parallel parallel
mud mud
plug plug
sit sit
ensure ensure
packet packet
category category
consideration consideration
distributor distributor
line line
literature literature
gloom gloom
anger anger
lot lot
physical physical
nominate nominate
ground ground
leadership leadership
innovation innovation
preoccupation preoccupation
exercise exercise
pipe pipe
sentiment sentiment
pursuit pursuit
hierarchy hierarchy
wage wage
judicial judicial
linger linger
depressed depressed
lemon lemon
attractive attractive
separate separate
valley valley
appearance appearance
title title
hallway hallway
sweet sweet
reject reject
pray pray
engineer engineer
polish polish
impound impound
reflection reflection
range range
rock rock
brain brain
unanimous unanimous
freedom freedom
feign feign
wear wear
guideline guideline
sticky sticky
forest forest
performance performance
fairy fairy
formulate formulate
