paint wooden stink same ice blade rake inherit desire ray glamorous determine complain learning ambiguous indicate imported thumb floor diligent measure nutty finish route slam paint
25
floor floor
nutty nutty
imported imported
paint paint
glamorous glamorous
desire desire
thumb thumb
ice ice
ambiguous ambiguous
finish finish
same same
indicate indicate
measure measure
slam slam
ray ray
diligent diligent
route route
rake rake
complain complain
learning learning
stink stink
wooden wooden
determine determine
blade blade
inherit inherit
