7FD578 853F1A 1176C9 853F1A 01684B 1EE680 2E60FC 1BD5F4 CE97C4 877D0E 283373 3E0BDD 2C376F E5D023 9B7F16 B40756 981760 719360 19E454 61D740 4BCD0B F4C859 66B94B EEEA40 9F01C8 9A65B7 7CDA20 7FD578
22
9F01C8 9F01C8
9A65B7 A085DD
9B7F16 9B7F16 6CAF19
66B94B 66B94B
2C376F 2C376F
01684B 859C0E 01684B
7FD578 1AC5CE
61D740 61D740
1176C9 1176C9
3E0BDD 3E0BDD
7CDA20 6C7BF0
981760 FF39A5 981760
EEEA40 EEEA40
4BCD0B 7B7BDE
E5D023 E5D023
B40756 B40756
719360 E27C41
2E60FC 2E60FC
877D0E 877D0E
F4C859 F4C859
1EE680 1EE680
1BD5F4 1BD5F4
