F1E81B 813B05 6B644E 6CAF46 685D1A 6CAF46 B7F75A EC4D08 E0BEFC 28F6D1 E0BEFC 82A1F6 CC6D2A 2BF7B5 10520F C3EF62 10520F 086D53 4A5708 086D53 F33196 086D53 61199E 9A8DF4 6B4619 CC9C14 6B4619 191510 305D33 191510 2FEDFB 2CCB19 B69F55 1F842B 7E78F3 0C73D8 E81014 0C73D8 86493E 4B3F8A 230A7C 85D6DB 7D997B E51A66 7D997B 596CF6 EB8E2E 14994D 4B97F1 EE2A22 462226 396D53 462226 EE2A22 59843B DE6899 BDE94D 239994 8EBF8A 1D21D3 AE4A01 6966D7 1111F7 6B340B A9F1B8 52C88C A9F1B8 24743A 5C7062 4CAD30 7E1C6C 1B337D C45E71 4A28BA C45E71 6B622D 5F4E43 A014A0 D8AAF4 8F17C0 151BC9 825EC5 BA3320 90451D CEAC59 1EC224 293D59 1EC224 4099A6 1EC224 C4303B 1EC224 5BB557 846159 6D51F4 846159 20EAE7 ABD8FE 783751 D2BE39 490F1E 77A0B5 94A561 112AE7 BB4908 E5E6C0 C9AF85 9096DB 36590B 66048A 04439C BB40E6 205E5C DCE144 AEFF96 36C862 7829D7 CF668A 614224 FFEEBD 2595F1 8B6C2F 2595F1 8B519F C953A6 5D0E2E 6E313C B47658 D6CC7A 93EBE3 8015E0 29D5D7 E33276 B23A80 8BFCAC 612FAA 124C90 D4A75D 14B430 E80628 13A782 8F495E 0CBC31 E3C2C9 3B4B53 D1967A 851F90 2334E8 573788 FFFD4B 17779E 770D1A 5FD658 6C010A 1E1095 DD07FF 002274 C3B3E7 002274 D337F2 002274 0F5860 47FACD F1E81B
96
614224 614224
3B4B53 3B4B53
124C90 124C90
5F4E43 5F4E43
4CAD30 4CAD30
DE6899 DE6899
17779E 17779E
AEFF96 AEFF96
596CF6 596CF6
1F842B 1F842B
8BFCAC 8BFCAC
C3B3E7 C3B3E7
6B622D 6B622D
770D1A 8417C8 770D1A
2FEDFB 2FEDFB
20EAE7 20EAE7
5C7062 5C7062
E81014 E81014
396D53 396D53
C3EF62 C3EF62
8F17C0 8F17C0
CEAC59 CEAC59
8B519F 8B519F
E5E6C0 E5E6C0
293D59 293D59
F33196 F33196
2CCB19 2CCB19
8015E0 8015E0
14B430 14B430
239994 239994
7E78F3 7E78F3
4099A6 4099A6
C4303B C4303B
B69F55 B69F55
AE4A01 AE4A01
90451D 90451D
29D5D7 29D5D7
6D51F4 6D51F4
F1E81B F1E81B
6B340B 6B340B
230A7C 230A7C
36C862 36C862
B7F75A B7F75A
86493E 86493E
4A28BA 4A28BA
2BF7B5 2BF7B5
7829D7 7829D7
8B6C2F 8B6C2F
E3C2C9 E3C2C9
305D33 305D33
14994D 14994D
8EBF8A 8EBF8A
0F5860 0F5860
85D6DB 63361A 85D6DB
DCE144 DCE144
BB4908 BB4908 C18C9B
685D1A 685D1A
573788 573788
D1967A D1967A
93EBE3 93EBE3
5BB557 5BB557
B47658 B47658
66048A 66048A
151BC9 151BC9
52C88C 52C88C
813B05 813B05
4B97F1 4B97F1
7E1C6C 7E1C6C
D337F2 D337F2
8F495E 8F495E
E51A66 E51A66
783751 783751
6966D7 6966D7
1E1095 1E1095
C9AF85 C9AF85
28F6D1 28F6D1
FFFD4B FFFD4B
36590B 36590B
ABD8FE ABD8FE
61199E 61199E
D4A75D D4A75D
FFEEBD FFEEBD
9096DB 9096DB
E80628 E80628
BB40E6 BB40E6
59843B 59843B
47FACD 47FACD
490F1E 490F1E
94A561 94A561
CC9C14 A1F104 CC9C14
77A0B5 77A0B5
4A5708 4A5708
851F90 851F90
0CBC31 0CBC31
6E313C 6E313C
D6CC7A D6CC7A
