188645 0FB66D FA567E EDC0CA E954F7 0D7DE7 657F93 B7B073 A7E9D9 825884 35FF16 A5CCB5 DBDC9A 94D700 3ADA02 61EDA9 35F60D 2C101C E0E349 B3243F 628AB2 B3243F 1276AF 0801CC D443EB 8D0852 37F745 7BF2B5 784F83 AE6906 AD298D DD2694 410DA1 70146D 29B2A4 EC05F7 D27DC1 6D778A 36D08C 567883 0FBCDC 7E5598 C0766C 188645
34
A7E9D9 A7E9D9
188645 188645
E954F7 E954F7
C0766C 07D80A
DD2694 DD2694
DBDC9A DBDC9A 994F93
628AB2 D04F40 628AB2
7BF2B5 D01E6B
3ADA02 D5356A 3ADA02
35FF16 800641 500783 84EBFF
D443EB D443EB D7CAF9
37F745 37F745
61EDA9 E09D29
94D700 94D700
7E5598 AFF8D1 3B1041
FA567E B833F0 9B9BDD
0801CC 9B0EC2 19FFAB
29B2A4 724A76 29B2A4
70146D 7E18E9
0D7DE7 467AB7
1276AF 1276AF
784F83 FF8D45 784F83
6D778A 6D778A
825884 48C2D5
A5CCB5 A5CCB5
0FBCDC 0FBCDC 0A5C0E
EC05F7 FD1783 539A92
567883 44716B C98FE7
B7B073 B7B073
2C101C CB09C0 2C101C
EDC0CA EF4D57
35F60D AA8E14 4FBDE1
8D0852 8D0852
0FB66D 0FB66D
