context bedroom farmer store anxiety thanks currency wood bit care attempt fat interaction road construction aspect teaching bread satisfaction reality departure while state ability soil context
25
currency currency
context context
bit bit
teaching teaching
bedroom bedroom
interaction interaction
satisfaction satisfaction
reality reality
state state
departure departure
wood wood
road road
ability ability
attempt attempt
while while
bread bread
soil soil
fat fat
thanks thanks
store store
farmer farmer
anxiety anxiety
construction construction
aspect aspect
care care
