maintenance future reputation description income obligation cause style rate object rock population average beer selection account context focus wife competition driver sister woman complaint photo resolution economy sign church volume chest career depression version philosophy role salad day difficulty war contract movie inspection feature property action marketing price bread example maintenance
50
maintenance maintenance
future future
war war
depression depression
philosophy philosophy
version version
marketing marketing
contract contract
difficulty difficulty
action action
volume volume
price price
movie movie
salad salad
inspection inspection
obligation obligation
sign sign
bread bread
career career
feature feature
property property
church church
selection selection
day day
account account
wife wife
reputation reputation
chest chest
average average
rate rate
competition competition
economy economy
driver driver
beer beer
cause cause
description description
example example
object object
role role
sister sister
population population
income income
woman woman
context context
complaint complaint
rock rock
photo photo
resolution resolution
focus focus
style style
