engine menu error space teaching step war difficulty buyer education variation understanding sympathy member age reputation significance situation temperature police emphasis flight politics business girl interaction song dealer preparation area office light delivery card mind speech secretary energy series grandmother tool engineering failure class source departure performance editor ratio analyst singer town fact birth section answer time idea volume bus money clothes ear view aspect worker piano drawing side country machine two satisfaction choice figure tooth director sport beer accident beginning moment data tension tax meal eye dirt material problem standard teacher funeral drawer promotion measurement chapter model leadership process engine
100
engine engine
age age
process process
business business
preparation preparation
significance significance
satisfaction satisfaction
clothes clothes
sport sport
mind mind
grandmother grandmother
speech speech
office office
light light
series series
side side
area area
engineering engineering
secretary secretary
energy energy
director director
promotion promotion
reputation reputation
tool tool
leadership leadership
eye eye
failure failure
flight flight
teacher teacher
interaction interaction
aspect aspect
standard standard
funeral funeral
problem problem
model model
moment moment
chapter chapter
tax tax
accident accident
dealer dealer
dirt dirt
meal meal
police police
data data
tooth tooth
beginning beginning
material material
drawer drawer
tension tension
delivery delivery
machine machine
figure figure
beer beer
worker worker
bus bus
idea idea
menu menu
ratio ratio
town town
temperature temperature
fact fact
situation situation
birth birth
singer singer
view view
answer answer
ear ear
two two
girl girl
analyst analyst
education education
departure departure
drawing drawing
politics politics
source source
buyer buyer
piano piano
choice choice
war war
variation variation
editor editor
money money
time time
measurement measurement
emphasis emphasis
space space
sympathy sympathy
understanding understanding
performance performance
error error
difficulty difficulty
volume volume
country country
member member
card card
song song
section section
step step
teaching teaching
class class
