S Q AX K CL CB CW AN BW J BP E AZ I BV C CA B W BK T R AP M CN AW BI V AH AB BS AN CR N CD G BQ Q CP H CK AC BU F CM A BL D CV O U L AF P AT CT Z AY Y BR X AI S
60
A A
B B AR BD
C C BG AU
D CF D AM
E E
F F
G G
H H
I I
J J AQ AS
K K
L L
M M
N N
O O
P P
Q AG BM AK BT AO BX Q CE BA BB BC CJ CQ AA BH BJ AE
R R
S S
T T
U U
V V
W W
X X
Y Y
Z Z
AB AB
AC AC
AF AF
AH AH
AI AI
AN BN BO AJ AL AN BY AV CH CI BE CO AD
AP AP
AT AT
AW CU BZ AW CC BF CS
AX AX
AY AY
AZ AZ
BI BI
BK BK
BL BL
BP BP
BQ BQ
BR BR
BS BS
BU BU
BV BV
BW BW
CA CA
CB CB
CD CD
CK CK
CL CL
CM CM
CN CN
CP CP
CR CR
CT CT
CV CV
CW CW
