a1 a2 a3 a4 a8 a9 a13 a12 a11 a27 a43 a44 a45 a41 a40 a36 a37 a33 a32 a28 a29 a25 a24 a20 a21 a22 a38 a54 a53 a52 a56 a57 a61 a60 a64 a65 a69 a68 a72 a73 a77 a76 a80 a81 a85 a84 a88 a89 a93 a94 a93 a92 a96 a1
37
a1 a1
a27 a27 a91 a59 a75
a28 a28
a29 a30
a21 a17
a22 a22 a86 a70 a6
a25 a25
a54 a54
a12 a12
a3 a3
a57 a57
a53 a49
a36 a35 a36
a11 a11
a52 a51 a52
a33 a33
a60 a60
a45 a46
a38 a38
a44 a44
a43 a43
a41 a41
a9 a9
a61 a62
a13 a14
a73 a73
a76 a76
a77 a78
a81 a81
a68 a67 a68
a65 a65
a4 a4
a84 a83 a84
a20 a19 a20
a89 a89
a92 a92
a94 a94
