Wheeler Doe Campanile LeConte Birge Campbell Haviland Memorial Haviland Wellman RSF Koshland Stonefire Haas Faculty FSM Baker McCone BigC Pavilion Simons Koja Simons Pavilion BigC McCone Baker FSM Faculty Unit1 HearstAnnex Anthony GBC WayWest Cloyne Cafe3 Hearst Davis Kresge Normandy Cheit Soda Sather Soda Moffitt VLSB Etcheverry Latimer Stanley Foothill Stanley Latimer Evans Morrison Hertz Kroeber Lewis Greek Bechtel Greek Morrison Evans Wheeler
25
Bechtel Jacobs Bechtel
Foothill Foothill
Birge Birge
Morrison Morrison
Wheeler Sproul Dwinelle
VLSB Moffitt
HearstAnnex Moses
RSF RSF
Haas Hargrove Haas
Memorial IHouse McLaughlin
Kroeber Kroeber Boalt
Etcheverry Etcheverry
Anthony Anthony
Sather Martinez Barker Unit3 OCF
Cheit Cheit
WayWest Warren Metropolitan
Cloyne Cloyne
Davis Davis
Hearst Hearst
McCone CKerr
Baker Fiji Baker
Stonefire Stonefire
Pavilion PeoplePark
Simons Unit2
Koja TriDelta Legends
