Bowles Calvin Bowles LaVals Bowles Mulford Latimer Edwards Latimer MLK Rochdale MLK Hearst Jacob Hertz CVStarr Unit3 CKerr Unit3 CVStarr Hertz Jacob TopDog Fenwick Barker Fenwick TopDog Starbucks Chipotle Starbucks TopDog GammaPhiBeta TopDog Jacob Foothill Haviland Morgan Haviland Foothill Dwinelle HearstAnnex Dwinelle Haas Crossroads Lawrence UCTheatre Lawrence Crossroads Haas Dwinelle Foothill Davis Hildebrand Davis Browns Davis Foothill Jacob Evan Blackwell Evan SigmaPhiOmega BearFoodCourt Hargrove MemorialStadium Campbell Stanley LeConte RSF LeConte Campanile Bongo Campanile Wurster McCone Spats Stonefire PiLambda Stonefire Spats McCone Wurster Campanile LeConte VLSB Boalt Kresge Gregoire Kah Sutardja Wellman Moses Pimentel Stacks Pimentel Moses RareTea Gypsys RareTea Moses Greek Unit2 Wolf StrawberryCreek Wilde Bechtel Baker Strada Baker Bechtel Minor Memorial Maxwell Memorial Minor Bechtel Birge Bowles
47
Evan Evan Cloyne
Bechtel Extension
Foothill Unit1 Foothill
Campbell Koshland Campbell Doe
Birge Birge
Campanile Campanile
Moses Moses
VLSB VLSB NorthGate ALS
Wellman Wellman
Mulford Crescent Mulford
HearstAnnex Lothlorien HearstAnnex
RSF RSF
Haas Pavilion Haas
Boalt Boalt
Wurster Wurster Zellerbach
Blackwell GenPlantBio Blackwell
Memorial AlphaSigmaPhi TacoBell
Greek Greek Safeway
Maxwell Barrows Maxwell
Calvin Calvin Etcheverry Graduate
Sutardja Sutardja
Kresge Kresge PeoplesPark Castro
Hildebrand YogurtPark Hildebrand
Morgan Morgan Martinez
Baker Baker Simons Daiso
Unit2 Unit2 IndianRock
Unit3 Unit3
CKerr WayWest Ridge CKerr
Stacks Sherman Stacks
LaVals LaVals
Bongo ShengKee Bongo Cheeseboard
Strada Strada RoseGarden
Edwards Easterly Edwards
Crossroads Crossroads
Browns Browns
Gypsys Gypsys
Rochdale Rochdale
Wilde Wilde
Wolf Wolf
Spats Spats
Chipotle Chipotle MFoundry
UCTheatre UCTheatre NCEM
StrawberryCreek StrawberryCreek
Barker Barker
BearFoodCourt BearFoodCourt
GammaPhiBeta GammaPhiBeta
PiLambda PiLambda PiAlphaPhi
