0 17 68 17 77 17 5 65 70 24 25 7 64 72 64 35 31 53 89 31 57 3 75 29 3 4 96 11 58 11 55 20 10 81 90 86 0 100 105 100 107 151 107 153 107 152 107 100 106 100 104 100 102 100 103 127 103 130 103 128 103 100 101 111 178 111 177 111 101 110 175 110 173 110 171 110 172 110 169 110 168 110 101 112 101 115 194 115 196 115 101 109 101 113 101 108 158 108 156 108 160 108 154 108 101 100 0
55
3 56 51
4 4 14 49 87 63
5 42 5
7 7
10 99 10 83
17 17 66 13
20 43 20
24 24
25 25 59
29 29
35 35 31
53 53
55 55
57 57 21
58 58
65 65
68 44 68
70 70
72 72
75 18 75 28 54
77 77 22
81 81 82
86 62 98 85 86
89 89 1 26
90 90
96 96
100 100
101 101 117 198
102 102 118 121 123 124
104 104 136
105 105 138
106 106 142 144 145 146 147 149
109 109 167
112 112 179 180 182
113 113 188 189
127 127
128 128
130 130
151 151
152 152
153 153
154 154
156 156
158 158
160 160
168 168
169 169
171 171
172 172
173 173
175 175
177 177
178 178
194 194
196 196
