86 120 186 26 180 1 81 157 81 104 24 168 189 168 24 104 98 173 98 91 136 89 115 97 127 87 161 163 161 184 151 80 194 80 151 17 151 192 43 185 23 66 55 132 167 65 146 65 167 140 147 113 111 129 111 159 32 139 47 41 47 20 82 20 38 102 22 68 35 68 90 68 100 182 96 174 96 182 92 133 36 133 152 133 116 78 148 95 150 86 125 49 122 40 149 12 123 12 138 62 156 39 177 39 172 56 172 131 196 186 73 58 28 58 93 190 64 103 117 70 175 32 126 37 84 88 27 88 199 42 76 78 198 108 44 108 94 127 72 95 57 70 107 61 69 61 51 61 79 137 79 21 79 30 61 48 143 6 143 181 9 110 9 13 109 145 63 74 63 75 171 54 114 52 114 105 114 8 78 14 78 71 67 2 171 10 131 5 3 19 180 45 180 53 115 101 180 106 180 154 142 4 179 4 183 25 153 25 158 147 169 86
99
1 1
45 45
48 48
44 44
41 41
107 107
10 10
125 125
113 113
57 57
56 56
51 51
52 52
53 53
54 54
3 11
66 66
64 64
14 14
13 13
105 105
117 117
116 116
75 75
69 69
73 73
71 71
72 72
82 82
74 74
84 84
76 76
26 26
17 17
120 120
91 91
92 92
106 106
94 94
90 90
87 87
97 97
89 89
19 19
93 93
22 22
5 5
122 122
101 101
100 100
21 21
123 123
126 126
132 132
131 121 160
145 145
146 146
27 27
148 148
149 149
150 150
6 6
30 30
157 157
154 154
152 152
153 153
129 129
156 156
2 2
158 158
159 159
163 163
173 173
174 174
175 175
169 169
28 28
179 179
137 137
181 181
35 35
183 183
184 184
185 185
177 177
36 36
138 138
189 189
140 140
8 8
139 139
110 110
38 38
192 192
194 194
196 196
198 198
199 199
