110 77 195 99 67 15 163 132 91 145 190 122 127 3 138 55 39 171 11 176 13 142 38 159 81 124 168 44 72 100 60 66 182 85 87 192 41 25 98 189 178 148 74 172 92 169 54 47 45 73 76 94 30 40 170 14 193 123 43 101 121 131 6 140 51 141 18 83 5 161 70 19 165 22 52 53 96 50 56 64 175 1 36 79 149 126 147 107 0 154 29 28 185 103 199 152 26 110
95
0 0
44 44
45 45
43 43
47 47
41 41 20
22 22
110 110
124 124
56 56
55 55
51 51
50 50
52 52
53 53
54 54
11 11
67 67
66 66
60 60
64 64
72 72
74 74
13 160 13
76 76
14 14
73 73
83 83
15 15
85 85
77 77
79 79
81 81
3 3
91 91
92 92
25 25
87 87
18 18
123 123
101 101
94 94
121 121
96 96
19 19
98 98
126 126
99 99 181
100 100
122 122
148 148
149 149
145 145
26 90 26
152 152
5 5
154 154
29 29
147 147
131 131
132 132
30 30
6 6
163 163
1 1
161 161
159 159
169 169 197
171 171
168 168
165 165
107 107
170 170
127 127
172 172
182 182
176 176
175 175
178 178
138 138
103 103
190 190
36 36
192 192
193 193
195 195
189 189
140 140
28 28
38 38
39 39
40 40
141 141
142 142
199 199
