1 3 13 16 47 6 151 137 130 159 95 144 101 74 189 88 57 61 68 184 171 136 162 143 60 174 167 150 140 131 176 182 156 157 129 111 85 106 58 56 70 81 51 126 110 141 165 164 89 97 138 116 169 193 103 99 200 198 20 49 31 21 33 36 75 87 8 26 27 86 161 124 127 92 102 177 10 84 42 34 55 35 50 77 41 9 37 44 2 83 80 69 59 82 53 139 133 1
97
1 1
2 2
111 111
42 42
41 41
47 47
9 9
49 49
50 50
51 51
44 44
10 10
103 103
59 59
60 60
61 61
53 53
57 57
55 55
56 56
3 3
58 58
13 13
116 116
70 70
74 74
75 75
68 68
77 77
69 69
16 16
80 80
83 83
126 126
85 85
86 86
88 88
81 81
82 82
84 84
26 26
106 106
87 87
97 97
89 89
92 92
102 102
124 124
95 95
20 20
127 127
101 101
99 99
21 21
144 144
143 143
151 151
131 131
27 27
6 6
150 150
156 156
133 133
31 31
162 162
129 129
165 165
157 157
167 167
159 159
169 169
161 161
33 33
164 164
34 34
177 177
136 136
174 174
171 171
35 35
182 182
137 137
184 184
176 176
138 138
36 36
130 130
139 139
8 8
37 37
189 189
110 110
140 140
141 141
193 193
198 198
200 200
