0 50 51 50 65 64 62 66 67 63 59 70 68 57 58 56 58 55 58 57 68 70 71 80 85 87 88 91 88 86 92 86 88 87 85 80 79 73 77 73 74 76 74 73 79 80 84 83 97 94 98 94 97 83 84 80 72 80 71 70 59 60 59 63 61 54 61 63 67 66 62 64 53 64 65 50 100 150 151 150 199 198 194 197 183 184 180 172 180 179 173 174 176 174 173 177 173 179 180 185 187 188 186 192 186 188 191 188 187 185 180 171 170 168 157 158 155 158 156 158 157 168 170 159 160 159 163 161 154 161 163 167 166 162 164 153 164 165 150 100 101 100 115 114 112 116 117 113 111 104 111 113 109 110 109 120 121 130 122 130 134 133 147 144 148 144 147 133 134 130 129 123 124 126 124 123 127 123 129 130 135 137 138 136 142 136 138 141 138 137 135 130 121 120 118 107 108 105 108 106 108 107 118 120 109 113 117 116 112 114 103 114 115 100 50 0 15 14 12 16 17 13 9 20 18 7 8 6 8 5 8 7 18 20 21 30 35 37 38 41 38 36 42 36 38 37 35 30 29 23 27 23 24 26 24 23 29 30 34 33 47 44 48 44 47 33 34 30 22 30 21 20 9 10 9 13 11 4 11 13 17 16 12 14 3 14 15 0
69
0 1
44 44
47 47
42 42 46
41 40 41
110 110
22 22
106 106
124 124
48 48 49
51 51
10 10
53 52 53
54 54
55 55
56 56
60 60
104 104
72 72
74 74
77 77
76 75 76
83 83
3 2 3
105 105
94 94
86 86
92 96 92
97 97
91 90 91
24 24
4 4
98 98 99
126 125 126
101 101
122 122
144 144
142 146 142
147 147
141 140 141
26 25 26
5 5
148 148 149
151 151
156 156
153 152 153
154 154
155 155
6 6
133 133
160 160
33 33
27 27
174 174
127 127
172 172
136 136
177 177
176 176 175
183 183
103 102 103
36 36
186 186
191 190 191
198 198
199 199
192 192 196
194 194
197 197
