31 74 42 77 148 83 90 155 47 121 114 48 99 156 140 45 94 149 82 152 88 9 28 80 4 108 67 160 7 68 86 22 103 27 49 147 78 106 123 117 66 14 115 81 13 131 119 141 20 34 30 6 58 32 134 138 110 60 69 38 64 35 125 89 57 29 105 33 120 12 137 186 199 179 180 191 197 171 169 195 184 170 198 173 164 188 168 175 196 167 46 52 128 146 112 107 31
95
4 4
49 49
42 42
9 9
107 107
48 48
45 21 45
46 46
47 47
112 112
125 125 151
60 60
52 52
58 58
57 57
115 115
12 12
103 103
114 114
105 105
69 69
68 68
13 13
67 67
64 64
66 66
14 14
74 74
81 81
117 117
80 80
77 77 127
78 78
119 119
82 82
83 83
120 120
106 106
86 86
90 90
88 88
89 89
121 121
99 99
94 94
22 22
20 20
123 123
146 146
147 147 93
131 131
30 30
27 27
6 6
148 148
149 149
156 156
160 160
152 152
155 143
134 134
164 164
32 32
7 7
168 168
169 169
170 170
171 171
33 33
173 173
167 167
175 175
108 108
34 34
28 28
128 65 128
35 35
137 137
179 179
186 186
138 138
188 188
180 180
184 184
191 191
140 140
110 110
38 38
29 29
141 141
195 195
196 196
197 197
198 198
199 199
