state purple controversial mortgagor begot mortgagor knick McDonald wrack McDonald Cinderella McDonald watery McDonald scriptwriter McDonald border McDonald eidetic McDonald driveway peacock Calkins voltmeter motet Jennifer Zellerbach catnip dumpling voltmeter jackass Jennifer scaup peacock serge voltmeter value catnip whirligig catnip octane catnip rocky catnip joke catnip texture catnip bloc catnip Evans mortgagor infuse peacock anatomy peacock Waterbury peacock stingy Jennifer Albert voltmeter lonesome voltmeter his versatec Adler limbic Darwin actinic cocaine mortgagor knurl purple hyphen purple sanatoria McDonald sepulchral McDonald lobby catnip gun catnip omicron McDonald stereography McDonald Arden peacock complacent kitty pairwise maidservant supremum servile rent mortgagor registrant peacock Protista catnip heifer servile cache servile bald McDonald uptown catnip grade kitty hypothetic carouse ash McDonald fireplace McDonald gavotte purple whatsoever mortgagor dame catnip Eva catnip backgammon Jennifer shrugging versatec charcoal McDonald Augean McDonald hallelujah voltmeter Yaounde peacock athletic purple curbside McDonald cohere McDonald foursome peacock regal peacock flexural catnip trivium catnip turnout purple Steiner peacock opossum catnip clasp catnip Lizzie catnip monk purple compunction Jennifer Edmonds voltmeter Whelan purple Della purple circumstantial McDonald firebug purple eggplant carouse retardation impure harrow servile debenture catnip Ridgway catnip Adamson catnip hungry maidservant freehold purple fleawort catnip huge catnip presto catnip bibliophile voltmeter exhortation voltmeter state
100
controversial controversial
begot begot
knick knick
border border
eidetic eidetic
driveway driveway
Calkins Calkins
motet motet
Zellerbach Zellerbach
dumpling dumpling
jackass jackass
scaup scaup
serge serge
value value
gun gun
omicron omicron
stereography stereography
Arden Arden
complacent complacent
pairwise pairwise
supremum supremum
rent rent
registrant registrant
Protista Protista
heifer heifer
cache cache
bald bald
uptown uptown
grade grade
hypothetic hypothetic
ash ash
fireplace fireplace
gavotte gavotte
whatsoever whatsoever
dame dame
Eva Eva
backgammon backgammon
shrugging shrugging
charcoal charcoal
Augean Augean
hallelujah hallelujah
Yaounde Yaounde
athletic athletic
curbside curbside
cohere cohere
foursome foursome
regal regal
flexural flexural
trivium trivium
turnout turnout
Steiner Steiner
opossum opossum
clasp clasp
Lizzie Lizzie
monk monk
compunction compunction
Edmonds Edmonds
Whelan Whelan
Della Della
circumstantial circumstantial
firebug firebug
eggplant eggplant
retardation retardation
harrow harrow
debenture debenture
Adamson Adamson
hungry hungry
freehold freehold
fleawort fleawort
Ridgway Ridgway
bloc bloc
rocky rocky
whirligig whirligig
wrack wrack
huge huge
presto presto
bibliophile bibliophile
exhortation exhortation
octane octane
joke joke
texture texture
Evans Evans
infuse infuse
Cinderella Cinderella
stingy stingy
Albert Albert
lonesome lonesome
watery watery
his his
Adler Adler
anatomy anatomy
Darwin Darwin
cocaine cocaine
scriptwriter scriptwriter
knurl knurl
hyphen hyphen
Waterbury Waterbury
sanatoria sanatoria
sepulchral sepulchral
lobby lobby
