A0 X4 T2 M0 E1 X3 F4 G0 J1 B5 H0 D3 Y3 P5 V2 O3 K1 A1 I5 A2 X0 C3 E5 O4 Y6 A7 R6 F6 J0 P2 M1 Z5 F0 H6 T3 W6 L5 Q0 O5 M3 B4 R5 I3 V6 C4 E3 S2 Y4 Z6 X1 P6 G6 J5 T6 A4 Q4 G4 D2 K4 W4 A6 M6 Q5 G3 K2 E4 I0 N2 C0 R4 G1 X6 Q6 Z3 W2 C6 S6 A5 D0 Y0 W5 I1 L0 M4 P0 S1 X2 N1 B2 U6 U2 Z1 R3 F3 T5 Z4 J6 C7 M5 D7 A0
100
A0 A0
C0 C0
I1 I1
S1 S1
I0 I0
G4 G4
C4 C4
J0 J0
X1 X1
B2 B2
Z1 Z1
A2 A2
D2 D2
L0 L0
Y3 Y3
N2 N2
K2 K2
M0 M0
A4 A4
K4 K4
U2 U2
V2 V2
W2 W2
X2 X2
P2 P2
T2 T2
X0 X0
S2 S2
M4 M4
D3 D3
F3 F3
P0 P0
C3 C3
Q0 Q0
D0 D0
O4 O4
E3 E3
G3 G3
I3 I3
B4 B4
R3 R3
T3 T3
O3 O3
M3 M3
Y0 Y0
Q4 Q4
R4 R4
X3 X3
W4 W4
O5 O5
Q5 Q5
R5 R5
M5 M5
T5 T5
A5 A5
A1 A1
W5 W5
F0 F0
P5 P5
Z5 Z5
A6 A6
B5 B5
Y4 Y4
E1 E1
F6 F6
G6 G6
H6 H6
G0 G0
J6 J6
C6 C6
E5 E5
M6 M6
E4 E4
G1 G1
P6 P6
Q6 Q6
R6 R6
T6 T6
U6 U6
V6 V6
X6 X6
Y6 Y6
Z6 Z6
A7 A7
S6 S6
J1 J1
W6 W6
Z4 Z4
Z3 Z3
H0 H0
K1 K1
I5 I5
C7 C7
D7 D7
F4 F4
J5 J5
M1 M1
N1 N1
L5 L5
X4 X4
