5 33 68 17 36 82 179 82 36 40 92 22 58 86 109 86 41 27 11 85 11 113 11 44 106 44 37 45 59 127 59 101 59 118 126 118 59 76 59 96 54 20 19 69 145 69 19 169 19 52 143 144 176 180 176 144 143 52 56 102 56 52 80 26 1 70 105 70 1 177 1 0 1 95 121 95 8 21 32 91 90 23 14 63 14 196 14 64 57 55 17 12 18 178 18 12 150 191 150 12 66 31 39 88 168 88 39 28 10 160 10 15 163 15 10 9 77 7 35 7 5
43
0 51
9 9
21 21
23 103 23
27 27 140
31 31
32 32 50
35 35
37 183
45 152 45
54 54
57 57
58 58
63 63
68 155 68
76 76
77 77
80 80
85 85
91 91
92 92
96 96
101 104 101 111
102 102
105 105
106 106
109 130 109
113 113
121 121
126 126
127 127
145 145
160 160
163 163
168 168
169 169
176 176
177 177
178 178
179 179
180 194 180
191 191
196 196
