149 14 75 59 4 16 96 100 76 175 2 36 42 69 45 80 20 18 37 44 51 74 23 79 33 66 64 7 28 43 29 151 38 55 47 84 8 17 53 78 81 70 92 32 85 21 34 83 1 89 25 6 11 10 90 56 13 52 49 26 3 40 65 12 58 73 71 61 9 46 88 54 87 39 31 94 93 27 86 15 98 77 82 91 95 67 50 62 30 41 19 60 63 57 72 97 48 68 24 149
96
1 1
2 2
8 8 35
9 9
10 10
11 11
12 12
13 13
14 14
15 15
16 16
17 17
3 3
41 41
42 42
43 43
44 44
45 45
46 46
47 47
48 48
49 49
50 50
51 51
52 52
53 53
54 54
55 55
56 56
57 57
58 58
59 59
60 60
61 61
62 62
63 63
64 64
65 65
66 66
67 67
68 68
69 69
70 70
71 71
72 72
73 73
74 74
75 75
76 76
77 77
78 78
79 79
80 80
81 81
82 82
83 83
84 84
85 85
86 86
87 87
88 88
89 89
90 90
91 91
93 93
94 94
95 95
96 96
18 18
92 92
24 24
21 21
19 19
4 4
97 97
98 98
100 100
20 20
23 99 23
25 25 5
26 26
29 29
30 30
31 31
6 6
32 32
33 33
27 27
34 34
7 7
36 36
37 37
28 28
38 38 22
39 39
40 40
