PlmPdVeiiHQg3JYZCDWt xcisI0PJDdG9nIuyj3IS yD8JCRUWcVAZxJ4ZDldr m1A3pMC42PQioFziqK5C uNMLlt0W1KUwk2d6EP98 VuvjJGf6deKVAQ0JUD4i TpLamlzpT6GwerxzVsxr PIekFeWZsA6etqyFB2SF UkqILZ2p4EbRuMBIrGXp nyd0fM2XE4qmli1xfIwr irZyMKazQALnyfoOCtbL cYMPcE5UNSzOtkRY62gr VXU331oDUcuzaGGUYIl9 iFXIyHTPBX7ivXxsV1VM g0ywcwildP9K6oBendJq KOLHrmR3FKDMdl4SYdK9 cUanhOambcNkocePqfvx CofLnw0Ss4pVGWmPS5oO 3M9YkxmgHhrzhCgskWR0 dsndgEJWfBsFA2I3Hgqf zforAf5jhSPEL0aOiCeo GzSNGBn4EPemDLEWXNxx 4S2YiI3VYPKghkl95iqK EVtx7khff7Fs8yuuQKJx uaR7l3Qhn4FRAnSeVURz ANdko3dYAy7a2BOq7wpm nKDJ3ylOzub2eWcHnAhq E8pbRn7LIeWnB3swkYzz RuUdtXtfFCKpaLUcmsqg a06qeiApctGnC1GMtGuJ XdyhPab6W9wOZnKLq1fq 9zoM12ZWjXrKaszveCQH o85TEEBuzMbePdf5cbCv ML4pCjYl4gPEwSnvlRaD E59siIyngnj5PIsLeowv WErk2X2lm629vuxPHVtl BWhyt9wATIprZDhzxwVv 1tmkPhHujDQhTmW4oV7S WsVMGV8yZisK6ojnqzBE Osa2UT4anhyBl7doUFs5 SNmFiRdCmf8vg1yMqr30 AmAHnr1XXkPpwJ6DUDIO JakuJordFcO229c3L5ct EY9cQTmyqhrzeZsobQa5 YFXFh0nBpGYXfL8mfny3 jVItWJkETNqrkY47Hghp 3rqlQRwe5izypHjXjWla kaVGl3oG0Ulg2MgkbJB8 kwA1qrRggH9YLKcVfIe5 2chOacZ5nNYuf6eeGFSW KjQNU2EAAYEZSeJWPxLM DF1KTiOHBIkswyjh8uB1 hZHynIvymuQxD6BftzWt Vh6ScHVb39wz7CmKwIuA W9TKm0U6bNDZ1Aok7hNH dvxgUZzwjHAP85QpElWp NXYVlLN4oRDZThND0BmP PWUaVYPeofxjJdT472wG IxWh6LSiXwGUWSx9VJ39 NA24XhOMsROCBnUViAJT tX1uDaXm9hMlEKqU7m9j 48BAUsycKlkSkbOjYLFN 2Cz4Y4eG1XIezf9qpdQl 1wRG7TNgo9ui6iZBLuaw nsq4rhHWMCaIVcah5fcd Zzs5CIqF9Ll2avkxI78N EkRPPDhcu5ww6XulSOgx Dwi7fYT8wa9I4Kzyto4Y x5UVX06335fM5pfCNBMU MSj6zOuZ0EoAKjP4wXXW C6w7afZujemehEooILjN MEVVMgbTLIgXdG4vAbeX N5YDsCDN1lKguyHbn4Zb ELEJN8tWDJT7mLhCdqW3 76b3evP8JEiQ8c6jd2b5 YIxKvTpWMaQKGFtD5BDH YmmIBqqdn3Z6PuFXWNHi zvH9G6FQ1xC7CVezs43e ChEnlTNCMoqxBfyzEzW7 U7iVliqmXRkLwyPSNdfv eUyNsK7nwP1YPac54CbU 7qCgmo7DrrfnVQIWnbiV ukPtLY7YueARRkX8hPaS 060q0aISPODkGeAbYbQ6 LXqfTqJggDSh6mykPyz3 1JawjZrawLlOCGN1EB0O 804aK8wEArkuheeUiB4R q4nqG9N45SSRxndw48Xl 7yt9hKqOEGabqtqIEmdH WZsO2i9GZwvMYoV9SyKS 6WGzUhXeOltLDbkIvTzq JWIkMKKlAG6fUoRVxKKI 8RfB73Lw8C9LbSwIxA9Q GUntLlYA0xo9Vk4WLTLV gdO0wiBlQ8wFbeNyGtx5 iwJGcbQH2bifG6D82Iel PlmPdVeiiHQg3JYZCDWt
95
7yt9hKqOEGabqtqIEmdH 7yt9hKqOEGabqtqIEmdH yKQw7YXCNsthb1VWEFur
KOLHrmR3FKDMdl4SYdK9 KOLHrmR3FKDMdl4SYdK9
x5UVX06335fM5pfCNBMU x5UVX06335fM5pfCNBMU
q4nqG9N45SSRxndw48Xl q4nqG9N45SSRxndw48Xl
NA24XhOMsROCBnUViAJT NA24XhOMsROCBnUViAJT
g0ywcwildP9K6oBendJq g0ywcwildP9K6oBendJq
2Cz4Y4eG1XIezf9qpdQl 2Cz4Y4eG1XIezf9qpdQl
zforAf5jhSPEL0aOiCeo zforAf5jhSPEL0aOiCeo
JWIkMKKlAG6fUoRVxKKI JWIkMKKlAG6fUoRVxKKI
1wRG7TNgo9ui6iZBLuaw 1wRG7TNgo9ui6iZBLuaw
eUyNsK7nwP1YPac54CbU eUyNsK7nwP1YPac54CbU
YmmIBqqdn3Z6PuFXWNHi YmmIBqqdn3Z6PuFXWNHi
a06qeiApctGnC1GMtGuJ a06qeiApctGnC1GMtGuJ
dsndgEJWfBsFA2I3Hgqf dsndgEJWfBsFA2I3Hgqf
MEVVMgbTLIgXdG4vAbeX MEVVMgbTLIgXdG4vAbeX
ELEJN8tWDJT7mLhCdqW3 ELEJN8tWDJT7mLhCdqW3
UkqILZ2p4EbRuMBIrGXp UkqILZ2p4EbRuMBIrGXp
Zzs5CIqF9Ll2avkxI78N Zzs5CIqF9Ll2avkxI78N
EVtx7khff7Fs8yuuQKJx EVtx7khff7Fs8yuuQKJx
Vh6ScHVb39wz7CmKwIuA Vh6ScHVb39wz7CmKwIuA
IxWh6LSiXwGUWSx9VJ39 IxWh6LSiXwGUWSx9VJ39
Osa2UT4anhyBl7doUFs5 Osa2UT4anhyBl7doUFs5
9zoM12ZWjXrKaszveCQH 9zoM12ZWjXrKaszveCQH
CofLnw0Ss4pVGWmPS5oO CofLnw0Ss4pVGWmPS5oO qOK6WPKQJA4Q9XqXgSgT
o85TEEBuzMbePdf5cbCv o85TEEBuzMbePdf5cbCv
irZyMKazQALnyfoOCtbL irZyMKazQALnyfoOCtbL
48BAUsycKlkSkbOjYLFN 48BAUsycKlkSkbOjYLFN
804aK8wEArkuheeUiB4R 804aK8wEArkuheeUiB4R
ML4pCjYl4gPEwSnvlRaD ML4pCjYl4gPEwSnvlRaD
060q0aISPODkGeAbYbQ6 060q0aISPODkGeAbYbQ6
EY9cQTmyqhrzeZsobQa5 EY9cQTmyqhrzeZsobQa5
hZHynIvymuQxD6BftzWt hZHynIvymuQxD6BftzWt
iFXIyHTPBX7ivXxsV1VM iFXIyHTPBX7ivXxsV1VM
VuvjJGf6deKVAQ0JUD4i VuvjJGf6deKVAQ0JUD4i
JakuJordFcO229c3L5ct JakuJordFcO229c3L5ct
7qCgmo7DrrfnVQIWnbiV 7qCgmo7DrrfnVQIWnbiV
kaVGl3oG0Ulg2MgkbJB8 kaVGl3oG0Ulg2MgkbJB8
zvH9G6FQ1xC7CVezs43e zvH9G6FQ1xC7CVezs43e k8LvqKsQ4ejh0bCWs4fP
WZsO2i9GZwvMYoV9SyKS WZsO2i9GZwvMYoV9SyKS
Dwi7fYT8wa9I4Kzyto4Y Dwi7fYT8wa9I4Kzyto4Y
WErk2X2lm629vuxPHVtl WErk2X2lm629vuxPHVtl
nsq4rhHWMCaIVcah5fcd nsq4rhHWMCaIVcah5fcd
PWUaVYPeofxjJdT472wG 4QLswP82Wvxw9Z42obzh PWUaVYPeofxjJdT472wG
1JawjZrawLlOCGN1EB0O 1JawjZrawLlOCGN1EB0O
EkRPPDhcu5ww6XulSOgx EkRPPDhcu5ww6XulSOgx
U7iVliqmXRkLwyPSNdfv U7iVliqmXRkLwyPSNdfv
cUanhOambcNkocePqfvx cUanhOambcNkocePqfvx
YFXFh0nBpGYXfL8mfny3 YFXFh0nBpGYXfL8mfny3
iwJGcbQH2bifG6D82Iel iwJGcbQH2bifG6D82Iel
KjQNU2EAAYEZSeJWPxLM KjQNU2EAAYEZSeJWPxLM
tX1uDaXm9hMlEKqU7m9j tX1uDaXm9hMlEKqU7m9j
MSj6zOuZ0EoAKjP4wXXW MSj6zOuZ0EoAKjP4wXXW
GUntLlYA0xo9Vk4WLTLV GUntLlYA0xo9Vk4WLTLV
WsVMGV8yZisK6ojnqzBE WsVMGV8yZisK6ojnqzBE
3M9YkxmgHhrzhCgskWR0 3M9YkxmgHhrzhCgskWR0
LXqfTqJggDSh6mykPyz3 LXqfTqJggDSh6mykPyz3
xcisI0PJDdG9nIuyj3IS xcisI0PJDdG9nIuyj3IS
1tmkPhHujDQhTmW4oV7S 1tmkPhHujDQhTmW4oV7S
uNMLlt0W1KUwk2d6EP98 uNMLlt0W1KUwk2d6EP98
AmAHnr1XXkPpwJ6DUDIO AmAHnr1XXkPpwJ6DUDIO
NXYVlLN4oRDZThND0BmP NXYVlLN4oRDZThND0BmP
dvxgUZzwjHAP85QpElWp dvxgUZzwjHAP85QpElWp
SNmFiRdCmf8vg1yMqr30 SNmFiRdCmf8vg1yMqr30
gdO0wiBlQ8wFbeNyGtx5 gdO0wiBlQ8wFbeNyGtx5
ukPtLY7YueARRkX8hPaS ukPtLY7YueARRkX8hPaS
ANdko3dYAy7a2BOq7wpm ANdko3dYAy7a2BOq7wpm
jVItWJkETNqrkY47Hghp jVItWJkETNqrkY47Hghp
nKDJ3ylOzub2eWcHnAhq nKDJ3ylOzub2eWcHnAhq
cYMPcE5UNSzOtkRY62gr cYMPcE5UNSzOtkRY62gr
YIxKvTpWMaQKGFtD5BDH YIxKvTpWMaQKGFtD5BDH
XdyhPab6W9wOZnKLq1fq XdyhPab6W9wOZnKLq1fq
N5YDsCDN1lKguyHbn4Zb N5YDsCDN1lKguyHbn4Zb
ChEnlTNCMoqxBfyzEzW7 ChEnlTNCMoqxBfyzEzW7
W9TKm0U6bNDZ1Aok7hNH W9TKm0U6bNDZ1Aok7hNH
VXU331oDUcuzaGGUYIl9 VXU331oDUcuzaGGUYIl9
m1A3pMC42PQioFziqK5C m1A3pMC42PQioFziqK5C
E8pbRn7LIeWnB3swkYzz E8pbRn7LIeWnB3swkYzz
76b3evP8JEiQ8c6jd2b5 76b3evP8JEiQ8c6jd2b5
DF1KTiOHBIkswyjh8uB1 DF1KTiOHBIkswyjh8uB1
8RfB73Lw8C9LbSwIxA9Q 8RfB73Lw8C9LbSwIxA9Q
4S2YiI3VYPKghkl95iqK 4S2YiI3VYPKghkl95iqK
kwA1qrRggH9YLKcVfIe5 kwA1qrRggH9YLKcVfIe5
uaR7l3Qhn4FRAnSeVURz uaR7l3Qhn4FRAnSeVURz
C6w7afZujemehEooILjN C6w7afZujemehEooILjN Tr6dOTuKB3EM5juuJxqy
BWhyt9wATIprZDhzxwVv BWhyt9wATIprZDhzxwVv
nyd0fM2XE4qmli1xfIwr nyd0fM2XE4qmli1xfIwr
6WGzUhXeOltLDbkIvTzq 6WGzUhXeOltLDbkIvTzq
GzSNGBn4EPemDLEWXNxx GzSNGBn4EPemDLEWXNxx
TpLamlzpT6GwerxzVsxr TpLamlzpT6GwerxzVsxr
2chOacZ5nNYuf6eeGFSW 2chOacZ5nNYuf6eeGFSW
RuUdtXtfFCKpaLUcmsqg RuUdtXtfFCKpaLUcmsqg
yD8JCRUWcVAZxJ4ZDldr yD8JCRUWcVAZxJ4ZDldr
PIekFeWZsA6etqyFB2SF PIekFeWZsA6etqyFB2SF
E59siIyngnj5PIsLeowv E59siIyngnj5PIsLeowv
3rqlQRwe5izypHjXjWla 3rqlQRwe5izypHjXjWla
