xse rsg dkp nsw hcr ils miy kgl krr tko uwo bod ogh fia lvm nvz qkp yug qkp qdw zkt qxs ruo byu ttw ptu uau svk mti vvn vmt uuw kxn fin dgl adx vlb mok vlb fgp xjt ceo tlh ksg rir qbf wiy emz hks fyc jgt vzr nhi cun nry agh bnl nko fbk vmv fjy kpp xeh aeg vtd hmi rjv idv ukv nii tdu tso cma ljd gex pjf wyg ocp nmf fhv xme vwg rtc hpx wbg aii bdh lrj nfr lwk fzi pvs ikb khu xnr nwc qzf zdb ask zud phg jam ybr uok loj ckx kfu aeu cen ego weo xse
95
xme xme
ljd ljd
zud zud
jam jam
vzr vzr
tko tko qjf
wyg wyg
loj loj
vmt vmt
lwk lwk
ocp ocp
mti mti
svk svk
fzi fzi
lrj lrj
tso tso
ruo ruo
nry nry
cen cen
nko nko
wiy wiy
aii aii
mok mok
cma cma
fjy fjy
hmi hmi
nii nii
khu khu
qbf qbf
hpx hpx
qdw qdw
vmv vmv
byu byu
nhi nhi
adx adx
miy miy
bod bod
uok uok
nwc nwc
kpp kpp
jgt jgt
aeg aeg
ybr ybr
tdu tdu
lvm lvm
fia fia
qxs qxs
pjf pjf
fyc fyc
vwg vwg
fhv fhv
hcr hcr
ptu ptu
bdh bdh
ogh ogh
xjt xjt
kxn kxn
nsw nsw
uuw uuw
rtc rtc txq
kfu kfu
nmf nmf
uau uau
ikb ikb
krr krr
bnl bnl
zdb zdb
xeh xeh
ksg ksg
idv idv
fin fin
wbg wbg
ttw ttw bda
emz emz
zkt zkt
rjv rjv
vtd vtd
pvs pvs
ukv ukv
dgl dgl
uwo uwo
phg phg
rsg rsg
vvn vvn
nvz nvz
ckx ckx
yug yug
ego ego
ils jfh ils
fgp fgp
fbk fbk
cun cun
gex gex
nfr nfr
tlh tlh
