azv oqv ovx ijd dqy ctf gei cim wcd hob pzr hsi jvc ryg hcc ivp lmh zuz rov uyd rfl vxn cvb rcw uua qzx hlc hwc scm aur sau txp ufa cib mpw boc mis eqa vfq ncc yfq ipq gcw cwq brw jwx yvc hip yiy hyb xie azv
47
wcd wcd
mis mis
hcc hcc
yvc yvc
hip hip
boc boc
brw brw
vxn vxn
sau sau
rfl rfl
jvc jvc
xie xie
ipq ipq
yiy yiy
ufa ufa
uua uua
hlc hlc
hwc hwc
cib cib
gei gei
hsi hsi
pzr pzr
ctf ctf
azv azv
ijd ijd
rcw rcw
qzx qzx
scm scm
cim cim
jwx jwx
zuz zuz
dqy dqy
ivp ivp
vfq vfq
eqa eqa
oqv rti oqv
mpw mpw
hyb hyb
gcw gcw mtd
uyd uyd gfr
rov rov
ncc ncc
ovx ovx
aur aur
lmh lmh
cwq cwq
yfq yfq
