Encanto All Costa Smoke Mount Shafter Green Vernon Garden Willow Woodbridge Welden Yurok Granite Elmira Cypress Forest Presidio Glencoe McAuley Chinese Warner Cabbage Two Delta Moccasin City Clayton Cherokee Bonita Los Alpaugh Ames Vista Ramona Beach Foothills Riverside Homestead Jane Woffard Laguna Kentfield Pumpkin Santa Quail Banning Kern Richvale Sherman Encanto
50
Woffard Woffard
Banning Banning
Richvale Richvale
Garden Garden
Kern Kern
Smoke Smoke
City City
Elmira Elmira
Vista Vista
Laguna Laguna
Los Los
Welden Welden
Sherman Sherman
Delta Delta
Pumpkin Pumpkin
Clayton Clayton
Riverside Riverside
Foothills Foothills
Presidio Presidio
Granite Granite
Ames Ames
All All
Yurok Yurok
Chinese Chinese
Warner Warner
McAuley McAuley
Cherokee Cherokee
Two Two
Moccasin Moccasin
Kentfield Kentfield
Glencoe Glencoe
Jane Jane
Vernon Vernon
Encanto Encanto
Costa Costa
Mount Mount
Quail Quail
Ramona Ramona
Homestead Homestead
Beach Beach
Green Green
Alpaugh Alpaugh
Santa Santa
Woodbridge Woodbridge
Cypress Cypress
Forest Forest
Willow Willow
Cabbage Cabbage
Bonita Bonita
Shafter Shafter
