Vernon Anaheim Industrial Winterhaven Bodad Richvale Fiorini Timbuctoo Antelope Kaiser Rowland Civic Veterans Forbestown Yankee Buena Smoke Lake Wallace Hoffman Clayton Marshall Industry Warner Parchester Quail Terra Smith Bangor Saint Robertsville Stockdale Portola Costa Sherman Ramona Downtown Davenport All Strawberry Sunny Armstrong Chittenden Fox Carmel Helm Del Blue Three Ritter California Beach South Balboa Fullerton Presidio Roseland Dulzura Flinn Mecca Collins Garcia Sulpizio Capuchino Glencoe Alamo Cambridge Pleasant Woody Bonny Calaveras Cressey Hammer Rough Le Huron Cerro Temecula Pacheco Donner Grasslands Coddingtown Escalon Tijuana Moores Manker Crestmont Louis Bakersfield Sacramento Cabbage Potrero Delta Escondido Yurok Cudahy Santa Bradley Bell Brundage Cypress Vernon
100
California California
Portola Portola
Alamo Alamo
Chittenden Chittenden
Brundage Brundage
Hammer Hammer
Donner Donner
Forbestown Forbestown
Glencoe Glencoe
Yankee Yankee
Sherman Sherman
Dulzura Dulzura
Cypress Cypress
Timbuctoo Timbuctoo
Bodad Bodad
Fullerton Fullerton
Stockdale Stockdale
Terra Terra
Cambridge Cambridge
Saint Saint
Armstrong Armstrong
Clayton Clayton
Industry Industry
Del Del
Balboa Balboa
Hoffman Hoffman
Anaheim Anaheim
Crestmont Crestmont
South South
Ritter Ritter
Rough Rough
Smith Smith
Capuchino Capuchino
Winterhaven Winterhaven
Fox Fox
Louis Louis
Temecula Temecula
Delta Delta
Garcia Garcia
Rowland Rowland
Buena Buena
Mecca Mecca
Roseland Roseland
Beach Beach
All All
Lake Lake
Manker Manker
Fiorini Fiorini
Helm Helm
Strawberry Strawberry
Industrial Industrial
Pleasant Pleasant
Veterans Veterans
Bangor Bangor
Flinn Flinn
Calaveras Calaveras
Bell Bell
Costa Costa
Parchester Parchester
Ramona Ramona
Downtown Downtown
Davenport Davenport
Quail Quail
Presidio Presidio
Cerro Cerro
Coddingtown Coddingtown
Smoke Smoke
Collins Collins
Yurok Yurok
Civic Civic
Grasslands Grasslands
Le Le
Marshall Marshall
Bradley Bradley
Richvale Richvale
Santa Santa
Cressey Cressey
Escalon Escalon
Bonny Bonny
Wallace Wallace
Three Three
Warner Warner
Antelope Antelope
Potrero Potrero
Escondido Escondido
Huron Huron
Robertsville Robertsville
Tijuana Tijuana
Blue Blue
Sunny Sunny
Sacramento Sacramento
Carmel Carmel
Pacheco Pacheco
Woody Woody
Sulpizio Sulpizio
Cudahy Cudahy
Kaiser Kaiser
Moores Moores
Bakersfield Bakersfield
Cabbage Cabbage
