Potrero Meyers All 18th Smoke Balsdon Fiorini Oceanside Chinese Fremont Clayton Ida Warner Linden Merced Banning Boulevard Laguna Carmel Richvale Santa Ames Calaveras Woffard Hume Potrero
25
Laguna Laguna
Fremont Fremont
Calaveras Calaveras
Balsdon Balsdon
Oceanside Oceanside
Fiorini Fiorini
Boulevard Boulevard
Ida Ida
Meyers Meyers
Potrero Potrero
Santa Santa
Richvale Richvale
Woffard Woffard
Hume Hume
Smoke Smoke
18th 18th
Ames Ames
Chinese Chinese
All All
Carmel Carmel
Clayton Clayton
Merced Merced
Warner Warner
Linden Linden
Banning Banning
