1 5 4 8 7 8 9 10 9 13 12 16 15 16 17 18 17 21 20 24 23 24 25 26 25 29 28 32 31 32 33 34 33 37 36 40 39 40 41 42 41 45 44 48 47 48 49 50 49 53 52 56 55 56 57 58 57 61 60 64 63 64 65 66 65 69 68 72 71 72 73 74 73 77 76 80 79 80 81 82 81 85 84 88 87 88 89 90 89 93 92 96 95 96 97 98 97 101 100 104 103 104 105 106 105 109 108 112 111 112 113 114 113 117 116 120 119 120 121 122 121 125 124 128 127 128 129 130 129 133 132 136 135 136 137 138 137 141 140 144 143 144 145 146 145 149 148 152 151 152 153 154 153 157 156 160 159 160 161 162 161 165 164 168 167 168 169 170 169 173 172 176 175 176 177 178 177 181 180 184 183 184 185 186 185 189 188 192 191 192 193 194 193 197 196 200 199 200 1
100
1 2
4 4
47 47
45 45
44 44
42 42
111 111
23 23
10 10
52 52
125 125
50 50
60 60
61 61
53 53
114 114
55 55
12 12
103 103
58 58
13 13
63 63
68 68
66 66
76 76
116 116
69 69
71 71
15 15
117 117
74 74
85 85
77 77
87 87
79 79
84 84
82 82
119 119
106 106
26 26
95 95
18 18
92 92
90 90
100 100
101 101
93 93
124 124
20 20
5 5
122 122
98 98
127 127
21 21
149 149
143 143
148 148
154 154
146 146
156 156
157 157
132 132
151 151
31 31
162 162
133 133
164 164
7 7
167 167
159 159
135 135
170 170
109 109
172 172
165 165
175 175
108 108
34 34
178 178
28 28
180 180
173 173
183 183
138 138
130 130
36 36
189 189
181 181
191 191
37 37
188 188
186 186
140 140
29 29
39 39
141 141
194 194
196 196
197 197
199 199
