Ippudo Platano Gypsys EastAsianLibrary LittleCampanile BancroftLibrary Cheeseboard BancroftLibrary TennisCourts TPTea TennisCourts BobaNinja TToust UniversityVillage UCafe Flavia SmokesPoutinerie TheDwight SmokesPoutinerie LewisHall Cafe3 LeConte Campanile ChezPanisse Campanile Cornerstone UrbanOutfitters AndrewsApartment Wheeler GSPP EastBaySpiceCompany HesseHall Kips Muraccis Kips HesseHall ThaiBasil Milkbomb Blackwell SuperDuperBurgers Pappys HearstAnnex McDonalds HearstAnnex Bowles AshaTeaHouse Bowles Namaste StrawberryCreek Morganhall Jupiter CVS Wikiwiki NoodleGirl Teazone NoodleGirl MSRI Gongcha Ikes SweetheartCafe PeoplesCafe SweetheartCafe Ikes Fengcha HavilandHall Bonchon HavilandHall UdupiPalace GrizzlyPeak AmoebaMusic SnackShack Artichokes LowerSproul Shengkee HortonHall Underhill SteamTrains JambaJuice Doe ThaiNoodle Cafe3 ExtremePizza LaNote Homeroom TheHabit Homeroom PokeBar Plentea ClarkKerr DollarTree TripleRock Cinnaholic Slivers Cinnaholic DavisHall TukTukThai DavisHall NorthHall Yifang Chipotle HAAS Mezzo BerkeleyArtStudio Quicklys Firewings TopDog Jupiter LatimerHall Tilden Gather Spats WursterHall HearstGym CaliforniaHall Gadani HalalGuys Gadani Marugame BobbyGPizza ImmThai BobbyGPizza InternationalHouse Raretea BanshoRamen LiKaShing Crossroads SouthHall Ucha YogurtPark GreatChina YogurtPark TraderJoes YogurtPark OptometryBuilding LaBurrita BerkeleyBart HappyLemon BerkeleyBart SproulHall BerkeleyBart BigC BerkeleyBart Barrows Safeway BerkeleyThaiHouse SutardjaDai Rachas NatApartment BetaLounge NatApartment HildebrandHall Soda Platano Ippudo
90
Wheeler Wheeler
PokeBar PokeBar
ThaiBasil MulfordHall ThaiBasil
GreatChina SatherGate GreatChina
TopDog TopDog
LewisHall LewisHall
Morganhall Morganhall
LatimerHall LatimerHall
HortonHall HortonHall
Wikiwiki Wikiwiki
OptometryBuilding OptometryBuilding
AshaTeaHouse AshaTeaHouse
McDonalds McDonalds Morrisonhall
Bonchon Bonchon
Firewings Firewings
HappyLemon HappyLemon
Ikes Eureka Ikes
Artichokes Artichokes
NorthHall NorthHall
Gongcha Gongcha
Yifang Yifang
Fengcha Fengcha
UCafe UCafe
SproulHall SproulHall
TPTea TPTea
Ucha Ucha
StrawberryCreek StrawberryCreek
BigC BigC TenderGreens
ClarkKerr ClarkKerr
Crossroads Crossroads
Cafe3 Cafe3
Raretea Raretea
Underhill Underhill
TraderJoes TraderJoes
Safeway Safeway
Marugame Marugame
Kips Kips
Pappys Pappys
BetaLounge BetaLounge
Spats Spats
Quicklys Quicklys
TripleRock TripleRock
LowerSproul LowerSproul
WursterHall WursterHall
Shengkee Shengkee
Plentea Plentea
Chipotle Chipotle
ImmThai ImmThai
Milkbomb Milkbomb
Cornerstone Cornerstone
EastAsianLibrary MemorialGlade EastAsianLibrary
ThaiNoodle ThaiNoodle
Mezzo Mezzo
Slivers Slivers
Gadani Gadani
HalalGuys HalalGuys
Homeroom Homeroom
ExtremePizza ExtremePizza
EastBaySpiceCompany EastBaySpiceCompany
PeoplesCafe PeoplesCafe
SuperDuperBurgers SuperDuperBurgers
Platano Platano
JambaJuice JambaJuice
TheHabit TheHabit
Muraccis Muraccis
BerkeleyArtStudio SaturnCafe BerkeleyArtStudio
AndrewsApartment AndrewsApartment
Rachas Rachas
TheDwight TheDwight
BanshoRamen BanshoRamen
LittleCampanile LittleCampanile
Namaste Namaste
BobaNinja BobaNinja
UrbanOutfitters UrbanOutfitters
SweetheartCafe SweetheartCafe
ChezPanisse ChezPanisse
SnackShack SnackShack
TukTukThai Venus BSC TukTukThai
Gather Gather
Gypsys Gypsys
Cheeseboard Cheeseboard
SteamTrains KroeberHall
LaNote LaNote TacoBell
Teazone Teazone
Jupiter Jupiter
SmokesPoutinerie SmokesPoutinerie
AmoebaMusic AmoebaMusic
GrizzlyPeak GrizzlyPeak
LaBurrita LaBurrita
YogurtPark Target
