Evans WursterHall Campbell Eshelman Marugame Campanile Marugame Gilman BotanicalGardens ClarkKerr DavisHall ClarkKerr ThaiNoodle Dwinelle MLK LatimerHall Plentea Soda Plentea SutardjaDai Plentea Doe SatherGate GiauqueHall SatherGate GreekTheatre StrawberryCreek MemorialGlade Kresge MemorialGlade Milkbomb SouthHall HesseHall SouthHall Milkbomb Pappys Unit2 Barrows HortonHall MemorialStadium HortonHall UniversityVillage Wheeler Raretea Yifang BerkeleyWayWest AlumniHouse ImmThai Blackwell Underhill RSF Firewings CaliforniaHall InternationalHouse CaliforniaHall Firewings Cornerstone ZellerbachHall Bowles Unit3 Bowles LeConte Moffit HappyLemon LawrenceHall BancroftLibrary HavilandHall VLSB HearstMining StrawberryCreek Unit1 HAAS Foothill Artichokes Evans
42
Evans Cory
Campanile Campanile
Doe Doe
LeConte LeConte
Unit1 Unit1
Unit2 Stern Unit2
Unit3 Boalt Unit3
Foothill Foothill
VLSB VLSB
RSF RSF
Blackwell Blackwell
ZellerbachHall ZellerbachHall
MLK HildebrandHall MLK
Eshelman Eshelman
Soda Soda
HearstMining HearstMining
Barrows Barrows Etcheverry
HAAS BAMPFA HAAS
AlumniHouse AlumniHouse
CaliforniaHall CaliforniaHall
BotanicalGardens BotanicalGardens
MemorialStadium MemorialStadium
Moffit Moffit
Dwinelle Dwinelle
Kresge Kresge
DavisHall DavisHall
SouthHall SouthHall
SutardjaDai SutardjaDai
HavilandHall HavilandHall
GiauqueHall GiauqueHall
UniversityVillage UniversityVillage
Gilman Gilman
HesseHall HesseHall
BancroftLibrary BancroftLibrary
Bowles HilgardHall Bowles
Campbell DurantHall Campbell
GreekTheatre GreekTheatre CanyonPool
Wheeler Wheeler
BerkeleyWayWest BerkeleyWayWest
LawrenceHall LawrenceHall
InternationalHouse InternationalHouse
ThaiNoodle ThaiNoodle
