Soda Doe GreekTheatre LawrenceHall MemorialStadium InternationalHouse AlumniHouse GiauqueHall Campbell Unit3 Barrows CaliforniaHall HildebrandHall Gilman Cory DavisHall SouthHall Unit1 Blackwell BancroftLibrary Unit2 Etcheverry LeConte Foothill HavilandHall Dwinelle HearstMining BotanicalGardens Evans Campanile BerkeleyWayWest Soda
21
Evans Evans BAMPFA
Doe Doe Bowles
BancroftLibrary BancroftLibrary
Campbell Campbell
GreekTheatre GreekTheatre
HearstMining HearstMining
Unit1 Unit1
Unit2 Unit2
Unit3 Unit3
Foothill Foothill
LeConte LeConte
BerkeleyWayWest BerkeleyWayWest Wheeler
LawrenceHall LawrenceHall
InternationalHouse InternationalHouse
Campanile Campanile
DavisHall Moffit Stern
Dwinelle Dwinelle
Blackwell DurantHall
SouthHall SouthHall
Gilman Gilman
CaliforniaHall CaliforniaHall
