Horse0 Breakfast74 Ring45 Settings5 Shower11 Whale59 Printer53 Mail88 Rollers18 Towel37 Dislike70 Water83 Websites81 Rollers48 Book41 Ice10 Toilet20 Bird93 Water66 BBQ86 Monster71 Monster39 Leash27 Kitty14 Leash68 Male84 Ice38 Leash89 Websites17 Rollers34 Shower15 Dislike21 Plus62 Post61 Comics49 Dislike51 Bird82 Whale22 Shelf25 Website29 Prints23 Ice30 Cat13 Water52 Towel35 Allergies3 Flowers98 Solar58 Ring97 Running77 Breakfast42 Towel16 Soda57 Breakfast19 Horse55 Floppy64 Horse0
47
Horse0 Horse0
Allergies3 Allergies3
Plus62 Plus62
Shelf25 Shelf25
Prints23 Prints23
Toilet20 Toilet20
Horse55 Horse55
Whale22 Whale22
Shower11 Shower11
Settings5 Settings5
Printer53 Printer53
Ice30 Allergies4 Ice30
Post61 Post61
Soda57 Soda57
Water52 Water52
Ice10 Ice10 Floppy63
Monster39 Monster39
Rollers34 Rollers34
Towel35 Towel35
Solar58 Solar58
Towel37 Towel37
Ice38 Ice38
Whale59 Whale59
Comics49 Comics49
Book41 Book41
Ring45 Ring45
Rollers48 Rollers48
Breakfast74 Breakfast74
Running77 Running77
Monster71 Monster71
Water66 Water66
Kitty14 Kitty14
Cat13 Cat13
Shower15 Shower15
Mail88 Mail88 Robot9
Websites81 Websites81
Towel16 Towel16
Bird82 Bird82
Male84 Male84
BBQ86 BBQ86
Websites17 Websites17
Leash68 Leash68
Breakfast19 Breakfast19
Bird93 Bird93
Ring97 Ring97
Flowers98 Flowers98
Dislike51 Dislike51
