Shelf0 Toolbox153 Toilet13 Drugs184 Monster73 Toolbox146 Websites4 Allergies88 Clock139 Soap64 Crab83 Dog101 Water135 Rollers95 Kitty98 Laptop125 Water29 Solar192 Soda119 Cat15 Drugs195 System79 Hnads116 Running177 Dislike143 Towel154 Boat67 Shoe174 Elevator115 Dog181 Toilet191 Soap58 Shoes8 Dislike12 Shoe17 Shelf40 Ice41 YouTube44 Robot51 Urine97 Plus78 Hnads182 Plants118 Ring60 Solar71 Fusion104 Ring161 Urine20 BBQ36 Rollers14 Nuclear35 Crab81 System183 Kitty89 Horse148 Clock2 Puppy117 Ice165 Body55 Mail6 Poop76 Book99 Whale126 Post158 Clock61 Whale31 Cat187 Whale31 Shower57 Sink109 Shower47 Sink109 Settings75 Flowers178 Dislike27 Soda197 Kitty194 Solar162 Website190 Ice9 Robot93 Poop150 Leash77 Soap53 System156 Nuclear18 Solar130 Light30 Comics28 Book171 Comics113 Toolbox72 Monster175 Towel92 Comics107 Robot164 Whale114 Urine124 Male149 Toolbox147 Soap3 Ring82 Android196 Dog168 Ring169 Puppy140 Mail22 Allergies103 Cat163 Whale137 Shelf0
91
Shelf0 Shelf0
Ice41 Ice41 Laptop19
Shelf40 Shelf40
Shoes8 Shoes8
Mail22 Mail22
Ice9 Ice9
Shower47 Shower47
Urine124 Urine124
Robot51 Robot51
Soap58 Soap58
Body55 Body55
Fusion104 Poop80 Fusion34 Fusion104 Breakfast85
Clock2 Clock2
Shower57 Shower57
Boat67 Boat67
Soap64 Soap64
Clock61 Clock61
Dislike12 Dislike12
Solar71 Solar71
Toolbox72 Toolbox72
Monster73 Monster73
Toilet13 Toilet13
Poop76 Poop76
Laptop125 Laptop125
System79 System79
Rollers14 Rollers14
Hnads116 Hnads116 Drugs39
Puppy117 Puppy117
Crab83 Crab83
Settings75 Settings75
Cat15 Cat15
Leash77 Leash77
Plus78 Plus78
Plants118 Plants118
Kitty89 Kitty89
Ring82 Ring82
Shoe17 Shoe17
Soda119 Soda119
Allergies88 Allergies88
Kitty98 Kitty98
Rollers95 Rollers95
Nuclear18 Nuclear18
Towel92 Towel92
Robot93 Robot93
Websites4 Websites4
Urine97 Urine97
Whale126 Whale126
Urine20 Urine20
Whale114 Whale114
Toolbox146 Toolbox146
Male149 Male149
Dislike143 Allergies176 Dislike143
Solar130 Solar130
Towel154 Towel154
Water29 Water29
System156 System156
Horse148 Horse148
Poop150 Poop150
Light30 Light30
Toolbox153 Toolbox153
Mail6 Mail6
Ice165 Ice165 Water38
Post158 Post158
Dog168 Dog168
Ring169 Ring169
Solar162 Solar162
Robot164 Robot164
Water135 Water135
Comics107 Comics107
Dislike27 Book24 Dislike27
Flowers178 Flowers178
Shoe174 Shoe174
Book171 Book171
Dog181 Dog181
Hnads182 Hnads182
System183 System183
Monster175 Monster175
Whale137 Whale137
Nuclear35 Nuclear35
Cat187 Cat187 Printer188
Clock139 Clock139
Allergies103 Allergies103
BBQ36 BBQ36
Sink109 Sink109
Website190 Website190
Puppy140 Puppy140
Solar192 Solar192
Kitty194 Kitty194
Drugs195 Drugs195
Android196 Android196
Soda197 Soda197
