Shower0 Robot49 Fence29 BBQ36 Laptop22 Rollers40 Elevator35 Monster32 Android27 Puppy28 Allergies7 Prints46 Ring33 Soap14 Website21 Crab16 Nuclear43 Ice30 Plants3 BBQ38 Prints25 Toilet26 Mail41 Light1 Cat44 Toilet45 Ice42 YouTube4 Websites24 Puppy19 Toilet12 Shower0
25
Light1 Light1
Plants3 Plants3
Website21 Soda18
Puppy28 Cone13
Puppy19 Puppy19
Crab16 Crab16
Toilet26 Toilet26
YouTube4 YouTube4
Laptop22 Laptop22
Prints25 Prints25
BBQ36 BBQ36
Allergies7 Allergies7
Rollers40 Sink37
Mail41 Mail41
Ice42 Ice42
BBQ38 BBQ38
Ring33 Ring33
Android27 Android27
Monster32 Monster32
Elevator35 Elevator35
Nuclear43 Nuclear43
Cat44 Cat44
Toilet45 Toilet45
Robot49 Robot49
Ice30 Ice30
