S F E J O W X 3 L 13 18 22 Q Q3 127 E3 F3 K3 J3 O3 77 G3 95 L3 91 H3 84 71 64 P3 64 M3 58 129 72 W2 X2 73 130 U3 N3 V3 85 86 W3 C3 107 105 R3 T3 104 I3 D3 X3 Y3 82 68 62 57 A2 53 B3 A3 U2 V2 P2 K2 F2 E2 J2 O2 N2 I2 D2 C2 H2 M2 R2 Z2 Z3 74 Y2 Q2 L2 G2 B2 I 1 V N U D C 4 M 6 Z 5 H 10 T 8 P B S
69
B B
W W G
X X
Z Z Y
Z3 Z3
H H
U3 U3
C2 C2
D2 D2
E2 E2
F2 F2
E A E
L L
B2 B2
I I
F F K
J2 J2
K2 K2
P P
I2 I2
H2 H2
G2 G2
M M
P2 P2
U U
O2 O2
N2 N2 T2
M2 M2
L2 L2
C C
V2 V2
R2 R2
Q2 Q2
A2 A2
Y2 Y2
Z2 Z2
U2 U2
Q Q
E3 E3
X2 R X2
W2 W2
N N
D D
F3 F3
A3 A3
Q3 Q3
J J
P3 P3
J3 J3
V3 V3
K3 K3
O O
Y3 Y3
H3 H3
X3 X3
W3 W3
M3 M3
G3 G3
B3 B3
T T
N3 N3
C3 C3
D3 D3
L3 L3
V V
I3 I3
O3 O3
R3 R3
T3 T3
