ROck Know ROck maKe ROck MOld ROck cool ROck AND bundled AND Didn AND getting AND U AND you in you roll you YouLL you brain you bored tool plAy strEEts plAy her plAy And plAy fRom plAy Live up might up way up tHat up For up But they get they COuld gas thin back thin live thin uSe thin myself well myself know myself Hey myself staR myself dumb this dumb Star dumb OnLY dumb glitters dumb coming aLl yep I men break men skate men meteor men water men if shoW if ice if thumb if gliTTers if play You till little ROck
55
Know Know
ice ice
skate skate
this this
know know
get get
tHat tHat
her her
roll roll
bundled bundled
cool cool
shoW shoW
break break
glitters glitters
staR staR
uSe uSe
might might
fRom fRom
YouLL YouLL
getting getting
maKe maKe
thumb thumb
meteor meteor
OnLY OnLY
well well
live live
way way
strEEts strEEts
brain brain
U U
MOld MOld
gliTTers gliTTers
water water
Star Star
Hey Hey
back back To
For For
And And
in in
Didn Didn
little Judging doNt Your GEt
till gOld YOURE HEY satellite
You Only dONt need GeT
play ground see Fed all
I GO rules with head
yep use of Well about
aLl runningj forehead stAr differ
coming geTS shape On shootinG
gas said shine re gold
COuld wrong gEts me now
they t running sense
But stop wait told like
Live youre sharpest Didnt noW
tool OnLy So years coNcept
bored mYself YoULL the THat
