0 13 31 24 44 36 12 68 28 61 35 47 59 65 53 102 101 77 66 34 62 146 153 157 124 148 133 19 7 60 51 159 72 95 94 69 188 189 190 191 192 193 194 195 196 197 198 197 196 195 194 193 192 191 190 189 188 69 86 121 142 54 2 3 22 155 120 67 112 107 140 83 80 56 118 161 162 163 164 165 166 167 168 169 170 171 172 173 174 175 176 177 178 179 180 181 182 183 184 185 186 185 184 183 182 181 180 179 178 177 176 175 174 173 172 171 170 169 168 167 166 165 164 163 162 161 129 143 151 122 135 73 145 160 5 43 0
98
2 2
35 35
34 34
36 36
44 44
43 43
22 22
124 124
47 47
112 112
53 53
51 51
59 59
60 60
61 61
54 54
56 56
102 102
66 66
68 68
12 12
62 62
65 65
13 13
67 67
69 69
72 72
73 73
77 77
80 80
3 3
118 118
83 83
86 86
94 94
120 120
24 24
95 95
19 19
121 121
101 101
122 122
135 135
107 107
146 146
129 129
143 143
142 142
151 151
5 5
153 153
145 145
155 155
148 148
157 157
133 133
159 159
160 160
31 31
162 162
163 163
164 164
165 165
166 166
167 167
168 168
169 169
170 170
171 171
172 172
173 173
174 174
175 175
176 176
177 177
178 178
179 179
180 180
181 181
182 182
183 183
184 184
185 185
186 186 187
7 7
188 188
189 189
190 190
191 191
28 28
140 140
192 192
193 193
194 194
195 195
196 196
197 197
198 198 199
