hdpxs osxbc cihba wnelr bsvth htkwy vcwfj qsmkj utdhx gdovn wcjeg zntkr tndwl oaeyh mtcsd rjdai qhibx evtgj joztf cxajk aedvq jcwpu kscoz xlrzc drojn vobqh qhvsb mujil kzwah xcvow qpbmc wkbuf kjihy gufvs mhekz syoxv wajol qbdwz maqho tkwle armnk bkfuc olqfv pgqva yvbse evsbm lpudv gdnim syoxf stflc rdoqk osvgp oewcd mhuad tjake ayrgb oxuqn rzvtg ypdnb fjdqi zcjqx yqfdk pytwh tmwdy rlumh nqtru hwmzn sxdiu vgwoi wotiq bwknx egclu iyuas ohzfn dkjro uiogl ktzce ehqyk bdevm ebwcp rjuxc wdquv tfcam qckjp uklga zqjxb jhlus ymcfp lnjxt yazqf yqtob glrpy dbjxw ahnds cqsby lmwpk frhgc rchbw amfiz hdpxs
94
oaeyh oaeyh
hwmzn hwmzn
xlrzc xlrzc
qckjp qckjp
rlumh rlumh mlibf
lpudv lpudv
mujil pihld mujil
stflc stflc
bdevm bdevm
rzvtg rzvtg
tjake tjake
wotiq wotiq
ypdnb ypdnb
gdovn gdovn
ymcfp ymcfp
ebwcp ebwcp
pgqva pgqva
oewcd cxdes oewcd
ehqyk ehqyk
yqfdk yqfdk
jhlus jhlus
tfcam xnpwq
xcvow xcvow
bwknx bwknx
yazqf yazqf
vgwoi vgwoi
wkbuf wkbuf
yvbse yvbse
amfiz amfiz
yqtob yqtob
qpbmc qpbmc
dbjxw dbjxw
dkjro dkjro
frhgc frhgc
cihba oxitr cihba
syoxv syoxv
jcwpu jcwpu
gdnim gdnim
evtgj evtgj
tkwle tkwle
qsmkj qsmkj
iyuas iyuas
sxdiu sxdiu
cqsby cqsby
qhvsb qhvsb
rchbw rchbw
maqho maqho
tmwdy tmwdy
osvgp osvgp
vcwfj vcwfj
wnelr wnelr
oxuqn oxuqn
utdhx utdhx
lnjxt lnjxt
wajol wajol
wdquv wdquv
drojn drojn
nqtru nqtru
aedvq aedvq
bsvth bsvth
ayrgb ayrgb
zcjqx zcjqx
armnk armnk btwzv
kzwah kzwah
mhekz mhekz
uklga uklga
pytwh gstwp pytwh
lmwpk lmwpk
qhibx qhibx
ktzce ktzce
kscoz kscoz
tndwl tndwl
ohzfn ohzfn
uiogl uiogl
vobqh vobqh
rjdai rjdai
osxbc osxbc
fjdqi fjdqi
joztf joztf
htkwy htkwy
kjihy kjihy
rjuxc rjuxc
wcjeg wcjeg
gufvs gufvs
zqjxb zqjxb
bkfuc bkfuc
cxajk cxajk
evsbm evsbm
mhuad mhuad
qbdwz qbdwz
mtcsd mtcsd
syoxf syoxf
zntkr zntkr
ahnds ahnds
