hutmk omjfc dowbf yaxts ablxw rlfxc lnfiu aeomh otirh bcrwj ijofp ywion ijvuq xeljy misyc lsnhz mlfbi oscrv xintv coubd xnysi cursl tyuep zsehb tiyfv lcghr yzaje ugyls ybtpq hopbn qdzgs tejxc aqzce axmwy artvi abupm spuoi qtmld ugamb hutmk
37
aqzce aqzce
ybtpq vmgxh
yzaje yzaje
yaxts yaxts
misyc misyc
otirh otirh yiodb
xnysi xnysi
ijvuq ijvuq
aeomh aeomh
hopbn hopbn
omjfc omjfc
ablxw ablxw
tyuep tyuep
axmwy axmwy
dowbf dowbf
rlfxc rlfxc
ijofp ijofp
zsehb zsehb
oscrv oscrv
ugyls ugyls
qdzgs qdzgs
bcrwj bcrwj gxdqt
abupm mzlsn
tejxc tejxc
ywion ywion
mlfbi mlfbi
coubd urlkt coubd
xintv xintv
cursl cursl
lcghr lcghr
spuoi spuoi
qtmld vczkh
lnfiu lnfiu
lsnhz lsnhz
xeljy xeljy
ugamb ugamb
artvi artvi
