Aberdeen Reno Hampton Tuscaloosa Winston Austin Henderson Marina McAllen GreenBay Columbia Murrieta Riverside Hartford SanBernardino Modesto Frederick SouthLyon Montgomery Racine Elkhart Lewisville StPetersburg SaltLakeCity Redding SanAntonio Aberdeen
19
Tuscaloosa Tuscaloosa
Racine Racine
Reno Springdale Reno
SaltLakeCity SaltLakeCity Chattanooga
SanBernardino SanBernardino
Hampton Newburgh Hampton Lowell
SouthLyon SouthLyon
SanAntonio SanAntonio
Austin Austin
Montgomery Montgomery
GreenBay GreenBay
Winston Winston
StPetersburg StPetersburg
Marina Marina
Elkhart Pensacola
Modesto Modesto
Hartford Miramar
Lewisville Gainesville Lewisville
Henderson Henderson WestValleyCity
