Hayward SantaClara BelAir York NewBedford Aurora Tucson Bradenton Huntsville Burbank NewOrleans Montgomery Topeka Omaha PuntaGorda Kennewick Sebastian Atlanta Memphis Winston Hickory Charlotte RichmondCounty Hampton Modesto Corona Springdale McHenry Asheville Durham Asheville Hayward
27
PuntaGorda PuntaGorda
Tucson PalmBay Tucson LakeCharles
Burbank Chicago Burbank
McHenry McHenry Newark Torrance
Charlotte Charlotte
Omaha Omaha
Topeka Topeka
Asheville Asheville CedarRapids
BelAir Monroe BelAir
Aurora Bakersfield Aurora
Bradenton Bradenton SaintPaul
RichmondCounty RichmondCounty
Modesto Modesto
Huntsville McAllen Huntsville Yonkers
Springdale Springdale
SantaClara SantaClara
Atlanta GrandRapids Atlanta Danbury Downey
Durham Bloomington Durham Deltona
Memphis Memphis
Kennewick Kennewick Barnstable NewYorkCity
NewBedford NewBedford
York York
Hickory Tyler HuntingtonBeach Hickory
Hampton Hampton
Montgomery ThousandOaks SantaCruz
Winston Tampa
NewOrleans Waterloo Harlingen Waco
