Hayward Shreveport Hartford NorthLasVegas Hartford Shreveport Orem Bethlehem Orem Olympia PortSaintLucie ThousandOaks Huntsville Kissimmee Marina PortArthur RichmondCounty PortArthur Lacey Savannah StPaul CathedralCity StPaul CorpusChristi KansasCity SantaClarita Racine PembrokePines SanBernardino Pueblo SanBernardino Mobile Hemet PuntaGorda HavredeGrace JohnsonCity SanAntonio ElPaso ElMonte McAllen Elkhart Modesto Worcester Burlington Downey Topeka Henderson NewYorkCity Omaha Scottsdale Lorain RoundLakeBeach Independence Cincinnati NewportNews SimiValley Aberdeen SantaClara VeroBeach CostaMesa Bakersfield SouthBend Fresno Anchorage Utica Norwich SanBuenaventura Oxnard Brighton Torrance Melbourne Torrance Albuquerque Hialeah Harlingen Springfield Spartanburg LakeCharles Boulder Kaneohe StLouis Sacramento Escondido Mesquite Escondido Monroe NewYork Kalamazoo NewYork Tucson Deltona Salem Hampton Newark Hampton Gastonia Laredo GreenBay Lafayette Waterbury Newburgh Carrollton SiouxFalls Carrollton Visalia Columbus Anaheim Eugene Boise Marysville Stamford LasVegas Nashua Tyler Arvada Wilmington Vancouver GrandRapids SaintPaul Duluth Detroit BoiseCity Harrisburg HuntingtonBeach Sarasota Scranton Sarasota Ogden Reno York Champaign Charlotte Lubbock Bryan Birmingham Barnstable Youngstown Fullerton Flint Trenton Louisville Trenton OverlandPark Greenville Plano Hagerstown PalmBay CapeCoral Seaside Shreveport Hayward
96
Cincinnati Cincinnati
Albuquerque Albuquerque
Laredo Laredo
NewportNews NewportNews
Barnstable Barnstable
JohnsonCity JohnsonCity
Greenville Greenville
Racine Racine
Nashua Nashua
Fullerton Fullerton
Bethlehem Bethlehem NewBedford
NorthLasVegas NorthLasVegas
StLouis StLouis
GrandRapids GrandRapids
Pueblo Pueblo
Boise Boise
Arvada Arvada
Oxnard Oxnard
Hemet Hemet
Scranton Scranton
Fresno Fresno
Waterbury Waterbury
LakeCharles LakeCharles
Stamford Stamford
Olympia Olympia
RichmondCounty RichmondCounty
Duluth Duluth
Modesto Modesto
Henderson Henderson
HuntingtonBeach HuntingtonBeach
Huntsville Huntsville
Lacey Lacey
Burlington Burlington
Columbus Columbus
Savannah Savannah
Vancouver Vancouver
Detroit Detroit
Hialeah Hialeah
CathedralCity CathedralCity
NewYorkCity NewYorkCity
Marysville Marysville Layton
GreenBay GreenBay
Bakersfield Bakersfield
Monroe Monroe
Louisville Louisville
ElPaso ElPaso
SantaClara SantaClara
Kissimmee Kissimmee
Newark Newark
Torrance Torrance
Hartford Hartford
Plano Plano
Eugene Eugene
Kalamazoo Kalamazoo
ThousandOaks ThousandOaks
SiouxFalls SiouxFalls
Elkhart Elkhart
Champaign Champaign
Anaheim Anaheim
York York
Spartanburg Spartanburg
Scottsdale Scottsdale
Aberdeen Aberdeen
RoundLakeBeach RoundLakeBeach
SaintPaul SaintPaul
Omaha Omaha
HavredeGrace HavredeGrace
Harlingen Harlingen
Norwich Norwich
Mobile Mobile
Melbourne Melbourne
Ogden Ogden
Newburgh Newburgh
Charlotte Charlotte
OverlandPark OverlandPark
Topeka Topeka
CapeCoral CapeCoral Bloomington
PalmBay PalmBay
Marina Marina Frederick
Salem Salem
LasVegas LasVegas
Tucson Tucson
Tyler Tyler
PuntaGorda PuntaGorda
Downey Downey
Hagerstown Hagerstown
Deltona Deltona
Birmingham Birmingham
SanBuenaventura SanBuenaventura
Utica Utica
Mesquite Mesquite
Flint Flint
Anchorage Anchorage
McAllen McAllen
Lubbock Lubbock
CorpusChristi CorpusChristi
