AndyandZeyu h i f j g AndyandZeyu j8 j7 h8 f8 g8 i8 AndyandZeyu g1 h1 i1 b1 f1 j1 AndyandZeyu f6 g6 h6 AndyandZeyu6 i6 AndyandZeyu f3 j3 g3 h3 AndyandZeyu AndyandZeyu7 j6 g7 h7 b7 i7 f7 AndyandZeyu j0 g0 AndyandZeyu0 i0 f0 AndyandZeyu g2 c2 i2 h2 f2 j2 AndyandZeyu g4 h4 i4 f4 AndyandZeyu i5 f5 j4 h5 g5 e5 AndyandZeyu
48
f f
g g
f4 f4
j1 j1
i1 i1
h1 h1
g1 g1
f1 f1
g4 g4
h4 h4
i2 i2
h2 h2
g2 g2
f2 f2
h h
i4 i4
j4 j4
j2 j2
j3 j3
i i
h3 h3
g3 i3 g3
f3 f3
j j
h6 h6
i6 i6
j6 j6
g6 g6
f5 f5
f6 f6
g5 g5
f0 h0 f0
g7 g7
h7 h7
i7 i7
j7 j7
g0 g0
h5 h5
f7 f7
i5 i5
i0 i0
g8 g8
h8 h8
i8 i8
j8 j8
j0 j0
AndyandZeyu6 j5
f8 f8
