AndyandZeyu h i f j g AndyandZeyu j18 j17 h18 f18 g18 i18 AndyandZeyu j1 f1 b1 i1 h1 g1 AndyandZeyu f6 g6 j5 AndyandZeyu6 h6 i6 AndyandZeyu f11 g11 j10 AndyandZeyu11 h11 i11 AndyandZeyu f16 g16 j15 AndyandZeyu16 h16 i16 AndyandZeyu f3 j3 g3 h3 AndyandZeyu f4 i4 h4 g4 AndyandZeyu j2 f2 h2 i2 c2 g2 AndyandZeyu f0 i0 AndyandZeyu0 g0 j0 AndyandZeyu f7 b7 h7 g7 i7 j6 AndyandZeyu7 AndyandZeyu i8 g8 f8 h8 j7 j8 AndyandZeyu g13 f13 h13 j12 j13 AndyandZeyu AndyandZeyu17 j16 g17 h17 b17 i17 f17 AndyandZeyu f9 i9 h9 g9 AndyandZeyu f12 b12 h12 g12 i12 j11 AndyandZeyu12 AndyandZeyu g14 h14 i14 f14 AndyandZeyu i5 f5 j4 h5 g5 e5 AndyandZeyu i10 f10 j9 h10 g10 e10 AndyandZeyu i15 f15 j14 h15 g15 e15 AndyandZeyu
98
AndyandZeyu i13
g9 g9
j3 j3
i i
h3 h3
g3 i3 g3
f3 f3
j j
j4 j4
i4 i4
h4 h4
g4 g4
f4 f4
j5 j5
i5 i5
h5 h5
g5 g5
f5 f5
f10 f10
f11 f11
g10 g10
j6 j6
i6 i6
h6 h6
g6 g6
f6 f6
f0 h0 f0
h10 h10
i10 i10
i7 i7
j7 j7
g0 g0
h7 h7
g7 g7
f1 f1
f7 f7
f9 f9
j10 j10
i8 i8
j8 j8
i0 i0
h8 h8
g8 g8
f8 f8
j0 j0
g11 g11
h13 h13
j12 j12
j13 j13
g13 g13
f13 f13
g1 g1
f f
j1 j1
i14 i14
j14 j14
h14 h14
g14 g14
f14 f14
i11 i11
g g
g15 g15
h15 h15
i15 i15
j15 j15
i9 i9
f15 f15
f12 f12
h9 h9
h1 h1
f16 f16
g16 g16
h16 h16
i16 i16
j16 j16
h11 h11
h12 h12
g12 g12
j11 j11
f2 f2
f17 f17
g17 g17
h17 h17
i17 i17
j17 j17
h h
g2 g2
j9 j9
h2 h2
i1 i1
g18 g18
h18 h18
i18 i18
j18 j18
i2 i2
j2 j2
f18 f18
i12 i12
