A TA TA2 TA3 TA221 TA211 TA201 TA191 TA181 TA171 TA161 TA151 TA131 TA141 TA121 TA91 TA101 TA71 TA81 TA61 TA31 TA51 TB21 TA111 TA41 TB11 TB1 TA24 TA22 TA23 TA21 TA20 TA19 TA17 TA18 TA16 TA14 TA15 TA13 TA10 TA4 TA12 TA11 TA9 TA8 TA7 TA5 TA1 TA6 TA231 TA241 A
50
TA TA
TA1 TA1
TA2 TA2
TA3 TA3
TA4 TA4
TA5 TA5
TA6 TA6
TA7 TA7
TA8 TA8
TA9 TA9
TA10 TA10
TA11 TA11
TA12 TA12
TA13 TA13
TA14 TA14
TA15 TA15
TA16 TA16
TA17 TA17
TA18 TA18
TA19 TA19
TA20 TA20
TA21 TA21
TA22 TA22
TA23 TA23
TA24 TA24
TB1 TB1
TB11 TB11
TB21 TB21
TA31 TA31
TA41 TA41
TA51 TA51
TA61 TA61
TA71 TA71
TA81 TA81
TA91 TA91
TA101 TA101
TA111 TA111
TA121 TA121
TA131 TA131
TA141 TA141
TA151 TA151
TA161 TA161
TA171 TA171
TA181 TA181
TA191 TA191
TA201 TA201
TA211 TA211
TA221 TA221
TA231 TA231
TA241 TA241
