0 1 19 21 31 30 31 21 23 22 20 24 25 24 20 32 33 32 44 32 42 43 51 50 49 48 49 50 51 41 40 41 51 52 56 52 54 52 62 63 64 65 73 72 73 74 82 83 82 74 76 74 87 75 86 75 88 89 98 99 90 104 108 104 105 106 107 111 112 114 112 120 112 121 126 127 128 125 124 125 128 129 130 137 136 137 139 146 139 144 143 142 141 140 138 147 148 147 151 152 153 154 155 156 157 172 157 168 157 163 157 158 157 173 174 182 174 186 174 178 174 176 174 189 191 198 197 190 194 190 192 190 199 0
43
1 2 4 7 15 17
23 23
25 25
30 30
33 33
40 40
42 42
44 44
48 48
54 53 54
56 56
62 67
64 64
72 72
76 76
83 83
86 86
87 87
89 91 101 94
99 99
105 105
108 108
114 114
120 120
124 124
127 127
130 130
136 136
142 142
146 146
148 148
154 154
158 158
163 163
168 168
172 172
176 176
178 178
182 182
186 186
192 192
194 194
198 198
