MfdzFvsdGbvl AGbRQRBgaOdX MkUBuIisCVpZ mFYKjQfCsRtT IHnRSACwPeSd PQTqeEtJjrHq GKWfMfVZxbJi VyXrTLUcizAa QifLRRQkbeZy FCrKCfVsEsBk SgyAcloZDNJV arcJTkwUqbUy axLiuEEXvnsQ RICmsRCgzRsB TbekQRoKcInv ZjfLZjjegWJT PUcvIgREsriS QHpWWcCYavdw EoEdLMroSPNp dDFWxTbuPymh NlmuUUVQUbgI BkcPMTugAswL mtRsLIzrlNLu GemeldahvdVv uFHfCerNFIme GuSSYBNHDbKE rVqgoVgUmLRB deJmWrylVSGK PnbamVANEguC buqjmAINqGzN pkzKsTORVYro UVLyMXgqTFaJ MLnLJmQHwuOS dFUHctNjrywb plKUVNXwKfVb noaMakAlHdwq hCxjbMrSlUJQ DFscNnuMhxUC DvRTDyBMOCbT VARFNCcqfgIc AMizjBPjmCZd ymJllvoAiAsf SojgLCNtJNvq tywOQDwDhjwZ jBrNTBMPxyQD MOpktZzuQRCH PvZWLvSzyZfH pQCFwcmaYfTN rrRAqFcoDYfk BbyhqvohDUZK MfdzFvsdGbvl
49
VyXrTLUcizAa VyXrTLUcizAa
buqjmAINqGzN buqjmAINqGzN
SojgLCNtJNvq SojgLCNtJNvq
axLiuEEXvnsQ axLiuEEXvnsQ
ymJllvoAiAsf ymJllvoAiAsf
VARFNCcqfgIc VARFNCcqfgIc
dFUHctNjrywb dFUHctNjrywb
DFscNnuMhxUC DFscNnuMhxUC
tywOQDwDhjwZ tywOQDwDhjwZ
mtRsLIzrlNLu mtRsLIzrlNLu
FCrKCfVsEsBk FCrKCfVsEsBk
PQTqeEtJjrHq PQTqeEtJjrHq
jBrNTBMPxyQD jBrNTBMPxyQD
PUcvIgREsriS PUcvIgREsriS
noaMakAlHdwq noaMakAlHdwq
DvRTDyBMOCbT DvRTDyBMOCbT
QHpWWcCYavdw QHpWWcCYavdw
MOpktZzuQRCH MOpktZzuQRCH
SgyAcloZDNJV SgyAcloZDNJV
ZjfLZjjegWJT ZjfLZjjegWJT
AMizjBPjmCZd AMizjBPjmCZd
dDFWxTbuPymh dDFWxTbuPymh
RICmsRCgzRsB RICmsRCgzRsB
PnbamVANEguC PnbamVANEguC
EoEdLMroSPNp EoEdLMroSPNp
MkUBuIisCVpZ MkUBuIisCVpZ
TbekQRoKcInv TbekQRoKcInv
rVqgoVgUmLRB rVqgoVgUmLRB
UVLyMXgqTFaJ UVLyMXgqTFaJ
pQCFwcmaYfTN pQCFwcmaYfTN
BbyhqvohDUZK BbyhqvohDUZK
deJmWrylVSGK deJmWrylVSGK
PvZWLvSzyZfH PvZWLvSzyZfH
uFHfCerNFIme uFHfCerNFIme
rrRAqFcoDYfk rrRAqFcoDYfk
GKWfMfVZxbJi GKWfMfVZxbJi
IHnRSACwPeSd IHnRSACwPeSd hLGIbMiwjPgd
hCxjbMrSlUJQ hCxjbMrSlUJQ
AGbRQRBgaOdX AGbRQRBgaOdX
GuSSYBNHDbKE GuSSYBNHDbKE
NlmuUUVQUbgI NlmuUUVQUbgI
GemeldahvdVv GemeldahvdVv
QifLRRQkbeZy QifLRRQkbeZy
MLnLJmQHwuOS MLnLJmQHwuOS
plKUVNXwKfVb plKUVNXwKfVb
BkcPMTugAswL BkcPMTugAswL
arcJTkwUqbUy arcJTkwUqbUy
mFYKjQfCsRtT mFYKjQfCsRtT
pkzKsTORVYro pkzKsTORVYro
