IvOdahrtFwzZ WUqhotrexTBp OIjApACwnyqG DiKlonktcqTP EwXugPkGUVkm AQgpWBullbIi zOkfhFVfOKVi UYTxhnOtiPHB PFpQuVVRxbvV sTgUExIipvWV RGYiIUdVAiVL YGzazHdyrGCd hLCSOZLNEdhX xXoCKkdkKAne nyTRNDRCsANl TTwdgXpOLyxF TglqUXfjbefC PKHkuTHeRXhO WRiugWLCujBI zcAOlsVDUDkc qlMzHEurfTvO WHSGrQQrrotE WnABnktZDxMx evRMhyiHKGXv gXcuqckdTdIP WsLfQLsirtHk FkNlSGMBOUbz aXlcDzbXwAJW ocysUjOwnenm RQBxIsRWzmfl pjemGRILnFei QDhUZstsJKtV UGahWpWtmUQn lRgeGnDJBtMa cQFNlImsTWTM wXjNgGRCXYRl ybLCwZqVZKud fblrDraNAUxK IQvKLYGCcCbd IfTQNEFsiTgr jXgKDXnEJsra SKbQkQUhqQEt jXOmYlZmvqnI nKmMbiEuiffc HVwGkspnDHbf WWtfhwMSzfGW NMSHhfMtAJZb gkTmCiZxFrJw ubtvaUeVUfmV zypYDSZfKAvD IcNVObbuvzWY ctZWqndwhbJm touUfboeiIya QZQElPdcHxru JNoAmCxHcsYw gJMLzBkWmUoV cpNycWVdmzHJ mZUBOQTZyXOM vkOqMvrCUWYf GvyjKkGcUdcI QFfSmYtuSTPl AoaIXEzdsCrm mvdksSctoMVi ppfBOAvWYXyJ YvLRANdegrdA qxhFFIUEfnzV quZcTYtpBjSn cRekprdsHHWw nlzJUuBrsbXD oOIjuHJcVRiV LNoKVqXhLEzn AhJBAeSEuUkL QxNjgiXciQma ypApeqMQPnQA nschEYWjrAsr EKWhDcEeEkGK dXlgwkdKhUmB EOKLHvbbCToE NxxrxPgsnMqG hPSXtHMMyKAK KtoZVrQmJWki zCWezcJmUGqs yVSfaizVeLPT mgKEFEWheOqk qFGlIHDqKyPA uzYTzVwixczQ XwPJYwaGcHxO lznMKRYSMheH yFQWQWtUUMle nxbMBCPhfQij oKIKkmsSWzmH wHeDieHMYzAK ZPYnROAizafx TZmWJenJbEsV sFSBpaJxLpBT yHOsEGOhjOLt JpwDMOwQmqOp HEwqlaeMfSzl tARvBeqQDqSY fiHhqLtPfdZy aSpDrTbKBytW IvOdahrtFwzZ
100
ZPYnROAizafx ZPYnROAizafx
fiHhqLtPfdZy fiHhqLtPfdZy
WsLfQLsirtHk WsLfQLsirtHk
touUfboeiIya touUfboeiIya
zypYDSZfKAvD zypYDSZfKAvD
TTwdgXpOLyxF TTwdgXpOLyxF
mvdksSctoMVi mvdksSctoMVi
OIjApACwnyqG OIjApACwnyqG
vkOqMvrCUWYf vkOqMvrCUWYf
mZUBOQTZyXOM mZUBOQTZyXOM
TZmWJenJbEsV TZmWJenJbEsV
AQgpWBullbIi AQgpWBullbIi
hLCSOZLNEdhX hLCSOZLNEdhX
EKWhDcEeEkGK EKWhDcEeEkGK
fblrDraNAUxK fblrDraNAUxK
gkTmCiZxFrJw gkTmCiZxFrJw
nxbMBCPhfQij nxbMBCPhfQij
ctZWqndwhbJm ctZWqndwhbJm
UYTxhnOtiPHB UYTxhnOtiPHB
mgKEFEWheOqk mgKEFEWheOqk
IcNVObbuvzWY IcNVObbuvzWY
wXjNgGRCXYRl wXjNgGRCXYRl
wHeDieHMYzAK wHeDieHMYzAK
pjemGRILnFei pjemGRILnFei
xXoCKkdkKAne xXoCKkdkKAne
NMSHhfMtAJZb NMSHhfMtAJZb
DiKlonktcqTP DiKlonktcqTP
ppfBOAvWYXyJ ppfBOAvWYXyJ
evRMhyiHKGXv evRMhyiHKGXv
HEwqlaeMfSzl HEwqlaeMfSzl
cpNycWVdmzHJ cpNycWVdmzHJ
QDhUZstsJKtV QDhUZstsJKtV
EwXugPkGUVkm EwXugPkGUVkm
yFQWQWtUUMle yFQWQWtUUMle
ypApeqMQPnQA ypApeqMQPnQA
qlMzHEurfTvO qlMzHEurfTvO
JpwDMOwQmqOp JpwDMOwQmqOp
oOIjuHJcVRiV oOIjuHJcVRiV
QZQElPdcHxru QZQElPdcHxru
cQFNlImsTWTM cQFNlImsTWTM
QFfSmYtuSTPl QFfSmYtuSTPl
quZcTYtpBjSn quZcTYtpBjSn
KtoZVrQmJWki KtoZVrQmJWki
HVwGkspnDHbf HVwGkspnDHbf
WWtfhwMSzfGW WWtfhwMSzfGW
zOkfhFVfOKVi zOkfhFVfOKVi
lznMKRYSMheH lznMKRYSMheH
PFpQuVVRxbvV PFpQuVVRxbvV
WHSGrQQrrotE WHSGrQQrrotE
lRgeGnDJBtMa lRgeGnDJBtMa
GvyjKkGcUdcI GvyjKkGcUdcI
aSpDrTbKBytW aSpDrTbKBytW
qxhFFIUEfnzV qxhFFIUEfnzV
IQvKLYGCcCbd IQvKLYGCcCbd
EOKLHvbbCToE EOKLHvbbCToE
RGYiIUdVAiVL RGYiIUdVAiVL
hPSXtHMMyKAK hPSXtHMMyKAK
LNoKVqXhLEzn LNoKVqXhLEzn
dXlgwkdKhUmB dXlgwkdKhUmB
QxNjgiXciQma QxNjgiXciQma
tARvBeqQDqSY tARvBeqQDqSY
JNoAmCxHcsYw JNoAmCxHcsYw
YvLRANdegrdA YvLRANdegrdA
YGzazHdyrGCd YGzazHdyrGCd
AhJBAeSEuUkL AhJBAeSEuUkL
cRekprdsHHWw cRekprdsHHWw
qFGlIHDqKyPA qFGlIHDqKyPA
sTgUExIipvWV sTgUExIipvWV
WUqhotrexTBp WUqhotrexTBp
nyTRNDRCsANl nyTRNDRCsANl
IfTQNEFsiTgr IfTQNEFsiTgr
aXlcDzbXwAJW aXlcDzbXwAJW
SKbQkQUhqQEt SKbQkQUhqQEt
jXOmYlZmvqnI jXOmYlZmvqnI
uzYTzVwixczQ uzYTzVwixczQ
WnABnktZDxMx WnABnktZDxMx
nlzJUuBrsbXD nlzJUuBrsbXD
UGahWpWtmUQn UGahWpWtmUQn
XwPJYwaGcHxO XwPJYwaGcHxO
gJMLzBkWmUoV gJMLzBkWmUoV
TglqUXfjbefC TglqUXfjbefC
ubtvaUeVUfmV ubtvaUeVUfmV
yHOsEGOhjOLt yHOsEGOhjOLt
ocysUjOwnenm ocysUjOwnenm
yVSfaizVeLPT yVSfaizVeLPT
zCWezcJmUGqs zCWezcJmUGqs
PKHkuTHeRXhO PKHkuTHeRXhO
NxxrxPgsnMqG NxxrxPgsnMqG
oKIKkmsSWzmH oKIKkmsSWzmH
nKmMbiEuiffc nKmMbiEuiffc
gXcuqckdTdIP gXcuqckdTdIP
FkNlSGMBOUbz FkNlSGMBOUbz
AoaIXEzdsCrm AoaIXEzdsCrm
nschEYWjrAsr nschEYWjrAsr
ybLCwZqVZKud ybLCwZqVZKud
WRiugWLCujBI WRiugWLCujBI
jXgKDXnEJsra jXgKDXnEJsra
RQBxIsRWzmfl RQBxIsRWzmfl
sFSBpaJxLpBT sFSBpaJxLpBT
zcAOlsVDUDkc zcAOlsVDUDkc
