MHnVCXOJJwOI UvfnFwkwYqFk YfpLHnDpSXzc AZrILCuGwbtV KKNtdnAHmUpc PCNGxUSnzrYJ GLfJulJDWdHA SJPfUQrbAbqM jmWqilJNXyuV oClepMbylsqk GoPPViXuIoMW phTlHtTwrYOU FhVNapbaoZOZ svpVoYHpEpjH crcFIKqbaYTC NkzUoyRYPnbb RWoTZCNhceUR cXYRsTNMJDHO SPoMbAzxrqrj ltlOmMSvjmIL bVDkAfQbeTmx YbGvPudTcbyh ilCjMogPnNTK NmmqQKqzdERM MlFqcqjWiUdI MHnVCXOJJwOI
24
SJPfUQrbAbqM SJPfUQrbAbqM
ilCjMogPnNTK ilCjMogPnNTK
svpVoYHpEpjH svpVoYHpEpjH
NmmqQKqzdERM NmmqQKqzdERM
SPoMbAzxrqrj SPoMbAzxrqrj
YbGvPudTcbyh YbGvPudTcbyh
bVDkAfQbeTmx bVDkAfQbeTmx
crcFIKqbaYTC crcFIKqbaYTC
MlFqcqjWiUdI MlFqcqjWiUdI
jmWqilJNXyuV jmWqilJNXyuV
oClepMbylsqk oClepMbylsqk
RWoTZCNhceUR RWoTZCNhceUR
GLfJulJDWdHA GLfJulJDWdHA
YfpLHnDpSXzc YfpLHnDpSXzc
ltlOmMSvjmIL ltlOmMSvjmIL
phTlHtTwrYOU phTlHtTwrYOU
cXYRsTNMJDHO cXYRsTNMJDHO
PCNGxUSnzrYJ PCNGxUSnzrYJ
KKNtdnAHmUpc KKNtdnAHmUpc
NkzUoyRYPnbb NkzUoyRYPnbb
FhVNapbaoZOZ FhVNapbaoZOZ
GoPPViXuIoMW JCPkGQQBkgge GoPPViXuIoMW
AZrILCuGwbtV AZrILCuGwbtV
UvfnFwkwYqFk UvfnFwkwYqFk
