5 1 188 42 66 177 122 102 190 58 16 159 55 168 35 130 137 149 38 82 97 147 198 112 93 46 100 197 185 20 170 79 89 106 164 124 83 103 108 196 27 69 78 50 8 157 117 91 115 92 182 5
50
1 1
8 8
16 16
20 20
27 27
35 35
38 38
42 42
46 46
50 50
55 55
58 58
66 66
69 69
78 78
79 79
82 82
83 83
89 89
91 91
92 92
93 93
97 97
100 100
102 102
103 103
106 106
108 108
112 112
115 115
117 117
122 122
124 124
130 130
137 137
147 147
149 149
157 157
159 159
164 164
168 168
170 170
177 177
182 182
185 185
188 188
190 190
196 196
197 197
198 198
