0 65 147 21 71 93 24 156 37 124 49 36 151 10 130 31 34 46 140 187 108 166 50 83 158 104 141 102 79 51 179 47 163 1 188 7 173 96 67 178 111 194 39 27 172 17 138 184 75 91 116 12 62 123 29 53 157 87 101 68 164 80 60 135 44 15 105 11 129 81 118 16 52 122 26 113 61 25 18 30 95 5 89 106 56 161 170 193 42 35 2 6 144 155 22 168 38 150 189 125 109 162 197 23 13 160 66 55 142 40 152 3 198 73 59 0
93
1 1
31 31
40 40
42 42
50 50
22 22
124 124
111 111
49 49
10 10 119
59 59
102 102
61 61
62 62
56 56
55 55
11 136 11
104 104
60 60 110
12 12
71 71
66 66
67 67
68 68
23 23
73 73
83 83
75 75
15 15
80 80
87 87
79 196 79
118 118
16 16
105 105
25 25
93 93
17 17
95 95
96 96
91 91
89 89
24 24
18 18 171
123 123
21 21
101 101
122 122
144 144
130 145 130
26 26
150 150
151 151
152 152 9
5 5
147 147
155 155
156 156
30 30
161 161
163 163
164 164
6 6
157 157
158 158
160 160
108 108
162 162
168 168
135 135
27 27
172 172
34 34
173 173
179 179
184 184
178 178
35 35
129 129
7 7
36 36
138 138
193 193
194 194
109 109
187 187
189 189
38 38
39 39
140 140
141 141
142 142
198 198
