Soda C9 A7 B8 D1 D9 B9 D8 C3 D7 D5 C9 Soda a0 c9 a7 b8 d1 d9 b9 d8 c3 d7 d5 c9 a0 a5 a9 b7 b5 c1 d3 d6 a5 a0 c5 e3 e4 e5 b1 e7 e6 b3 c7 b2 c5 a0 Soda A5 A9 B7 B5 C1 D3 D6 A5 Soda C5 E3 E4 E5 B1 E7 E6 B3 C7 B2 C5 Soda A E P E Q E A C J I C A B H AB Z Y AP AA N G A D K T AJ AK AW AH AI AS AU AI K D A F M AC AM AN AO X O F A Soda a i j aa at as ar z aa j y ap ao an u v u x i a g f r ak t al ak aj ak h a e p af ag ah ag o n d a b m ad l ax ac av ab k b a Soda
81
A5 A5
E3 E3
l l
E5 E5
A9 A9
E7 E7
H H
B1 B1
n n
I AF
J J
p p
T T
N N
Q AG Q
P P
B3 B3
C3 E1 C3
z z
r r
B5 A3 B5
AB AB
AC AC
t t
C5 C5
f f
B7 B7
AU AU
AS AS
AO AO
AP AP
C1 C1
x x
B9 B9
v v
AW AW
b b
av av
ar ar
at at
C9 C9
af af
ax ax
a7 a7 a1
a5 a5
b3 b3
D1 D1
b5 a3 b5
ah ah
b7 b7
a9 a9
b9 b9
b1 b1
c1 c1
aj aj
c3 c3 e1
h h
c5 c5
D3 D3
c7 c7
C7 C7
c9 c9
ab ab
d1 d1
al al
ad ad
d5 d5
D5 D5
d7 d7
d d
A7 A1 A7
d3 d3
an an
j j
D7 D7
d9 d9
D9 D9
ap ap
e3 e3
e5 e5
e7 e7
