ssp200 13 10 2 14 2 181 152 162 161 162 152 158 156 155 154 153 157 152 164 152 181 137 147 146 147 137 143 141 140 139 138 142 137 149 137 181 92 102 101 102 92 97 93 94 95 96 98 92 104 92 181 32 42 41 42 32 37 33 34 35 36 38 32 44 32 181 17 23 21 20 19 18 22 17 27 26 27 17 29 17 181 62 72 71 72 62 67 63 64 65 66 68 62 74 62 181 77 87 86 87 77 83 81 80 79 78 82 77 89 77 181 107 117 116 117 107 113 111 110 109 108 112 107 119 107 181 182 187 183 184 185 186 188 182 194 182 181 167 179 167 172 168 169 170 171 173 167 181 47 53 51 50 49 48 52 47 59 47 181 122 134 122 127 123 124 125 126 128 122 181 2 8 6 5 4 3 7 2 12 11 12 2 10 13 ssp200
78
164 164 165
161 161
80 80
64 64
138 138
81 81
149 149 150
139 139
140 140
141 141
146 146
104 105 104
122 131
194 194 195
123 123
124 124
125 125
126 126
134 134 135
86 86
65 65
111 111
110 110
108 108
89 89 90
109 109
167 176
183 183
119 120 119
116 116
96 96
95 95
94 94
93 93
168 168
63 63
171 171
169 169
184 184
101 101
170 170
66 66
59 59 60
185 185
36 36
71 71
35 35
33 33
74 74 75
41 41
44 44 45
34 34
186 186
182 191
78 78
21 21
19 19
18 18
153 153
26 26
29 29 30
179 179 180
20 20
47 56
154 154
155 155
6 6
3 3
48 48
156 156
4 4
5 5
79 79
49 49
50 50
51 51
11 11
14 14 15
