SabrinaSiriPrince50 aHwNY UBrR9 52PwN H8qqB 0kSSC Ms6jj plb6L UBrR9 aHwNY M7N2p X8iWp cRUJh DrLs7 9HL6t yJVF4 4MOkB DrLs7 SVxWg nbohZ d2ZYh SVxWg cRUJh duKKu 11x30 OSLHQ EZqNK WcEcU 11x30 YgbLl vmJdf 5X0EW Wutnl YgbLl duKKu X8iWp SabrinaSiriPrince50
19
M7N2p V7iEC Bjd2k cwf5o nMJpi nannc rFWcq i3qsm
aHwNY aHwNY
H8qqB H8qqB
Ms6jj Ms6jj
52PwN 52PwN
UBrR9 UBrR9
0kSSC 0kSSC
plb6L plb6L
EZqNK EZqNK
OSLHQ OSLHQ
WcEcU WcEcU
5X0EW 5X0EW
vmJdf vmJdf
Wutnl Wutnl
9HL6t 9HL6t
yJVF4 yJVF4
4MOkB 4MOkB
nbohZ nbohZ
d2ZYh d2ZYh
