1 3 7 5 19 9 145 141 105 149 117 83 115 119 111 127 113 133 135 123 125 121 131 137 129 147 139 95 93 87 103 99 97 107 85 91 79 81 89 65 75 55 101 77 61 53 73 71 67 63 69 51 59 43 49 45 57 37 47 31 39 35 41 29 27 23 17 21 11 25 33 15 13 143 109 1
75
1 1
3 3
5 5
7 7
9 9
11 11
13 13
15 15
17 17
19 19
21 21
23 23
25 25
27 27
29 29
31 31
109 109
33 33
35 35
37 37
39 39
41 41
111 111
43 43
107 107
45 45
47 47
49 49
125 125
51 51
113 113
53 53
55 55
103 103
57 57
59 59
115 115
61 61
105 105
63 63
65 65
67 67
69 69
71 71
117 117
73 73
75 75
77 77
79 79
81 81
119 119
83 83
85 85
87 87
89 89
91 91
121 121
93 93
95 95
97 97
99 99
127 127
101 101
123 123
133 133
141 141
129 129
135 135
137 137
139 139
131 131
143 143
145 145
147 147
149 149
