Jason Derek Ricky Melinda Dustin Michelle Paul Scott Johnathan Megan Jane Mary Edwin Dana Joshua Cheryl Timothy Jeremy Logan Cristian William Jose Sabrina Shawn Kathy Jennifer Amanda Carol Charles Jeffery Jordan Stephen Rachel Andrew Gregory Tommy Juan Karen Lauren Kristen Rebecca Brett Rebekah Joseph Adam Misty Jill Wayne Elizabeth Ronnie Stacie Carrie John Kayla Regina Mark Dylan Shane Tristan Brian Gabriel Laura Nicholas Alexandra Monica Crystal Tammy Kara Adrian Katelyn James Bryan Jacqueline Kimberly Ashley Melissa Heather Nathaniel Roy Christina Mercedes Grace Kari Nicole Randy Robin April Shannon Samantha Robert Jeffrey Brad Evan Brittany Kyle David Claire Mario Susan Wendy Kelsey Jason
100
Derek Derek
Nathaniel Nathaniel
Tristan Tristan
Ricky Ricky
Cristian Cristian
Dana Dana
Adam Adam
David David
Misty Misty
Jose Jose
Paul Paul
Mercedes Mercedes
Gregory Gregory
Laura Laura
Shannon Shannon
Shawn Shawn
Stacie Stacie
Carol Carol
Carrie Carrie
Samantha Samantha
Melissa Melissa
Kari Kari
Jacqueline Jacqueline
Evan Evan
Katelyn Katelyn
Kimberly Kimberly
Robert Robert
Mark Mark
Adrian Adrian
Brian Brian
Lauren Lauren
Dylan Dylan
Amanda Amanda
Andrew Andrew
Jeffery Jeffery
Wayne Wayne
Megan Megan
Jeffrey Jeffrey
Christina Christina
Timothy Timothy
Regina Regina
Kelsey Kelsey
John John
Charles Charles
Joshua Joshua
Crystal Crystal
Shane Shane
Nicole Nicole
William William
Joseph Joseph
Rebecca Rebecca
Claire Claire
Heather Heather
Mary Mary
Cheryl Cheryl
Rebekah Rebekah
Brad Brad
Scott Scott
Sabrina Sabrina
Jill Jill
Edwin Edwin
Brittany Brittany
Elizabeth Elizabeth
Juan Juan
Tommy Tommy
James James
Mario Mario
Michelle Michelle
Kathy Kathy
Gabriel Gabriel
Stephen Stephen
Monica Monica
Susan Susan
Kristen Kristen
Roy Roy
Jane Jane
Alexandra Alexandra
Bryan Bryan
Grace Grace
Wendy Wendy
Logan Logan
April April
Nicholas Nicholas
Jennifer Jennifer
Kayla Kayla
Dustin Dustin
Kara Kara
Ashley Ashley
Johnathan Johnathan
Jordan Jordan
Tammy Tammy
Jeremy Jeremy
Kyle Kyle
Karen Karen
Ronnie Ronnie
Melinda Melinda
Rachel Rachel
Robin Robin
Randy Randy
Brett Brett
