Austin Victoria Ralph Kari Amy Maxwell Jordan Glenda Janet Steven Joshua Jamie Danielle Robin Daniel Jonathan Juan Paige Elaine Eugene Alex Rhonda Rachel Donald Patrick Ashley Natasha Garrett Mariah Elizabeth Hannah Debra John Jennifer Jeanette Kyle Melissa Edward Michael Gina Paul Scott Cassandra Robert Monique Dennis Walter Sara April Melinda Austin
49
Victoria Victoria
John John
Daniel Daniel
Gina Gina
Dennis Dennis
Edward Edward
Jamie Jamie
Danielle Danielle
Paul Paul
Patrick Patrick
Debra Debra
Melissa Melissa
Kari Kari
Hannah Sean Hannah
Paige Paige
Robert Robert
Elaine Elaine
Scott Scott
Steven Steven
Donald Donald
Mariah Mariah
Janet Janet
Amy Amy
Glenda Glenda
Eugene Eugene
Michael Michael
Maxwell Maxwell
Joshua Joshua
Natasha Natasha
Alex Alex
April April
Ralph Ralph
Jennifer Jennifer
Garrett Garrett
Monique Monique
Elizabeth Elizabeth
Ashley Ashley
Walter Walter
Sara Sara
Juan Juan
Rhonda Rhonda
Jordan Jordan
Melinda Melinda
Rachel Rachel
Robin Robin
Jeanette Jeanette
Jonathan Jonathan
Cassandra Cassandra
Kyle Kyle
