Glameow Spheal Gigalith Buneary Glalie Throh Fomantis Poochyena Weedle Cacturne Wailord Beheeyem Ledian Zygarde Ivysaur Spiritomb Bergmite Feebas Togepi Sigilyph Yanma Electivire Archeops Loudred Glameow
18
Ivysaur Meganium Spinarak
Ledian Ledian
Electivire Electivire Furret
Buneary Buneary
Bergmite Gumshoos Bergmite
Spiritomb Spiritomb
Wailord Wailord
Glalie Glalie
Poochyena Piplup
Zygarde Zygarde
Togepi Togepi
Gigalith Gigalith
Yanma Yanma
Spheal Gothorita Spheal Inkay
Loudred Loudred
Fomantis Mudbray
Beheeyem Leavanny Golett Beheeyem
Archeops Archeops
