Granbull PorygonZ Electrode Flygon Rufflet Quilava Whiscash Rockruff Ninjask Slakoth Chatot Cosmog Crawdaunt Azurill Krookodile Cascoon Chespin Metapod Arbok Raichu Lycanroc Cinccino Heatmor Serperior Bergmite Jolteon Buizel Aipom Dustox Aipom Nuzleaf Machamp Remoraid Machamp Torkoal Diggersby Darkrai Jirachi Kangaskhan Skitty Budew Grumpig Gliscor TypeNull Cubone Butterfree Beedrill Floette Typhlosion Chinchou Bonsly Sylveon Altaria Malamar Probopass Metang Magmar Blissey Spinda Spiritomb Mawile Trumbeak Ampharos Exeggcute Torracat Lapras Hitmontop Absol Lileep Goomy Magmortar Happiny Pidgeot Mudsdale Greninja Tsareena Staravia Feraligatr Luvdisc Mantine Carnivine Roserade Bronzor Mightyena Tyrunt Charizard Glalie Mimikyu Swanna Unown Relicanth Floatzel Deoxys Metagross Carbink Reshiram Golbat Heatran Charmander Bagon Torchic Binacle Whimsicott Furret Reuniclus Bulbasaur Granbull
93
Tsareena Tsareena
Lycanroc Lycanroc
Quilava Crabominable Quilava
Jirachi Jirachi
Happiny Happiny
Heatran Heatran
Cosmog Cosmog
Mudsdale Vivillon Mudsdale
Spinda Spinda
Kangaskhan Kangaskhan
Grumpig Grumpig
Rockruff Rockruff
Bonsly Bonsly
Machamp Machamp
Darkrai Darkrai
Mawile Mawile
Beedrill Beedrill
Budew Budew
Absol Absol
Cinccino Cinccino
Mightyena Mightyena
Sylveon Sylveon
Butterfree Butterfree
Malamar Malamar
Greninja Greninja
Ampharos Ampharos
Reuniclus Reuniclus
Buizel Buizel
Gliscor Gliscor
Charizard Charizard
Jolteon Jolteon
Mantine Mantine
Relicanth Relicanth
Spiritomb Spiritomb
Unown Electrike Unown
Remoraid Remoraid
Heatmor Heatmor
Magmar Magmar
Raichu Raichu
Floette Floette
TypeNull TypeNull
Cubone Cubone
Krookodile Corphish Krookodile
Rufflet Rufflet Lampent
Swanna Swanna
Diggersby Diggersby
Whiscash Whiscash
Metagross Metagross
Torchic Torchic
Reshiram Reshiram
Whimsicott Whimsicott
Torkoal Torkoal
Bergmite Bergmite
Bronzor Bronzor
Charmander Charmander
Arbok Arbok
Electrode Electrode
Metapod Metapod
Goomy Goomy
Serperior Serperior
Torracat Torracat
Roserade Roserade
Probopass Probopass
Pidgeot Pidgeot
Lapras Lapras
Chinchou Chinchou
Carnivine Carnivine
Crawdaunt Crawdaunt
Carbink Infernape Carbink
Magmortar Magmortar
Golbat Golbat
Cascoon Cascoon
Exeggcute Exeggcute Binacle
Ninjask Ninjask
PorygonZ PorygonZ
Lileep Lileep
Feraligatr Feraligatr
Slakoth Slakoth
Glalie Glalie
Dustox Dustox
Deoxys Deoxys
Chespin Chespin
Luvdisc Luvdisc
Hitmontop Hitmontop
Floatzel Floatzel
Trumbeak Trumbeak
Mimikyu Mimikyu
Flygon Flygon
Blissey Blissey
Chatot Chatot
Typhlosion Typhlosion
Nuzleaf Nuzleaf
Skitty Skitty
