Florges Stufful Omastar Flaaffy Palkia Girafarig Shieldon Zapdos Poliwrath Wailmer Wormadam Bergmite Togetic Bewear Snorlax Celesteela Dusknoir Kricketot Yanmega Hitmonlee Doublade Carracosta Aurorus Bayleef Furfrou Shaymin Gastrodon Moltres Celebi Cofagrigus Pichu Dialga Volbeat Buzzwole Hakamoo Lillipup Infernape Bouffalant Palossand Bidoof Manectric Zubat Regice Chansey Tentacruel Delibird Purrloin Delibird Cascoon Timburr Machoke Hippopotas Cherrim Toxapex Ralts Toxapex Tsareena Weepinbell Vespiquen Florges
44
Weepinbell Weepinbell
Carracosta Carracosta
Togetic Togetic
Zapdos Zapdos
Yanmega Yanmega
Ralts Ralts
Tentacruel Tentacruel
Manectric Manectric
Lillipup Lillipup
Volbeat Volbeat
Moltres Moltres
Shaymin Shaymin
Purrloin Poliwag Sentret Purrloin
Regice Regice
Zubat Zubat
Gastrodon Gastrodon
Furfrou Persian Scolipede
Kricketot Kricketot
Timburr Timburr
Infernape Infernape
Wailmer Wailmer Primarina
Stufful Stufful
Celebi Celebi
Bidoof Bidoof Piloswine
Poliwrath Poliwrath
Cherrim Cherrim
Tsareena Tsareena
Aurorus Aurorus
Machoke Machoke
Dialga Dialga
Bayleef Bisharp Bayleef
Cascoon Cascoon
Hitmonlee Hitmonlee
Dusknoir Dusknoir
Celesteela Celesteela
Omastar Omastar
Buzzwole Buzzwole
Bouffalant Bouffalant
Pichu Pichu
Bergmite Bergmite
Wormadam Wormadam
Hakamoo Hakamoo
Girafarig Girafarig
Delibird Delibird
