0 52 26 5 128 183 87 180 87 82 36 82 147 59 116 125 74 144 152 181 153 55 160 6 195 176 117 168 134 11 171 72 97 19 45 70 140 155 42 40 111 193 136 113 185 108 139 53 196 31 138 50 25 91 75 83 143 145 149 48 189 73 177 73 131 106 135 98 16 17 151 27 199 197 157 63 81 84 101 174 130 66 68 126 20 156 179 103 114 85 167 15 46 184 102 121 23 62 89 141 4 141 30 34 12 9 198 76 92 10 122 7 67 13 80 0
93
4 4
46 46
45 137 45
40 40
42 42
106 106
9 88 9
111 111
53 53
48 48
50 50
10 10
52 52
102 102
55 55
11 11
66 66
67 67
59 59
63 63
114 114
62 62
13 13
74 74
75 75
76 76
72 72
23 23
70 70
116 116
125 125
117 117
82 82
81 81
80 80
16 16
83 83
84 84
85 85
17 17
87 87
91 91
97 97
19 19
121 121
98 98
126 126
20 20
122 162 35 166 122
144 144
143 143
147 147
130 130
26 26
151 151
145 145
131 131
149 149
30 30
152 152
153 105
128 128
156 156
31 31
157 157
160 160
108 108
171 171
134 134
168 168
174 174
34 34
176 176 109
27 27
181 181
136 136
183 183
185 185
177 177
180 180 69
179 179
189 189
103 103
36 36
138 138
184 184
139 139
196 196
197 197
198 198
199 199
140 140
195 195
