1 16 160 32 163 100 0 22 35 57 119 49 93 25 100 3 100 28 100 24 100 141 21 158 199 159 54 171 180 100 172 100 174 191 60 134 100 63 115 101 100 74 100 77 177 151 142 100 82 100 83 127 86 100 192 100 194 100 56 100 188 100 189 89 186 100 97 99 193 100 113 100 125 182 100 131 43 117 100 44 175 80 76 59 121 157 100 45 196 100 153 100 150 100 148 100 138 100 183 155 137 100 136 100 38 100 36 100 31 100 178 195 124 84 170 30 8 12 100 10 100 15 100 19 88 50 27 29 164 105 100 55 68 1
96
0 0
45 45
8 8
49 49
50 50
44 44
43 43
22 22 111
124 124
10 10
54 54
113 113
55 55
56 56
57 57
59 59
60 60
12 12
63 63
68 68
115 18 115
77 77
76 76
80 80
74 74
125 125
83 83
84 84
15 15
117 117
16 16
3 3
82 82
25 25
119 119
105 105
86 86
88 88
89 89 129
93 93
24 24
21 21
19 19
121 121
97 97
99 99
101 101
148 148
142 142
150 150
151 151
131 131
29 29
155 155
30 30
159 159
160 160
153 153
31 31
163 163
1 1
157 157
158 158
134 134
32 32
170 170
171 171
172 172
164 164
174 174
175 175
27 27
177 177
178 178
127 127
180 180
136 136
182 182
183 183
138 138
35 26 35
186 186
137 137
189 189
36 36
191 191
192 192
188 188
28 28
38 38
141 141
193 193
194 194
195 195
196 196
199 199
