21 152 153 172 173 172 183 177 82 83 63 178 91 92 101 194 193 107 85 86 47 116 133 116 47 48 19 48 79 23 160 17 77 17 157 143 140 147 55 185 186 33 155 165 25 179 161 93 89 141 151 175 65 175 163 197 50 49 50 197 95 97 36 29 30 167 108 170 117 122 123 122 130 131 132 61 60 59 8 7 8 9 120 51 120 121 74 75 137 125 115 119 39 136 69 66 67 66 145 66 69 136 74 144 111 188 135 188 113 171 15 5 127 126 180 181 53 150 151 191 13 12 44 41 11 81 113 31 76 35 36 37 189 124 110 43 27 43 73 87 139 168 169 168 139 1 139 142 99 142 149 176 109 106 105 128 129 128 105 104 103 102 187 156 45 156 21
94
1 1 3
45 45
41 41
9 9
111 111
43 43
107 107
23 23
47 47
51 51
49 49
125 125
11 11
113 113
53 53
55 55
103 103
115 115
59 59
105 105
61 61
13 13
63 71 63
65 65
67 67
69 69
117 117
15 15
81 81
73 73
75 75
77 77
79 79
119 159 119
17 17
91 91
83 83
85 85
95 195 95
87 87
97 97
89 89
121 121
19 19
101 101
93 93
25 25
5 5
99 99
127 127
21 21
123 123
145 145
149 149
143 143
131 131
153 153
27 27
155 155
147 147
157 157
151 151
31 31
161 161
133 133
163 163
129 129
7 7
135 135
109 109
171 171
33 33
173 173
165 165
167 167
169 57 169
137 137
181 181
35 35
183 183
175 175
177 177
179 179
139 139
37 37
185 185
193 193
187 187
189 189
191 191
29 29
39 39
141 141
197 197
