74 72 80 76 73 75 18 13 16 19 12 11 18 38 31 39 37 35 36 38 46 50 41 46 2 6 8 2 151 157 156 153 151 58 55 53 54 57 59 58 102 118 113 119 116 111 118 132 136 135 140 131 137 139 132 172 171 178 175 179 180 174 172 169 164 161 163 168 166 167 165 169 141 145 143 142 144 146 148 141 192 197 198 199 191 192 98 99 98 87 89 82 81 85 83 88 86 87 21 26 29 28 30 24 25 23 21 121 128 122 121 63 70 68 61 66 62 69 63 182 185 184 189 182 75 77 72 74
93
2 2
41 41 47
111 114 111
46 46
23 23
53 53
50 50
57 57
113 113
59 59
11 11
61 61
62 62
54 54
55 52 55
12 14
58 58
68 68
116 116
13 13
66 66
73 73
74 74
75 75
76 76
77 77
69 69
70 70
16 16
118 118
80 80
119 119
81 81
82 82
83 83
85 85
26 26
86 86
88 88
89 89
19 19
25 25
122 122 126
99 99 96
102 104
148 148
146 146
145 145
131 131
6 6
30 30
156 156 160
157 157
151 151
31 31
153 153
164 164
165 165
166 166
167 167
168 168
169 169
161 161
163 163
172 172
135 135
136 136
28 28
179 179
180 180
128 128
35 35
174 174
175 175
178 178
36 36
37 37 32
189 189
8 8
191 191
192 192
139 139
185 185
140 140
38 38
29 29
39 39
141 141
142 142
197 197
198 198
199 199
137 137
