0 90 24 86 92 65 12 84 77 58 43 45 55 11 51 95 79 7 98 52 72 96 16 20 29 50 54 57 66 70 73 23 49 64 69 35 82 5 100 83 41 32 4 39 63 59 27 14 67 22 40 93 61 21 89 6 99 62 60 76 3 8 13 30 44 19 10 26 74 15 33 34 37 94 18 46 68 71 48 56 25 17 81 78 1 87 88 80 42 28 9 31 53 91 85 75 2 36 0
98
2 2
3 3
9 9
10 10
11 11
12 12
13 13
14 14
15 15
16 16
17 17
40 40 47
41 41
42 42
43 43
44 44
45 45
46 46
8 8
48 48
49 49
50 50
51 51
52 52
53 53
54 54
55 55
56 56
57 57
58 58
59 59
60 60
61 61
62 62
63 63
64 64
65 65
66 66
67 67
68 68
69 69
70 70
71 71
72 72
73 73
74 74
75 75
76 76
77 77
78 78
79 79
80 80
81 81
82 82
83 83
84 84
85 85
86 86
87 87
88 88
89 89
90 90 38
91 91
93 93
94 94
95 95
96 96
18 18
92 92
24 24
21 21
19 19
4 4
98 98
99 99
100 100
20 20
22 22
23 23
25 25
26 26
5 5
29 29
30 30
31 31
6 6
1 1
0 97
32 32
33 33
27 27
34 34
35 35
7 7
36 36
37 37
28 28
39 39
