101 100 99 92 95 90 93 97 91 96 94 98 30 33 35 31 39 34 36 38 32 37 75 78 74 71 72 73 76 77 79 87 82 84 81 80 89 88 86 85 46 44 42 45 48 43 40 47 49 41 52 56 58 57 59 53 54 50 51 55 64 67 60 66 65 62 61 69 63 68 17 13 19 15 10 18 16 14 12 11 23 20 22 29 26 24 25 27 28 21 3 9 6 8 5 2 7 4 1 0 100 101
98
2 2
8 8
9 9
10 10
11 11
13 13
14 14
15 15
16 16
17 17
41 41
42 42
43 43
44 44
45 45
46 46
47 47
48 48
49 49
50 50
51 51
52 52
53 53
54 54
55 55
56 56
57 57
58 58
59 59
60 60
61 61
62 62
63 63
64 64
65 65
66 66
67 67
68 68
69 69
12 12
71 71
72 72
73 73
74 74
75 75
76 76
77 77
78 78
79 70 79
80 80
81 81
82 82
3 3
84 84
85 85
86 86
87 87
88 88 83
89 89
90 90
91 91
93 93
94 94
95 95
96 96
18 18
92 92
24 24
21 21
19 19
4 4
97 97
98 98
99 99
20 20
22 22
23 23
25 25
26 26
5 5
29 29
30 30
31 31
6 6
1 1
0 0
32 32
33 33
27 27
34 34
35 35
7 7
36 36
37 37
28 28
38 38
39 39
40 40
