Soda Burkina Malawi Mayotte Niger United Albania New Estonia Iraq Germany Mexico Bahamas Indonesia Lesotho Lao Kiribati Netherlands Fiji Nigeria Rwanda Hong Palau Pitcairn Japan Latvia Moldova Korea British Saint Belize Croatia Sint Egypt Singapore Lebanon Finland Cambodia Jamaica Sao Kyrgyzstan Antigua Republic Algeria Republic Burundi Congo Luxembourg Argentina Northern Aruba Liberia Soda
48
United United
Cambodia Cambodia
Aruba Aruba
Saint Saint
Argentina Pakistan Argentina
Sint Sint
Japan Japan
Jamaica Jamaica
Albania Albania
Antigua Antigua
Sao Sao
New New
Malawi Malawi
Korea Korea
Indonesia Indonesia
Finland Finland
Burkina Burkina
Niger Niger
Hong Hong
Pitcairn Pitcairn
Luxembourg Luxembourg
Bahamas Bahamas
Palau Palau
Nigeria Nigeria
Northern Northern
Algeria Algeria
Kiribati Kiribati
Belize Belize
Moldova Moldova
Croatia Croatia
Lebanon Lebanon
Rwanda Rwanda
Burundi Burundi
Fiji Fiji
Liberia Liberia
Netherlands Netherlands
Lesotho Macao
Republic Republic
Lao Lao
Kyrgyzstan Kyrgyzstan
Mayotte Mayotte Ireland
Iraq Iraq
British British
Latvia Latvia
Mexico Mexico
Egypt Egypt
Singapore Singapore
Congo Congo
