Soda Canada Comoros Egypt Argentina Fiji Bermuda China Australia Djibouti Cayman Cocos Cambodia Czech Belize Guam Botswana Bouvet Colombia American Angola Central Aruba Hong Denmark Algeria Antigua Guyana Guadeloupe Soda
24
Canada Austria
Cambodia Cambodia
Aruba Aruba
Argentina Argentina
Antigua Antigua
Guam Guam
Bermuda Bermuda
China China
Central Central
Australia Australia
Cocos Cocos
Angola Angola
Bouvet Bouvet
Belize Belize
Czech Czech United
Colombia Colombia
Fiji Fiji
Cayman Cayman
Denmark Denmark
Guyana Guyana
Guadeloupe Guadeloupe
Egypt Egypt
Botswana Botswana
Comoros Comoros
