1 30 18 50 53 60 40 11 47 36 32 27 72 73 66 75 39 29 70 76 42 48 69 13 31 37 51 44 57 59 20 56 14 41 65 79 35 19 33 71 25 74 68 38 26 34 17 61 15 12 58 16 21 10 24 63 28 45 43 78 52 62 64 49 67 1
64
11 11
12 12
62 62
53 53
25 25
26 26
27 27
28 28 77 55
29 29
30 30
31 31
32 32
33 33
34 34 22
35 35
36 36
52 52
38 38
39 39
40 40
41 41
42 42
43 43
44 44
45 45
37 37
47 47
48 48
49 49
50 50
51 51
64 64
13 13
10 10
61 61
57 57
58 58 23
59 59
60 60
63 63
78 78
14 14
16 16
67 67
79 79
65 65 46
17 17 54
68 68
18 18
69 69
19 19
70 70
56 56
20 20
71 71
66 66
15 15
21 21
72 72
73 73
24 24
74 74
75 75
76 76
