Essos Toffingburg Jakku Alethkar WesternAirTemple ThePrancingPony ShriekingShack Valyria MountOlympus Ellesmera Alderaan TheSpiritWorld CaveofTwoLovers Bellechulish Trebon TheReshiIsles FleaBottom TheWhompingWillow Karth Castamere Chrofall Peridrift JahKeved Arrowcave Pendle BikiniBottom TheKrustyKrab Toperhagen DuWeldenvarden Helgrind Shinovar JarrensOutpost Keld GooLagoon Severen Winterfell Arcwallow Astapor Netherfort Glimthain Soda WitheredHeath Arkham TheSpine BeyondtheWall Braavos Newarre Dragonstone Yll Penketh Bobbingbourne FlourishBlotts Azir TheGreatDivide RepublicCity Dubwall BaSingSe Aerodenn TheBoilingRock FireNation Sanlow Hogwarts Blackwater TheRiverStyx Gizton Carvahall Urubaen TheEyrie DiagonAlley Riverrun Steeltown Grimbarrow Neddingtown TheUnderworld CastleBlack Lockinge TheVale Westeros Duskhollow Boatwright KnifesEdge ProBendingArena Peterborough Neddington Vintas Alethkar ShatteredPlains Barkamsted Ademre TheAturanEmpire Hogsmead Tarbean Endor SatishVille TheChumBucket TheGodswood HighGarden Omashu Meereen Lorien TheCommonwealth Batcave Atlantas TheFae Accrington Ivormere TheWall Essos
99
Jakku Jakku
Karth Karth
Chrofall Chrofall
KnifesEdge KnifesEdge
TheCommonwealth TheCommonwealth
Helgrind Helgrind
Peridrift Peridrift
Boatwright Boatwright
FlourishBlotts FlourishBlotts
Lorien Lorien
BeyondtheWall BeyondtheWall
Grimbarrow Grimbarrow
TheSpiritWorld TheSpiritWorld
TheSpine TheSpine
Toffingburg Toffingburg
Dragonstone Dragonstone
Meereen Meereen
GooLagoon GooLagoon
Shinovar Shinovar
Astapor Astapor
Vintas Vintas
JahKeved JahKeved
Castamere Castamere
Atlantas Atlantas
TheWhompingWillow TheWhompingWillow
Urubaen Urubaen
Trebon Trebon
Yll Yll
Penketh Penketh
Dubwall Dubwall
Bobbingbourne Bobbingbourne
Arkham Arkham
BaSingSe BaSingSe
Aerodenn Aerodenn
Ademre Ademre
Toperhagen Toperhagen
Severen Severen
Azir Azir
TheBoilingRock TheBoilingRock
FireNation FireNation
WitheredHeath WitheredHeath
Winterfell Winterfell
Braavos Braavos
Newarre Newarre
Arcwallow Arcwallow
Hogwarts Hogwarts
Riverrun Riverrun Tartarus
Alethkar Alethkar
Tarbean Tarbean
Steeltown Steeltown
WesternAirTemple WesternAirTemple
Alderaan Alderaan
Westeros Westeros
Essos Essos
Carvahall Carvahall
TheRiverStyx TheRiverStyx
Keld Keld
RepublicCity RepublicCity
Hogsmead Hogsmead
MountOlympus MountOlympus
HighGarden HighGarden
Accrington Accrington
Netherfort Netherfort
Sanlow Sanlow
Soda Soda
TheUnderworld TheUnderworld
BikiniBottom BikiniBottom
Ellesmera Ellesmera
Arrowcave Arrowcave
Neddington Neddington
Neddingtown Neddingtown
FleaBottom FleaBottom
CaveofTwoLovers CaveofTwoLovers
ProBendingArena ProBendingArena
Blackwater Blackwater
TheEyrie TheEyrie
Omashu Omashu
CastleBlack CastleBlack
Duskhollow Duskhollow
ShatteredPlains ShatteredPlains
DiagonAlley DiagonAlley
Endor Endor
JarrensOutpost JarrensOutpost
TheGreatDivide TheGreatDivide
DuWeldenvarden DuWeldenvarden
Valyria Valyria
TheVale TheVale
SatishVille SatishVille
TheFae TheFae
Gizton Gizton
TheChumBucket TheChumBucket
TheReshiIsles TheReshiIsles
Lockinge Lockinge
TheKrustyKrab TheKrustyKrab
ShriekingShack ShriekingShack
Barkamsted Barkamsted
Batcave Batcave
TheGodswood TheGodswood
Ivormere Ivormere
