Meckgue TheUniversity TheGodswood MysticRuins Steeltown Gizton Netherfort Murkcairn Ellesmera Vexhollow Ademre BayofDragons Kinecardine VaultofSouls EasternAirTemple TheVale TheBoilingRock BeyondtheWall Boatwright Gotham Sanlow ZhaoFu RepublicCity TreeofTime Dagobah Braavos ShatteredPlains Meereen Winterfell Lorien TheKrustyKrab Yunkai Urubaen FlourishBlotts Urubaen Carvahall ThePrancingPony LakeLaogai UtgardMountain EarthKingdom TheSpine TheHogsHead Larcbost KoralReef Tartarus TheWaystoneInn TheArcanum GooLagoon Keld Grayburn Beldenn Meckgue
48
RepublicCity RepublicCity
LakeLaogai LakeLaogai LeakyCauldron
Dagobah Dagobah
Braavos Braavos
UtgardMountain UtgardMountain
Grayburn Grayburn
Ademre Ademre
Ellesmera Ellesmera
GooLagoon GooLagoon
KoralReef KoralReef
Carvahall Carvahall
TheHogsHead TheHogsHead
Yunkai Yunkai
Meckgue Meckgue
Murkcairn Murkcairn
Tartarus Tartarus
Netherfort Netherfort
Sanlow Sanlow
TheWaystoneInn TheWaystoneInn
Urubaen Urubaen
ThePrancingPony ThePrancingPony
EarthKingdom EarthKingdom
TreeofTime TreeofTime
FlourishBlotts FlourishBlotts
TheVale Castamere TheVale
Keld Keld
ZhaoFu ZhaoFu
TheBoilingRock TheBoilingRock
Beldenn Beldenn
EasternAirTemple EasternAirTemple
Larcbost Larcbost
MysticRuins MysticRuins
Winterfell Winterfell
Meereen Meereen
Gizton Gizton
Gotham Gotham
TheUniversity TheUniversity
BeyondtheWall BeyondtheWall
Steeltown Steeltown
Lorien Lorien
ShatteredPlains ShatteredPlains
TheSpine TheSpine
Kinecardine Kinecardine
TheGodswood TheGodswood
Vexhollow Vexhollow
VaultofSouls VaultofSouls
TheArcanum TheArcanum
TheKrustyKrab TheKrustyKrab
