FleaBottom Bobbingbourne Urubaen Trebon TheGreatDivide Dagobah Westopolis Arkham MinistryofMagic UtgardMountain Glimthain Lorien TheSpine ShriekingShack CrastersKeep Ebonfall SatishVille Eggmanland Batcave HighGarden Yll TheBurningPlains Olivanders RockofKuthian FleaBottom
20
TheBurningPlains TheBurningPlains
TheGreatDivide TheGreatDivide
SatishVille Ademre SatishVille
Olivanders Olivanders
Bobbingbourne Bobbingbourne
Eggmanland Eggmanland
Trebon Trebon
TheSpine Coalwatch
ShriekingShack ShriekingShack
Yll Yll
Glimthain Glimthain
UtgardMountain TheBoilingRock UtgardMountain
Lorien TheVale
HighGarden HighGarden Vintas
Westopolis Westopolis
Arkham Arkham
Urubaen Urubaen
Batcave Batcave GringottsBank
MinistryofMagic Accrington MinistryofMagic
Ebonfall Ebonfall
