21 54 110 97 142 121 95 149 49 74 64 34 120 14 16 60 18 88 81 136 130 68 123 160 156 4 42 15 127 47 7 32 169 114 83 91 148 82 125 168 36 45 173 154 100 137 72 53 87 20 85 62 170 172 24 116 50 38 105 46 177 51 12 103 196 139 135 131 152 56 188 190 186 176 17 119 178 78 96 75 102 167 163 122 144 151 184 133 31 27 115 29 147 61 35 40 180 10 30 23 159 94 134 118 146 2 48 174 21
96
2 2
40 40
47 47
42 42
51 51
45 45
53 53
46 46
48 48
49 49
10 10
54 54
102 102
56 56
114 114
60 60
61 61
62 62
64 64
115 115
68 68
23 23
125 125
72 72
14 14
116 116
82 82
74 74
75 75
15 15
78 78
119 119
118 118
81 81
16 16
105 105
88 88
87 87
17 17
95 95
96 96
91 91
18 18
120 120
24 24
21 21
121 121
97 97
100 100
20 20
122 122
146 146
147 147
142 37 142
149 149
130 130
151 151
144 144
29 29
156 156
131 131
30 30
159 159
160 160
152 152
154 154
163 163
134 134
31 31
133 133
168 168
169 169
170 170
32 32
172 172
167 90 167
135 135
27 27
177 177
178 178
127 127
180 180
34 34
136 136 194
176 176
137 137
103 103
7 7
36 108 36
184 184
188 188
186 186
139 139
190 190
38 38
196 196
