8 97 126 80 120 172 174 142 125 82 79 5 3 29 4 30 51 69 70 68 64 66 63 47 65 49 113 165 164 105 152 185 153 144 145 99 52 33 35 53 71 73 55 72 115 116 54 100 147 182 135 136 89 90 102 95 93 45 91 137 181 179 183 188 193 171 192 191 169 167 190 168 109 118 78 61 59 39 38 24 26 21 25 23 87 88 40 42 22 19 85 127 123 124 173 121 83 6 2 8
98
2 2
45 45
42 42
40 40
23 23
125 125
53 53
54 54
55 55
47 47
52 52
49 49
113 113
51 51
61 61
3 3
63 63
64 64
59 59
105 105
69 69
70 70
71 71
115 115
73 73
65 65
66 66
68 68
24 17 24
79 79
80 80
72 72
82 82
126 126
78 78
85 85
4 4
118 118 160
88 88
120 120
90 90
91 91
83 83
93 93
26 26
95 95
87 87
97 97
89 89
124 124
19 19
121 121
25 25
22 22
5 5
100 100
99 99
127 127
102 102
21 21
123 123
116 116
135 135
145 145
144 144
142 142
29 29
6 6
147 147
30 30
152 152
153 153
164 164
165 165
109 109
169 169
33 33
171 171
172 172
173 173
174 174
168 168
167 167
137 137
136 136
35 35
183 183
182 182
185 185
181 181
179 179
38 38
191 191
192 192
193 193
39 39
188 188
190 190
