0 1 12 26 12 1 18 1 19 3 9 3 13 17 13 3 19 1 0 7 2 5 2 7 25 7 0 8 4 10 6 10 4 15 4 16 24 16 4 8 11 22 11 8 0 80 81 82 83 84 85 86 87 88 89 90 91 92 93 94 95 96 97 98 99 100 101 102 103 104 105 106 107 108 109 110 111 112 113 114 115 116 117 118 119 80 0
43
0 33 66 71 44 14 79 52 60 29 30
10 40 10 36 74
6 34 6 73 20 53 31
1 1 45 21 58 28
108 108
7 7
15 47 15
8 65 8 75 51 57
110 110
106 106
22 76 22
9 48 9 35 68
104 104
12 12 63
82 82
80 80
84 84
25 25 59
86 86
16 16
88 88
3 3 41 49 54 27
90 90
11 64 11 46
92 92
2 2 67 70 72 42 77 23 55 56
94 94
17 32 17
96 96
13 13
18 18 62
24 24 61
19 19
4 43 4 69 38
98 98
116 116
100 100
114 114
118 118
102 102
112 112
5 37 5 39 78 50
26 129 26
