UMUCUTWAW OIPVAKF AWQOWSNYN VSMLVXSP PLYPQBTP DQOPCH CJLYWOAQ SUIOZK WRQUJ TNKNMUFI JJAQQ JOWHZXTIA MWTSDF MNWMWDXCQ GUDSRTKLA WEPDZ OMBFD QOHWG KUUVZB TJFSEUB USUVN ZPFHBWI ZFMGDWP JVYIBRJ ZSHRTZVKO RDTQTJB EGEASKKIE TNSRRJCDD XGGIUBVDN ZLYFI VHLSP XJOXYWA ELILXSR MHXHJGEF YPXLG CRSMUEPQG AOWYQNAYA XWBHEYXJU IZNSKNS VHHVQ VASGY GVNFQM YNHRBC TCXWZV CNINRTR FVKLDY KAYADTT UENPUJ YFKIFTRS STQNQT UMUCUTWAW
49
CNINRTR CNINRTR
CJLYWOAQ CJLYWOAQ
QOHWG RRFKVFYKR QOHWG
GVNFQM GVNFQM
SUIOZK SUIOZK
JVYIBRJ JVYIBRJ
ZFMGDWP ZFMGDWP
YPXLG YPXLG
MHXHJGEF MHXHJGEF
WRQUJ WRQUJ
ZSHRTZVKO ZSHRTZVKO
TNSRRJCDD TNSRRJCDD
TCXWZV TCXWZV
AWQOWSNYN AWQOWSNYN
XWBHEYXJU XWBHEYXJU
VASGY VASGY
YFKIFTRS YFKIFTRS
YNHRBC YNHRBC
JOWHZXTIA JOWHZXTIA
KUUVZB KUUVZB
GUDSRTKLA GUDSRTKLA
UENPUJ UENPUJ
RDTQTJB RDTQTJB
ZPFHBWI ZPFHBWI
VHLSP VHLSP
XGGIUBVDN XGGIUBVDN
ZLYFI ZLYFI
IZNSKNS IZNSKNS
OMBFD OMBFD
AOWYQNAYA AOWYQNAYA
STQNQT STQNQT
CRSMUEPQG CRSMUEPQG
EGEASKKIE EGEASKKIE
MWTSDF MWTSDF
TNKNMUFI TNKNMUFI
PLYPQBTP PLYPQBTP
TJFSEUB TJFSEUB
VHHVQ VHHVQ
FVKLDY FVKLDY
OIPVAKF OIPVAKF
WEPDZ WEPDZ
JJAQQ JJAQQ
DQOPCH DQOPCH
KAYADTT KAYADTT
XJOXYWA XJOXYWA
USUVN USUVN
MNWMWDXCQ MNWMWDXCQ
VSMLVXSP VSMLVXSP
ELILXSR ELILXSR
