NENJIT XAUNPSJR DYDBSTHU FULIXB KQUKCKTD CQLIWA SPKBX PQHUEQ KUTCUN PEHTVQXDW QMQDBY EIPVED XYVFHKPGH UUBADXD MXPVTEZCH RIEJGXSA HJANXPSU ZRBGORXP XVEIIY LFAYEWG MXOUMOMJ RZCLRJW PRANHUZWO WTGBMM NDFUIQRA NENJIT
24
CQLIWA CQLIWA
KQUKCKTD KQUKCKTD
RIEJGXSA RIEJGXSA
ZRBGORXP ZRBGORXP
EIPVED EIPVED
UUBADXD UUBADXD
PEHTVQXDW PEHTVQXDW
PRANHUZWO PRANHUZWO
HJANXPSU HJANXPSU
DYDBSTHU DYDBSTHU
MXPVTEZCH MXPVTEZCH
WTGBMM WTGBMM
FULIXB FULIXB
XYVFHKPGH XYVFHKPGH
NDFUIQRA NDFUIQRA
SPKBX SPKBX
QMQDBY QMQDBY
KUTCUN KUTCUN
XAUNPSJR XAUNPSJR UEMUXMRIZ
XVEIIY XVEIIY
PQHUEQ PQHUEQ
LFAYEWG LFAYEWG
RZCLRJW RZCLRJW
MXOUMOMJ MXOUMOMJ
