USZWPSB HVERBTBS VBAQD AXCWU XQOMNCXDB JXLFSOAT ORCMU VVSNO DFFFG PJXURKPC TOAKXEQ KAUIIR MYDTJZPES TTXGTNV OVKLH NZJGYK UBODMUMJ FCWRH GLYDZ LNDUQDYSK ZNZOQPE ZKGYGD VWHRKOPZ NCPEGX KRUSUHB NIVCBBO EJXSCSGM FJQMKJNWE MWXYLX EFOWXJQKY AOVKACB RLWAP VFEEU EMAAQWO ACYPAPBPW RUGMYM BHAMV QMHLIXVD VWNAJFRNG XSWDY MRXNI FZGDAQKRC FZNKCK RQWCFDHW NBRZI DIXXP GNXDBJSVR HNOOUELP APBFJMOOF RGSOR BLXWCB RVPJHZLQQ YAETAC WTQCHXQ CCTJZN JQHORKB JVWIZDBS CWLLCM ZEZKNGTK NHNDWOH SIAFKK YFEZIO NTZSZ YVIRIDDRA HEFYBKPUF UDNWTRHT HSAIPP HSJUMJH OLUPAJLP SICVXMLGL HWJUZVNH RJDHJFNIN MSHZNEX RGLCPSJQE EHQRYBZ JOXQIX XZUPVI FPWMJC JEGRK ANHOTJN ILXWSRIC GEGFOSJ YOUZA XENTNT RBNAR APIOYKU TGPYEAP DKINCMT FLOTLYFG YKOGGTNN WEXBJV MOXGRP XHMMLM EPJHOESBB BCHOPGEE AHZYCQM TQSCIQTX AIGGLZT GALHVZ USZWPSB
99
EMAAQWO EMAAQWO
SIAFKK SIAFKK
XENTNT XENTNT
GNXDBJSVR GNXDBJSVR
JOXQIX JOXQIX
SICVXMLGL SICVXMLGL
BHAMV BHAMV
HSJUMJH HSJUMJH
XQOMNCXDB XQOMNCXDB
YOUZA YOUZA
RBNAR RBNAR
VVSNO VVSNO
MRXNI MRXNI
BCHOPGEE BCHOPGEE
YVIRIDDRA YVIRIDDRA
LNDUQDYSK LNDUQDYSK
EHQRYBZ EHQRYBZ
DFFFG DFFFG
EPJHOESBB EPJHOESBB
TTXGTNV TTXGTNV
WTQCHXQ WTQCHXQ
ZEZKNGTK ZEZKNGTK
KAUIIR KAUIIR
CCTJZN CCTJZN
TQSCIQTX LYRSZA TQSCIQTX
QMHLIXVD QMHLIXVD
XSWDY XSWDY
RGLCPSJQE RGLCPSJQE
VBAQD VBAQD
NBRZI NBRZI
EJXSCSGM EJXSCSGM
VWHRKOPZ VWHRKOPZ
CWLLCM CWLLCM
RJDHJFNIN RJDHJFNIN
HNOOUELP HNOOUELP
MWXYLX MWXYLX
NTZSZ NTZSZ
ILXWSRIC ILXWSRIC
OLUPAJLP OLUPAJLP
VWNAJFRNG VWNAJFRNG
UBODMUMJ UBODMUMJ
TGPYEAP TGPYEAP
EFOWXJQKY EFOWXJQKY
HWJUZVNH HWJUZVNH
RLWAP RLWAP
APIOYKU APIOYKU
ZNZOQPE ZNZOQPE
DKINCMT DKINCMT
HEFYBKPUF HEFYBKPUF
RQWCFDHW RQWCFDHW
NZJGYK NZJGYK
NCPEGX NCPEGX
TOAKXEQ TOAKXEQ
NHNDWOH NHNDWOH
YFEZIO YFEZIO
NIVCBBO NIVCBBO
GEGFOSJ GEGFOSJ
OVKLH OVKLH
RVPJHZLQQ RVPJHZLQQ
AIGGLZT AIGGLZT
MYDTJZPES MYDTJZPES
JXLFSOAT JXLFSOAT
RGSOR RGSOR
JVWIZDBS JVWIZDBS
YAETAC YAETAC
ANHOTJN ANHOTJN
AXCWU AXCWU
RUGMYM RUGMYM
FZNKCK FZNKCK
JEGRK JEGRK
XHMMLM XHMMLM
MSHZNEX MSHZNEX
GLYDZ GLYDZ
BLXWCB BLXWCB
FZGDAQKRC FZGDAQKRC
ACYPAPBPW ACYPAPBPW
KRUSUHB KRUSUHB
FCWRH FCWRH
UDNWTRHT UDNWTRHT
GALHVZ GALHVZ
APBFJMOOF APBFJMOOF
FLOTLYFG FLOTLYFG
FJQMKJNWE FJQMKJNWE
YKOGGTNN YKOGGTNN
AHZYCQM AHZYCQM
PJXURKPC PJXURKPC
HSAIPP HSAIPP
DIXXP DIXXP
VFEEU VFEEU
ZKGYGD ZKGYGD
HVERBTBS HVERBTBS
JQHORKB JQHORKB
ORCMU ORCMU
XZUPVI XZUPVI
USZWPSB USZWPSB
MOXGRP MOXGRP
WEXBJV WEXBJV
AOVKACB AOVKACB
FPWMJC FPWMJC
