liverance metamere pallia Akkub otate tightening achieve hatrail pontage lethiferal jitterbugs bywoners studiously asterisk hypanthium catabolism shutter refortify kamencheh tortillons wellbores moderatrix coulde handballer oversleeps liverance
25
studiously studiously
liverance liverance
achieve achieve
catabolism catabolism
bywoners bywoners
refortify refortify
metamere metamere
jitterbugs jitterbugs
pallia pallia
asterisk asterisk
hypanthium hypanthium
Akkub Akkub
tightening tightening
shutter shutter
moderatrix moderatrix
kamencheh kamencheh
tortillons tortillons
wellbores wellbores
otate otate
coulde coulde
handballer handballer
oversleeps oversleeps
hatrail hatrail
pontage pontage
lethiferal lethiferal
