73 173 171 68 153 184 95 40 19 89 49 115 26 58 52 37 143 72 55 168 154 119 42 197 186 63 196 110 11 124 169 66 155 125 76 194 53 57 129 195 16 138 136 123 176 118 192 0 61 62 112 133 183 75 191 71 48 163 99 159 189 92 60 21 77 127 27 81 47 187 122 41 175 83 98 70 167 190 107 82 135 185 162 96 145 128 161 2 166 101 39 10 109 24 15 12 35 6 7 73
99
0 0
109 109
40 40
110 110
49 49
41 41
42 42
52 52
53 53
48 48
55 55
47 47
57 57
112 112
10 10
60 60
61 61
62 62
63 63
11 11
2 2
58 58
68 68
12 12
73 73
66 66
115 115
76 76
72 72
70 70
71 71
125 125
75 75
15 15
77 77
83 83
81 81
118 118
16 16
82 82
119 119
96 96
89 89
123 123
92 92
101 101
95 95
24 24
21 21
19 19
98 98
99 99
122 122
124 124
145 145
143 143
26 26
155 155
154 154
153 153
159 159
128 128
162 162
133 133
6 6
166 166
167 167
168 168
169 169
161 161
171 171
163 163
173 173
135 135
175 175
176 176
107 107
27 27
136 136
127 127
129 129
35 35
183 183
184 184
185 185
186 186
187 187
7 44 7
190 190
37 37
189 189
39 39
191 191
192 192
194 194
195 195
196 196
197 197
138 138
