39 0 3 4 6 11 12 13 16 17 20 22 23 27 28 30 31 36 41 42 43 44 46 48 49 51 54 55 56 59 63 70 74 75 76 77 78 80 81 83 84 88 89 91 93 94 96 97 99 100 103 107 108 109 110 111 112 113 114 115 116 118 119 123 126 129 130 133 135 139 140 147 148 149 150 151 152 154 156 157 158 160 161 163 169 173 174 176 177 178 179 180 182 183 191 192 193 194 195 197 198 39
100
0 0
3 3
44 44
46 46
42 42
41 41
110 110
43 43
22 22
111 111
48 48
49 49
112 112
51 51
56 56
54 54
55 55
11 11
113 113
59 59
12 12
114 114
63 63
23 23
13 13
75 75
115 115
116 116
70 70
80 80
81 81
74 74
84 84
76 76
77 77
78 78
88 88
118 118
16 16
91 91
83 83
17 17
119 119
97 97
89 89
99 99
100 100
94 94
93 93
123 123
96 96
4 4
20 20
126 126
130 130
149 149
150 150
151 151
152 152
148 148
147 147
156 156
158 158
30 30
161 161
154 154
163 163
31 31
6 6
157 157
133 133
160 160
169 169
108 108
135 135
107 107
174 174
27 27
179 179
180 180
173 173
182 182
183 183
178 178
176 176
177 177
129 129
109 109
103 103
36 36
191 191
139 139
28 28
140 140
192 192
193 193
194 194
195 195
197 197
198 198
