132 126 122 118 104 102 86 88 96 92 98 100 106 108 176 137 149 188 136 171 167 133 165 198 194 196 181 197 193 135 152 156 159 166 182 160 76 78 80 72 68 60 62 64 66 46 38 40 44 142 180 148 13 177 9 8 6 5 3 2 33 35 39 41 45 47 61 81 75 77 155 162 192 154 184 87 91 95 97 101 105 109 113 195 161 138 189 146 17 25 26 27 28 30 185 173 132
94
2 2
106 106
41 41
9 9
44 44
45 45
46 46
47 47
113 113
3 3
105 105
62 62
68 68
60 60 56
61 61
13 13
64 64
66 66
72 72
126 126
81 81
78 78
77 77
75 75
76 76
118 118
87 85 87
88 88
80 82 80
17 17
91 91
92 92
86 90 86
26 26
95 95
96 96
97 97
25 25
100 100
5 5
122 122
98 98
101 101
102 102
146 146
30 31
27 27
152 152
6 6
154 154
156 156
148 148
149 149
160 160
161 161
162 162
133 133
155 155
166 166
167 183 167
159 159
135 135
109 109
171 171
33 33
173 173
136 136
108 108
176 176
177 177
35 35
28 28
180 180
181 181
182 182
137 137
184 184
185 185
138 138
104 104
188 188
189 189
38 38
8 8
193 193
192 192
39 39
40 36 40
142 142
194 194
195 195
196 196
197 197
198 198
