Building99 Building98 Building89 Building90 Building91 Building90 Building89 Building93 Building94 Building83 Building96 Building85 Building45 Building69 Building47 Building49 Building66 Building52 Building43 Building61 Building51 Building61 Building63 Building67 Building53 Building71 Building62 Building74 Building60 Building59 Building57 Building59 Building60 Building55 Building76 Building77 Building81 Building77 Building79 Building26 Building24 Building23 Building32 Building38 Building29 Building33 Building29 Building41 Building39 Building34 Building37 Building42 Building37 Building31 Building29 Building38 Building32 Building23 Building28 Building6 Building8 Building5 Building2 Building9 Building10 Building12 Building20 Building21 Building16 Building18 Building15 Building98 Building99
41
Building5 Building5 Building7
Building6 Building6
Building62 Building62
Building55 Building55
Building20 Building20
Building21 Building21
Building24 Building25
Building23 Building23
Building61 Building61
Building53 Building53
Building26 Building26
Building57 Building57 Building68
Building28 Building28
Building52 Building52
Building51 Building50 Building51
Building33 Building33
Building43 Building43
Building42 Building42
Building41 Building41
Building39 Building39
Building8 Building0 Building8
Building9 Building9
Building47 Building47
Building63 Building63
Building49 Building49
Building12 Building12
Building71 Building44 Building71
Building74 Building74
Building76 Building76
Building85 Building85
Building66 Building66
Building81 Building81
Building67 Building67
Building16 Building16
Building83 Building83
Building91 Building88 Building91
Building18 Building18
Building69 Building69
Building93 Building97 Building93
Building94 Building94
Building96 Building96 Building82 Building92
