Building65 Building66 Building64 Building8 Building1 Building5 Building7 Building59 Building62 Building63 Building61 Building57 Building60 Building33 Building44 Building46 Building36 Building44 Building41 Building35 Building38 Building39 Building71 Building82 Building73 Building77 Building70 Building94 Building97 Building94 Building95 Building29 Building15 Building29 Building14 Building13 Building21 Building13 Building14 Building12 Building88 Building91 Building88 Building12 Building25 Building28 Building24 Building18 Building20 Building27 Building23 Building22 Building53 Building51 Building53 Building30 Building83 Building66 Building65
39
Building1 Building1
Building25 Building25 Building31
Building27 Building27
Building21 Building16 Building11
Building20 Building20
Building22 Building22
Building24 Building24 Building32
Building5 Building3
Building61 Building61
Building57 Building57
Building51 Building51 Building54 Building55
Building30 Building30
Building36 Building36
Building33 Building33
Building35 Building42 Building35
Building7 Building4
Building38 Building45 Building37
Building59 Building59
Building41 Building41
Building8 Building8
Building44 Building44
Building60 Building58
Building46 Building46
Building77 Building81 Building79
Building73 Building73
Building71 Building71
Building14 Building10
Building13 Building13
Building15 Building15
Building66 Building99
Building64 Building64
Building82 Building82
Building83 Building83
Building88 Building88
Building70 Building80 Building76
Building91 Building91 Building84
Building94 Building94
Building95 Building92
Building97 Building96 Building97
