140 153 84 175 7 179 125 76 103 4 42 134 59 62 112 22 178 188 10 196 12 166 8 159 47 162 36 182 104 25 132 150 56 122 51 122 13 102 107 50 44 145 29 168 69 149 128 149 95 158 160 23 154 6 180 41 101 139 169 53 19 21 19 11 79 130 115 32 177 61 9 167 62 137 197 97 93 39 93 190 146 94 52 170 186 148 77 18 96 174 117 49 14 85 163 57 83 142 127 45 5 45 82 89 35 155 73 100 40 80 133 185 55 176 123 28 108 135 140
95
4 4
42 42
41 41
44 44
45 45
40 40
47 47
8 8
50 50
51 51
22 22
53 53
9 9
49 49
10 10
112 112
102 102
56 56
55 55
11 11
57 57
104 104
59 59
61 61
12 193 12
62 62
115 115
23 65
13 13
76 76
14 14
73 73
125 125
117 117
84 84
85 85
77 77
80 80
79 79
83 83
82 82
25 25
93 93 173
94 94
95 95
96 96
89 89
21 21
18 18
123 123
19 19
97 97
101 101
133 114 133
146 146
142 142
130 130
5 5
154 154
29 29 151
153 153
150 27 150
158 158
159 159
160 160
132 132
128 128
108 108
6 6
167 167
168 168
169 169
170 170
32 32
166 166
135 135
177 177
179 179
127 127
176 176
182 182
175 175
35 35
178 178
103 103
7 7
36 36
186 186
185 185
139 139
190 190
39 39
196 196
197 197
134 134
