a0 a19 a0 a21 a0 a19 a65 a75 a89 a44 a64 a47 a59 a11 a10 a7 a39 a7 a22 a37 a22 a28 a9 a1 a18 a23 a94 a53 a51 a98 a4 a2 a77 a49 a55 a6 a42 a6 a31 a13 a52 a13 a60 a72 a32 a25 a88 a71 a15 a46 a82 a38 a5 a79 a5 a24 a73 a24 a78 a8 a41 a3 a41 a83 a90 a99 a17 a0
40
a0 a97
a1 a80 a12 a93
a55 a55
a53 a53
a21 a21
a25 a25
a23 a23
a11 a81 a11 a86
a2 a2 a43
a28 a28
a52 a52
a51 a51
a42 a42
a44 a44
a37 a37
a46 a46
a59 a74 a59
a39 a39
a8 a8
a9 a48 a9
a60 a60
a47 a47
a73 a73
a79 a79
a71 a71
a65 a65
a75 a75
a78 a78
a77 a77
a64 a33
a3 a56 a50
a82 a82
a83 a83
a90 a90
a17 a17
a88 a88
a18 a18
a99 a99
a94 a94 a87
a98 a98
