aliquam sagittis condimentum semper lectus mattis vitae eu nec cras porttitor viverra euismod vestibulum senectus habitant malesuada et fames ultricies turpis quis sed consectetur mi gravida lorem habitasse adipiscing platea praesent quisque cursus suscipit mauris enim congue placerat nisi ornare maecenas imperdiet ut eros aliquam
43
sagittis sagittis
semper semper
lectus lectus
habitasse habitasse
vitae vitae
gravida gravida
adipiscing adipiscing
habitant habitant
praesent praesent
fames fames
consectetur consectetur
senectus senectus
et et
malesuada malesuada
turpis turpis
sed sed
cursus cursus
quis quis
ultricies ultricies
mi mi
lorem lorem
platea platea
suscipit suscipit
nisi nisi
maecenas maecenas
enim enim
ut ut
mattis mattis
quisque quisque
condimentum condimentum
cras cras
viverra viverra
eu eu
placerat placerat
vestibulum vestibulum
imperdiet imperdiet
mauris mauris
ornare ornare
congue congue
euismod euismod
porttitor porttitor
nec nec
eros eros
