AAA AAB ABB ABC AAC AAD ABD ACD ADD ADC ADB ADA BAA BAB BBB BBC BAC BAD BBD BCD BDD BDC BDB BDA CAA CAB CBB CBC CAC CAD CBD CCD CDD CDC CDB CDA DAA DAB DBB DBC DAC DAD DBD DCD DDD DDC DDB DDA EAA EAB EBB EBC EAC EAD EBD ECD EDD EDC EDB EDA FAA FAB FBB FCB FCC FCD FBD FAD FAC FAB FAA EDA ECA EBA EAA DDA DCA DBA DAA CDA CCA CBA CAA BDA BCA BBA BAA ADA ACA ABA AAA
29
AAD AAD
ABB ACB ABB
ABC ABC
ACD ACD
ADD ADD
BAD BAD
BBB BCB BBB
BBC BBC
BCD BCD
BDD BDD
CAD CAD
CBB CCB CBB
CBC CBC
CCD CCD
CDD CDD
DAD DAD
DBB DCB DBB
DBC DBC
DCD DCD
DDD DDD
EAD EAD
EBB ECB EBB
EBC EBC
ECD ECD
EDD EDD
FAD FAD
FBB FBB FBC
FCB FCB
FCD FCD FDD
