AAA AAB ABB ABC AAC AAD ABD ACD ADD ADC ADB ADA BAA BAB BBB BBC BAC BAD BBD BCD BDD BDC BDB BDA CAA CAB CBB CBC CAC CAD CBD CCD CDD CDC CDB CDA DAA DAB DBB DBC DAC DAD DBD DCD DDD DDC DDB DDA EAA EAB EBB EBC EAC EAD EBD ECD EDD EDC EDB EDA FAA FAB FBB FBC FAC FAD FBD FCD FDD FDC FDB FDA GAA GAB GBB GBC GAC GAD GBD GCD GDD GDC GDB GDA HAA HAB HBB HBC HAC HAD HBD HCD HDD HDC HDB HDA IAA IAB IBB IBC IAC IAD IBD ICD IDD IDC IDB IDA JAA JAB JBB JBC JAC JAD JBD JCD JDD JDC JDB JDA KAA KAB KBB KBC KAC KAD KBD KCD KDD KDC KDB KDA LAA LAB LBB LCB LCC LCD LBD LAD LAC LAB LAA KDA KCA KBA KAA JDA JCA JBA JAA IDA ICA IBA IAA HDA HCA HBA HAA GDA GCA GBA GAA FDA FCA FBA FAA EDA ECA EBA EAA DDA DCA DBA DAA CDA CCA CBA CAA BDA BCA BBA BAA ADA ACA ABA AAA
59
AAD AAD
ABB ACB ABB
ABC ABC
ACD ACD
ADD ADD
BAD BAD
BBB BCB BBB
BBC BBC
BCD BCD
BDD BDD
CAD CAD
CBB CCB CBB
CBC CBC
CCD CCD
CDD CDD
DAD DAD
DBB DCB DBB
DBC DBC
DCD DCD
DDD DDD
EAD EAD
EBB ECB EBB
EBC EBC
ECD ECD
EDD EDD
FAD FAD
FBB FCB FBB
FBC FBC
FCD FCD
FDD FDD
GAD GAD
GBB GCB GBB
GBC GBC
GCD GCD
GDD GDD
HAD HAD
HBB HCB HBB
HBC HBC
HCD HCD
HDD HDD
IAD IAD
IBB ICB IBB
IBC IBC
ICD ICD
IDD IDD
JAD JAD
JBB JCB JBB
JBC JBC
JCD JCD
JDD JDD
KAD KAD
KBB KCB KBB
KBC KBC
KCD KCD
KDD KDD
LAD LAD
LBB LBB LBC
LCB LCB
LCD LCD LDD
