Milton Kiruna Harahan Kanoya Kelang Ashtabula Trang Hayden Kerma Moanda Plainfield Salsk Littlestown Chancay Cooma Managua Makinsk Carnikava Agago Aizawl Esik Moorhead Crawfordsville Koboko Jeonju Samux Elburn Zicheng Marsaskala Sofia Cairo Zumpango Totness Pleasantville Clawson Piran Karur Kitamilo Arras Bam Wallington Jizan Jambi Dunhuang Tabriz Yevlax Tallaght Toktogul Shu Joliet Barabinsk Lodja Tabuk Morondava Luga Kasaali Jerusalem Martin Tunapuna Hengshui Barddhaman Bonao Zvezdnyy Quime Nusaybin Boosaaso Skiatook Madrid Burylbaytal Sari Siquijor Chicago Multan Dalby Pakalongan Socorro Chicopee Scottsdale Campana Devine Ipatinga Nguigmi Rumuruti Keene Mauldin Esmeraldas Eydhafushi Cochrane San Plast Winona Heath Kirovohrad Pasadena Shamva Berkley Helotes Zadar Kimba Ihosy Milton
100
Tunapuna Tunapuna
Koboko Koboko
Harahan Harahan
Jambi Jambi
Mauldin Mauldin
Pasadena Pasadena
Boosaaso Boosaaso
Shu Shu
Luga Luga
Nusaybin Nusaybin
Zadar Zadar
Kanoya Kanoya
Kelang Kelang
Madrid Madrid
Zumpango Zumpango
Kerma Kerma
Trang Trang
Aizawl Aizawl
Winona Winona
Totness Totness
Chicago Chicago
Tabriz Tabriz
Kasaali Kasaali
Crawfordsville Crawfordsville
Barabinsk Barabinsk
Jizan Jizan
Dalby Dalby
Kiruna Kiruna
Tabuk Tabuk
Hayden Hayden
Clawson Clawson
Marsaskala Marsaskala
Pakalongan Pakalongan
Managua Managua
Milton Milton
Karur Karur
Cochrane Cochrane
Sofia Sofia
Pleasantville Pleasantville
Burylbaytal Burylbaytal
Elburn Elburn
Kirovohrad Kirovohrad
Ipatinga Ipatinga
Toktogul Toktogul
Piran Piran
Scottsdale Scottsdale
Arras Arras
Samux Samux
Zicheng Zicheng
Plast Plast
Esmeraldas Esmeraldas
Cooma Cooma
Chancay Chancay
Carnikava Carnikava
Ashtabula Ashtabula
Makinsk Makinsk
Yevlax Yevlax
Siquijor Siquijor
Hengshui Hengshui
Devine Devine
Socorro Socorro
Bonao Bonao
Kimba Kimba
Heath Heath
Moorhead Moorhead
Moanda Moanda
Salsk Salsk
Barddhaman Barddhaman
Wallington Wallington
Joliet Joliet
San San
Multan Multan
Sari Sari
Littlestown Littlestown
Quime Quime
Agago Agago
Dunhuang Dunhuang
Plainfield Plainfield
Shamva Shamva
Esik Esik
Zvezdnyy Zvezdnyy
Rumuruti Rumuruti
Nguigmi Nguigmi
Jerusalem Jerusalem
Skiatook Skiatook
Tallaght Tallaght
Ihosy Ihosy
Helotes Helotes
Martin Martin
Cairo Cairo
Eydhafushi Eydhafushi
Kitamilo Kitamilo
Jeonju Jeonju
Lodja Lodja
Chicopee Chicopee
Campana Campana
Morondava Morondava
Bam Bam
Keene Keene
Berkley Berkley
