Wrightsville Irvington Hsinchu Temirtau Metz Gemena Sayhut Mzimba Pljevlja Zanzibar Necochea Leeuwarden Asti Progress Bayonne Changde Ljutomer Ayacucho Rivas Maywood Gevgelija Rauna Golubac Coihaique Palopo Wrightsville
24
Leeuwarden Leeuwarden
Gemena Gemena
Mzimba Mzimba
Rauna Praya Rauna
Bayonne Bayonne
Asti Asti
Progress Progress
Temirtau Temirtau
Pljevlja Pljevlja
Changde Changde
Golubac Golubac
Palopo Palopo
Zanzibar Zanzibar
Rivas Rivas
Ljutomer Ljutomer
Gevgelija Gevgelija
Hsinchu Hsinchu
Metz Metz
Necochea Necochea
Irvington Irvington
Sayhut Sayhut
Ayacucho Ayacucho
Coihaique Coihaique
Maywood Maywood
