Gastre Triesen Kyrenia Bovec Kalgoorlie Winters Taungoo Polatsk Coronel Cocieri Juliaca Scottsdale Tukchi Neryungri Bungoma Narva Maidenhead Bosilovo Caen Destrnik Cumming Pingtung Benha Scranton Derby Charlestown Gwadar Bell Woodinville Hope Forteau Polevskoy Coatzacoalcos Chepes Sambava Allahabad Visby Luganville Daloa Sholapur Kindu Channahon Branson Baicheng Malolos Clay Dongola Punakha Absecon Aasiaat Leo Gastre
50
Allahabad Allahabad
Benha Benha
Bosilovo Bosilovo
Cocieri Cocieri
Winters Winters
Scranton Scranton
Sambava Sambava
Destrnik Destrnik
Malolos Malolos
Charlestown Charlestown
Kyrenia Kyrenia
Baicheng Baicheng
Narva Narva
Clay Clay
Kalgoorlie Kalgoorlie
Visby Visby
Coronel Coronel
Derby Derby
Chepes Chepes
Luganville Luganville
Taungoo Taungoo
Channahon Channahon
Kindu Kindu
Cumming Cumming
Neryungri Neryungri
Bovec Bovec
Maidenhead Maidenhead
Aasiaat Aasiaat
Polatsk Polatsk
Woodinville Woodinville
Absecon Absecon
Gwadar Gwadar
Triesen Triesen
Juliaca Juliaca
Hope Hope
Branson Branson
Tukchi Tukchi
Coatzacoalcos Coatzacoalcos
Dongola Dongola
Pingtung Pingtung
Sholapur Sholapur
Daloa Daloa
Polevskoy Polevskoy
Bungoma Bungoma
Caen Caen
Punakha Punakha
Leo Leo
Forteau Forteau
Scottsdale Scottsdale
Bell Bell
