Soda Location50 Location190 Location134 Location101 Location96 Location90 Location96 Location28 Location151 Location132 Location1 Location113 Location56 Location99 Location19 Location164 Location19 Location25 Location112 Location41 Location102 Location119 Location39 Location89 Location11 Location74 Location26 Location46 Location121 Location40 Location162 Location130 Location125 Location16 Location48 Location179 Location163 Location36 Location145 Location177 Location104 Location149 Location191 Location29 Location181 Location84 Location65 Location62 Location65 Location144 Location115 Location143 Location33 Location188 Location13 Location49 Location70 Location124 Location64 Location94 Location127 Location123 Location173 Location189 Location184 Location142 Location184 Location75 Location187 Location30 Location34 Location192 Location32 Location120 Location42 Location61 Location182 Location43 Location133 Location129 Location135 Location9 Location158 Location154 Location117 Location57 Location88 Location60 Location12 Location180 Location168 Location27 Location0 Location190 Location176 Location38 Location24 Location159 Soda
78
Location0 Location0 Location131
Location41 Location41
Location40 Location40
Location39 Location39
Location42 Location42
Location43 Location43
Location48 Location48
Location46 Location46
Location9 Location9
Location49 Location49
Location50 Location50
Location112 Location112
Location113 Location113
Location56 Location56
Location102 Location102
Location11 Location10 Location11
Location57 Location57
Location60 Location60
Location12 Location12
Location104 Location104
Location62 Location147 Location62
Location64 Location64
Location115 Location115
Location70 Location70
Location125 Location125
Location74 Location74 Location87
Location75 Location75
Location16 Location16
Location25 Location25
Location119 Location119
Location90 Location90
Location88 Location88
Location89 Location89
Location120 Location120 Location72
Location123 Location123 Location172 Location118
Location19 Location19
Location99 Location99
Location101 Location128 Location101
Location145 Location145
Location142 Location142
Location28 Location28
Location143 Location143
Location144 Location144
Location29 Location29
Location154 Location154
Location149 Location149
Location151 Location151
Location30 Location105 Location3 Location30
Location132 Location132
Location164 Location164
Location1 Location1
Location163 Location163
Location158 Location158
Location168 Location168
Location162 Location162
Location135 Location135
Location32 Location32 Location116
Location134 Location134
Location173 Location173
Location127 Location127
Location33 Location33
Location34 Location34
Location27 Location27
Location179 Location179
Location180 Location180
Location181 Location181
Location182 Location182
Location176 Location8 Location176
Location184 Location184
Location129 Location129
Location36 Location36
Location38 Location38
Location187 Location187
Location188 Location188
Location189 Location189
Location190 Location190
Location191 Location191
Soda Soda
