Soda Location28 Location32 Location39 Location0 Location13 Location29 Location36 Location45 Location43 Location22 Location42 Location5 Location38 Location19 Location18 Location9 Location21 Location2 Location30 Location34 Location40 Soda
18
Location0 Location0
Location2 Location2
Location13 Location10 Location13
Location29 Location29
Location21 Location21
Location5 Location5
Location19 Location19
Location30 Location30
Location22 Location22
Location40 Location40
Location38 Location33 Location38
Location36 Location44
Location9 Location9
Location32 Location32
Location42 Location42
Location43 Location43
Location45 Location45
Soda Location31
