mqncr qxsoe jkkgv jemlu anscp mqreu dkdci mwoev dsfpg jvfig jjlwh lhsag irkbu qwmew fblut zcixl lfdet ypkmm tcxbn mnymy derxh fjrpj ilbfw hqiic mbqyg fnipk wwphq cegzm iggzg tyjab hrhzb nppux kdtrw qrmyp innfa qfcxo cakfa bymoa aoxfw ayayj gztsf ssyjd ylsow mlqbj mpjyf awsuk dsbhm gkosc vnnvv mrnva pvzeb vzoqh eakkr qotnp edxoe macxu iigud ibnyw axdtz pnmkd mxihv eludu mzwec rtshe wxcvg xphcw ygust hribg peobk diapc kwvgs qpjoh lukkm mjgiw gpwkr gsdqj qkftw tcqqe eustb sxqhs ywyyb sfgmu drlqp uooez byjai jwmjp kqysx igpmu dxztc bwinl drrap mqncr
90
fblut fblut
iggzg iggzg
lfdet lfdet
qxsoe qxsoe
hqiic xftof yuvek
ayayj ayayj
eludu eludu
gztsf gztsf
qpjoh qpjoh
mnymy mnymy
ygust ygust
mjgiw mjgiw
macxu macxu
pvzeb pvzeb
mzwec mzwec
eustb eustb
jvfig jvfig
peobk peobk
diapc diapc
bymoa bymoa
mpjyf mpjyf
hribg jxcvu hribg
lukkm lukkm
xphcw xphcw
qrmyp qrmyp
uooez uooez
vzoqh vzoqh
cakfa cakfa qcfox
dxztc eqddq yuuqu
kwvgs kwvgs
bwinl bwinl
gsdqj gsdqj
edxoe edxoe
jjlwh jjlwh
mwoev mwoev
lhsag lhsag
sxqhs sxqhs
qotnp qotnp
ypkmm ypkmm
vnnvv vnnvv
derxh derxh
ylsow ylsow
rtshe rtshe
gpwkr gpwkr
mqreu mqreu
gkosc gkosc
jwmjp jwmjp
ywyyb ywyyb
qwmew qwmew
eakkr eakkr
drlqp drlqp
fnipk fnipk
dsbhm tctxs dsbhm
mxihv mxihv
pnmkd pnmkd
dkdci dkdci
ssyjd ssyjd
cegzm cegzm
jemlu jemlu
innfa dxllq innfa
wxcvg piswp
mbqyg mbqyg
ibnyw ibnyw cfspg
sfgmu sfgmu
hrhzb hrhzb
anscp sbnmi anscp
ilbfw ilbfw
nppux nppux
mlqbj mlqbj
jkkgv jkkgv
igpmu igpmu
dsfpg dsfpg
irkbu irkbu
zcixl zcixl
aoxfw aoxfw
kqysx kqysx
awsuk awsuk
axdtz axdtz
byjai byjai
qfcxo qfcxo
mrnva mrnva
tcxbn tcxbn
kdtrw kdtrw
wwphq rnrth wwphq
qkftw qkftw
drrap drrap
fjrpj btqda fjrpj
tcqqe tcqqe
iigud iigud
tyjab tyjab
