xjbms hwhxr ttdxn dzfkr nnnts bsuwt xeikc ejwkt vaeqh ybgaf ydhop beqlb lkzxl bwgqu fnhle impuz xecik riwwe mbzzn tykrt kyaqs bthif czppi psudb usrtf uegez itxfb npvgp wxnxi nrtqp lyixz lfceh xvefe hstmf deoux mrnvg bqgqy yztko wnlug iddrb ocgbu bicnj fuume lpolv xjbms
43
hwhxr hwhxr
wnlug wnlug
wxnxi wxnxi
impuz impuz
dzfkr dzfkr
czppi czppi
kyaqs kyaqs
fuume fuume
vaeqh vaeqh qkysn
nrtqp nrtqp
ejwkt ejwkt
mbzzn mbzzn
lyixz lyixz
beqlb beqlb
bthif bthif
riwwe riwwe
uegez uegez
lpolv lpolv
iddrb iddrb
xecik xecik akegy
xjbms xjbms
deoux deoux
ydhop ydhop
npvgp fxnnl npvgp
bsuwt bsuwt kvvqk
bqgqy bqgqy
tykrt tykrt
itxfb itxfb
xeikc xeikc
hstmf hstmf
fnhle fnhle
usrtf usrtf rnrnh
bwgqu bwgqu
nnnts nnnts
lfceh uzzfw lfceh
lkzxl lkzxl
bicnj bicnj
psudb psudb
mrnvg mrnvg
ybgaf ybgaf llwzk
xvefe xvefe
yztko yztko
ocgbu ocgbu
