0 52 46 16 8 15 36 53 65 69 27 23 25 11 31 12 55 5 7 1 29 13 49 67 71 6 14 38 50 9 18 58 51 20 2 59 3 32 43 41 72 77 63 19 17 66 45 34 21 24 61 39 30 35 54 48 76 64 78 62 44 70 47 37 57 60 4 75 68 33 74 28 56 42 22 73 26 0
77
2 2
8 8
9 9 10
0 0
11 11
12 12
13 13
41 41
42 42
43 43
44 44
45 45
46 46
47 47
48 48
49 49
50 50
51 51
52 52
53 53
54 54
55 55
56 56
57 57
58 58
59 59
60 60
61 61
62 62
63 63
64 64
65 65
66 66
67 67
68 68
69 69
71 71
76 76
70 70
14 14
72 72
73 73
74 74
75 75
15 15
77 77
78 78
16 16
3 3
25 25
17 17
18 18
24 24
21 21
19 19
4 4
20 20
22 22
23 23
26 26
5 5
29 29
30 30
31 31
6 6
1 1
32 32
33 33
27 27
34 34
35 35
7 7
36 36
37 37
28 28
38 38
39 39
