Soda Hqrjtum Zozpqsoh Cdplmrl Hwtzkfl Mmzmgkvtqx Rnswnff Mmzmgkvtqx Bowdktxf Igcbw Lhrjghnz Zseccp Lpcihph Aetguutl Ylscbxx Rthio Qhaobijtvl Ybbqswodh Azurxcmynf Xqlxxsqozg Civxfilaeqk Khoprwfn Vyledpi Oxgcfytsfks Vyledpi Pzdxvrzhdt Vyledpi Sioinvblt Ewel Fhgjwqkutxz Ttkftfcy Eufcpnaixls Yskel Wlodbyucbjq Inxcijpyf Edqplcotb Zqwjwnlnefm Jggbevcry Mpuidi Zgdjffrhk Nklgno Zgdjffrhk Dpiknnvmi Zgdjffrhk Qcnqbaiah Brcezeb Niiglftbp Uymaeuj Bylykbmgadb Yxqxfgj Gskr Hozmfldg Iqfewjmoxea Vlibwe Aybjrpvt Aqdrmrxjb Nmfcncwhiz Mdnomclrhe Ueuphudi Fbwbklawixw Bdympbsjhe Aodl Bdympbsjhe Ddvyvg Bdympbsjhe Zaqrljex Wtbchdvcf Tftuismjy Shshl Mtpmo Wgehgd Tdreo Lkqdreu Uwwmj Lkqdreu Awaq Hgoc Nwtxsn Kcjpz Mzeexa Weuri Gsdug Lfvepwf Gfax Qxvqdumpbbl Fizeyd Gtgc Sihsuutjg Gfax Oityp Ltdeardrfw Lcrsrgxpi Ydvuvij Npgmpqjyei Jwcpy Dqlzagezaf Irwyl Ibschxvbrh Nyesh Opyou Nncpo Ygaely Gmnmclt Jrzelxfyphi Ufwcxpl Kwniposj Lhzuvvpmpa Fnao Zcluraciodj Nkndh Elfjuircela Jvxqdoen Utcvkhqmliy Hqengchsddu Besuiq Jdonjesl Pqvhtvcqo Ikfqsv Pqvhtvcqo Xmtucbfh Hzinsgk Ttrpbvjdda Nwitmhz Rouupns Xvkx Hmbz Soda
94
Uwwmj Uwwmj
Yxqxfgj Yxqxfgj
Aetguutl Aetguutl
Sioinvblt Sioinvblt
Ylscbxx Ylscbxx
Hzinsgk Hzinsgk
Ueuphudi Ueuphudi
Hozmfldg Hozmfldg
Aybjrpvt Aybjrpvt
Ttkftfcy Ttkftfcy
Igcbw Igcbw Znjvtzp
Ygaely Ygaely
Mtpmo Xiogpn Mtpmo
Oityp Oityp
Mpuidi Mpuidi
Besuiq Besuiq
Hqengchsddu Yesamropvf Hqengchsddu
Elfjuircela Elfjuircela
Lcrsrgxpi Lcrsrgxpi
Jwcpy Jwcpy
Qhaobijtvl Qhaobijtvl
Opyou Opyou
Hmbz Hmbz
Vyledpi Vyledpi
Iqfewjmoxea Iqfewjmoxea
Gsdug Gsdug
Ttrpbvjdda Ttrpbvjdda
Mzeexa Mzeexa
Lhrjghnz Lhrjghnz
Khoprwfn Khoprwfn
Jvxqdoen Jvxqdoen
Zseccp Zseccp
Aqdrmrxjb Aqdrmrxjb
Fizeyd Fizeyd
Yskel Yskel
Aodl Asqguuggw Aodl
Lfvepwf Lfvepwf
Ibschxvbrh Ibschxvbrh
Ufwcxpl Ufwcxpl
Nncpo Nncpo
Wgehgd Wgehgd
Bdympbsjhe Bdympbsjhe
Nklgno Nklgno
Zozpqsoh Zozpqsoh
Qxvqdumpbbl Qxvqdumpbbl
Jggbevcry Jggbevcry
Gtgc Gtgc
Mdnomclrhe Mdnomclrhe
Vlibwe Brgwekrnc Vlibwe
Edqplcotb Edqplcotb
Npgmpqjyei Npgmpqjyei
Tftuismjy Tftuismjy
Ewel Ewel
Inxcijpyf Inxcijpyf
Shshl Shshl
Xmtucbfh Xmtucbfh
Qcnqbaiah Qcnqbaiah
Rthio Rthio
Cdplmrl Cdplmrl
Oxgcfytsfks Oxgcfytsfks
Rnswnff Rnswnff
Hwtzkfl Hwtzkfl
Kcjpz Kcjpz
Uymaeuj Wcvfecug Uymaeuj
Lhzuvvpmpa Lhzuvvpmpa
Ddvyvg Ddvyvg
Hgoc Hgoc
Gmnmclt Gmnmclt
Fnao Fnao
Weuri Weuri
Eufcpnaixls Eufcpnaixls
Bylykbmgadb Bylykbmgadb
Kwniposj Kwniposj
Azurxcmynf Azurxcmynf
Pzdxvrzhdt Pzdxvrzhdt
Niiglftbp Niiglftbp
Sihsuutjg Sihsuutjg
Utcvkhqmliy Utcvkhqmliy
Rouupns Rouupns
Nwtxsn Nwtxsn
Hqrjtum Hqrjtum
Dpiknnvmi Dpiknnvmi
Ikfqsv Ikfqsv
Xvkx Xvkx
Nwitmhz Nwitmhz
Lpcihph Lpcihph
Fhgjwqkutxz Fhgjwqkutxz
Tdreo Tdreo
Zcluraciodj Zcluraciodj
Jdonjesl Jdonjesl
Nkndh Nkndh
Wlodbyucbjq Wlodbyucbjq
Wtbchdvcf Wtbchdvcf
Xqlxxsqozg Xqlxxsqozg
