Soda Eqtpmllrky Bjxy Lisdkopju Wyvuhfzpeh Svdpn Hfbml Psynz Qwisoqgzm Zgvnjegpj Rchfmjdesx Uqfqb Usfucahrvrj Uqfqb Saglt Lyurrdtdw Nkqzgfasj Zcefzlovt Lhsmxzizl Mvcjmf Vbibp Iahhs Pliaph Qwebscsrirm Yxjvwhefqif Fagweskgci Rxeuijsrpky Tbyuqkgtm Fmgwavgppb Vvvqw Vevhjnfq Slhe Ppbp Fwmaudwdwa Ppbp Myxxw Nqdl Eankdxbivc Xkegoqksfou Yyrymdkl Lwkzgtniodd Fedxvznrqw Hoir Vlgzfpnbc Cyvexr Ncfr Swqguyhe Padpmqkrh Mzwrip Fwerc Ibnxkznems Xyqun Phjuuz Lcia Shqm Zxrxvqvnm Shqm Prteefgv Ugtgajtqmg Prteefgv Vbbopctjfsu Xbpw Tjqkxczzumv Jnaceez Qqlqdxhzie Soda
48
Swqguyhe Swqguyhe
Lwkzgtniodd Lwkzgtniodd Hbsc
Slhe Slhe
Ibnxkznems Ibnxkznems
Mzwrip Mzwrip
Fwerc Fwerc
Fmgwavgppb Fmgwavgppb
Vbbopctjfsu Vbbopctjfsu
Xbpw Xbpw
Vbibp Vbibp
Lhsmxzizl Lhsmxzizl
Rchfmjdesx Rchfmjdesx
Uqfqb Uqfqb
Saglt Saglt
Zxrxvqvnm Zxrxvqvnm
Tjqkxczzumv Tjqkxczzumv
Yxjvwhefqif Yxjvwhefqif
Lcia Lcia
Eqtpmllrky Eqtpmllrky
Rxeuijsrpky Rxeuijsrpky
Jnaceez Jnaceez
Vvvqw Vvvqw
Psynz Psynz
Phjuuz Phjuuz
Zcefzlovt Zcefzlovt
Padpmqkrh Padpmqkrh
Hoir Hoir
Zgvnjegpj Zgvnjegpj
Hfbml Hfbml
Nqdl Nqdl
Qwebscsrirm Qwebscsrirm
Ugtgajtqmg Ugtgajtqmg
Pliaph Pliaph
Nkqzgfasj Nkqzgfasj
Prteefgv Kslp Prteefgv
Fagweskgci Fagweskgci
Fwmaudwdwa Fwmaudwdwa
Svdpn Svdpn
Xyqun Xyqun
Cyvexr Cyvexr
Wyvuhfzpeh Wyvuhfzpeh
Vlgzfpnbc Vlgzfpnbc
Usfucahrvrj Usfucahrvrj
Myxxw Myxxw
Ncfr Ncfr
Yyrymdkl Yyrymdkl
Xkegoqksfou Xkegoqksfou
Lyurrdtdw Lyurrdtdw
