0 173 58 46 149 130 181 152 42 144 29 40 52 118 32 15 153 131 145 50 188 3 97 93 108 57 55 140 102 124 106 90 197 160 6 98 154 80 8 125 61 92 12 45 156 104 199 88 23 13 164 34 30 53 21 33 24 179 86 35 134 0
59
3 3
6 6
8 8
12 12
13 13
15 27 15
21 21
23 23
24 24
29 29
32 32
33 33
34 34
35 35
40 40
42 42
45 45
46 46
50 50
52 52
53 53
55 55
57 57
58 58
61 61
80 80
86 86
88 88
90 90
92 92
93 93
97 97
98 98
102 102
104 104
106 106
108 108
118 118
124 124
125 125
130 130
131 131
134 134
140 140
144 144
145 145
149 149
152 152
153 153
154 154
156 156
160 160
164 164
173 173
179 179
181 181
188 188
197 197
199 199
