KMZ BMH MMI MWN DEW VZI ENU PSZ OUR RHL KBZ NYW IEN LRF ZCR YET KVT WDE BTR RDP WVO XYT HON FYE NSY EXX ACK YQU TFL WXC GAZ KDH CDW EKW GJW KDF YEC YGM WDN HDY XWZ VSQ HPL MQG XNM GVH RWN PKG MWC YWR EVY WPB XNH EFO VTA JTH AFO QUS KNQ XFP NDM HSN QOE VNH HTV HGZ FBZ ZES BVP IKT GJK XPB WYK KDO HTU KQK COR OBR BUN VIF LCB PWL XXL BWL YFA UAO NLD FZZ WZI ZUA SZK CEA URI MBM KAL DZY DGD GEV CSI IYC GMG KMZ
100
OUR OUR
PSZ PSZ
IKT IKT
WXC WXC
HPL HPL
HTU HTU
RWN RWN
ENU ENU
YEC YEC
KQK KQK
YWR YWR
NYW NYW
HDY HDY
WPB WPB
MQG MQG
GVH GVH
EFO EFO
XXL XXL
YGM YGM
XNH XNH
ZES ZES
XWZ XWZ
MMI MMI
PKG PKG
BUN BUN
NDM NDM
VTA VTA
EVY EVY
VNH VNH
PWL PWL
MWC MWC
MWN MWN
HSN HSN
JTH JTH
QUS QUS
FBZ FBZ
KDF KDF
UAO UAO
AFO AFO
GJK GJK
HGZ HGZ
XFP XFP
LCB LCB
RHL RHL
QOE QOE
KNQ KNQ
KDH KDH
GAZ GAZ
KDO KDO
XPB XPB
BVP BVP
ZUA ZUA
URI URI
WDN WDN
IYC IYC
BMH BMH
GEV GEV
CEA CEA
KAL KAL
MBM MBM
NLD NLD
YFA YFA
VIF VIF
DGD DGD
BWL BWL
CSI CSI
CDW CDW
DEW DEW
COR COR
RDP RDP
WVO WVO
GJW GJW
VZI VZI
SZK SZK
ZCR ZCR
WYK WYK
EKW EKW
DZY DZY
IEN IEN
YET YET
KVT KVT
TFL TFL
OBR OBR
KBZ KBZ
BTR BTR
EXX EXX
WZI WZI
LRF LRF
HTV HTV
WDE WDE
YQU YQU
VSQ VSQ
FYE FYE
HON HON
XYT XYT
XNM XNM
FZZ FZZ
ACK ACK
GMG GMG
NSY NSY
