USG OEK AKT XIG WIF UWO WRP EMJ TWC STN FPK IRG BFD KXU NMY PST LYL SJL KHL GJX SCZ QFZ OJJ CMD DZD ZBM BYF RAI BJT NRV VFE UQJ EMI VKQ IUT MBE DPP WSF STT ZLI HOD OKD TIB QUA KJA GIG TFP DZG KND IUL POT USG
50
QUA QUA
OEK OEK
STN STN
IUT IUT
BFD BFD
VKQ VKQ
KND KND
WSF WSF
STT STT
TIB TIB
TFP TFP
OKD OKD
ZLI ZLI
NMY NMY
GIG GIG
KXU KXU
KJA KJA
RAI RAI
MBE MBE
HOD HOD
VFE VFE
FPK FPK
DZD DZD
IRG IRG
QFZ QFZ
EMJ EMJ
WRP WRP
NRV NRV
SJL SJL
TWC TWC
CMD CMD
SCZ SCZ
BJT BJT
DZG DZG
PST PST
XIG XIG
EMI EMI
LYL LYL
WIF WIF
KHL KHL
UQJ UQJ
POT POT
UWO UWO
IUL IUL
AKT AKT
ZBM ZBM
BYF BYF
DPP DPP
GJX GJX
OJJ OJJ
