m6 k7 f6 j8 w2 g6 d3 k0 r8 e6 f7 g2 h7 a1 q0 f1 l5 k4 v0 d5 f4 l0 d4 a5 j1 c0 h8 z8 b0 w1 h9 d0 r2 f5 c5 j0 b3 g8 l8 w9 j4 z9 v4 e3 a9 m4 q1 q8 b8 x5 a0 r1 a8 n7 l2 c2 n5 n6 h4 x9 m8 e2 r7 j3 e1 x7 r3 l6 j2 g0 n3 l4 c9 q7 e9 k9 v1 q4 x1 k2 z3 k8 r4 n8 w3 b9 j9 g9 j5 h1 v6 c3 l7 q3 w8 n2 q6 y0 a6 m6
99
a0 a0
a1 a1
e3 e3
e6 e6
e2 e2
e1 e1
a8 a8
f1 f1
c2 c2
a9 a9
x1 x1
v4 v4
e9 e9
b0 b0
f7 f7
f4 f4
f5 f5
f6 f6
g0 g0
x5 x5
g9 g9
g2 g2
h1 h1
g8 g8
g6 g6
h4 h4
b3 b3
c3 c3
h9 h9
j0 j0
j1 j1
x7 x7
j3 j3
j4 j4
j5 j5
h7 h7
h8 h8
k0 k0
j2 j2
c5 c5
x9 x9
j9 j9
j8 j8
v0 v0
b8 b8
k2 k2
k4 k4
v1 v1
k9 k9
b9 b9
k7 k7
k8 k8
v6 v6
c0 c0
n3 n3
m6 m6
m8 m8
m4 m4
l0 l0
c9 c9
l2 l2
a5 a5
l4 l4
l5 l5
l6 l6
l7 l7
l8 l8
d0 d0
q1 q1
n2 n2
q3 q3
q4 q4
a6 a6
q7 q7
q8 q8
q0 q0
z8 z8
w1 w1
w2 w2
w3 w3
q6 q6
n6 n6
d3 d3
n5 n5
w8 w8
w9 w9
d4 d4
r1 r1
r2 r2
r3 r3
n7 n7
d5 d5
z3 z3
z9 z9
n8 n8
r4 r4
r7 r7
r8 r8
y0 y0
