0 18 13 21 82 21 53 38 193 80 85 89 81 153 2 37 60 49 144 78 144 74 177 16 177 67 100 24 134 83 88 180 6 96 22 75 151 52 55 136 61 15 133 31 40 92 29 57 39 63 59 98 87 17 70 1 84 54 157 27 140 99 34 12 19 32 51 105 8 105 20 76 62 47 46 58 33 25 4 97 139 48 116 10 56 7 68 71 187 43 11 5 36 35 110 42 77 69 72 64 26 91 30 112 73 102 65 44 45 90 50 109 79 66 0
90
13 13
68 68
31 31
87 87
61 9 61
58 58
37 37
53 53
75 75
32 32
50 50
70 70
19 19
43 93 43
60 60
33 33
64 64
80 80
73 73
52 52
46 46
69 69
74 74
66 66
49 49
34 34
65 65
27 27 41
99 99
42 42
81 81
83 95 83
79 79
0 3 0
44 44
5 5
82 82
17 17
22 22
18 18
29 29
92 92
1 1
2 2
15 15 23
55 55
47 47
12 12
90 90
78 78
40 14 40 94
48 48
24 24
56 56
21 21
7 7
10 10
59 59
97 97
98 98
63 63
72 72
45 45
25 25
57 57
20 20
16 16
4 4
39 86 39
8 8
85 85
89 89
67 67
30 30
35 35
36 36
54 54
84 84
88 88
6 6
26 26
71 71
96 96
11 11
76 76
77 28 77
51 51
91 91
62 62
38 38
