144 47 11 158 28 19 120 127 49 64 136 93 128 7 99 95 75 8 79 152 92 3 122 66 165 90 169 107 67 170 174 83 53 167 74 157 147 159 70 183 142 131 42 87 43 108 24 104 156 130 186 106 126 21 78 44 114 112 88 132 16 62 13 188 39 187 51 119 141 18 133 144
68
3 3
44 44
42 42
39 39
8 8
43 43
106 106
47 47
49 49
112 112
51 51
53 53
11 11
114 114 110
66 66
104 104
62 62
64 64
13 13
67 67
70 70
74 74 124
75 75
79 79
78 78
16 16
83 83
120 120
119 119
93 93
95 95
87 87
88 88
90 90
99 99
18 18
92 92
24 24
21 21
19 19
126 126
122 122
142 142
141 141
28 28
130 130
147 147
131 131 76
159 159
158 158
152 152
132 132
128 128
156 156
157 157
133 133
108 108
165 165
169 169 14
107 107
170 170
127 127
174 174
136 136
7 7
188 188
183 183
187 187
