0 21 63 183 103 146 85 104 72 79 100 82 24 5 51 105 170 136 23 26 14 141 152 142 64 30 12 78 76 163 172 189 195 50 164 60 150 168 132 140 66 186 127 175 177 155 193 108 130 13 77 178 68 94 59 99 87 29 192 91 143 115 67 101 139 179 120 121 126 35 93 49 162 110 28 131 46 39 73 22 45 47 1 42 44 52 31 10 34 2 27 38 149 194 62 71 133 97 56 0
97
1 1
42 42
38 38
44 44
47 47
39 39
110 110
51 51
22 22
45 45
46 46
56 56
50 50
49 49
59 59
10 10
52 52
104 104
63 63
64 64
2 2
66 66
67 67
68 68
62 62
12 12
71 71
73 73
23 23
13 13
115 115
14 14
72 72
78 78
76 76
77 77
79 79
82 82 11
105 105
85 85
93 93
94 94
91 91
87 87
24 24
120 120
101 101
21 21
121 121
97 97
99 99
126 126
100 100
143 143
142 142
141 141
146 146
130 130
28 28
26 26
5 5
29 29
155 155
152 152
131 131
149 149
150 150
30 30
132 132
31 31
163 163
133 133
108 108
170 170
162 162
172 172
164 164
168 168
27 27
177 177
127 127
34 34
136 136
183 183
175 175
35 35
186 186
178 178
179 179
103 103
139 139
193 193
194 194
195 195
140 140
189 189
192 192
