0 55 57 138 150 186 89 117 20 149 10 109 185 35 32 9 139 191 181 68 181 61 33 199 164 85 167 189 36 160 36 39 50 96 105 72 30 142 69 12 182 73 21 77 56 58 129 58 19 152 59 171 74 132 194 43 45 157 124 170 98 167 14 140 2 112 188 123 83 101 81 64 81 107 81 29 82 153 24 197 90 143 11 143 96 46 96 175 86 169 141 95 141 169 66 16 48 108 57 55 92 94 67 23 147 106 196 120 172 137 99 128 3 128 52 128 119 134 114 103 114 1 195 125 38 145 100 51 102 121 79 13 84 0
87
1 1
43 43
124 26 124
51 51
106 106
46 46
45 45
9 9
112 112
57 57 55
50 50
59 59
10 176 10
52 52
56 56
11 11
102 102
2 2
66 66
68 68
69 161 69
12 12
64 64 148
74 74
13 13
67 67 27
23 23
73 73
14 14
72 72
125 125
83 83 198
77 77
86 86
16 16
3 3
105 105
90 90
82 82
92 92
85 49 85
94 94
95 95
89 89
24 24
21 21
99 99
101 101
123 123
19 19
100 100
20 20
119 119
143 143
142 142
29 29
147 104 147
150 150
152 152
132 132
160 160
157 41 157
108 108
164 164
167 166 167
169 169
107 107
170 170
175 175
172 172
137 137
35 35
186 97 186
129 129
188 188
103 103
182 182
138 138
185 185
139 139
189 189 71
38 38
39 39
141 141
195 195
196 196
197 197
