0 24 132 126 162 168 163 16 112 96 84 103 48 97 146 170 64 20 70 122 28 76 135 150 174 184 74 111 90 4 156 166 198 134 18 12 17 62 148 58 94 86 2 114 2 30 7 172 80 120 98 158 102 193 91 116 14 99 140 92 176 180 110 50 192 194 60 105 124 139 36 40 72 40 44 83 104 61 164 61 6 128 82 136 186 138 161 108 89 26 152 26 154 106 178 188 142 88 38 69 22 69 81 66 160 118 54 24 0
87
0 0
40 40
110 110
106 106
44 44
22 22
48 48
124 130 124
50 50
112 112
54 54
102 102
2 2
114 114
58 58
60 60
12 12
104 104
62 62
64 64
66 66
74 74 190
70 70
14 14
116 116
72 72
76 76
80 80
16 16
118 118
82 82
92 56 68 92
84 84
94 94
86 86
96 96
88 88 34
120 120
90 90 78
18 18 42
24 24
4 4
98 98
126 126
20 20
122 122
150 150
142 142
152 152
26 26
154 154
146 146
156 156
148 148
30 30
160 160 10
132 132
162 162 100 182
128 32 128
6 6
158 158
168 168
108 108
134 134
164 164
166 166
135 196
170 170
180 180
172 172
136 136
174 174
176 176
178 178
138 138
103 52
36 36
192 192
184 184
186 186
188 188
139 8 144 46
28 28
38 38
140 140
194 194
198 198
