Soda Bechtel Cheit Cory Stanley Morgan Simon Pitzer NorthGate McCone MemorialStadium LeConte Insectary Koshland Gilman Hertz HaasPavilion HearstFieldAnnex Foothill ClarkKerr EdwardsStadium DoeLibrary Bowles Campbell Blackwell BarkerHall Wheeler VLSB Stern Observatory SproulPlaza Senior Moses MLK Hildebrand KrutchTheater Jacobs HearstMiningCircle McLaughlin LifeSciences GreekTheatre Giannini Haste Etcheverry Boalt Dwinelle Soda
45
Bechtel Bechtel
Boalt Boalt
Cheit Cheit
Cory Cory
Dwinelle Dwinelle
Etcheverry Etcheverry
Haste Haste
SproulPlaza SproulPlaza
Stern Stern
VLSB VLSB
Wheeler Wheeler
BarkerHall BarkerHall
Blackwell Blackwell
Campbell Campbell
Bowles Bowles
ClarkKerr ClarkKerr
DoeLibrary DoeLibrary
EdwardsStadium EdwardsStadium
Foothill Foothill
Gilman Gilman
HaasPavilion HaasPavilion
HearstFieldAnnex HearstFieldAnnex
Hertz Hertz
Insectary Insectary
MemorialStadium MemorialStadium
Stanley Stanley
Koshland Koshland
LeConte LeConte
McCone McCone
Giannini Giannini
Morgan Morgan
NorthGate NorthGate
Pitzer Pitzer
Simon Simon
GreekTheatre GreekTheatre
LifeSciences LifeSciences
HearstMiningCircle HearstMiningCircle
Jacobs Jacobs
McLaughlin McLaughlin
KrutchTheater KrutchTheater
Hildebrand Hildebrand
MLK MLK
Moses Moses
Observatory Observatory
Senior Senior
