Soda Cheit Boalt Dwinelle Giannini Haste LifeSciences Jacobs Hildebrand Senior Stern Moses Wheeler Blackwell DoeLibrary Bowles Foothill HaasPavilion Hertz Koshland McCone Morgan Pitzer Stanley Wellman Soda
24
Boalt Boalt
LifeSciences LifeSciences
Haste Haste
Senior Senior
Dwinelle Dwinelle
Bowles Bowles
Jacobs Jacobs
Blackwell Blackwell
Hildebrand Hildebrand
Moses Moses
Cheit Cheit
Stern Stern
Wheeler Wheeler
Morgan Morgan
McCone McCone
Hertz Hertz
Koshland Koshland
Giannini Giannini
Foothill Foothill
HaasPavilion HaasPavilion
Pitzer Pitzer
Stanley Stanley
Wellman Wellman
DoeLibrary DoeLibrary
