2 41 85 9 60 142 60 35 199 97 199 35 188 163 158 163 5 125 31 10 194 93 101 150 127 12 81 25 37 86 128 173 59 20 27 98 36 152 162 121 7 121 196 155 178 82 95 90 62 139 55 130 184 189 182 67 116 103 172 61 172 137 30 15 57 94 28 174 99 165 140 149 3 149 171 179 16 133 16 179 171 18 14 22 76 51 176 192 0 186 136 186 38 46 38 83 73 58 1 187 1 50 42 108 105 21 92 190 112 4 161 109 131 156 131 63 26 11 23 34 181 45 102 117 164 138 13 8 87 175 48 175 126 114 107 43 71 6 118 80 43 107 114 100 198 147 32 147 115 104 44 56 52 145 193 53 157 2
91
0 0
44 44
42 42
8 8
50 50
52 52
53 53
46 46
56 56
48 48
51 51
112 112
55 55
2 2
58 58
114 114
59 59
61 61
12 12
62 96
63 63
67 67
13 13
115 115
23 23
14 14
116 116
73 73
125 125
76 76
15 15
85 85
86 86
82 82
80 80 54
3 3
118 118
25 25
90 177 90
126 126
121 121
92 92
93 93
94 94
95 95
4 4
97 97 106
98 98
99 113
100 100
149 149
142 142
130 130
26 26
145 145
131 131
158 158 110
156 156
30 30
128 128
6 6
157 49 157
133 133
165 165
161 161
32 32
164 164
173 173
171 171
136 136 119
27 27 141
179 179
34 34
181 181
182 182
174 174
178 178
138 138
35 35
188 188
7 7 79
36 36
187 187
139 139
189 122 189
28 28
38 38
192 192
193 193
194 194
196 196
