f xxx ss j uuuuu zzz fffffff bbbbbbbb sss dddddddd a eeee p vvvv aaa qqqqqq w c xxxxxx ttttt hhhh ff jjjj wwww pp aaaaa rrrrrrrr q ggggg hhh qqqqqqq rrrrrr jjjjjjj ffffffff v s vv nnnn iii ggg wwwwwww lllll ssss ssssss llllll z m qq f
48
ssss ssss
aaaaa aaaaa
eeee eeee
rrrrrrrr rrrrrrrr
dddddddd dddddddd
rrrrrr rrrrrr
zzz zzz
v v
m m
ttttt ttttt
xxx xxx
ss ss
xxxxxx xxxxxx uu
f f
qqqqqq qqqqqq
z z
ff ff
ggggg ggggg
uuuuu uuuuu
iii iii
nnnn nnnn
s s
w w
ggg ggg
qq qq
ssssss ssssss
wwww wwww
vv vv
hhhh hhhh
qqqqqqq qqqqqqq
pp pp
lllll lllll
ffffffff ffffffff
llllll llllll
p p
fffffff fffffff
aaa aaa
c c
vvvv vvvv
hhh hhh
bbbbbbbb bbbbbbbb
jjjj jjjj
j j
sss llllllll sss
a a
q q
jjjjjjj jjjjjjj
wwwwwww wwwwwww
