ffffff uu a dddd jjjj kkkkkkkk tttttt eeeee bbbbbb ggggggg qqqqqq aaa x o uuu nnn xxx tt kkkk uuuu cc eeeeee m qq cccccc pppp gggg ssss ooooo wwwww vvv llllllll llllll b uuuuuu vvvvv iiiiiii lllllll k vvvvvv pppppppp aa eeeeeee rr wwww xxxx s hhh iiiiiiii aaaaaa oooooooo lll hhhh xxxxxxx ccccccc rrrrrr e aaaaaaaa kkkkkk bbbbbbbb mmmmmmmm qqq yy sss yyyyyyy oooooo ffff eeee jjjjjj zzz ttttt ssssss mm tttt wwwwww ee hhhhhhh gggggggg q zzzzz dd cccc d bbbbbbb sssss ttttttt fffff nnnnnn rrrrr ggggg ffffffff xxxxx aaaa ll uuuuuuu ffffff
95
pppppppp pppppppp
mm mm
lll lll
qq qq
xxxxxxx xxxxxxx
m m
hhh hhh
lllllll lllllll
kkkkkk kkkkkk
iiiiiii iiiiiii
eeeeee eeeeee
cccccc cccccc
sss sss
d d
ccccccc ccccccc
ggggg ggggg
ffff ffff
ooooo ooooo
yy yy
bbbbbbb bbbbbbb
b b
kkkkkkkk kkkkkkkk
vvv vvv
yyyyyyy yyyyyyy
ttttttt ttttttt
zzz zzz
nnnnnn nnnnnn
uuuuuu uuuuuu
aaaaaa aaaaaa
uu uu
eeee eeee
sssss sssss
xxxxx xxxxx
x x
ffffff ffffff
eeeeeee eeeeeee
aaaa ii aaaa
kkkk kkkk
xxxx xxxx
jjjj jjjj
tt tt mmmm
gggggggg gggggggg
nnn nnn
eeeee eeeee
uuuu ppppp
pppp pppp
o o
aaa aaa
a a
dddd dddd
aaaaaaaa aaaaaaaa
llllll llllll
qqqqqq qqqqqq
ll ll
ee ee
rrrrrr rrrrrr
uuuuuuu uuuuuuu
hhhh hhhh
q q
xxx xxx
mmmmmmmm mmmmmmmm
ssss ssss
zzzzz zzzzz
e e
k k
rr rr
wwww wwww
wwwww wwwww
bbbbbbbb bbbbbbbb
oooooo oooooo
ggggggg ggggggg
rrrrr rrrrr
cccc cccc
dd dd j
hhhhhhh hhhhhhh
qqq qqq sssssss
gggg gggg
vvvvv vvvvv
ffffffff ffffffff
vvvvvv vvvvvv
bbbbbb bbbbbb
llllllll llllllll
aa aa
iiiiiiii iiiiiiii
tttt tttt
tttttt tttttt
wwwwww wwwwww
fffff fffff
cc jjj cc
ssssss ssssss
s s
jjjjjj jjjjjj
ttttt ttttt
oooooooo oooooooo
uuu uuu
