199 24 10 151 197 172 149 87 149 89 138 30 66 14 86 156 74 192 58 192 74 156 119 4 119 78 167 115 157 41 177 23 42 106 76 65 8 98 34 67 103 182 35 182 133 91 133 105 77 51 77 88 21 59 114 11 57 61 20 150 54 150 49 163 17 163 75 163 53 134 70 19 27 2 71 158 28 158 139 99 85 104 45 80 159 194 64 102 52 102 97 31 193 92 43 81 16 48 5 39 29 7 177 79 38 83 124 37 145 130 120 32 84 185 129 22 63 143 15 62 94 55 3 18 3 55 164 96 189 95 189 96 9 96 174 40 174 146 142 26 142 184 6 72 46 47 36 47 93 56 93 178 50 101 13 108 1 113 25 190 152 69 152 190 196 82 199
92
1 1
10 10
11 11
9 9
14 14
15 15
16 16
17 17
41 41
42 42
43 43
8 8
45 45
46 46
47 47
48 48
49 0 49
50 50
51 51
52 52
53 53
54 54
55 55
56 56
57 57
58 58
2 2
61 61
62 62
63 68 63
64 64
65 65
66 66
67 67
59 59
69 69
70 70
71 71
72 72
13 13
74 74
75 75
76 76
77 77
78 78
79 79
80 80
81 81
82 82
83 83
84 84
85 85
86 86
87 87
88 88
89 89
3 3
91 91 12
93 93
94 94
95 95
96 96 60
18 18
92 92
24 24
21 73 21
19 19
4 4
97 97
98 98
99 99
20 20
22 22
23 23
25 25
26 26
5 44 5
29 29
30 30
31 31
6 6
32 32
27 27
34 34
35 35
7 7
36 36
37 37
28 28
38 38
39 90 39
40 40 33
