SueJosephGarza ElsieJosephPhelps OllieGeorgeSova AlfredaKirstenMartin MelindaKennethAzar KennethShannonGardel KevinHaroldCyr KarenErmaJensen LuisHelenHughes WilburnDavidMiller LucyBennyHaag AshleyWilliamClarke BrianLuzArce DonaldDoloresKelly MaryLindaKirkland PhyllisJackWilson LillieKathleenCervan AnnaKyleChang ChristinaDanaGrant CrystalShermanVida WilliamGeorgeWilliam IraJimmyYang FranciscoFrancesHarr JohnJoseJudd MarianLuluDiaz PatriciaBernardBrock ThomasAnnieRuiz MariaChristopherCast PaulShaneSoldner JohnDustinKenny JamesJaredGonzalez LeroySandraLewis LauraPhilipWinkler BrianRolandAli NathanKevinCorathers JessicaJohnSpells PamelaPageBullock DarnellAliciaPeters PaulEvanRichard SueCourtneyOsgood SueJosephGarza
39
PamelaPageBullock PamelaPageBullock
LauraPhilipWinkler LauraPhilipWinkler
KarenErmaJensen KarenErmaJensen
ElsieJosephPhelps ElsieJosephPhelps
MariaChristopherCast MariaChristopherCast
PaulEvanRichard PaulEvanRichard
LeroySandraLewis LeroySandraLewis
FranciscoFrancesHarr FranciscoFrancesHarr
AlfredaKirstenMartin AlfredaKirstenMartin
KevinHaroldCyr KevinHaroldCyr
BrianRolandAli BrianRolandAli
NathanKevinCorathers NathanKevinCorathers
LillieKathleenCervan LillieKathleenCervan
ThomasAnnieRuiz ThomasAnnieRuiz
MelindaKennethAzar MelindaKennethAzar
ChristinaDanaGrant ChristinaDanaGrant
JessicaJohnSpells JessicaJohnSpells
MaryLindaKirkland MaryLindaKirkland
JohnJoseJudd JohnJoseJudd
PhyllisJackWilson PhyllisJackWilson
OllieGeorgeSova OllieGeorgeSova
PatriciaBernardBrock PatriciaBernardBrock
JohnDustinKenny JohnDustinKenny
WilliamGeorgeWilliam WilliamGeorgeWilliam
LuisHelenHughes LuisHelenHughes
LucyBennyHaag LucyBennyHaag
WilburnDavidMiller WilburnDavidMiller
KennethShannonGardel KennethShannonGardel
JamesJaredGonzalez JamesJaredGonzalez
CrystalShermanVida CrystalShermanVida
DarnellAliciaPeters DarnellAliciaPeters
MarianLuluDiaz MarianLuluDiaz
PaulShaneSoldner PaulShaneSoldner
IraJimmyYang IraJimmyYang
DonaldDoloresKelly DonaldDoloresKelly
AshleyWilliamClarke AshleyWilliamClarke
BrianLuzArce BrianLuzArce
SueCourtneyOsgood SueCourtneyOsgood
AnnaKyleChang AnnaKyleChang
