AlbertFredHaines JoannCharlieWilkinso EricTinaPerea MarciaWalterKirschma RobinStephenWebster StormyOllieYork MichaelElizabethWeav JeremyJamesChavez KellyJohnnaOles EdwardDennisStewart DebraJaneFitzgerald MarthaJackRobinson KevinCharlesEvans KevinThomasHiggins CherylMaryMorgan TravisMichelleMeller JackieSharonScherrer JohnBrendaFuller WilliamDavidGray DorisJeffreyBinger JimmyFlorTasson GaryCharlesHudson GlennaMichaelBorden IsaacGregGargano RickyJamesBrumfield RosaPatrickYankey SandraHarryStewart StevenNeilNguyen DeeAmandaBartley JessicaChristopherHa ThomasEssieEwing ElmerDemetriusLark MarkDianeDuchon RonaldEdnaArant EricJamesJuckett JosephAmandaMullen LawrenceBarryHadden JoStephenMay ClaudeBobbyBaker BrettDominickSonnier JamesJordanZamora HeidiMayJohnson CynthiaConnieWright StephenWilliamCoffma EdwardErnestSinger KathleenSherryDay MarkAngelaMccloud ManuelaJoseBailey LillianJuanAncona DeniseBrunoWilliam MaryJamesDavila JudyPearlineKaminski DianeElisePickett PerryJamesBennett JudeJanetHarcourt TommyAmandaMartin ZacharyWarrenKarth GeorgeHenryVillar MichaelMarkHolloway EricTammyScott BradleyDeborahSaball LynnKennethChavez JohnRichardSmith DenaJewellDavis CassandraJaniceGlove JannaDavidCarranza MistyRobertKing DwainJoeFeldman BernicePennyRiddick CraigJohnLard KathleenJoseClark GeorgeWilliamJackson FerdinandLukeJackson RolandGregoryWatson PeterJosephBarbee HowardKennethCollins WadeSonnyMcbride AnnDeannaLarzazs AlbertFredHaines
78
AlbertFredHaines AlbertFredHaines
WilliamDavidGray WilliamDavidGray
RonaldEdnaArant RonaldEdnaArant
WadeSonnyMcbride WadeSonnyMcbride
CherylMaryMorgan CherylMaryMorgan
BernicePennyRiddick BernicePennyRiddick
JoannCharlieWilkinso JoannCharlieWilkinso
JessicaChristopherHa JessicaChristopherHa
MarthaJackRobinson MarthaJackRobinson
GeorgeWilliamJackson GeorgeWilliamJackson
MarciaWalterKirschma MarciaWalterKirschma
JudyPearlineKaminski JudyPearlineKaminski
JohnRichardSmith JohnRichardSmith
PeterJosephBarbee PeterJosephBarbee
DianeElisePickett DianeElisePickett
KevinThomasHiggins KevinThomasHiggins
StevenNeilNguyen StevenNeilNguyen
LillianJuanAncona LillianJuanAncona
StormyOllieYork StormyOllieYork
KellyJohnnaOles KellyJohnnaOles
KathleenSherryDay KathleenSherryDay
ClaudeBobbyBaker ClaudeBobbyBaker
BrettDominickSonnier BrettDominickSonnier
MaryJamesDavila MaryJamesDavila
DeeAmandaBartley DeeAmandaBartley
DwainJoeFeldman DwainJoeFeldman
MichaelElizabethWeav MichaelElizabethWeav
StephenWilliamCoffma StephenWilliamCoffma
JackieSharonScherrer JackieSharonScherrer
RolandGregoryWatson RolandGregoryWatson
GlennaMichaelBorden GlennaMichaelBorden
LawrenceBarryHadden LawrenceBarryHadden
CynthiaConnieWright CynthiaConnieWright
DorisJeffreyBinger DorisJeffreyBinger
JamesJordanZamora JamesJordanZamora
MistyRobertKing MistyRobertKing
EdwardErnestSinger EdwardErnestSinger
FerdinandLukeJackson FerdinandLukeJackson
DeniseBrunoWilliam DeniseBrunoWilliam
JosephAmandaMullen JosephAmandaMullen
ZacharyWarrenKarth ZacharyWarrenKarth
RobinStephenWebster RobinStephenWebster
LynnKennethChavez LynnKennethChavez
MarkAngelaMccloud MarkAngelaMccloud
DebraJaneFitzgerald DebraJaneFitzgerald
ElmerDemetriusLark ElmerDemetriusLark
HowardKennethCollins HowardKennethCollins
MichaelMarkHolloway MichaelMarkHolloway
BradleyDeborahSaball BradleyDeborahSaball
ThomasEssieEwing ThomasEssieEwing
EricJamesJuckett EricJamesJuckett
PerryJamesBennett PerryJamesBennett
JudeJanetHarcourt JudeJanetHarcourt
JoStephenMay JoStephenMay
GaryCharlesHudson GaryCharlesHudson
IsaacGregGargano IsaacGregGargano
RickyJamesBrumfield RickyJamesBrumfield
JimmyFlorTasson JimmyFlorTasson
KevinCharlesEvans KevinCharlesEvans
DenaJewellDavis DenaJewellDavis
HeidiMayJohnson HeidiMayJohnson
AnnDeannaLarzazs AnnDeannaLarzazs
CassandraJaniceGlove CassandraJaniceGlove
EdwardDennisStewart EdwardDennisStewart
JohnBrendaFuller JohnBrendaFuller
EricTinaPerea EricTinaPerea
RosaPatrickYankey RosaPatrickYankey
GeorgeHenryVillar GeorgeHenryVillar
CraigJohnLard CraigJohnLard
MarkDianeDuchon MarkDianeDuchon
JeremyJamesChavez JeremyJamesChavez
KathleenJoseClark KathleenJoseClark
EricTammyScott EricTammyScott
JannaDavidCarranza JannaDavidCarranza
ManuelaJoseBailey ManuelaJoseBailey
TommyAmandaMartin TommyAmandaMartin
SandraHarryStewart SandraHarryStewart
TravisMichelleMeller TravisMichelleMeller
