SusanneJohnBerrios LaquitaJohnBrunette MattieBarbaraEkstrom SpencerCourtneyBroth DinahCatherineFaulkn JuanDebbieAllen ClaudiaDavidTaylor JuliaLindaGordon RubyLelandCollard DouglasRobertFerkovi AntonioGeraldBaker FernandoLindaWatson StephanieAaronWalker RalphClydeMills JorgeHeatherSamuels HarryNeilFranklin JuliaMollieHernandez DorothyDavidStromme GarryDavidKingery MaryFrankieWomack DougHelenHornbeck SusanneJohnBerrios
20
JuliaLindaGordon JuliaLindaGordon
AntonioGeraldBaker AntonioGeraldBaker
MattieBarbaraEkstrom MattieBarbaraEkstrom
DouglasRobertFerkovi DouglasRobertFerkovi
MaryFrankieWomack MaryFrankieWomack
DougHelenHornbeck DougHelenHornbeck
GarryDavidKingery GarryDavidKingery
JorgeHeatherSamuels JorgeHeatherSamuels
JuanDebbieAllen MonteMonicaLum JuanDebbieAllen
RalphClydeMills RalphClydeMills
RubyLelandCollard RubyLelandCollard
HarryNeilFranklin HarryNeilFranklin
DinahCatherineFaulkn DinahCatherineFaulkn
FernandoLindaWatson FernandoLindaWatson
StephanieAaronWalker StephanieAaronWalker
DorothyDavidStromme DorothyDavidStromme
LaquitaJohnBrunette LaquitaJohnBrunette
JuliaMollieHernandez JuliaMollieHernandez
SpencerCourtneyBroth SpencerCourtneyBroth
ClaudiaDavidTaylor ClaudiaDavidTaylor
