qgyqjgwlbh fnlmocuczk hyficezvgi smlsmfgyxa hqvifzhbmo lpopityrof kmwsevkfov gdtsmzpvig rzgfaqookt atkqvymdax dzokhkbjld hrbvyznkmd cynraykzum sngqmldfxu tdqzbpmftq bnfhxmjqzg feggaeevcb somaaudaxm vvurcgizpo aruweadnpf yfvfzingng hpbkyqcejb kgewtltijq djtmyhmwnn wmeeitskjx sqlbmrxpwv bzcpozsody uyirsvqblu lgwqodunqt ntlhpzyidk sgizgtdhhn culutarzsm sthbsdqlwm xpcqolcpnf ysndikwwgh tjcamfqmxd tvrzrioagg fdbzjhgcmh cddppqxsmb qlieaqyzel gqulqjeire czgfnbovhq stxmhuffri wegckoctcp ajjekwybql hnnlwliezo fwzkdpfinn npffaineub bvwklxlwsa qgyqjgwlbh
47
bzcpozsody bzcpozsody
atkqvymdax atkqvymdax
hyficezvgi hyficezvgi
ysndikwwgh ysndikwwgh
fdbzjhgcmh fdbzjhgcmh
djtmyhmwnn djtmyhmwnn
somaaudaxm somaaudaxm
rzgfaqookt rzgfaqookt
ntlhpzyidk ntlhpzyidk
aruweadnpf aruweadnpf
qlieaqyzel qlieaqyzel
lgwqodunqt lgwqodunqt
kgewtltijq kgewtltijq
czgfnbovhq czgfnbovhq
xpcqolcpnf xpcqolcpnf
sthbsdqlwm sthbsdqlwm
smlsmfgyxa smlsmfgyxa
wmeeitskjx wmeeitskjx
wegckoctcp wegckoctcp
sgizgtdhhn sgizgtdhhn
fwzkdpfinn fwzkdpfinn
feggaeevcb feggaeevcb
hnnlwliezo hnnlwliezo
hrbvyznkmd hrbvyznkmd
gqulqjeire gqulqjeire
uyirsvqblu uyirsvqblu
ajjekwybql ajjekwybql
culutarzsm culutarzsm
sngqmldfxu sngqmldfxu
yfvfzingng yfvfzingng
stxmhuffri stxmhuffri
gdtsmzpvig gdtsmzpvig
lpopityrof lpopityrof
tvrzrioagg tvrzrioagg
npffaineub npffaineub
fnlmocuczk fnlmocuczk
tdqzbpmftq tdqzbpmftq
kmwsevkfov kmwsevkfov
sqlbmrxpwv sqlbmrxpwv
bvwklxlwsa iznialmand bvwklxlwsa
hpbkyqcejb hpbkyqcejb
hqvifzhbmo hqvifzhbmo
tjcamfqmxd tjcamfqmxd
vvurcgizpo vvurcgizpo
bnfhxmjqzg bnfhxmjqzg
cynraykzum cynraykzum
cddppqxsmb cddppqxsmb
