dweidxeutk xdhiumwdwn klbefaxnzg jiowqcrqpz sjcwiapdwb uqhdcumthr gmvwahagsy drtcvphibq vqlbufoinm cmelcyxenw akzsqllzsv kgpqjqjrhc rlgdknlxmz mnmjklgmnp elifcmozpf afkxpktsxw efgyvzmusc wiwpekzeuz naqyljkxxq auonnlthcz vteisghgld rulcikswsa hlimwiksjd lgpbgvlzpo sxayjmxdia vtquakjujf gkbqwvqnfu nmshjtpxad gqwhfeepal wqeazvzkdf pjsmzvnekz fxejnitkot dldiwncohw rzqbegeoni nimybvgttg gvxfzzmwzk itouxsyevo ulneltboej fxpsowceqq qjjslhkvnr sjqdgtugly kjgjbkdckc cavyunvwuk dllzvxpcgk hpqsgalvar aihlvhrjir bcwzxsuutq rqmdukqpbg cnbqxrvlvl tzpaywhybw rwobvahhfa wlzaatlgns cowtuqqsll depihfdmjk ylgtgxhujb dlfzngcmgq okcwuqslme dfgysrnikx arrkheyths tdtlnqnprm xtugynuehn rqchbdjiqp ouzfljsksj lzsvglcvqa wwmcjuetgz bqrcwxsyuw lvqqznnzyn fwwnyjpwnp pgiiochubt hjvmodgwdg zdiibealli kufcwxmspu xdmzjapanj tehmqpfdnn ltjqdpdqwv dzzxropcld tofdobbbjt ctnsbezpjg fuhtgylsov gpbaqafhdz irtbznwvcu zbgxyjmdnm cwexpxaktw ivgiotlrrr cxrfqntbtm toeqvvzlae xqqirblyjw vpghbvlzxd xwsnmxufqy ienasnqnvt audojmtlep dweidxeutk
89
dweidxeutk dweidxeutk
aihlvhrjir aihlvhrjir
cowtuqqsll cowtuqqsll
gvxfzzmwzk gvxfzzmwzk
rwobvahhfa rwobvahhfa
cmelcyxenw cmelcyxenw
dzzxropcld dzzxropcld
arrkheyths arrkheyths
wqeazvzkdf wqeazvzkdf
ltjqdpdqwv gyjkhdbyvm
zdiibealli zdiibealli
tehmqpfdnn tehmqpfdnn
wiwpekzeuz wiwpekzeuz
rqchbdjiqp rqchbdjiqp
wwmcjuetgz wwmcjuetgz
rlgdknlxmz rlgdknlxmz
gpbaqafhdz gpbaqafhdz
cxrfqntbtm cxrfqntbtm
pgiiochubt pgiiochubt
rzqbegeoni rzqbegeoni
mnmjklgmnp mnmjklgmnp
klbefaxnzg klbefaxnzg
ctnsbezpjg ctnsbezpjg
ouzfljsksj ouzfljsksj
cavyunvwuk cavyunvwuk
elifcmozpf elifcmozpf
fxpsowceqq fxpsowceqq
jiowqcrqpz jiowqcrqpz
tdtlnqnprm tdtlnqnprm
cnbqxrvlvl cnbqxrvlvl
vpghbvlzxd vpghbvlzxd
dldiwncohw dldiwncohw
lgpbgvlzpo lgpbgvlzpo taoimnqdrr
tzpaywhybw tzpaywhybw
uqhdcumthr uqhdcumthr
sxayjmxdia siwbsyuwap
dfgysrnikx dfgysrnikx
vteisghgld vteisghgld
dlfzngcmgq dlfzngcmgq
nimybvgttg hcvrravrik nimybvgttg
cwexpxaktw cwexpxaktw
xdmzjapanj pphebmysxy xdmzjapanj
rqmdukqpbg rqmdukqpbg
tofdobbbjt tofdobbbjt
itouxsyevo itouxsyevo
zbgxyjmdnm zbgxyjmdnm
gqwhfeepal gqwhfeepal
pjsmzvnekz ftrqchqaif
ienasnqnvt ienasnqnvt cpdpvshtof
bcwzxsuutq bcwzxsuutq
ivgiotlrrr ivgiotlrrr
xwsnmxufqy xwsnmxufqy
hjvmodgwdg hjvmodgwdg
kgpqjqjrhc kgpqjqjrhc
drtcvphibq iqbyvqgkcp drtcvphibq
nmshjtpxad nmshjtpxad
ulneltboej ulneltboej
qjjslhkvnr qjjslhkvnr
sjcwiapdwb sjcwiapdwb
fxejnitkot fxejnitkot
sjqdgtugly sjqdgtugly bxdnijtmyn
fuhtgylsov fuhtgylsov
lzsvglcvqa lzsvglcvqa
akzsqllzsv akzsqllzsv
fwwnyjpwnp fwwnyjpwnp
okcwuqslme okcwuqslme
audojmtlep audojmtlep
hpqsgalvar hpqsgalvar
kjgjbkdckc kjgjbkdckc
irtbznwvcu irtbznwvcu
bqrcwxsyuw bqrcwxsyuw
depihfdmjk depihfdmjk
rulcikswsa rulcikswsa
afkxpktsxw afkxpktsxw
wlzaatlgns wlzaatlgns
naqyljkxxq naqyljkxxq
vtquakjujf vtquakjujf
dllzvxpcgk wfybmclpmp dllzvxpcgk
lvqqznnzyn lvqqznnzyn
efgyvzmusc efgyvzmusc
xdhiumwdwn xdhiumwdwn
toeqvvzlae toeqvvzlae
xtugynuehn xtugynuehn
hlimwiksjd hlimwiksjd
auonnlthcz auonnlthcz
vqlbufoinm vqlbufoinm
gkbqwvqnfu gkbqwvqnfu
kufcwxmspu kufcwxmspu
gmvwahagsy gmvwahagsy
