Egsmith Barnton Ashbourne Barnton Wychbourne Egavon Shaftbage Ashdown Farnsmith Wychsmith Chelmwang Hornborough Cookford Chelmbeck Flitgrove Sudtree Wenwold Stainby Brackbrough Wenbeck Watchcombe Pemlow Sudwich Wetwick Nortley Stainbrough Egtree Wychnell Burfield Wywick Wychbeck Staplake Penborne Shaftbridge Watchavon Alfchester Wenside Waltditch Egsmith
31
Barnton Barnton
Chelmbeck Chelmbeck
Penborne Penborne
Farnsmith Farnsmith
Ashdown Ashdown
Wywick Wywick
Egavon Egavon
Wychnell Wychnell
Chelmwang Chelmwang
Flitgrove Flitgrove
Wenwold Wenwold
Egtree Chelmden Egtree
Shaftbridge Shaftbridge
Stainby Stainby
Stainbrough Stainbrough
Waltditch Waltditch
Brackbrough Brackbrough
Wenside Wenside Burbourne
Alfchester Alfchester
Shaftbage Edgey Shaftbage
Wychbeck Wychbeck
Wenbeck Wenbeck
Wychsmith Wychsmith
Staplake Staplake
Ashbourne Ashbourne Stapbeck
Cookford Cookford
Nortley Nortley
Wychbourne Wychbourne
Sudtree Sudtree Leathermere
Pemlow Pemlow
Wetwick Wetwick
