Chelmbourne Edgwich Staintree Stafthorne Waltbrook Hurstworth Rocktree Cookbridge Rocktree Whitborough Rocktree Wenden Kingsbrook Dartsted Edglow Shrivside Southmere Stainhall Whitover Stainside Enbage Flitham Shrivlow Durditch Hornley Pemwold Melborne Egcastle Nortcastle Whitavon Elside Alfby Leatherlow Bracklow Pemwood Sodside Wyhead Cleredon Staflow Bursted Staflow Elgrove Wenborough Prestey Brainbridge Prestey Sudwich Enlow Maidenden Hartbage Barngrove Prestdon Barngrove Egborne Cookton Horncester Edgchester Wenwang Sudworth Clerethorne Barnside Clerethorne Stapthorne Stapmoor Barnham Alfcastle Egborne Aldhall Alfwell Casford Wetborne Chelmbourne
53
Chelmbourne Shaftwich
Elgrove Elgrove
Waltbrook Waltbrook
Wenborough Wenborough
Southmere Southmere
Elside Elside
Hurstworth Hurstworth
Dartsted Dartsted
Egborne Egborne
Whitover Whitover
Stapthorne Stapthorne
Hornley Hornley
Bracklow Bracklow
Prestey Prestey
Hartbage Hartbage
Stainside Stainside
Stainhall Stainhall
Sudwich Sudwich
Casford Casford
Wenwang Wenwang
Pemwood Pemwood
Stapmoor Stapmoor
Barnham Barnham
Sudworth Sudworth
Leatherlow Leatherlow
Staintree Staintree
Flitham Flitham Kingsley
Durditch Durditch
Sodside Sodside
Rocktree Rocktree
Whitborough Horndown Whitborough
Aldhall Aldhall
Barnside Barnside
Pemwold Pemwold
Wyhead Wyhead
Shrivside Shrivside
Staflow Cleredon Staflow
Alfwell Alfwell Marlton
Brainbridge Brainbridge
Egcastle Egcastle
Horncester Horncester
Edgwich Edgwich
Wenden Wenden
Alfby Stapwell Leatherlake Alfby
Enbage Enbage
Edgchester Edgchester
Enlow Enlow
Cookbridge Cookbridge
Prestdon Prestdon
Whitavon Whitavon
Shrivlow Shrivlow
Bursted Bursted
Cookton Cookton
