qtq uxr wuc npu zgf cnv xmz wpq vsu wuf rwt ahv krg kza uoz ifc fsl sfp pjx pta lbs jxq itg ase vaf zbn hhe rxi lfh cpw qlo qls qyi bwq lnv qjm gak lxt egz cjp zqn fib gup bpm cxu qoe nkx pkx orc hpb orc nhk unf vlt ptq ynq nxr ooi xax fgo pug qbe qfc unk udq tmc udq pwa thz txk rod jta htv wpo tro viv nhr fne wiq fne hxp brk ooc art idl art nfy tnl nfy iuz bsz ili yiz rut qbj mnv lah llr uca qnn tvy hxo yvu uwp rju blo zgs eku thd ahy xdz wju qtq
89
pta pta
wuc wuc
sfp sfp
qfc qfc
ase ase
cpw cpw
itg itg
lxt lxt
txk txk
zgf zgf
ooi ooi
uxr uxr
rxi rxi
xax xax
uoz uoz
hxp hxp
wiq wiq
idl idl
jta jta
wju wju
pwa pwa
ynq ynq
tmc tmc
wuf wuf
zbn zbn
qjm qjm
fgo fgo
yiz yiz
ili ili
unk pxs
hxo hxo ukh
nfy nfy
bsz bsz
tro tro tmd
nhk nhk
rut rut
lah lah xos
gup gup
uca uca
npu npu
egz egz vub bai
pjx pjx
vlt vlt
qtq qtq
fsl fsl
krg krg
hpb hpb
lnv lnv
mnv mnv
vaf vaf
ptq ptq
uwp uwp
rju rju
zqn zqn
iuz iuz
ifc ifc plx
hhe hhe
ooc ooc
thz thz
wpo mbx
zgs zgs
lfh spp lfh
xdz xdz
thd jno thd
viv viv
rwt rwt
cxu cxu
qlo qlo
wpq wpq
nhr nhr slq
brk brk
orc orc
kza kza
ahv ahv
cjp cjp
pkx pkx
htv eqm htv
qbj qbj dkn
vsu vsu
qnn qnn
qls qls
cnv cnv
nkx nkx
gak gak
rod rod
qbe qbe
udq udq
tnl tnl
ahy ahy
