Soda Browning Kenilworth Bret Vermont Poppy Arch Anne Hospital Bristol Keeler Poplar Spring Mabel Terrace Overlook Alvarado Vicente Summit Haviland Belrose Menlo Colusa Menlo Bancroft Cutter Muir Florida Amador High Columbia Byron Addison Shasta Allston Solano Eunice Lewiston Eunice Marin Madera Forest Ajax Heinz Greenwood Cowper Haste Bataan Bowditch Haskell Martin Yolo Soda
43
Addison Addison
Ajax Ajax
Madera Madera
Cutter Cutter
Colusa Fulton Colusa
Columbia Columbia
Bowditch Fresno Bowditch
Marin Marin
Allston Allston
Lewiston Lewiston Edith
Forest Forest
Arch Arch
Florida Florida
Eunice Eunice
Martin Martin
Bancroft Bancroft
Haskell Haskell
Haste Haste
Menlo Burnett Menlo
High High
Bataan Bataan
Hospital Hospital
Greenwood Greenwood
Belrose Belrose
Keeler Pardee Keeler
Haviland Haviland
Heinz Heinz
Muir Muir
Overlook Overlook
Kenilworth Kenilworth
Bristol Bristol
Shasta Shasta Domingo
Bret Bret
Browning Browning
Spring Spring Comstock
Terrace Terrace
Summit Summit
Mabel Mabel
Anne Anne
Poplar Poplar
Poppy Poppy
Byron Byron
Vermont Vermont
