FD AU BG DI GP DF GO HB HD AW DE AG CG CM BT CM HH EE GK DP BO GN CC CB EN CF DN ER FN HM FY EZ FJ HC DV BF EG CO EK DS EX FQ AM BK HO EM FI ES GD CS GX CE AX CE DQ DB AJ BM FT HN DK AD BZ AK HR FX EO ED DH ED GR FB CT GZ FR HP CI GF CW FM HF GC AT ET GJ BQ EW GM EL FP DC EJ BE BN AZ GA CL GQ BC DZ DM FG CA FG DU CK BV AC FU CU FD
92
AD EY AD
EG EG
BT BT
BQ BQ
AW AW
BZ BZ
CB CB
CC CC
AJ AJ
BV BV
AK AK
CA CA
CL CL
CK CK
CF CF
EJ EJ
CG CG
CI CI
AM AM
EK FO EK
EL EL
CW CW
CO CO
CT CT
CS CS
AX AX
EM EM AV GS
CU CU
DF DF
DE DE
DH DH
EN EN FV
DB DB
DC DC
EO EO
AZ AZ
DI DI
DK DK
DM DM
DN DN
DQ DQ
DP DP
ET ET
AT AT
ER ER DA
DU DU
EW EW
AU AU AF
ES ES
FU FU
FR FR
FN FN
FP FP
FQ FS
FT FT
GC GC
GD GD
BE BE
GF GF
GA GA
FY FY
BF BF
AG AG
EE EE
BG BG
GQ GQ
GK GK
GP GP
GO GO
GN GN BA
EX EX
GZ GZ
GR GR
HB HB
GX GX
HF HF
EZ EZ
HH HH
DZ DZ
BK BK
FI FI
HC HC
HD HD
FJ FJ
BC BC
BM BM
BN BN
BO BO
FM FM
HO HO
HP HP
HR HR
