186 128 134 2 5 138 108 121 104 107 97 79 90 89 74 86 198 71 70 67 196 195 194 190 61 188 178 177 183 49 174 172 45 168 35 162 32 33 30 157 29 156 150 22 19 17 144 143 14 11 140 136 186
51
2 2
5 5
11 11
14 14
17 17
19 19
22 22
29 29
30 30
32 32
33 33
35 35
45 45
49 49
61 61
67 67
70 70
71 71
74 74
79 79
86 86
89 89
90 90
97 97
104 104
107 107
108 108
121 121
128 128
134 134
136 136
138 138
140 140
143 143
144 144
150 150
156 156
157 157
162 162
168 168
172 172
174 174
177 177
178 178
183 183
188 188
190 190
194 194
195 195
196 196
198 198
