Warfield Chilbury Brackcompwang Chelmstanwell Hammerringey Skelling Elmansham Sudsmith Burglebrough Chedtree Suddleover Chedtree Siringwang Whitchester Ketsmith Pendingbrook Chiphead Elcompbridge Southbasport Fulbourne Stainbrough Worberbrook Dartseyworth Chedderrenswich Cannerthorne Tipwick Ashborne Hannenmanswick Hamsling Soddlewick Falport Pendlewood Horstlescompstoke Suddlecombe Chippingsted Suddlecombe Cambingstoke Wyborne Cammerrensmoor Suddleborne Ketport Ashfield Millendon Windling Dribblewick Skellingden Barndberbrough Worhall Dribbingworth Leatherbleside Dribbingworth Bastleseyham Hammenshead Cicombe Todtree Cannerthorne Warfield
45
Barndberbrough Barndberbrough
Chedtree Chedtree
Chilbury Chilbury
Whitchester Whitchester
Warfield Warfield
Suddleborne Suddleborne
Chiphead Chiphead
Pendingbrook Pendingbrook Suddlecastle
Cambingstoke Cambingstoke
Windling Windling
Ketport Ketport
Leatherbleside Leatherbleside
Cammerrensmoor Cammerrensmoor
Horstlescompstoke Horstlescompstoke
Chelmstanwell Chelmstanwell
Tipwick Tipwick
Cicombe Cicombe
Ashfield Ashfield
Skellingden Skellingden
Pendlewood Pendlewood
Soddlewick Soddlewick
Hammerringey Hammerringey
Ashborne Ashborne
Chedderrenswich Chedderrenswich
Falport Botherseyworth Falport
Bastleseyham Bastleseyham
Brackcompwang Brackcompwang
Chippingsted Chippingsted
Worhall Worhall
Hamsling Hamsling
Burglebrough Burglebrough
Wyborne Wyborne
Southbasport Southbasport
Hannenmanswick Hannenmanswick
Suddleover Suddleover
Dribbingworth Dribbingworth
Siringwang Siringwang
Stainbrough Northall Stainbrough
Elmansham Elmansham
Millendon Millendon
Worberbrook Worberbrook
Todtree Todtree
Sudsmith Sudsmith
Suddlecombe Suddlecombe Basringney Ellingreham
Skelling Skelling
