Whitgrove Sodberling Bothenton Chelmdenmoor Ketnell Staplow Ketchester Watchlake Tippingbage Watchlake Ketchester Boothingmanstree Ribbenhall Bromstanham Clereennell Botbeck Sundendford Chedworth Suddingover Ribberrenston Farnditch Abglewold Southbury Stapbrook Wetwick Hampingbascombe Sirenshall Cannerthorne Waltbeck Staincombe Suddenmoor Tippenbrook Marlbeck Enderbeck Sifield Abcester Shaftwick Dartden Cirerham Wolley Cirerham Reddensden Melwood Endleshall Candleswick Skellingover Warsmith Falderbrough Marlbrook Falderbrough Warsmith Horsnell Siavon Abgleham Sundlethorne Fullensborne Blansbrook Fullensborne Hampingcastle Eley Reddingtree Stapbrough Penby Ciringnell Elside Wetsmith Warsmith Horstleover Toddenmerbrough Endingnell Toddenmerbrough Casbrook Redcombe Siey Wychchester Prestwick Reddendeney Worhall Hampingworth Bursmith Hannersmith Shaftborough Wychcompwold Skellenshot Egbeck Cireport Leatherport Alfmere Hamscombe Skelberden Sodport Durbrook Falderseythorne Worford Rotherlow Wendleringdown Stainbrough Wychditch Rothendcombe Bastlebury Emmerley Tippendham Warblestancester Basbage Southmere Egsted Marlcester Nortwell Todhampton Bootwick Wycastle Boothingchester Ellerbridge Worrenberwang Bothenhall Dribberham Endleberey Burlake Tipstoke Wethampton Faldenhall Rothingcombe Milthorne Whitringlake Falworth Dribblecombe Whitgrove
94
Hampingworth Hampingworth
Farnditch Farnditch
Abcester Abcester
Bromstanham Bromstanham
Falworth Falworth
Worhall Worhall
Bastlebury Hamwold Bastlebury
Elside Elside
Tippenbrook Tippenbrook
Leatherport Leatherport
Falderseythorne Falderseythorne
Botbeck Botbeck
Durbrook Durbrook
Sodport Sodport
Penby Penby
Staplow Staplow
Dartden Dartden
Abglewold Abglewold
Siavon Siavon
Hampingcastle Hampingcastle Basditch
Dribblecombe Dribblecombe
Stapbrough Stapbrough
Watchlake Farndlesover Watchlake
Chedworth Chedworth
Tippendham Tippendham
Sirenshall Sirenshall
Egsted Egsted
Whitgrove Whitgrove
Dribberham Dribberham
Ketchester Ketchester
Bootwick Bootwick
Alfmere Alfmere
Tipstoke Tipstoke
Rothingcombe Rothingcombe
Emmerley Emmerley
Bothenhall Bothenhall
Reddendeney Reddendeney
Wycastle Wycastle
Nortwell Nortwell
Skellenshot Skellenshot Cihead
Endleberey Endleberey
Candleswick Candleswick
Rothendcombe Rothendcombe
Prestwick Prestwick
Clereennell Clereennell
Sundendford Sundendford
Suddenmoor Suddenmoor Egmerhampton
Sundlethorne Sundlethorne
Shaftborough Shaftborough
Whitringlake Whitringlake
Enderbeck Enderbeck
Milthorne Milthorne
Southmere Southmere
Horstleover Horstleover
Skellingover Skellingover
Ribberrenston Ribberrenston
Eley Eley
Wetsmith Wetsmith
Southbury Southbury
Wychchester Wychchester
Wendleringdown Wendleringdown
Abgleham Abgleham
Suddingover Suddingover
Wetwick Wetwick
Horsnell Horsnell
Skelberden Skelberden
Hampingbascombe Hampingbascombe
Wolley Wolley
Waltbeck Waltbeck
Worrenberwang Worrenberwang
Staincombe Staincombe
Siey Siey
Wethampton Wethampton
Cannerthorne Cannerthorne
Bursmith Bursmith
Ketnell Ketnell Toddenmoor
Bothenton Bothenton
Melwood Melwood
Rotherlow Rotherlow
Sodberling Sodberling
Ellerbridge Ellerbridge
Casbrook Casbrook
Boothingmanstree Boothingmanstree
Tippingbage Tippingbage
Wychcompwold Wychcompwold
Marlcester Marlcester
Faldenhall Faldenhall
Sifield Sifield
Blansbrook Blansbrook
Worford Worford
Marlbrook Marlbrook
Redcombe Redcombe
Endingnell Endingnell
Todhampton Todhampton
