0 15 30 45 31 47 63 48 62 64 65 50 36 52 36 50 65 80 95 111 95 80 79 94 93 94 109 124 123 108 92 91 107 122 106 90 75 76 77 78 79 80 81 82 83 84 99 98 99 84 85 100 85 86 87 103 87 88 87 86 85 70 71 56 41 57 73 58 43 28 12 13 12 11 10 25 10 9 24 23 8 7 6 5 20 5 4 19 34 19 18 3 2 1 0
47
0 0
57 57
56 56
5 5
52 52 68
28 28
31 46 31
30 30
10 10
108 108
36 51 36
34 34
7 7
103 119 103
109 109
41 41 55
8 8
106 120 121 106
45 45
47 47
111 111
73 73
63 63
50 50
80 80
78 78
3 3
90 105 90
83 83
85 85
88 88
23 23
18 18
100 116 115 100
98 98
93 93
95 110 95
70 70
71 71
20 35 20
13 13
15 15
25 40 25
75 75
76 76
122 122
124 124
