0 49 154 116 32 75 80 113 98 54 185 27 153 110 44 67 96 95 29 119 117 61 24 164 35 138 35 9 109 127 191 137 191 134 128 184 73 36 97 104 60 83 14 4 141 152 20 121 81 105 197 186 199 48 31 22 51 111 149 111 126 74 19 91 63 114 146 129 194 163 161 145 160 85 99 58 64 118 17 175 106 69 135 180 179 196 26 8 166 8 39 151 178 193 25 156 168 125 133 100 10 12 130 87 159 42 84 65 173 89 108 92 182 77 50 157 70 155 28 103 170 1 183 139 18 0
93
4 4
42 42
111 111
106 106
44 44
22 22
51 51 79
9 9
49 49
48 48
50 50
10 10
58 58
12 12
104 104
70 70
65 65
63 63
64 64
67 67 47
69 69
14 14
125 125
116 120 116
74 74
117 117
75 75
85 85
77 77
87 87
89 89
81 81 78
91 91
83 83
25 25
17 17
119 119
96 96
18 18
99 99
100 100
95 95
24 24
19 19
121 121
98 98
126 126
20 20
146 146
130 130
151 151
26 176 26
145 145
156 156
157 157
149 149
159 159
160 160
153 38 6
128 128
163 163
155 155
31 31
133 133
108 108 102
170 170
32 32
134 134
166 166
168 168
27 27
178 178
180 180
173 173
182 182
175 175
184 184
185 185
186 186
137 137
179 179
139 139
103 103
36 36
138 138
109 109
28 28
39 39
193 193
194 194
196 196
197 197
199 199
