SantaClarita Carrollton GardenGrove Victorville Shreveport Beaumont Thornton Yonkers Memphis Modesto Independence Fayetteville Fontana Bellevue Alexandria Worcester Alexandria Newark StPetersburg OklahomaCity LosAngeles Orlando Brownsville RanchoCucamonga Washington WestValleyCity Surprise Sunnyvale Visalia Portland Henderson FortWayne Torrance Hartford Boston Ontario Omaha Allentown Pomona Stockton Indianapolis Austin PembrokePines Frisco LexingtonFa SanDiego Stamford FortCollins Reno SantaClarita
40
Yonkers Yonkers
Victorville Victorville
LexingtonFa LexingtonFa
Visalia Visalia
Omaha Omaha
Stamford Stamford
PembrokePines PembrokePines
StPetersburg StPetersburg
Allentown Allentown Wichita
Sunnyvale Sunnyvale
Fontana Scottsdale
Worcester Garland Worcester
Henderson Henderson
Stockton Stockton
WestValleyCity WestValleyCity
Austin Austin
Pomona Pomona
Beaumont NewportNews Beaumont
Boston Boston
Orlando Orlando
Shreveport Shreveport
Bellevue Bellevue
Surprise Surprise
Carrollton Carrollton
Thornton Midland Huntsville
LosAngeles LosAngeles
Fayetteville Fayetteville
Newark Newark
Ontario Ontario
GardenGrove GardenGrove
Alexandria Alexandria
Reno Concord
Indianapolis Indianapolis
Independence Independence SiouxFalls
SanDiego Waco Paterson StLouis
OklahomaCity OklahomaCity Lafayette
Washington Washington
RanchoCucamonga RanchoCucamonga
Brownsville Brownsville
Hartford LongBeach LouisvilleJefferson Hartford
