Plano SantaClara Irving Pasadena Sunnyvale Norman MorenoValley Warren Beaumont Montgomery Memphis Mesa OWO Topeka Hayward Denver Cleveland Atlanta Oxnard Omaha Ontario Waco Wichita Lafayette Huntsville Pikachu JerseyCity Anaheim Elizabeth Lancaster Torrance PembrokePines Lincoln AnnArbor FortLauderdale Norfolk Reno LouisvilleJefferson Escondido Akron Hollywood Glasses SanJose Killeen Allentown FortCollins SantaRosa Laredo Tampa Portland GrandPrairie McAllen Yonkers Raleigh Glendale Denton Chicago Salinas Philadelphia Anchorage Thornton Joliet Mesquite Worcester Dallas Hartford Mobile HuntingtonBeach Corona Brownsville Knoxville SanBernardino Madison Fremont SantaClarita CorpusChristi Spokane Pomona Houston SanAntonio NewHaven Davidson Teemo Greensboro Surprise NewOrleans AugustaRichmond Fullerton Irvine Olathe Cincinnati Tallahassee Hampton Miami LasVegas Clyde OklahomaCity Cary Riverside Rockford Plano
89
Sunnyvale Sunnyvale
Olathe Olathe
Laredo Laredo
Allentown Allentown Stamford
Anchorage Anchorage
JerseyCity JerseyCity
Cincinnati Cincinnati
FortLauderdale FortLauderdale
Brownsville Brownsville
OklahomaCity OklahomaCity
Portland Portland
Davidson Davidson
Montgomery Montgomery
Greensboro Greensboro
Pomona Pomona
Akron Akron
CorpusChristi CorpusChristi
Corona Corona
Cary Cary
Glendale Glendale
Denver Denver
Waco Waco
Escondido Escondido
Thornton Thornton
Madison Madison
Ontario Ontario
Hartford Hartford
OWO OWO
Anaheim Anaheim
Lincoln Lincoln
Denton Denton
Chicago Chicago
Atlanta Atlanta
Hayward Hayward
Clyde Vallejo
Dallas Dallas
Mobile Mobile
Killeen Killeen
Beaumont Vancouver Beaumont
Huntsville Huntsville
Wichita Wichita
SantaClarita SantaClarita
Lancaster Lancaster
NewOrleans NewOrleans
Riverside Riverside
McAllen McAllen
Hollywood Hollywood
Memphis Charleston Memphis
Philadelphia GardenGrove
AugustaRichmond AugustaRichmond
Pikachu Pikachu
LasVegas LasVegas
Raleigh Raleigh
Irvine LittleRock Irvine
Worcester Worcester
Glasses Glasses
Torrance Torrance
Mesquite Mesquite
SanJose SanJose
Knoxville Knoxville
Tampa Tampa ThousandOaks
FortCollins FortCollins SiouxFalls
Rockford Rockford
MorenoValley MorenoValley
Omaha Garland Omaha
SantaClara SantaClara
AnnArbor StLouis AnnArbor
Miami Miami
Hampton Hampton
GrandPrairie GrandPrairie
Surprise Surprise
SanBernardino SanBernardino
Mesa Mesa
Houston Houston
Oxnard Oxnard
Norfolk Norfolk
NewHaven NewHaven
Irving Irving
Elizabeth Elizabeth
Pasadena Pasadena
LouisvilleJefferson Tulsa LouisvilleJefferson
Norman Norman
Warren SanFrancisco Warren
Salinas Salinas
Fremont Fremont
Lafayette Lafayette
HuntingtonBeach HuntingtonBeach SimiValley
SantaRosa SantaRosa
SanAntonio SanAntonio
