Waco OverlandPark Newark Lincoln ChulaVista SantaClara Irving Oski Rochester SaltLakeCity AnnArbor Palmdale Clarksville Stamford SanBernardino Victorville StPaul Palmdale AthensClarkeCounty SanFrancisco AthensClarkeCounty OWO SterlingHeights OverlandPark Waco
19
StPaul StPaul
Clarksville Clarksville
AnnArbor AnnArbor
Newark Newark
Rochester Rochester
AthensClarkeCounty AthensClarkeCounty
ChulaVista ChulaVista
Irving Irving
SterlingHeights SterlingHeights
Waco SanAntonio MorenoValley
SanBernardino SanBernardino
Stamford Stamford Cary
SanFrancisco SanFrancisco Richmond
SaltLakeCity SaltLakeCity
OverlandPark Omaha
Palmdale FortWayne Palmdale
OWO OWO LexingtonFa
Victorville FortCollins
Lincoln Detroit Lincoln
