0 185 23 153 115 107 158 123 81 128 28 187 65 11 87 190 87 43 21 143 175 173 175 117 14 13 102 30 197 30 94 177 106 59 199 52 78 72 184 17 114 154 70 124 96 17 5 160 8 135 112 111 112 100 68 101 37 108 20 108 166 146 163 1 133 86 84 38 74 22 93 150 63 183 88 172 67 56 39 193 27 97 141 159 42 76 33 76 113 192 18 196 164 51 176 69 167 120 12 26 80 2 98 89 47 129 137 182 50 125 25 152 138 157 35 3 4 48 24 151 31 103 9 130 83 15 16 116 66 0
97
0 0
43 43
42 42
8 8 71
22 22
47 47
9 9
111 111
50 50
59 59
51 51
52 52
56 56
11 11
2 2
102 102
114 114
68 68
69 69
70 70
66 66
72 72
65 65
115 115
13 13
67 67
23 23
116 116
14 14
80 80
81 81
74 74
125 125
15 15
86 86
78 78
16 16
89 89
3 3
84 84
83 83
93 93
94 94
17 17
96 96
24 24
18 18
120 120
21 21
4 4
98 98
101 101
100 100
20 20
143 143
130 130
26 26
5 5
152 152
153 153
154 154 174
146 146
151 151
157 157
158 158
133 133
128 128
31 31
1 1
159 159
160 160
167 167
164 164
166 166
107 107
33 33
27 27
177 177
173 173
172 172 134
183 183
184 184
137 137
35 35
129 129
103 103
182 182
138 138
193 193
190 190
187 187
28 28
38 38
39 39
141 141
197 197
199 199
