13 199 132 148 116 104 173 120 143 107 186 190 175 110 185 171 151 123 125 102 135 145 154 134 184 197 193 174 180 147 115 167 144 141 113 124 168 191 138 170 157 183 166 126 131 179 112 105 129 149 128 161 159 165 101 137 176 187 188 158 195 153 150 169 111 162 133 130 114 194 181 140 117 178 100 122 121 139 119 106 163 198 152 108 127 109 118 146 142 177 155 103 156 172 164 189 196 136 192 182 13
99
107 107
108 108
127 127
103 103
109 109
110 110
106 106
111 111
124 124
112 112
102 102
113 113
104 104
114 114
115 115
116 116
125 125
117 117
118 118
105 105
119 119
120 120
100 100
101 101
123 123
121 121
126 126
122 122
129 129
130 130
131 131
132 132
133 133
134 134
135 135
136 136
137 137
138 138
139 139
140 140
141 141
142 142
143 143
144 144
145 145
146 146
147 147
148 148
149 149
150 150
151 151
152 152
153 153
154 154
155 155
156 156
157 157
158 158
159 159
128 128
161 161
162 162
163 163
164 164
165 165
166 166
167 167
168 168
169 169
170 170
171 171
172 172
173 173
174 174
175 175
176 176
177 177
178 178
179 179
180 180
181 181
182 182
183 183
184 184
185 185
186 186
187 187
188 188
189 189
190 190
191 191
192 192
193 193
194 194
195 160 195
196 196
197 197
198 198
199 199
