vLeODpVlYSBeYNDYoXha uyPyJzKFqWxgSNmpkDrB zxeoSbTqbWPpSzalAtBI MlwlINEFqmyzZNPXRLJF tVzUgXVoBYxBMnkkwFmk ZbyHJLmoTqNpTnlUVJZC aCucdhmWbhlrgfstQigR BXzACdzjLITNgbmDPlEu fvYrLpgzqLNOAQbahgax McOZQehrTygkGidmwyMe DWWCMAjZQQIEKOIiHFQN cZgmtoPGHxdozTaDMiyf TwgqMzgExFHTIfcwfBnr xQaDpDGAXhDYzSMnMWvb WCCOEUYmDvzZlrkDAqoi FEqXJcVrZfnSsHEUPhnl ASXwCgVTXDdhSXJwFovC FEqXJcVrZfnSsHEUPhnl sdSgCnaZeeOuPKljZOSr sXfgLMwoysnMazVSWnhc fvEcAuRDdfuHEPLNpaTz fHcdXnOxSadpKeCUwNYm CmbFyJmcvVqyCmJgQxeI gMqbbwopmbxmOomqZjfm UgFPXEAdAfcfHGIbNTsq vGdJmIpYPUGRspXiVLdc sBkAYRISjTYinLFSNcKW ajvbaFpYiEBJySPsSLaI fToHwimUqLsKcKLZHiUX ajvbaFpYiEBJySPsSLaI DqUxIMslnixWfmkjQTmS wRjMmrpRuknxqunJrMAE iBjjCWwkYToOKfrrLnny wRjMmrpRuknxqunJrMAE gzxzakmqbxbsOczuQVLG gEufXNuuWhnlbNYaoQFJ gzxzakmqbxbsOczuQVLG gIttwvzcgONwFblnGIqq NciLXNPTvMoXdbTDZmlg QkAjrUUuVdzSMnlfJLcO gMqbbwopmbxmOomqZjfm NAHeKyyhAObyyUEUSkSU ybrQlUhznqOhsvndWAbl ruLqpYqEzGGiKysvsarb AdXveYSBaneNwCQzrdSw CPszTohYUHARNedzFlDK OVoYVQPnlYoZBBKtyuLk oCvaAQKOXXWgeSNnUmae CfkBzkPETvagyIDCsLTD iDucfyZGMCbCQbXjbQqM jzQJaGLLiuQLhhyqBagr iBYHAWUhqeQPjphQzpdN mevvwcZLudaokctOWvKe FcEsyaTmqpoyvbDrHjlc mevvwcZLudaokctOWvKe mlipOrSnGcxXtoXBbRyl LOMgYipCQQXQnRqEqRwO qbmGewAditsWkTFHdxjP QQSjCkgLAWAPObYQvNsB jwIBHKkXHTPVsOJwBOsr VhDSPHxolLkNxxDnpUyx fPxvnMVMFwhJbNBURdgD klkbOWCZrzPBFVDxhNbj dyUDfEGgAoSshTRjMZZg pdXCnKagnvEntNTuPHdK biqCAetglYuANrTRzMiX vLeODpVlYSBeYNDYoXha
46
fvEcAuRDdfuHEPLNpaTz fvEcAuRDdfuHEPLNpaTz
ybrQlUhznqOhsvndWAbl ybrQlUhznqOhsvndWAbl
aCucdhmWbhlrgfstQigR aCucdhmWbhlrgfstQigR
QkAjrUUuVdzSMnlfJLcO QkAjrUUuVdzSMnlfJLcO
dyUDfEGgAoSshTRjMZZg dyUDfEGgAoSshTRjMZZg
TwgqMzgExFHTIfcwfBnr TwgqMzgExFHTIfcwfBnr
ASXwCgVTXDdhSXJwFovC ASXwCgVTXDdhSXJwFovC
BXzACdzjLITNgbmDPlEu BXzACdzjLITNgbmDPlEu
VhDSPHxolLkNxxDnpUyx PLDOWRIeaCSVLMyDadzC VhDSPHxolLkNxxDnpUyx
cZgmtoPGHxdozTaDMiyf cZgmtoPGHxdozTaDMiyf
jzQJaGLLiuQLhhyqBagr jzQJaGLLiuQLhhyqBagr
gzxzakmqbxbsOczuQVLG gzxzakmqbxbsOczuQVLG
CfkBzkPETvagyIDCsLTD CfkBzkPETvagyIDCsLTD
fToHwimUqLsKcKLZHiUX fToHwimUqLsKcKLZHiUX
sBkAYRISjTYinLFSNcKW sBkAYRISjTYinLFSNcKW
QQSjCkgLAWAPObYQvNsB QQSjCkgLAWAPObYQvNsB RjKEHTlRvtaVBbyqZVAw
DqUxIMslnixWfmkjQTmS TqyFrXuGvuBuqnpYbjKc DqUxIMslnixWfmkjQTmS
ruLqpYqEzGGiKysvsarb ruLqpYqEzGGiKysvsarb
qbmGewAditsWkTFHdxjP cvlwIwajcIlbhZbyFgmq
iDucfyZGMCbCQbXjbQqM iDucfyZGMCbCQbXjbQqM
mlipOrSnGcxXtoXBbRyl NVEtShKeuxpaFIOiyVqE mlipOrSnGcxXtoXBbRyl
MlwlINEFqmyzZNPXRLJF MlwlINEFqmyzZNPXRLJF
jwIBHKkXHTPVsOJwBOsr jwIBHKkXHTPVsOJwBOsr
pdXCnKagnvEntNTuPHdK pdXCnKagnvEntNTuPHdK
iBYHAWUhqeQPjphQzpdN iBYHAWUhqeQPjphQzpdN
NciLXNPTvMoXdbTDZmlg NciLXNPTvMoXdbTDZmlg
AdXveYSBaneNwCQzrdSw AdXveYSBaneNwCQzrdSw
NAHeKyyhAObyyUEUSkSU NAHeKyyhAObyyUEUSkSU
zxeoSbTqbWPpSzalAtBI zxeoSbTqbWPpSzalAtBI
CPszTohYUHARNedzFlDK CPszTohYUHARNedzFlDK
FcEsyaTmqpoyvbDrHjlc FcEsyaTmqpoyvbDrHjlc
UgFPXEAdAfcfHGIbNTsq UgFPXEAdAfcfHGIbNTsq
sXfgLMwoysnMazVSWnhc sXfgLMwoysnMazVSWnhc
fPxvnMVMFwhJbNBURdgD fPxvnMVMFwhJbNBURdgD
fHcdXnOxSadpKeCUwNYm fHcdXnOxSadpKeCUwNYm
gMqbbwopmbxmOomqZjfm gMqbbwopmbxmOomqZjfm
iBjjCWwkYToOKfrrLnny iBjjCWwkYToOKfrrLnny
gEufXNuuWhnlbNYaoQFJ gEufXNuuWhnlbNYaoQFJ
WCCOEUYmDvzZlrkDAqoi WCCOEUYmDvzZlrkDAqoi
OVoYVQPnlYoZBBKtyuLk OVoYVQPnlYoZBBKtyuLk
xQaDpDGAXhDYzSMnMWvb xQaDpDGAXhDYzSMnMWvb
CmbFyJmcvVqyCmJgQxeI CmbFyJmcvVqyCmJgQxeI
uyPyJzKFqWxgSNmpkDrB uyPyJzKFqWxgSNmpkDrB
tVzUgXVoBYxBMnkkwFmk tVzUgXVoBYxBMnkkwFmk
DWWCMAjZQQIEKOIiHFQN DWWCMAjZQQIEKOIiHFQN
gIttwvzcgONwFblnGIqq gIttwvzcgONwFblnGIqq
