wNqlpYNsRbJEgiGpKxrU lbWonvEbeplndKguSTkk igyeOiSdezmmXGTwMzLw oKAKfpUUuLItChLyByFh IvXQutSorlqOgnSVAIUd NPSPGRTNRcKKVpsBRSwh qDLPWLkWayzdxIYSKLER gDYKDrbERUXTnCayjBrC QePOUWiXcAUCoHETxuGS wfEFdNDcColoskjTjcLm uUKZHvHmBrpBHjYWNaUL ZwvojvRdUOYNJXIwAqgC uUKZHvHmBrpBHjYWNaUL MBJqOYmxhUYbldNVEdRy EEeDJaHeajXXlwYcHTeJ efZntVbfQTvIUOiRNPSH shugRMnaHVqQSmKaNBgu NJZlnWyeJFrkOwoqHKtT IvXQutSorlqOgnSVAIUd jUSlIFtitQxyvVLJjiCc XPPBMlNyfVVeZGIzTCEW pMOSpTzPTPLXHLOQMjnt oLMkSrYLQRLHmPiuLCTC umZXKcxkweEplHZdotgU FWnudSYFvYQJHehOpEKf fpoTaBKmVdlDCxFwCFoz KcrnMnFDTrBKaUaGpdLY mgNeYYUOPKpLeiVEFIXd NtyLZDOaSczVvOGdocUp NYdfLxXxFVvLEbDKzXWn NIJaJxCurulNUdZZMxFk erZKLqpCZsYKDnOCaBGq ccdJRKiTXwIErdhSIxfh qoaNjvaRghiMQXaVEoQe CbGuHgZfQMmSOfHDFJnK XtZHoAxqEyzvMChzPHpN WMWBpOSnHGywZjCgaYyY nreoVgWrBhNXFZgTBlXO nCedHqGgdWAicwyuYWpg VRpSthoDcomqMDsGoVql yscsUFTNNyaVMKBztBdV EhDFVLWZueLOrdjEOzEQ aIuYyryCOUGVeCAqbqkg gcXUxTVUZWsOwtRNeDDa kyApsCeFkLoLFCdkazaE scpUkbcaYSAsHhSktebT JVONrXhhmtFWhFfDiOXW VIPPawblKbhOVWrmrWBx iVjkcMenotYGMFEBTvoa oDgfEuAVpeOlkkTIMDLw ADVVlRLpnspleRTgeTdu DZEpVGVXkxHljziwItaS QjbdwbUnopENkiNyqirZ lIpVoDPUIfHCPpjswogJ cwgJAHVpCCTmuckJkncL wuSVWJYvpiWaQAHXocSG cMYyKTXGNKnFzrpwnXUl vTbNxpVTEoFlSjvvVvfG zHPSSEtFTQIbLYMdHqgP SitzoubgYFeTjmkLjVPz wlySPverjehsBxldyigf pzrGQEObzJGPnfATEYDc hLaNXBYgTzgUhvjmqUTu MBJqOYmxhUYbldNVEdRy PZwTcKCPsEmpxetNZvef ZauPfhkpsGmhbvkhkltR FaWIqatYRYVcXfVhAFRN bEfUXCTlwRBndElSbPGf imEmCMbYEtZJJkwxkSDD xlbpuxAjoVPJWPCWBEkJ zNRhhVdMWUgTnnqmAfeY QeYNNLpZMBxyiFbZMPFY wvSJDoqoPGAkYgSuPFPw NzDQJknJPDEkcwCHzzbF oHoxoLeyDYnKZDzgMtxI TEPaiCedHTXapLxoBXMp bFmSeBrfNuxjYPUDCLYq szyiMlKhtyOynWjcoMsm ihxEqMQIIvyQmtrtMjeO aGPbLNWYAMujnfHCTCMo HeWrJOKsDjgdrcamgZLN kwPuYZgJgVVJfdBGUtPw GMxGouyyndiUBMqMdOoc joWAhkfNqIEECnBeulGl oZXYedlbtBLmkfoVmgta svUOWvTJLneAqJGnExpc eiLPqIroFfCGzqSAlzAp RlHeRhvUOhGhZVGGJuED gFUGYXSirCYiFTivWNah juzxSpUVuccJUMBOcJjO gFUGYXSirCYiFTivWNah ayQgUwyRuQVKeyFLPNbQ ZXihCBEQBTdisqSlEMsj CvZkdIYtdeDHtwufupie syonLisTOSczosCwoILE kqcEdfKLaRzxOhAIzchh jznspKyqlmxZtgfQUJVB UdSbtwxTqTJxOiUoxEqw eOfnBeTgmYCNEnRUhlEK QyXpliHSeQOPIsurIcpa DpztIuGTRpGuLsdlODJw lSJjEsqamUCgRZdCmdyI XvUPApTFkqaSSizYsCIr edlAtPQdNXJQPCIzpkyX xgBrJmdXVwtxgRuCBhMe EmbDgEECbkHbfAfHCgwB vIbIQYXZnmYrooTLYNtu fgzJCwocQniGlXAZHJId UIlSMnVKIdNiXZNSiHsI eobSFtKBbBdcVrTOREdK qfRRtdRbhYJBARMfPlZM scpUkbcaYSAsHhSktebT JvFxbsySBAiFiOUrzrBi WoTuprXYItmuBoyNwAcV wNqlpYNsRbJEgiGpKxrU
98
mgNeYYUOPKpLeiVEFIXd mgNeYYUOPKpLeiVEFIXd
ADVVlRLpnspleRTgeTdu ADVVlRLpnspleRTgeTdu
oKAKfpUUuLItChLyByFh oKAKfpUUuLItChLyByFh
ihxEqMQIIvyQmtrtMjeO ihxEqMQIIvyQmtrtMjeO
DZEpVGVXkxHljziwItaS DZEpVGVXkxHljziwItaS
WMWBpOSnHGywZjCgaYyY WMWBpOSnHGywZjCgaYyY
JVONrXhhmtFWhFfDiOXW JVONrXhhmtFWhFfDiOXW
shugRMnaHVqQSmKaNBgu shugRMnaHVqQSmKaNBgu
scpUkbcaYSAsHhSktebT scpUkbcaYSAsHhSktebT
UdSbtwxTqTJxOiUoxEqw UdSbtwxTqTJxOiUoxEqw
ZXihCBEQBTdisqSlEMsj ZXihCBEQBTdisqSlEMsj
wfEFdNDcColoskjTjcLm wfEFdNDcColoskjTjcLm
jznspKyqlmxZtgfQUJVB jznspKyqlmxZtgfQUJVB
IvXQutSorlqOgnSVAIUd IvXQutSorlqOgnSVAIUd
NzDQJknJPDEkcwCHzzbF NzDQJknJPDEkcwCHzzbF
xlbpuxAjoVPJWPCWBEkJ xlbpuxAjoVPJWPCWBEkJ
bFmSeBrfNuxjYPUDCLYq bFmSeBrfNuxjYPUDCLYq
igyeOiSdezmmXGTwMzLw igyeOiSdezmmXGTwMzLw
cMYyKTXGNKnFzrpwnXUl cMYyKTXGNKnFzrpwnXUl
pzrGQEObzJGPnfATEYDc pzrGQEObzJGPnfATEYDc
eobSFtKBbBdcVrTOREdK eobSFtKBbBdcVrTOREdK
eiLPqIroFfCGzqSAlzAp eiLPqIroFfCGzqSAlzAp
wuSVWJYvpiWaQAHXocSG wuSVWJYvpiWaQAHXocSG
zNRhhVdMWUgTnnqmAfeY zNRhhVdMWUgTnnqmAfeY
syonLisTOSczosCwoILE syonLisTOSczosCwoILE
wvSJDoqoPGAkYgSuPFPw wvSJDoqoPGAkYgSuPFPw
JvFxbsySBAiFiOUrzrBi JvFxbsySBAiFiOUrzrBi
KcrnMnFDTrBKaUaGpdLY KcrnMnFDTrBKaUaGpdLY
xgBrJmdXVwtxgRuCBhMe xgBrJmdXVwtxgRuCBhMe
PZwTcKCPsEmpxetNZvef PZwTcKCPsEmpxetNZvef
fpoTaBKmVdlDCxFwCFoz fpoTaBKmVdlDCxFwCFoz
fgzJCwocQniGlXAZHJId fgzJCwocQniGlXAZHJId
edlAtPQdNXJQPCIzpkyX edlAtPQdNXJQPCIzpkyX
aGPbLNWYAMujnfHCTCMo aGPbLNWYAMujnfHCTCMo YTwycpmzEWCqqTELtzXc
lSJjEsqamUCgRZdCmdyI lSJjEsqamUCgRZdCmdyI
QePOUWiXcAUCoHETxuGS QePOUWiXcAUCoHETxuGS
eOfnBeTgmYCNEnRUhlEK eOfnBeTgmYCNEnRUhlEK
gcXUxTVUZWsOwtRNeDDa gcXUxTVUZWsOwtRNeDDa
QyXpliHSeQOPIsurIcpa QyXpliHSeQOPIsurIcpa ANDviqMIuFwdcboQDprt
zHPSSEtFTQIbLYMdHqgP zHPSSEtFTQIbLYMdHqgP
MBJqOYmxhUYbldNVEdRy MBJqOYmxhUYbldNVEdRy
ZauPfhkpsGmhbvkhkltR ZauPfhkpsGmhbvkhkltR
pMOSpTzPTPLXHLOQMjnt pMOSpTzPTPLXHLOQMjnt
cwgJAHVpCCTmuckJkncL cwgJAHVpCCTmuckJkncL
CvZkdIYtdeDHtwufupie CvZkdIYtdeDHtwufupie
XtZHoAxqEyzvMChzPHpN XtZHoAxqEyzvMChzPHpN
EmbDgEECbkHbfAfHCgwB EmbDgEECbkHbfAfHCgwB
RlHeRhvUOhGhZVGGJuED RlHeRhvUOhGhZVGGJuED
bEfUXCTlwRBndElSbPGf bEfUXCTlwRBndElSbPGf
lbWonvEbeplndKguSTkk lbWonvEbeplndKguSTkk
NtyLZDOaSczVvOGdocUp NtyLZDOaSczVvOGdocUp
oZXYedlbtBLmkfoVmgta oZXYedlbtBLmkfoVmgta
vIbIQYXZnmYrooTLYNtu vIbIQYXZnmYrooTLYNtu
NJZlnWyeJFrkOwoqHKtT NJZlnWyeJFrkOwoqHKtT
yscsUFTNNyaVMKBztBdV yscsUFTNNyaVMKBztBdV
nreoVgWrBhNXFZgTBlXO nreoVgWrBhNXFZgTBlXO
gDYKDrbERUXTnCayjBrC gDYKDrbERUXTnCayjBrC
XPPBMlNyfVVeZGIzTCEW XPPBMlNyfVVeZGIzTCEW
nCedHqGgdWAicwyuYWpg nCedHqGgdWAicwyuYWpg
HeWrJOKsDjgdrcamgZLN HeWrJOKsDjgdrcamgZLN
ccdJRKiTXwIErdhSIxfh ccdJRKiTXwIErdhSIxfh
NIJaJxCurulNUdZZMxFk NIJaJxCurulNUdZZMxFk
QeYNNLpZMBxyiFbZMPFY QeYNNLpZMBxyiFbZMPFY
UIlSMnVKIdNiXZNSiHsI UIlSMnVKIdNiXZNSiHsI
imEmCMbYEtZJJkwxkSDD imEmCMbYEtZJJkwxkSDD
VIPPawblKbhOVWrmrWBx VIPPawblKbhOVWrmrWBx
QjbdwbUnopENkiNyqirZ QjbdwbUnopENkiNyqirZ
szyiMlKhtyOynWjcoMsm szyiMlKhtyOynWjcoMsm
CbGuHgZfQMmSOfHDFJnK CbGuHgZfQMmSOfHDFJnK
qfRRtdRbhYJBARMfPlZM qfRRtdRbhYJBARMfPlZM
ZwvojvRdUOYNJXIwAqgC ZwvojvRdUOYNJXIwAqgC
kqcEdfKLaRzxOhAIzchh kqcEdfKLaRzxOhAIzchh
oLMkSrYLQRLHmPiuLCTC oLMkSrYLQRLHmPiuLCTC
EEeDJaHeajXXlwYcHTeJ EEeDJaHeajXXlwYcHTeJ
juzxSpUVuccJUMBOcJjO juzxSpUVuccJUMBOcJjO
SitzoubgYFeTjmkLjVPz SitzoubgYFeTjmkLjVPz
FWnudSYFvYQJHehOpEKf FWnudSYFvYQJHehOpEKf
VRpSthoDcomqMDsGoVql VRpSthoDcomqMDsGoVql
vTbNxpVTEoFlSjvvVvfG vTbNxpVTEoFlSjvvVvfG
XvUPApTFkqaSSizYsCIr XvUPApTFkqaSSizYsCIr
wlySPverjehsBxldyigf wlySPverjehsBxldyigf
DpztIuGTRpGuLsdlODJw DpztIuGTRpGuLsdlODJw
NYdfLxXxFVvLEbDKzXWn NYdfLxXxFVvLEbDKzXWn
joWAhkfNqIEECnBeulGl joWAhkfNqIEECnBeulGl
NPSPGRTNRcKKVpsBRSwh NPSPGRTNRcKKVpsBRSwh
oHoxoLeyDYnKZDzgMtxI oHoxoLeyDYnKZDzgMtxI
efZntVbfQTvIUOiRNPSH efZntVbfQTvIUOiRNPSH
TEPaiCedHTXapLxoBXMp TEPaiCedHTXapLxoBXMp
kyApsCeFkLoLFCdkazaE kyApsCeFkLoLFCdkazaE
hLaNXBYgTzgUhvjmqUTu hLaNXBYgTzgUhvjmqUTu
ayQgUwyRuQVKeyFLPNbQ ayQgUwyRuQVKeyFLPNbQ
aIuYyryCOUGVeCAqbqkg aIuYyryCOUGVeCAqbqkg
EhDFVLWZueLOrdjEOzEQ EhDFVLWZueLOrdjEOzEQ
GMxGouyyndiUBMqMdOoc GMxGouyyndiUBMqMdOoc
jUSlIFtitQxyvVLJjiCc jUSlIFtitQxyvVLJjiCc
kwPuYZgJgVVJfdBGUtPw kwPuYZgJgVVJfdBGUtPw
svUOWvTJLneAqJGnExpc svUOWvTJLneAqJGnExpc
erZKLqpCZsYKDnOCaBGq erZKLqpCZsYKDnOCaBGq
