oUyBZvEHNPOWtAsHANHU eWGFHgdBASXJbxQbYrCG hNRcEeFjmsmOnuOdNAXl eqwycKZriorIAbsUBjxu MeohNnftDTzllMTGwxnG CCYBPFZgoOONzoEeTKzC JKNUHFrXPStBWMuUOVkj QFaSXENOfunmdZIBqDsS UMfDYlvFlUVuogMRkWNG QFaSXENOfunmdZIBqDsS eWVKeYegIFOJxvfRkjek OWCblOtQanZakRLMqMxz VVzvLIOwARaWwhQTKPrx eqwycKZriorIAbsUBjxu tItiZloipgPmLuONrNnZ ikjgYLaZRolSrbIYyKBd NBTlGJqSnWahMvuDlXAm rqqedkokePZFdhDbMNpX IuNNJvHSmYKpVBzmzuJX znYRMYifzQwyixuIXDnz DsLevMWgWFWOQXFMbaQy PojKKQvEDmFOnJinujFi CcspnGXfrmzZRWjdMjLd XZRBuctXhYPbWardFSZS oUyBZvEHNPOWtAsHANHU
21
PojKKQvEDmFOnJinujFi PojKKQvEDmFOnJinujFi hpQFeVriPZmwKZcYFAWN
OWCblOtQanZakRLMqMxz OWCblOtQanZakRLMqMxz
CcspnGXfrmzZRWjdMjLd oMKDNkBacLxexXKHqXfF CcspnGXfrmzZRWjdMjLd
oUyBZvEHNPOWtAsHANHU oUyBZvEHNPOWtAsHANHU
DsLevMWgWFWOQXFMbaQy gUlgGYCPZjsRiFLqnVun
rqqedkokePZFdhDbMNpX IUJDEWwYxhQimsCqnrFH
eqwycKZriorIAbsUBjxu eqwycKZriorIAbsUBjxu
eWVKeYegIFOJxvfRkjek eWVKeYegIFOJxvfRkjek
hNRcEeFjmsmOnuOdNAXl hNRcEeFjmsmOnuOdNAXl
CCYBPFZgoOONzoEeTKzC CCYBPFZgoOONzoEeTKzC
IuNNJvHSmYKpVBzmzuJX NVPacTSrBMpDkMBotiWB IuNNJvHSmYKpVBzmzuJX
eWGFHgdBASXJbxQbYrCG eWGFHgdBASXJbxQbYrCG
tItiZloipgPmLuONrNnZ cAvnOxZJtanpVvcAxJHM
JKNUHFrXPStBWMuUOVkj JKNUHFrXPStBWMuUOVkj
znYRMYifzQwyixuIXDnz znYRMYifzQwyixuIXDnz
UMfDYlvFlUVuogMRkWNG UMfDYlvFlUVuogMRkWNG lPMfQyVLDIZczBuDgsVQ
XZRBuctXhYPbWardFSZS QMnEKXGwZYUlreveNjwA
VVzvLIOwARaWwhQTKPrx VVzvLIOwARaWwhQTKPrx
MeohNnftDTzllMTGwxnG MeohNnftDTzllMTGwxnG
NBTlGJqSnWahMvuDlXAm NBTlGJqSnWahMvuDlXAm
ikjgYLaZRolSrbIYyKBd CXrruomvXfADUrHxMwZi
