0 58 55 79 100 1 48 37 16 73 85 57 78 39 95 15 30 2 68 86 19 36 70 35 61 47 28 14 4 91 89 21 56 54 10 5 90 12 63 51 22 49 53 62 9 72 66 33 42 32 81 17 88 92 97 27 38 64 11 34 74 13 76 43 8 23 69 7 46 25 31 65 99 98 3 52 87 75 94 82 77 93 20 96 44 60 18 26 6 80 41 45 50 67 59 83 24 40 71 29 84 0
100
1 1
2 2
3 3
8 8
9 9
10 10
11 11
12 12
13 13
14 14
15 15
16 16
17 17
18 18
41 41
42 42
43 43
44 44
45 45
46 46
47 47
48 48
49 49
50 50
51 51
52 52
53 53
54 54
55 55
56 56
57 57
58 58
59 59
60 60
61 61
62 62
63 63
64 64
65 65
66 66
67 67
68 68
69 69
70 70
71 71
72 72
73 73
74 74
75 75
76 76
77 77
78 78
79 79
80 80
81 81
82 82
83 83
84 84
85 85
86 86
87 87
88 88
89 89
90 90
91 91
93 93
94 94
95 95
96 96
92 92
24 24
21 21
19 19
4 4
97 97
98 98
99 99
100 100
20 20
22 22
23 23
25 25
26 26
5 5
29 29
30 30
31 31
6 6
32 32
33 33
27 27
34 34
35 35
7 7
36 36
37 37
28 28
38 38
39 39
40 40
