Soda woolf winifred danyal rosen garcia shen amanda sunny lewke tamara jarrett roshan annie eshaan ruhi kevin massachusetts noor martinez aidan lo sriram rob yip alvin krishnan andrew caroline daniel juliann golden ian rabie sarina walsh ritter ashley shah grace berit chloe meghan castro singhal connor djajadi vilaythong davis garbers patagonia Soda
50
woolf woolf
winifred winifred
roshan roshan
rosen rosen
eshaan eshaan
annie annie
shen shen
krishnan krishnan
andrew andrew
ruhi ruhi
kevin kevin
massachusetts massachusetts
juliann juliann
noor noor
martinez martinez
aidan aidan
caroline caroline
rob rob
lo lo
daniel daniel
sriram sriram
garcia garcia
alvin alvin
yip yip
ritter ritter
ashley ashley
shah shah
golden golden
rabie rabie
grace grace
walsh walsh
sunny sunny
tamara tamara
lewke lewke
amanda amanda
berit berit
chloe chloe
danyal danyal
meghan meghan
castro castro
connor connor
ian ian
jarrett jarrett
singhal singhal
sarina sarina
djajadi djajadi
vilaythong vilaythong
davis davis
garbers garbers
patagonia patagonia
