Soda lindsey rob daniel chase george vikram melissa krista kanika umar jacob grace ishaan shah wong maniku sun srivastava chung du ritter ruhi kevin evan danyal sophia subbaraj vilaythong angelis saurav singhal wu krishnan scott bears mack cal srinivasan zhifei barth erika annie xin weaver tyler andrew lewke william nichole ohio hanlon franco soman zou oscar celine charles alvin doshi chloe sunny parham brett devesh wyatt singorahardjo hari emily greg winifred ellen massachusetts caroline ashley berit gregory rouzbahani patagonia logan king zhou olivia ravi aanika ani ahluwalia lebron yip kaur djajadi amanda mittal chen gobears adhikiari liang eshaan connor maya li Soda
100
lindsey lindsey
rob rob
franco franco
ruhi ruhi
ritter ritter
kevin kevin
du du
evan evan
chase chase
oscar oscar
george george
celine celine
charles charles
nichole nichole
danyal danyal
sophia sophia
wu wu
subbaraj subbaraj
vilaythong vilaythong
angelis angelis
saurav saurav
singhal singhal
vikram vikram
hanlon hanlon
melissa melissa
krishnan krishnan
ishaan ishaan
scott scott
bears bears
mack mack
doshi doshi
alvin alvin
cal cal
krista krista
barth barth
erika erika
annie annie
zhifei zhifei
kanika kanika
srinivasan srinivasan
umar umar
xin xin
weaver weaver
tyler tyler
andrew andrew
shah shah
grace grace
jacob jacob
sunny sunny
devesh devesh
parham parham
william william
lewke lewke
brett brett
chloe chloe
wyatt wyatt
massachusetts massachusetts
ellen ellen
caroline caroline
ashley ashley
berit berit
gregory gregory
rouzbahani rouzbahani
patagonia patagonia
logan logan
sun sun
zhou zhou
olivia olivia
daniel daniel
ravi ravi
aanika aanika
ani ani
ahluwalia ahluwalia
king king
zou zou
lebron lebron
yip yip
singorahardjo singorahardjo
kaur kaur
hari hari
soman soman
wong wong
srivastava srivastava
mittal mittal
djajadi djajadi
amanda amanda
emily emily
chen chen
gobears gobears
ohio ohio
liang liang
adhikiari adhikiari
greg greg
maniku maniku
chung chung
winifred winifred
eshaan eshaan
connor connor
maya maya
li li
