Soda chandran tran brady du zou yash jarrett scott nair berit yip yanay mack sathvik steven kevin vaibhav caroline weaver ellen luo wang gibson gregory rouzbahani li sahai kanika Soda
25
chandran chandran
tran tran
berit berit
weaver weaver
sathvik sathvik
steven steven
caroline caroline
vaibhav vaibhav
yip yip
du du
mack mack
yanay yanay
kevin kevin
li li
rouzbahani rouzbahani
yash yash
sahai sahai
luo luo
jarrett jarrett
scott scott
ellen ellen
wang wang
gibson gibson
gregory gregory
kanika kanika
