Jingzhou Ghugus Manduria Sanaa Sarzedo Tabatinga Kabarnet Chittaranjan Veenendaal Ouarzazat Ketrzyn SanJosedeOcoa Tottori Thamaga Bejucal Ronse AzZuwaytinah RioFormoso Radnor LondonderryCountyBor TanahMerah Gangtok BeneBeraq Ibri FortLauderdale Depok Carouge Carmichael elCampello Jeypore Shumen Shizunaifurukawacho Entroncamento Srinagar Kirovsk Sapele Ermelo Kheri Malnate CoonRapids Sagalo BurgbeiMagdeburg Shively Rangae SaintMichael Rembangan Crespo Khabarovsk Chegem Lysva Jingzhou
48
Sagalo Sagalo
Sanaa Sanaa JabalosSaraj
Tottori Tottori
Chegem Chegem
Manduria Manduria
Ronse Ronse
Shively Shively
RioFormoso RioFormoso
SaintMichael SaintMichael
Sarzedo Sarzedo
Radnor Radnor
Ketrzyn Ketrzyn
Crespo Crespo
AzZuwaytinah AzZuwaytinah
Kirovsk Kirovsk
Ermelo Ermelo
Thamaga Thamaga
LondonderryCountyBor LondonderryCountyBor
Ghugus Ghugus
Ouarzazat Ouarzazat
Entroncamento Entroncamento
BeneBeraq BeneBeraq
Ibri Ibri
Gangtok Gangtok
Carouge Colachel Carouge
Tabatinga Tabatinga
Khabarovsk Khabarovsk
Shumen Shumen
Chittaranjan Chittaranjan
Jeypore Jeypore
Malnate Malnate
SanJosedeOcoa SanJosedeOcoa
Lysva Lysva
CoonRapids CoonRapids
BurgbeiMagdeburg BurgbeiMagdeburg
Rembangan Rembangan
Kabarnet Kabarnet
elCampello elCampello
FortLauderdale FortLauderdale
Shizunaifurukawacho Shizunaifurukawacho
Veenendaal Veenendaal
Depok Depok
TanahMerah TanahMerah
Bejucal Bejucal
Kheri Kheri
Carmichael Carmichael
Rangae Rangae
Srinagar Srinagar
