LesLilas AinBessem Aracuai Zhaodong Arang Akcaabat Acarau NoblePark SanJuandelaMaguana SpanishTown Kineshma Gunzenhausen SouthSaintPaul Kemise Shurugwi Gowurdak EastLongmeadow Wangon Ipil Espiye GongdanglegiKulon VillaPauladeSarmient Pozzuoli Escada Sorada Baramula Acireale Ontinyent Vyazniki Skelmersdale Prostejov Mabopane Rhondda PortoVelho FetestiGara Embu WestIslip Pinner GuaMusang Andrychow Turek PriegodeCordoba Bury Braila Angleton Pezinok SenaMadureira Tabou Korsakov NahiyatashShinafiyah SaintCyrlEcole Haora SenadorPompeu Sobue Arzamas Shimofurano Gorgan Manacapuru Oerlinghausen Belalcazar Kairouan Johnston Wenchi Hangu Daokou Sosnovka HaciendaLaCalera KotRadhaKishan Izhevsk Ibirataia Hirosaki Kotka BlueIsland ChalcodeDiazCovarrub MineralnyeVody MadinatHamad Itororo Shchekino AshtonunderLyne Aringay Kaifeng Butuan SantanadoLivramento CapimGrosso Twante Rivas Garbsen Ortaca Morwa Lloydminster Khulm Anjarah Purnia Vaniyambadi Yafo Shieli Mocoa Fuxin Nagar FortWorth Langenhorn Haripur Battambang AinArnat AlBajur MonteAlegre Kambove LesLilas
99
Kaifeng Kaifeng
Hirosaki Hirosaki TagbilaranCity
EastLongmeadow EastLongmeadow
Gowurdak Gowurdak
Arzamas Arzamas
Embu Embu
Espiye Espiye
AinArnat AinArnat
Zhaodong Zhaodong
Ortaca Ortaca
Johnston Johnston
Daokou Daokou
SpanishTown SpanishTown
Vaniyambadi Vaniyambadi
Akcaabat Akcaabat
Oerlinghausen Oerlinghausen
Kemise Kemise
Langenhorn Langenhorn
Sosnovka Sosnovka
Battambang Battambang
Aracuai Aracuai
Shieli Shieli
MadinatHamad MadinatHamad
MineralnyeVody MineralnyeVody
Turek Turek
Acarau Acarau
GuaMusang GuaMusang
FortWorth FortWorth
Baramula Baramula
Wangon Wangon
Manacapuru Manacapuru
Belalcazar Belalcazar
Sorada Sorada
WestIslip WestIslip
Anjarah Anjarah
Tabou Tabou
KotRadhaKishan KotRadhaKishan
NoblePark NoblePark
VillaPauladeSarmient VillaPauladeSarmient
MonteAlegre MonteAlegre
Ibirataia Ibirataia
Yafo Yafo
Nagar Nagar
PriegodeCordoba PriegodeCordoba
Khulm Khulm
Kairouan Kairouan
Haripur Haripur
Morwa Morwa
Twante Twante
HaciendaLaCalera HaciendaLaCalera
SantanadoLivramento SantanadoLivramento
Gorgan Gorgan
Pozzuoli Pozzuoli
SanJuandelaMaguana SanJuandelaMaguana
Itororo Itororo
Lloydminster Lloydminster
Shurugwi Shurugwi
SenaMadureira SenaMadureira
Gunzenhausen Gunzenhausen
Ontinyent Ontinyent
Prostejov Prostejov
AinBessem AinBessem
Rhondda Rhondda
PortoVelho PortoVelho
Hangu Hangu
Shimofurano Shimofurano
Kambove Kambove
Andrychow Andrychow
CapimGrosso CapimGrosso
Mabopane Mabopane
SouthSaintPaul SouthSaintPaul
Rivas Rivas
Vyazniki Vyazniki
Acireale Acireale
ChalcodeDiazCovarrub ChalcodeDiazCovarrub
Butuan Butuan
Shchekino Shchekino
Braila Braila
Escada Escada
Kotka Kotka
NahiyatashShinafiyah NahiyatashShinafiyah
SenadorPompeu SenadorPompeu
Mocoa Mocoa
Haora Haora
Korsakov Korsakov
AshtonunderLyne AshtonunderLyne
Fuxin Fuxin
Sobue Sobue
BlueIsland BlueIsland
Angleton Angleton
FetestiGara FetestiGara
Bury Bury
Izhevsk Izhevsk
SaintCyrlEcole SaintCyrlEcole
Wenchi Wenchi
Kineshma Kineshma
Skelmersdale Skelmersdale
Pezinok Pezinok
Garbsen Garbsen
