Kaimganj Leixlip Mesa Yucheng Tsukawaki Karasuyama Albi Novopokrovskaya Anahuac MilpaAlta PinhalNovo Racine Gobo Tocache GobernadorGalvez Narangba Dankov MontecatiniTerme Tsirang Brecht Norristown Pilibhit Fagaras Kaimganj
21
Fagaras Fagaras
Tsukawaki Tsukawaki
Pilibhit Pilibhit Irvine
Albi Albi
Narangba Narangba
Anahuac Anahuac
Yucheng Korolev Isakogorka Yucheng
Karasuyama Karasuyama
Dankov Dankov
Racine Racine
PinhalNovo PinhalNovo
Brecht Brecht
Novopokrovskaya Novopokrovskaya
GobernadorGalvez GobernadorGalvez
Tsirang Tsirang
Gobo Gobo
Tocache Fandriana Tocache
Leixlip Leixlip
MilpaAlta MilpaAlta
MontecatiniTerme MontecatiniTerme
Mesa EncarnaciondeDiaz
