lyenDXSN wKxe hU BR s KtvQaJqCJTRpXM8ZI vJxAK1LaHyuu4yFNeul D5kg CmV 7Q L 61 fzp vAIBd1Ae nqeGwct f l G50hiUpVStHCMrd hjCFXN9kbqn0UCNsZ hVfqebryM4wN A67f HwQeXpOEZHQ3s Iax35 Plmj0j EJDqk K0A9bbVLm9atwTf EJDqk 2AR73oQdnbYqnDCGMFS uy3ouNIxumu7jEuoP1 MBLHuIgjJIXs GPeb ImSpax 7h2PJW8oD2ihKQrfQ6 lt1a5E0H JyObTOXbOI cYPTdnJWL wcmx8dhmsO K6yVeBnomxSBet nWkakNi6Qt9d4g o3refHnx4qioqHztqMYE zzYmU5YFhvp1 C8PRtY0wMczFLQQYxa VNvsbB7eWJcAK0fU jvdVvQ akZmiQ7tmX M1PxrOPSNUVpc DYfBQTocj 6yeW7sat9rvd wBJRoqVxn1t Mu lyenDXSN
37
GPeb GPeb
M1PxrOPSNUVpc M1PxrOPSNUVpc
vAIBd1Ae vAIBd1Ae
hjCFXN9kbqn0UCNsZ hjCFXN9kbqn0UCNsZ
BR BR
G50hiUpVStHCMrd G50hiUpVStHCMrd
KtvQaJqCJTRpXM8ZI KtvQaJqCJTRpXM8ZI
wcmx8dhmsO wcmx8dhmsO
2AR73oQdnbYqnDCGMFS 2AR73oQdnbYqnDCGMFS
hU hU
K6yVeBnomxSBet frNA534JEvY4f
MBLHuIgjJIXs MBLHuIgjJIXs
6yeW7sat9rvd 6yeW7sat9rvd
K0A9bbVLm9atwTf K0A9bbVLm9atwTf
l l
Plmj0j Plmj0j
jvdVvQ jvdVvQ
61 61
nWkakNi6Qt9d4g nWkakNi6Qt9d4g
Mu Mu 6DVIvuGfPs2BU
hVfqebryM4wN hVfqebryM4wN
HwQeXpOEZHQ3s HwQeXpOEZHQ3s
ImSpax ImSpax
VNvsbB7eWJcAK0fU VNvsbB7eWJcAK0fU
wBJRoqVxn1t wBJRoqVxn1t
zzYmU5YFhvp1 zzYmU5YFhvp1
7Q 7Q zI
cYPTdnJWL cYPTdnJWL
A67f A67f
nqeGwct nqeGwct
CmV CmV
vJxAK1LaHyuu4yFNeul vJxAK1LaHyuu4yFNeul
lt1a5E0H llx2p lt1a5E0H
L L
o3refHnx4qioqHztqMYE o3refHnx4qioqHztqMYE
akZmiQ7tmX akZmiQ7tmX
f f
