0 5 196 190 188 187 183 176 185 175 182 173 174 171 172 163 169 162 148 168 160 166 151 146 134 159 144 121 125 132 126 119 115 114 116 109 110 113 107 102 105 104 100 97 96 103 88 93 83 86 85 81 76 78 77 72 84 70 71 67 68 65 64 62 58 66 60 59 55 56 53 48 41 43 57 52 51 42 37 38 40 32 35 39 25 30 24 26 23 21 22 20 14 19 8 6 10 3 191 195 0
100
0 0
3 3
110 110
43 43
42 42
41 41
40 40
48 48
22 22
8 8
51 51
53 53
10 10
56 56
57 57
58 58
59 59
52 52
62 62
55 55
113 113
102 102
66 66
67 67
68 68
60 60
104 104
71 71
72 72
64 64
65 65
23 23
115 115
77 77
70 70
14 14
116 116
76 76
125 125
105 105
78 78
88 88
84 84
81 81
83 83
25 25
93 93
85 85
86 86
96 96
24 24
21 21
100 100
19 19
121 121
97 97
126 126
20 20
114 114
119 119
144 144
26 26
5 5
146 146
151 151
148 148
30 30
160 160
132 132
162 162
163 163
159 159
6 6
166 166
134 134
169 169
32 32
174 174
176 176
168 168
107 107
173 173
171 171
172 172
182 182
175 175
185 185
35 35
187 187
103 103
191 191
183 183
109 109
37 37
188 188
190 190
38 38
39 39
195 195
196 196
