0 68 18 144 193 131 162 174 171 177 138 134 175 143 183 168 142 151 146 197 165 176 137 133 186 159 154 135 179 185 173 20 178 20 18 163 18 140 18 164 18 147 18 68 0
35
18 160 161 130 132 136 139 141 145 148 149 150 152 153 155 156 157 158
20 166 167 169 170 172 180 181 182 184 187 188 189 190 191 192 194 195 196 198 199
131 131
133 133
134 134
135 135
137 137
138 138
140 140
142 142
143 143
144 144
146 146
147 147
151 151
154 154
159 159
162 162
163 163
164 164
165 165
168 168
171 171
173 173
174 174
175 175
176 176
177 177
178 178
179 179
183 183
185 185
186 186
193 193
197 197
