2 9 179 49 73 66 93 31 181 169 140 65 53 121 45 189 37 142 143 142 127 4 72 125 72 81 72 149 144 193 177 89 137 28 13 147 1 153 119 34 67 34 38 117 82 191 82 42 111 52 163 133 154 155 5 47 3 185 25 159 187 77 23 61 103 145 85 21 157 83 41 164 197 71 195 69 135 97 33 55 19 7 151 99 105 10 39 95 196 171 183 115 110 165 124 123 124 87 175 109 59 36 141 36 63 75 57 11 139 17 199 27 131 29 161 76 2
89
1 1 51
111 111
41 41
9 9
45 45
23 23
47 107 47
57 57
49 49
125 125
11 11
61 61
53 53
55 55
103 103
3 3
59 59
115 115
13 13
105 105
63 35 63
65 65
67 67
69 69
71 71
117 117
73 73
75 75
77 77
119 119
81 81
17 17
83 83
85 43 85
87 87
97 97
89 89
121 121
95 95 15
19 19
93 93
25 25 173
5 5
99 99
127 127
21 21 167
123 123
145 145
143 143
131 131
151 151
27 27
153 153
154 129
147 147
157 157 79
149 149
31 31
133 133
163 163
155 155
7 7
161 161
159 159
109 109
33 33 101
135 113 135
165 165
169 169
171 171
181 91 181
137 137
183 183
175 175
177 177
179 179
139 139
191 191
37 37
193 193
185 185
187 187
189 189
29 29
39 39
141 141
195 195
197 197
199 199
