0 1 6 11 13 12 11 16 21 24 25 21 26 30 29 26 32 33 31 35 31 37 38 36 42 41 46 51 52 53 51 57 58 56 59 60 56 61 66 71 72 73 71 76 79 80 76 81 87 86 92 93 91 95 94 91 96 101 102 103 101 104 105 101 106 112 111 116 121 127 128 126 129 130 126 131 136 139 140 136 138 137 136 141 146 151 156 162 163 161 164 161 167 166 170 169 166 171 176 181 186 192 191 196 197 198 0
73
1 3
41 44
42 42
106 107 108 109
46 48 47
111 113 114
52 52
112 112
53 53
102 102
61 64 65 62 63
11 14
104 104
58 58
59 59
60 60
12 12
66 68 70
13 13
72 72
71 74 75
116 118
73 73
81 82 83 84
76 78
87 87
79 79
80 80
16 17 19
86 90
25 25
105 105
96 97 98 99 100
95 95
94 94
93 93
24 24
21 22
121 122
130 130
26 27
146 149
29 29
131 135
156 159
151 152 153 155
30 30
128 128
6 7
162 162
32 32
163 163
164 164 165
33 33
171 173
169 169
170 170
127 127
181 184 185 183
176 179 180
138 138
35 34 35
137 137
129 129
103 103
36 39
186 187 189
192 192
139 139
191 193 195
38 38
140 140
141 144 145 142 143
