BY5DUgv6 UQ4QaUHy H2BV5cDz bMSvK9eQ Rn4zxmTr Af1jBIly 2mQchaeu B0wYReom 6GJHoNdy 8e8OWOIi sR6JAufL 2og9s1wD xULc5Xg4 1aJdK4y9 K3J88UDV 6nj6dyOK gbolqDJc UfRMeyI7 mXjWiYol o1w8sSXK vVYZOPt6 kkvcm3Qd c9Hgvc9w q1vN3eei FPDwKJIj Ym8LPSnY 8KVhuJvd OpfVa1HT 0zB29H2A R4zDiMu3 ucMA0iSv Y93BYexY yYTqCbSD 7CrB3pCm tDh0gTYH xTHVuNZl yqX5KOVJ KuVHgP1J Pi99fmGL KJQpAqYk FSF4Na2U w3Radp7c ayFODfwg S9dNuWxm rGjz0gOd AMieum8U GVK6CciB NL9qZEp0 UmgiH1K9 iT0t8noc HXMHfRTC 9IHe97Yy 87yhsuRE HEJxX3gA xZfXXUDQ mjMe14fC 7IV7YjRX JMul31yq WlxPulQd 8ni5D4t7 WlxPulQd CrvusN6e lvlSObqb H8eN9fj5 8tOszPqV YLp2gziD nKZTEeUl PagRRYIg 1cr6aFpX Rv8rDvqp E85AysUp aPSEsY2w rZiSDNtK T9nDSMXa aqFtjHzO gd207oOq hc6YxxqG QeSUIsQ1 m0ciW6Mx BY5DUgv6
49
6nj6dyOK 6nj6dyOK
UfRMeyI7 UfRMeyI7
UmgiH1K9 UmgiH1K9
gd207oOq gd207oOq
1cr6aFpX 1cr6aFpX
xTHVuNZl xTHVuNZl
aPSEsY2w aPSEsY2w
CrvusN6e CrvusN6e
0zB29H2A 0zB29H2A
iT0t8noc iT0t8noc
rGjz0gOd rGjz0gOd
yqX5KOVJ yqX5KOVJ
xULc5Xg4 xULc5Xg4
8tOszPqV 8tOszPqV
ucMA0iSv ucMA0iSv
OpfVa1HT OpfVa1HT
9IHe97Yy 9IHe97Yy
K3J88UDV K3J88UDV
NL9qZEp0 NL9qZEp0
tDh0gTYH tDh0gTYH
Rv8rDvqp Rv8rDvqp
Af1jBIly Af1jBIly
WlxPulQd WlxPulQd
mXjWiYol mXjWiYol
2mQchaeu 2mQchaeu
S9dNuWxm S9dNuWxm
rZiSDNtK rZiSDNtK
hc6YxxqG hc6YxxqG
JMul31yq JMul31yq
7IV7YjRX 7IV7YjRX
q1vN3eei q1vN3eei
ayFODfwg ayFODfwg
R4zDiMu3 R4zDiMu3
gbolqDJc gbolqDJc
8ni5D4t7 8ni5D4t7 g5YhtPSt
HEJxX3gA HEJxX3gA
nKZTEeUl nKZTEeUl
o1w8sSXK o1w8sSXK
H2BV5cDz H2BV5cDz
sR6JAufL sR6JAufL
PagRRYIg PagRRYIg
1aJdK4y9 1aJdK4y9
c9Hgvc9w c9Hgvc9w
8e8OWOIi 8e8OWOIi
FPDwKJIj FPDwKJIj
lvlSObqb lvlSObqb
QeSUIsQ1 QeSUIsQ1
B0wYReom B0wYReom
AMieum8U AMieum8U
