yqRn7pcv mpBvpan0 RKTqv0lO xaYYL0Xr ne5PzSYX zcy1X765 XlaUIvCb mmiVeCrf o5fxSomz LQU5lyru mB6fiF0u rJm7nPd7 gGaSBUDY 5Zo9R33z 6XOrbPEm dYz0v5Rl hcJG54h4 uzY67sfN lRFv66dO 2XMfF8YA Wvomb2LC cbK8BQiu hC2ZPbzA fsgAjhrq i4M5A6hw yqRn7pcv
22
xaYYL0Xr xaYYL0Xr
yqRn7pcv yqRn7pcv
mmiVeCrf mmiVeCrf
RKTqv0lO RKTqv0lO
XlaUIvCb XlaUIvCb
mB6fiF0u 7xyYvlir mB6fiF0u
hC2ZPbzA hC2ZPbzA
fsgAjhrq 1JmiRMy2 fsgAjhrq
ne5PzSYX ne5PzSYX
LQU5lyru rKjRBwvM LQU5lyru
i4M5A6hw i4M5A6hw
2XMfF8YA 2XMfF8YA
6XOrbPEm 6XOrbPEm
uzY67sfN uzY67sfN
cbK8BQiu Tv0Ngo2a
hcJG54h4 hcJG54h4
rJm7nPd7 rJm7nPd7
zcy1X765 zcy1X765
Wvomb2LC Wvomb2LC
lRFv66dO lRFv66dO
5Zo9R33z 5Zo9R33z
o5fxSomz o5fxSomz
