74 31 7 15 47 38 21 4 23 14 56 26 51 12 11 36 63 3 62 1 10 27 49 25 32 24 30 44 16 18 37 35 33 48 54 50 65 52 46 19 17 45 43 57 9 22 0 2 6 20 34 60 28 39 64 41 55 58 59 40 13 42 8 61 53 5 74
65
2 2
8 8
9 9
10 10
11 11
41 41
42 42
43 43
44 44
45 45
46 46
47 47
48 48
49 49
50 50
51 51
52 52
53 53
54 54
55 55
56 56
61 61
57 57
58 58
59 59
60 60
12 12
62 62
63 63
64 64
65 65
13 13
23 23
14 14
15 15
16 16
3 3
25 25
17 17
18 18
24 24
21 21
19 19 29
4 4
20 20
22 22
26 26
5 5
30 30
31 31
6 6
1 1
0 0
32 32
33 33
27 27
34 34
35 35
7 7
36 36
37 37
28 28
38 38
39 39
40 40
