93 18 157 138 94 80 46 146 70 174 129 27 102 75 113 77 143 165 43 164 168 117 49 137 161 175 81 141 125 171 41 22 56 34 121 176 147 26 76 4 24 107 98 126 65 66 11 99 14 87 136 177 53 39 108 170 64 140 3 156 51 30 52 151 82 63 163 84 128 116 40 110 91 47 154 19 2 73 79 61 95 36 131 115 119 1 119 86 111 145 23 152 57 132 67 132 105 101 172 124 155 169 20 71 93
83
1 1
43 43
40 40
36 36 109
39 39
124 124
110 72 110
111 111
53 53
47 47
46 46
56 56 122
57 57
49 49
52 52
51 51
2 2
102 102
67 67
66 66
61 61
70 70
64 64
63 63
73 73
65 65
115 115
77 77
14 14
125 125
116 116
82 82
75 130 75
76 76
117 117
119 119
79 79
80 80
81 81
105 105
91 91
84 84
86 86
95 95
87 87
24 24
18 18 62
101 101
19 19
4 4
121 121
99 99
98 98
20 20
138 138
146 146
147 147
143 143
140 140
141 141
26 26
131 131 38
151 151
161 161
154 154
163 163
155 155
157 157
108 108
168 168
169 169
170 170
171 171
172 172
165 165
27 27
177 177
34 34
129 129 74
136 136
137 137
174 174
176 176 90
