Dannemora Fire Earlville Deposit Herricks Flower Oceanside Fair Oceanside Gasport Falconer Gardiner Fulton Dexter Fairmount DeRuyter Hamburg Franklin Delhi Freeville Farnham Florida Deer Delanson Dunkirk Frewsburg Odessa Flanders Frankfort Delmar Germantown Deferiet Fishers Forest Norwich Franklinville Dansville Delevan Galeville Fishkill Davis Forestville Freeport Ghent Depauville Fredonia Harbor Fayetteville Herkimer Hicksville Depew Geneva Fairview Hewlett Fleischmanns Fonda Fabius Dannemora
46
Davis Davis
Delevan Delevan
Delmar Delmar
Depew Depew
Delanson Delanson
Ghent Ghent
Fairview Fairview
Falconer Falconer
Deferiet Deferiet
Farnham Farnham
Fayetteville Fayetteville
Fire Fire
Dansville Dansville
Fishers Fishers
Fishkill Fishkill
Flanders Flanders
Fleischmanns Fleischmanns
Florida Florida Farmingville
Flower Flower
Fonda Fonda
Forest Forest
Forestville Forestville
Frankfort Frankfort
Franklin Franklin
Franklinville Franklinville
Fredonia Fredonia
Freeport Freeport
Freeville Freeville
Delhi Delhi
Germantown Germantown
Frewsburg Frewsburg
Galeville Galeville
Fulton Fulton
Depauville Depauville
Gardiner Friendship Gardiner
Gasport Gasport
Geneva Geneva Fairport
DeRuyter DeRuyter
Deposit Deposit
Dexter Dexter
Dunkirk Dunkirk
Earlville Earlville Firthcliffe
Deer Deer
Fabius Fabius
Fair Fair
Fairmount Fairmount
