Acton Carlsbad Bellflower Bolinas Angwin Atascadero Bonsall Clyde Boronda Buttonwillow Bystrom Anaheim Calistoga Beckwourth Azusa Bootjack Aromas Davis Calimesa Barstow Capitola Avery Chowchilla Avenal Chowchilla Benicia Beaumont Calabasas Brentwood Biola Arbuckle Blythe Danville Armona Berkeley Alameda Carrick Bonita Belvedere Arcadia Burbank Brisbane Belmont Cambria Almanor Cambria Cayucos Arvin Bishop Fruitdale Byron Biggs Brawley Alhambra Ashland Covelo Foresthill Altadena Foresthill Covelo Cartago Bodfish Cotati Boron Cotati August Castroville Fontana Alpine Columbia Carpinteria Gardena Campbell Arnold Bradley Caruthers Freedom Carmichael Duarte Burney Bakersfield Bradbury Adelanto Clayton Arcata Belden Alhambra Burlingame Ducor Bayview Albany Escondido Atwater Emeryville Folsom Caribou Anderson Calexico Blairsden Calexico Florin Alturas Dinuba Banning Alamo Avalon Ceres Bloomington Cupertino Auberry Corona Aptos Cerritos Bell Artesia Fallbrook Carson Antioch Bluewater Cerritos Broadmoor Amesti Cabazon Crockett Calipatria Escalon Alpaugh Carlsbad Acton
93
Alpine Alpine
Altadena Altadena
Alturas Alturas
Amesti Amesti
Anderson Anderson
Angwin Angwin
Arbuckle Arbuckle
Arcadia Arcadia Calwa
Beckwourth Beckwourth
Belden Belden
Bell Bell
Bellflower Bellflower
Belmont Belmont
Belvedere Belvedere
Benicia Benicia
Berkeley Berkeley
Biggs Biggs
Biola Biola
Bishop Brea Bishop
Blairsden Atherton Blairsden
Bloomington Bloomington
Bluewater Bluewater
Blythe Blythe
Bodfish Bodfish
Bolinas Bolinas
Bonita Bonita
Bonsall Bonsall
Bootjack Bootjack
Boron Boron
Boronda Boronda
Alameda Alameda
Bradbury Bradbury
Bradley Bradley
Brawley Brawley
Anaheim Anaheim
Brentwood Brentwood
Brisbane Brisbane
Broadmoor Broadmoor
Burbank Camarillo Burbank
Burlingame Burlingame
Burney Burney
Buttonwillow Buttonwillow Bowles
Byron Byron
Bystrom Bystrom
Cabazon Cabazon
Calabasas Calabasas
Calexico Calexico
Calimesa Calimesa
Calipatria Calipatria
Calistoga Calistoga
Aptos Aptos
Antioch Antioch
Cambria Cambria
Campbell Campbell
Alamo Alamo
Capitola Capitola
Caribou Caribou
Carlsbad Carlsbad
Carmichael Carmichael
Carrick Carrick
Carson Carson
Cartago Cartago
Caruthers Caruthers
Carpinteria Carpinteria
Arvin Arvin
Arnold Arnold
Arcata Arcata
Albany Albany
Castroville Castroville
Cayucos Cayucos
Ceres Ceres Auburn
Cerritos Cerritos
Armona Armona
Aromas Aromas
Artesia Artesia
Ashland Ashland
Atascadero Atascadero
Alhambra Alhambra
Auberry Auberry
August August
Almanor Almanor
Adelanto Adelanto
Avalon Avalon
Avenal Avenal
Avery Avery
Azusa Azusa
Alpaugh Alpaugh
Bakersfield Bakersfield Canyondam
Banning Banning
Atwater Atwater
Barstow Barstow
Bayview Bayview
Beaumont Beaumont
