Acadia Guadalupe Sequoia Arches Olympic Crater Badlands Shenandoah Haleakala Indiana Channel Cuyahoga Congaree Caverns Everglades Katmai Gunnison Glacier Brycecanyon Isle Teton Gateway Saguaro Voyageurs Bend Tortugas Acadia
22
Congaree Congaree
Brycecanyon Brycecanyon Canyonlands
Everglades Everglades
Arches Arches
Crater Crater
Badlands Badlands
Acadia Capitol Biscayne
Cuyahoga Cuyahoga
Gunnison Basin Gunnison
Tortugas Tortugas
Bend Bend
Gateway Gateway
Glacier Glacier
Teton Teton
Guadalupe Guadalupe
Haleakala Haleakala
Indiana Indiana
Isle Isle
Katmai Denali
Channel Channel
Voyageurs Smoky
Caverns Caverns
