6 195 193 195 188 186 188 181 174 172 174 167 165 167 160 158 160 153 152 149 152 150 152 153 146 145 146 139 137 139 132 131 128 131 129 131 132 125 124 125 118 116 118 117 115 117 118 111 109 106 109 105 109 111 110 111 104 103 104 97 96 97 90 83 76 69 62 55 53 55 48 47 48 41 34 32 34 33 31 33 30 33 34 27 25 27 20 19 20 13 11 13 12 13 6
51
6 1 2 6
11 11
12 10 12
19 17 19
20 18
25 25 22
27 27
30 30
31 31
32 32
41 41 38 39
47 44 47
48 43
53 50 53
55 51
62 60 61 62
69 64 65 69
76 74 75 76
83 80 83 77
90 88 90 87
96 96 94
97 91
103 100 101 103
105 105
106 106
110 110
115 115
116 112 116
124 122 124
125 120
128 128
129 129
132 126
137 133 134
139 136
145 145 142
146 140
149 149
150 150
153 148
158 154 155
160 160
165 161 165
167 166
172 169 172
174 174
181 177 179 181
186 186 182
188 184
193 189 190
195 194
