0 11 12 22 13 3 4 15 6 8 19 28 27 17 26 36 46 56 45 35 24 33 43 54 55 64 63 73 84 94 95 85 75 76 66 57 47 58 77 87 89 107 108 119 138 139 149 159 158 157 167 168 178 188 196 186 185 175 174 173 184 193 192 180 171 172 162 161 150 151 132 143 155 156 147 137 126 135 124 115 105 104 114 123 112 111 90 91 92 82 62 52 51 40 31 30 20 0
95
3 3
45 45
46 46
47 47
43 43
40 40
8 8
124 124
22 22
111 111
55 55
56 56
57 57
112 112
54 54
51 51
52 52
114 114
11 11
104 104
58 58
66 66
64 64
12 12
62 62
63 63
13 13
115 115
76 76
75 75
73 73
15 15
84 84
85 85
77 77
82 82
119 119
105 105
17 17
94 94
95 95
87 87
92 92
89 89
90 80 90
91 91
24 24
19 19
4 4
126 126
20 20
123 123
147 147
149 149
150 150
151 151
143 143
26 26
132 132
156 156
158 148 158
159 159
30 30
161 161
162 162
155 155
31 31
6 6
157 157
167 167
168 168
135 135
107 107
174 174
175 175
33 33
27 27
178 178
171 171
172 172
173 173
35 35
184 184
137 137
188 188
180 180
138 138
36 36
185 185
186 186
139 139
28 28
192 192
193 193
196 196
