Loc2 Loc82 Loc76 Loc41 Loc42 Loc74 Loc70 Loc16 Loc61 Loc90 Loc97 Loc80 Loc18 Loc10 Loc51 Loc45 Loc12 Loc3 Loc99 Loc6 Loc44 Loc9 Loc78 Loc91 Loc59 Loc86 Loc83 Loc60 Loc33 Loc1 Loc57 Loc58 Loc55 Loc64 Loc49 Loc8 Loc21 Loc7 Loc0 Loc7 Loc21 Loc77 Loc93 Loc73 Loc31 Loc13 Loc36 Loc2
39
Loc0 Loc0 Loc48
Loc55 Loc22 Loc71
Loc57 Loc26 Loc92
Loc51 Loc32
Loc36 Loc27
Loc31 Loc56 Loc43
Loc10 Loc10
Loc6 Loc6
Loc1 Loc1
Loc33 Loc24 Loc28 Loc46
Loc7 Loc7
Loc58 Loc58
Loc59 Loc75
Loc41 Loc41
Loc8 Loc8
Loc45 Loc45
Loc44 Loc11
Loc9 Loc9
Loc60 Loc60
Loc12 Loc53
Loc77 Loc77
Loc78 Loc17 Loc34
Loc74 Loc74
Loc80 Loc80
Loc73 Loc73
Loc82 Loc82
Loc13 Loc13
Loc76 Loc52
Loc64 Loc64
Loc16 Loc16
Loc3 Loc3
Loc83 Loc35 Loc15
Loc91 Loc91
Loc86 Loc86
Loc90 Loc90
Loc18 Loc4
Loc70 Loc40 Loc67 Loc54
Loc97 Loc14
Loc99 Loc66 Loc19
