pace voice financial respect bitter rob lake discriminate stroke throne imposter fortune page certain sunrise title shy nationalist dip exclusive class disclose injury disclose skeleton understand figure banana king guarantee dialogue prison solve tolerate forge vegetarian linger dough enhance legislation sign romantic straighten quality headline mature brake mature pig pain demand cigarette tablet swear other approval mystery enter autonomy glasses tool dialogue likely enhance thumb output circulation deposit paper deposit honor pace
48
likely likely
prison prison
autonomy autonomy
guarantee guarantee seize
throne throne
voice voice
honor honor
enter enter
title title
sign sign
tablet tablet
thumb thumb
forge winner
brake brake
headline headline
dough dough
exclusive exclusive buffet
other other
king king
tolerate tolerate
nationalist nationalist
quality quality
financial financial
class class
sunrise sunrise
linger linger
rob rob
legislation legislation
bitter bitter
output output
figure figure
paper paper
shy shy
injury injury
dip dip
mystery mystery
circulation circulation
glasses glasses
imposter imposter
swear swear
enhance enhance
tool tool
vegetarian vegetarian
page page
lake lake
pain pain
cigarette cigarette
demand demand
