pace other quadruple ask candle triple country knot skeleton development confrontation forge terminal paper autonomy quality boom throne structure output joint mixture chair pardon injection desk enemy stress enemy illusion tool railcar tool liver swop electronics interface environment bleed curriculum chew offset chew drawer smile bleed pier pig straighten identity coincide dive honor comfortable likely viable atmosphere rent swear coast profound virgin blonde shiver ignore audience ignore due certain bitter rage bitter coffin attraction guarantee joystick bowel brake scheme brake nationalist acceptance nationalist page mature native mercy financial fortune notebook interactive error widen banana driver imposter tablet note deter terms thumb terms hospitality teacher excuse rob demand feature write lake begin greeting decisive tolerate injury flag home dialogue cotton lifestyle election buffet exempt dramatic opposed dip exclusive vegetarian exile vegetarian linger physics linger vegetarian market pace
93
pace pace
other other
skeleton skeleton
exclusive exclusive
comfortable comfortable
dive dive
atmosphere atmosphere
autonomy autonomy
environment environment
buffet pipe buffet
acceptance acceptance
attraction attraction
ask ask
pig pig
financial financial
interactive interactive
injury injury
smile smile headline
tool tool
pardon pardon
rob rob
exile exile
output output
swear swear
excuse excuse
shiver shiver
imposter imposter
dip dip
due due
coast coast
mature mature
chair chair
rent rent
straighten straighten
page page
knot knot
stress stress
audience audience
curriculum curriculum
boom boom
coincide coincide
profound profound
development development
home home
error error
teacher teacher
feature feature
virgin virgin assignment
guarantee guarantee
scheme scheme
drawer drawer
cotton cotton
confrontation confrontation
physics dough physics
mercy mercy
widen widen
likely likely
railcar railcar
electronics electronics
begin begin
decisive decisive
identity identity
greeting greeting
exempt exempt
viable viable
lifestyle lifestyle
enemy control enemy spoil
structure structure
tablet tablet
interface interface
throne respect throne
offset offset
country country
candle candle
injection injection
swop swop
note note
deter deter
market market
ignore ignore
coffin coffin
rage rage
native native
forge forge
driver driver
thumb thumb
liver liver
quadruple quadruple
flag flag
bowel bowel
illusion illusion
triple triple
election election
