pace exclusive output injury mixture market likely king page guarantee thumb enter prison approval tablet gate excuse due audience headline brake nationalist pace
20
injury skeleton injury
mixture mixture
likely circulation likely
gate gate
output output
enter enter deposit
due voice
page page
guarantee guarantee
audience audience
prison honor
thumb exempt
headline headline
approval approval
exclusive throne
brake opposed brake
market market
nationalist feature nationalist
king king
excuse excuse
