C0 C107 C82 C187 C87 C196 C161 C159 C154 C194 C184 C181 C183 C68 C183 C165 C100 C137 C101 C146 C102 C141 C104 C103 C105 C153 C120 C125 C127 C122 C114 C119 C121 C95 C191 C129 C123 C108 C124 C132 C126 C134 C97 C167 C139 C142 C149 C144 C151 C152 C157 C160 C145 C110 C198 C195 C193 C192 C164 C162 C169 C93 C168 C166 C172 C177 C171 C179 C182 C185 C190 C107 C0
68
C0 C0
C110 C110
C124 C124
C102 C11
C104 C104
C114 C114
C68 C18 C68
C125 C54
C82 C8 C25
C119 C119
C105 C105 C45
C87 C87
C95 C95
C93 C93
C120 C120
C101 C101
C123 C123
C121 C121
C97 C97
C126 C49
C100 C100
C122 C122
C145 C145
C144 C144
C142 C10 C7
C151 C47
C152 C152
C153 C153
C154 C154 C30
C146 C146 C84
C149 C149
C157 C77 C78
C132 C132
C159 C16 C35 C63
C160 C160 C59 C88
C161 C161
C162 C3 C52
C134 C134
C168 C168
C169 C169 C50
C108 C66
C171 C171 C28
C172 C172
C164 C164
C165 C57 C165
C166 C166
C167 C26 C27 C167
C107 C107
C127 C127
C181 C181
C182 C182
C179 C179
C184 C24 C2 C70
C185 C48 C185
C177 C58
C137 C32 C137 C55
C129 C129
C103 C103
C190 C190
C141 C56 C4 C141
C191 C31
C192 C192 C1 C51 C5
C193 C193
C194 C194
C195 C19 C20
C196 C43 C196
C198 C86 C74 C198 C71
C139 C139
