9iIwk 5R5Xa 9iIwk 6EWVx jT5CK 5BDPJ jT5CK qkJ6b 1xmtC Mj2eQ iEXNY ZzWHp MA43U jYfXn Ew56P SgDk6 Ew56P LZomt QVYVG 1uRw3 Ri2t4 jAwQw aHGHb WGJpQ vE0Pj knY3U 1uRw3 1pxZM 5VT1H WJNpN AgYPL YH6mk Y7IDR YH6mk 5ioW1 Be0ab XZKtP 5ioW1 vrNke k6V9L pXCjI ZgtaX veOJ7 ZgtaX BnAjj k64Ok fS0W8 Esl6u rrNj1 0mah3 ChXAd 0mah3 h2rea 9iIwk jASvw oqPYQ jASvw 9iIwk
36
5ioW1 5ioW1
SgDk6 SgDk6
Mj2eQ Mj2eQ
qkJ6b qkJ6b
1xmtC 1xmtC XYzcU
LZomt LZomt
oqPYQ oqPYQ 0GdkR
ZzWHp ZzWHp
1uRw3 1uRw3
pXCjI pXCjI
jT5CK jT5CK
jASvw jASvw
jYfXn jYfXn
Ri2t4 Ri2t4 y89SK
h2rea h2rea
YH6mk YH6mk
veOJ7 veOJ7 iCgvV
5R5Xa 5R5Xa
Y7IDR 4a0W8 Y7IDR
QVYVG RhUVQ 7G74f
9iIwk 9iIwk
5BDPJ 5BDPJ
iEXNY iEXNY
ZgtaX JgjFI Vake4 ZgtaX
1pxZM 1pxZM
jAwQw jAwQw
AgYPL tnjfN AgYPL
Be0ab Be0ab
vE0Pj vE0Pj
BnAjj BnAjj
aHGHb kmzhT aHGHb
ChXAd 1eRkH ChXAd
fS0W8 fS0W8 p9vQm
XZKtP XZKtP bXinH dw7aX
WGJpQ WGJpQ
5VT1H 5VT1H
