HAZtD 4Eg1F wnnBN Cg1yP J0OP0 F7CZj RN9nS 3NU9e GxQg8 lJnz7 1gvq4 rH3nx cpzS8 p3gJd DaieK p3gJd cC0Rg gpbSj u60s4 9cp56 0F8yg 4PSW9 zcuSA jyRQW Xqwfz pLg86 7kY28 URrao 7kY28 IOpdQ BaYb3 1VA1I BaYb3 SxklZ rVnMc OWqP4 6owsT iimZq GUEko 0moVI HAKlt 6sv9O iPRoT Q8lcd GaZ4O H1xt8 o2JtM e7SjH DuU0x e7SjH E6pda xKTIz RkCLD SfSL1 bMhFI CHx6u rmW0U HOuAL rmW0U GrnJ7 UbqWX v9joy GrnJ7 gNinx GrnJ7 iaaYU GrnJ7 iIQll p4kTx iIQll Vg6Sz 4jcrD DmTRc tgL8p 0FMEI RWE9G 2GCiD 0FMEI R6NzB v0WXM iHR3J SE1WY fWz4T EgumV UQeyk kjZGl kNG2j AwFdf 2zHfe fExZu wVSYr WVEjT Agb0E b9v0q eVDVP Ia6ul kvy7i Q5zY0 69WZh zrVPv 69WZh jesVt 4AhmX cu5FB 93R2m C4biR aegld O8CwF XbFfE aWuHk 3NU9e CXkxa Lusir CXkxa ED9em CXkxa 3NU9e aWuHk mJExt iqOI4 UqGfS X2hjX vfAR8 bW6Ms vfAR8 EyMEe z82fM kPB79 6gp0A HAZtD
80
cu5FB cu5FB
Lusir Lusir
kPB79 4Tt2a 4PXv9
zrVPv wedr3 zrVPv
69WZh ox9Gx 69WZh mdIe6
DuU0x DuU0x BIY9X
wnnBN wnnBN
v9joy v9joy
cpzS8 cpzS8 acHTt
9cp56 5EAEu
gNinx gNinx
p3gJd p3gJd
lJnz7 lJnz7
iaaYU iaaYU
IOpdQ IOpdQ
e7SjH 2LhKB
rmW0U 9tf0w
CHx6u CHx6u
H1xt8 H1xt8
BaYb3 BaYb3
eVDVP eVDVP
GxQg8 GxQg8
pLg86 pLg86
Cg1yP Cg1yP
1gvq4 1gvq4
Ia6ul Ia6ul
iIQll iIQll
rH3nx rH3nx
Vg6Sz Vg6Sz
zcuSA zcuSA
DaieK uPUO1 DaieK
aWuHk aWuHk
4AhmX 4AhmX
bMhFI bMhFI lF8gH
0F8yg 0F8yg
1VA1I 1VA1I Zok18
u60s4 Zxvdf u60s4
OWqP4 OWqP4
RN9nS RN9nS
p4kTx p4kTx
O8CwF TlJnt O8CwF
fExZu fExZu v7hOX
iqOI4 iqOI4
Q8lcd Q8lcd
iHR3J iHR3J
xKTIz xKTIz
URrao URrao fiXIW
bW6Ms bW6Ms
2GCiD 2GCiD
iPRoT 8Qx0C
UqGfS UqGfS Ssao4 NqBQW
6owsT 6owsT
iimZq iimZq
vfAR8 vfAR8
HOuAL HOuAL
b9v0q SEkfX
z82fM z82fM
Agb0E Agb0E VG4na
EgumV EgumV
ED9em ED9em 5h4rt
0moVI 0moVI
SxklZ SxklZ VESmp
SE1WY TzGS5
cC0Rg cC0Rg
HAKlt Pk19A HAKlt
kNG2j kNG2j
AwFdf AwFdf
7kY28 7kY28
R6NzB R6NzB
gpbSj gpbSj
UbqWX UbqWX
J0OP0 J0OP0 iKwe0
fWz4T fWz4T
X2hjX X2hjX
jesVt jesVt
DmTRc DmTRc
4jcrD 4jcrD
aegld aegld
E6pda E6pda
WVEjT WVEjT
