1 43 14 174 176 186 193 161 64 83 157 156 108 57 84 140 82 119 105 128 99 56 121 71 66 78 91 51 42 153 132 199 130 152 129 182 194 116 95 147 93 127 110 159 96 98 136 115 138 103 60 163 7 36 53 13 15 58 26 18 89 52 88 49 86 92 31 137 142 46 90 101 175 185 162 23 12 190 1
77
7 7
43 43
49 49
42 42
23 23
46 46
57 57
51 51
52 52
53 3 53
56 56
12 12
103 103
58 58
60 60
13 13
105 105
115 115
64 64
66 66
14 14
116 116
71 71
15 15
82 82
83 83
84 84
78 78
86 86
26 26
89 89
90 90
119 119
92 92
18 18
96 96
88 88
91 91
121 121
93 93
95 95
99 99
98 98
127 127
101 101
153 153
152 152
147 147
132 132
31 31
129 129
156 156
157 157
159 159
161 161
162 162
163 163
176 176
136 136
108 108
174 174
128 128
137 137
175 175
36 36
138 138
130 130
182 182
185 185
186 186
110 110
190 190
140 140
142 142
193 193
194 194
199 199
