Abbey Isabella Avni Nora Rayna Tara Yoselin Jamiya Beatrice Alexia Ayanna Harley Eden Haven Rebecca Marisol Maeve Sophia Kristina Lisa Riley Vivian Tanya Matilda Kayley Lilia Liberty Carlee Lana Jordin Mira Mckinley Lillie Kimberly Karma Helen Kiera Dana Shannon Presley Ruth Abbey
40
Alexia Alexia
Avni Avni
Eden Eden
Dana Dana
Lilia Lilia
Beatrice Beatrice
Kimberly Kimberly
Lana Lana
Haven Haven
Kiera Kiera
Harley Harley
Ayanna Ayanna
Helen Helen
Isabella Isabella
Jamiya Jamiya
Jordin Jordin
Liberty Liberty
Karma Karma
Kayley Kayley
Mira Mira
Mckinley Mckinley
Matilda Matilda
Lisa Lisa
Nora Nora
Carlee Carlee
Rebecca Rebecca
Riley Riley
Lillie Lillie
Ruth Ruth
Kristina Kristina
Shannon Shannon
Presley Presley
Rayna Rayna
Maeve Maeve
Marisol Marisol
Sophia Sophia
Tanya Tanya
Tara Tara
Vivian Vivian
Yoselin Yoselin
