Abbey Alivia Alexus Ashley Aniya Diana Tara Noelle Alia Baylee Alexia Jamiya Aryana Sophia Ariel Carlee Brooklyn Arielle Carleigh Chasity Avni Dayami Dana Gillian Aubree Elianna Denisse Emma Emilie Claire Jillian Jade Melina Jasmin Kimberly Ciara Ingrid Haven Jimena Jaden Janiya Iyana Zara Lindsay Imani Keyla Madilynn Kaley Kayden Lacey Kenzie Kaydence Juliette Kiley Lilyana Lilia Lainey Kira Matilda Mira Sophie Sharon Leila Jazmyn Natalee Maggie Laylah Kiana Kristina Mckayla Riley Taniyah Rylee Shyanne Mckinley Lucille Neveah Zaria Parker Mya Myah Zion Nia Mireya Kristin Bryanna Carly Christine Carlie Camilla Abbey
90
Abbey Abbey
Alexia Alexia
Carly Carly
Carlie Carlie
Carleigh Carleigh
Carlee Carlee
Kayden Kayden
Ciara Ciara
Chasity Chasity
Lacey Lacey
Denisse Denisse
Christine Christine
Alivia Alivia
Claire Claire
Dayami Dayami
Kaley Kaley
Dana Dana
Diana Diana
Kenzie Kenzie
Elianna Elianna
Emma Emma
Emilie Emilie
Keyla Keyla
Aryana Aryana
Kiana Kiana
Gillian Gillian
Ingrid Ingrid
Iyana Iyana
Jade Jade
Jaden Jaden
Haven Haven
Imani Imani
Ashley Ashley
Kimberly Kimberly
Jimena Jimena
Jamiya Jamiya
Kiley Kiley
Janiya Janiya
Jasmin Jasmin
Jazmyn Jazmyn
Aniya Aniya
Jillian Jillian
Kristina Kristina
Juliette Juliette
Arielle Arielle
Kira Kira
Lainey Lainey
Ariel Ariel
Kristin Kristin
Mckayla Mckayla
Mckinley Mckinley
Melina Melina
Matilda Matilda
Avni Avni
Aubree Aubree
Mira Mira
Mireya Mireya
Mya Mya
Myah Myah
Nia Nia
Lilia Lilia
Laylah Laylah
Baylee Baylee
Alexus Alexus
Natalee Natalee
Neveah Neveah
Noelle Noelle
Parker Parker
Rylee Rylee
Riley Riley
Lilyana Lilyana
Kaydence Kaydence
Lindsay Lindsay
Sophie Sophie
Sophia Sophia
Sharon Sharon
Shyanne Shyanne
Leila Leila
Alia Alia
Brooklyn Brooklyn
Lucille Lucille
Tara Tara
Taniyah Taniyah
Madilynn Madilynn
Bryanna Bryanna
Zaria Zaria
Zion Zion
Camilla Camilla
Maggie Maggie
Zara Zara
