Taozhuang Chharra Jackson Rosedale Tupelo Esperanza Bang Gudermes Aytos Esmeraldas Somma Donggongon Boo Bourbonnais Strathfield Waverly Nonsan Villa Rafiganj Rutherglen Ulu Freetown Southsea Kallio Alatyr Memmingen New Artur Hechingen Azrou Ramla Uran Jhol Udumalaippettai Norco Longgang Bhit Taozhuang
35
Uran Uran Fort Jinotepe Severodvinsk Pottstown Jingzhou
Kallio Kallio
Jackson Jackson
Chharra Besuki Wesseling Caravaca Sicklerville Ilesa
Ramla Ramla
Rosedale Rosedale
Tupelo Tupelo
New New
Esperanza Esperanza
Rafiganj Rafiganj
Somma Somma
Artur Artur
Bhit Camayenne Durazno Middle
Taozhuang Taozhuang
Boo Boo
Rutherglen Gauting Rutherglen Oulmes
Alatyr Alatyr
Donggongon Donggongon
Villa Villa Cibinong
Nonsan Nonsan
Memmingen Memmingen
Ulu Ulu
Aytos Aytos
Hechingen Hechingen
Strathfield Strathfield
Esmeraldas Esmeraldas
Freetown Freetown
Gudermes Gudermes
Southsea Sarandi Calauan
Bang Bang
Longgang Longgang
Bourbonnais Bourbonnais
Azrou Azrou
Waverly Waverly
Udumalaippettai Udumalaippettai
