Ilesa Foshan Aklera Stuttgart Rutland Zaozhuang Belper Guli Belper Skalica Belper LonsleSaunier GernikaLumo Krymsk American Alexandria PortVila Stupino Villaquilambre Palafrugell Viewpark Malden Claremont MitryMory Tiruppuvanam Onex Puerto Milledgeville Tupelo Puducherry Talipparamba Tak Perth UlanUde Perth Niort Perth New Minas Dahlem Minas Magomeni Jashpurnagar Rhosllanerchrugog Milagro Azrou Uran Mouscron Bogovinje MitryMory Ponta Sirsi Itacoatiara Valletta Sceaux Hermsdorf Lodwar Valday Tupiza DehiwalaMount Ventimiglia Yingkou Ramla Chacabuco Shaowu Perth Clermont Perth Brzeg Kyzylorda Bensheim Campobasso Bensheim Copperas Bensheim Gariadhar Bavly Polohy Alfenas Aleshtar Jagna Aurora Barracas Sishui Sillanwali Bobigny An Bon Landshut WaltonontheNaze Memmingen Palm Oberhausen Sorsogon Marburg Lille Bensheim PointeClaire Zeist Brunswick Jiangyan Davis Toledo Meizhou Mexborough Oulmes Bensheim Bang Shagamu Calauan Tharu Aistala Ada Great Tyoply Great Resplendor Ilesa
99
Bensheim Bensheim
Azrou Azrou
Alexandria Alexandria
Meizhou Meizhou
Rhosllanerchrugog Rhosllanerchrugog
Landshut Landshut
Calauan Calauan Paredes
Mexborough Mexborough
Lille Lille
Tiruppuvanam Tiruppuvanam
Oulmes Oulmes
American American
Ventimiglia Ventimiglia
Perth Perth
Barracas Barracas
Gariadhar Gariadhar
Puerto Puerto
Bavly Bavly
GernikaLumo GernikaLumo
Onex Onex
Jiangyan Jiangyan
Brunswick Brunswick
LonsleSaunier LonsleSaunier
Bon Bon
Claremont Claremont
Ponta Ponta
Milagro Milagro
Tharu Tharu
Dahlem Dahlem
Great Great
Ada Ada
Tyoply Tyoply
UlanUde UlanUde
New New
Itacoatiara Itacoatiara
Ilesa Ilesa
Valday Valday
MitryMory MitryMory
Alfenas Alfenas
Jagna Jagna
Campobasso Campobasso
Resplendor Resplendor
Uran Uran
WaltonontheNaze WaltonontheNaze
Aleshtar Aleshtar
Valletta Valletta
Guli Guli
Milledgeville Milledgeville
Hermsdorf Hermsdorf
Bogovinje Bogovinje
Mouscron Mouscron
Tak Tak
Talipparamba Talipparamba
Malden Malden
Sceaux Sceaux
Sirsi Sirsi
Stuttgart Stuttgart
An An
Sillanwali Sillanwali
Kyzylorda Kyzylorda
Polohy Polohy
Bobigny Bobigny
Shaowu Shaowu
Copperas Copperas
Lodwar Lodwar
Jashpurnagar Jashpurnagar
Chacabuco Chacabuco
Yingkou Yingkou
Brzeg Brzeg
Bang Bang
Magomeni Magomeni
Aklera Aklera
Sorsogon Sorsogon
Foshan Foshan
Tupelo Tupelo
Toledo Toledo
Rutland Rutland
Puducherry Puducherry
Skalica Skalica
Oberhausen Oberhausen
Palm Palm
Shagamu Shagamu
Zaozhuang Zaozhuang
PointeClaire PointeClaire
Ramla Ramla
Sishui Sishui
DehiwalaMount DehiwalaMount
Villaquilambre Villaquilambre
Niort Niort
Aurora Aurora
Memmingen Memmingen
Tupiza Tupiza
Viewpark Viewpark
Davis Davis
Stupino Stupino
Marburg Marburg
PortVila PortVila
Palafrugell Palafrugell
Clermont Clermont
