Lesnoy Visitacion Ishim Stade Portogruaro Hudiksvall Blackpool Meerut Gisborne Pingyi Malaut Sungurlu Winsford Sun Rutherglen Franceville Hueytown Brentwood Zgorzelec Yangambi Beveren GatesNorth Lesnoy
22
Brentwood Brentwood
Beveren Kundla Artur
Gisborne Dharmapuri Gisborne
Hudiksvall Hudiksvall
Lesnoy Lesnoy
Sungurlu Sungurlu
Pingyi Pingyi
Hueytown Hueytown
Winsford Winsford
Sun Sun
Visitacion Glogovac Visitacion
Malaut Malaut
Meerut Meerut
Blackpool Blackpool
GatesNorth GatesNorth
Rutherglen Rutherglen
Stade Stade
Portogruaro Portogruaro
Zgorzelec Zgorzelec
Yangambi Yangambi
Ishim Ishim
Franceville Franceville
