108 69 7 51 101 32 46 79 13 138 120 67 17 61 8 126 112 64 37 53 144 153 70 19 174 188 35 14 81 5 26 127 45 96 57 71 82 56 151 56 189 177 186 30 121 143 55 128 170 54 78 146 39 193 11 193 73 134 136 113 184 156 187 156 167 181 191 100 191 117 24 114 142 99 182 148 176 118 137 197 84 196 92 65 139 83 1 119 95 68 85 130 43 140 131 34 48 6 23 129 77 110 75 150 179 157 59 109 116 190 31 38 107 133 63 158 21 66 108
92
1 1
110 110
48 48
45 45
43 43
46 46
57 57
56 56
54 54
53 53
11 11
114 114
64 64
65 65
66 66
67 67
68 68
69 69
61 61
71 71
63 63
73 73
13 44 13
75 75
23 23
14 14
118 118
117 117
85 85
77 77
78 78
79 36 79
83 83
81 81
82 82
84 84
17 17
92 92
121 121
120 120
101 101
96 96
24 24
95 95
19 19
100 100
126 126
99 99
142 142
143 143
144 144
137 137
130 130
26 26
5 5
146 146
148 148
150 150
151 151
153 153
128 128
157 157 15
31 31
133 133
170 49 170
32 32
134 134
167 167
174 174
136 136
176 176
177 177
107 107
179 179
34 34
181 28 181
129 129
35 35
186 186
187 187
188 188
7 7
190 190
182 182
138 138
184 184
109 109
37 37
197 197
38 38
39 39
140 140
