1 74 12 83 24 86 36 95 48 98 60 107 72 110 84 119 96 122 108 131 120 134 132 143 144 4 10 16 22 28 34 40 46 52 58 64 70 76 82 88 94 100 106 112 118 124 130 136 142 68 6 77 18 80 30 89 42 92 54 101 66 104 78 113 90 116 102 125 114 128 126 137 138 140 1
73
4 4
40 40
42 42
112 112
107 107
46 65 5 8 41 44 46 17 20 53 56 29 32
10 10
48 2 35 38 71 11 14 47 48 50 23 26 59 62
125 125
52 52
113 113
54 54
12 12
114 114
58 58
60 60
70 70
68 68
116 116
64 64
74 74
66 66
76 76
77 77
126 126
24 24
80 80
72 72
118 118
83 83
84 84
16 16
86 86
78 78
120 120
89 89
119 119
82 82
92 92
18 18
106 106
95 95
96 96
88 88
98 98
90 90
101 101
94 94
124 124
22 22
122 122
100 100
102 102
144 144
142 142
143 143
131 131
6 6
30 30
132 132
134 134
136 136
34 34
108 108
28 28
128 128
137 137
36 36
138 138
130 130
104 104
110 110
140 140
