create childish company direct exotic line prove celebration basketball crew farewell pupil mechanism colon linear maze community nationalism perception magnitude fuss transmission tin absorption contract battery concern pride creation pastel suffer predict steward think minimize adult skip top scrap cancel hide merit belief dose accessible ballot bracket breakin deck feign create
50
concern concern
hide hide
basketball basketball
battery battery
pastel pastel
adult adult
company company
think think
skip skip
community community
tin tin
suffer suffer
merit merit
colon colon
bracket bracket
breakin breakin
prove prove
pride pride
nationalism nationalism
magnitude magnitude
transmission transmission
contract contract
mechanism mechanism
cancel cancel
direct direct
line line
absorption absorption
dose dose
pupil pupil
crew crew
predict predict
feign feign
accessible accessible
maze maze
linear linear
fuss fuss
celebration celebration
steward steward
farewell farewell
minimize minimize
top top
scrap scrap
ballot ballot
create appear
creation creation
belief belief
deck deck
perception perception
childish childish
exotic exotic
