pride thank maze loud hide fortune offensive dose perception accessible domestic top tribe mechanism traction colon work craftsman battery skip seller celebration integrated mosaic company vote transaction belief contract deter dedicate trance snap leash predict scrap berry car crew cancel appear prove magnitude makeup pupil partnership equinox huge wrong lobby dramatic community east knit feign direct create childish deck valid desk steward exotic dilemma think line gift shelter homosexual mind tin basketball bring suffer breakin merit denial nationalism magnetic adult absorption farewell transmission concern whole pastel thread formation present inhibition salmon linear minimize fuss ballot bracket glide creation rabbit pride
99
belief belief
crew crew
linear linear
adult adult
minimize minimize
farewell farewell
ballot ballot
scrap scrap
appear appear
creation creation
deck deck
dose dose
predict predict
feign feign
accessible accessible
maze maze
pupil pupil
fuss fuss
celebration celebration
steward steward
snap snap
whole whole
salmon salmon
partnership partnership
present present
dramatic dramatic
traction traction
thread thread
wrong wrong
desk dialect desk
shelter shelter
denial denial
knit knit
glide glide
top top
lobby lobby
gift gift
east east
leash leash
loud loud
magnetic magnetic
valid valid
formation formation
huge huge
berry berry
bring bring
integrated integrated
equinox equinox
car car
fortune fortune
tribe tribe
create create
seller seller
makeup makeup
homosexual homosexual
deter deter
offensive offensive
mosaic mosaic
trance trance
thank thank
rabbit rabbit
mind mind
work work
craftsman craftsman
domestic domestic
dedicate dedicate
perception perception
inhibition inhibition
tin tin
think think
childish childish
hide hide
dilemma dilemma
vote vote
transaction transaction
exotic exotic
skip skip
community community
suffer suffer
merit merit
basketball basketball
breakin breakin
prove prove
pride pride
battery battery
company company
concern concern
nationalism nationalism
magnitude magnitude
colon colon
transmission transmission
contract contract
pastel pastel
mechanism mechanism
cancel cancel
bracket bracket
direct direct
line line
absorption absorption
