steward childish top basketball battery creation appear perception company community linear scrap exotic deck skip adult farewell hide concern pastel minimize tin think crew ballot steward
24
concern concern
top top
company company
minimize minimize
farewell farewell
ballot ballot
scrap scrap
appear appear
creation creation
think think
basketball basketball
deck deck
perception perception
childish childish
exotic exotic
hide hide
skip belief skip
community community
tin tin
battery battery
pastel pastel
crew crew
linear linear
adult adult
