1 14 1 64 1 114 1 164 1 6 7 8 9 6 1 10 12 11 13 10 1 18 19 20 21 18 1 56 57 58 59 56 1 60 62 61 63 60 1 68 69 70 71 68 1 106 107 108 109 106 1 110 112 111 113 110 1 118 119 120 121 118 1 156 157 158 159 156 1 160 162 161 163 160 1 168 169 170 171 168 1 2 5 3 4 2 1 26 27 28 27 26 1 76 77 78 77 76 1 126 127 128 127 126 1 176 177 178 177 176 1 22 23 24 22 1 72 73 74 72 1 122 123 124 122 1 172 173 174 172 1 50 51 52 55 53 54 52 51 50 1 100 101 102 105 103 104 102 101 100 1 150 151 152 155 153 154 152 151 150 1
64
112 112
111 111
9 9
23 23
107 107
54 54
55 55
53 53
57 57
113 113
59 59
11 11
61 61
62 62
103 103
64 65 66 67
12 12
3 3
58 58
13 13
105 105
63 63
70 70
14 17 15 16
69 69
24 25 24
71 71
73 73
74 74 75
78 78 80
4 4
119 119
120 120
121 121
19 19
20 20
124 124 125
5 5
21 21
123 123
114 115 116 117
155 155
154 154
159 159
153 153
161 161
162 162
164 165 166 167
157 157
7 7
158 158
109 109
163 163
170 170
169 169
108 108
28 28 30
171 171
128 130 128
173 173
174 174 175
178 178 180
104 104
8 8
