loc0 loc12 loc62 loc36 loc68 loc87 loc20 loc48 loc10 loc6 loc90 loc21 loc44 loc30 loc46 loc24 loc40 loc51 loc70 loc42 loc88 loc84 loc26 loc78 loc86 loc39 loc72 loc54 loc96 loc80 loc18 loc52 loc66 loc58 loc99 loc92 loc63 loc28 loc60 loc2 loc0
38
loc0 loc0 loc38
loc20 loc20
loc62 loc62
loc30 loc30
loc28 loc28
loc24 loc24 loc56
loc2 loc2
loc26 loc26
loc10 loc10
loc6 loc6
loc52 loc52
loc58 loc58
loc36 loc36
loc39 loc64 loc94
loc40 loc40
loc42 loc8 loc42
loc44 loc44
loc60 loc4 loc60
loc46 loc46
loc48 loc32 loc48 loc50
loc63 loc74 loc98
loc12 loc12
loc72 loc72
loc80 loc80
loc66 loc66
loc78 loc78 loc34 loc82 loc22
loc54 loc54
loc90 loc90
loc84 loc84
loc86 loc86
loc68 loc68
loc88 loc88
loc18 loc18 loc14
loc70 loc70
loc92 loc92
loc96 loc96
loc99 loc16
loc51 loc76
