loc0 loc12 loc146 loc150 loc102 loc36 loc160 loc174 loc190 loc174 loc44 loc198 loc104 loc90 loc134 loc90 loc170 loc144 loc4 loc126 loc128 loc165 loc106 loc105 loc50 loc105 loc148 loc48 loc10 loc6 loc164 loc45 loc182 loc180 loc162 loc30 loc46 loc24 loc114 loc110 loc123 loc40 loc51 loc76 loc51 loc130 loc123 loc152 loc138 loc88 loc153 loc118 loc168 loc70 loc195 loc166 loc42 loc8 loc84 loc188 loc147 loc176 loc75 loc86 loc177 loc94 loc177 loc142 loc177 loc64 loc72 loc54 loc140 loc96 loc112 loc15 loc184 loc159 loc52 loc159 loc80 loc192 loc172 loc192 loc122 loc117 loc136 loc78 loc186 loc22 loc189 loc178 loc18 loc14 loc108 loc120 loc66 loc156 loc116 loc27 loc58 loc99 loc92 loc99 loc16 loc111 loc28 loc60 loc98 loc63 loc124 loc132 loc38 loc0
87
loc0 loc0
loc44 loc44
loc40 loc40
loc8 loc8
loc110 loc110
loc42 loc42
loc106 loc106
loc22 loc22
loc46 loc46
loc50 loc50
loc48 loc48
loc124 loc124
loc10 loc10
loc112 loc112
loc52 loc52
loc54 loc54
loc102 loc102
loc58 loc58
loc60 loc60
loc12 loc12
loc104 loc104
loc114 loc114
loc64 loc64
loc66 loc66
loc70 loc70
loc14 loc14
loc116 loc116
loc72 loc72
loc80 loc80
loc76 loc76
loc117 loc194 loc154 loc158
loc78 loc26 loc78
loc16 loc16
loc118 loc118
loc84 loc84
loc94 loc94
loc86 loc86
loc96 loc96
loc88 loc88
loc120 loc120
loc90 loc90
loc18 loc18 loc100
loc92 loc92
loc24 loc24
loc4 loc4
loc98 loc98
loc126 loc126
loc122 loc122
loc142 loc142
loc130 loc130
loc144 loc32 loc20 loc144
loc152 loc152
loc146 loc146
loc156 loc156
loc148 loc148
loc150 loc150
loc30 loc30
loc132 loc2 loc132 loc74 loc62
loc162 loc162
loc128 loc128
loc6 loc6
loc160 loc160
loc108 loc108
loc134 loc134
loc172 loc172
loc164 loc164
loc166 loc166
loc168 loc168
loc178 loc178
loc170 loc170
loc180 loc180
loc136 loc136
loc182 loc182
loc174 loc56 loc174
loc176 loc176
loc138 loc138
loc36 loc196 loc36 loc68
loc192 loc192
loc184 loc184
loc190 loc190
loc186 loc186 loc34
loc189 loc82
loc188 loc188
loc28 loc28
loc38 loc38
loc140 loc140
loc198 loc198
