0 1 2 12 3 4 5 15 16 17 8 9 18 29 39 38 37 48 57 67 68 77 76 86 87 88 89 99 98 108 107 116 127 117 118 129 139 149 158 148 147 146 155 154 153 152 153 164 165 166 167 176 187 188 178 189 199 198 197 196 186 175 174 184 183 182 181 170 161 160 150 140 130 120 110 101 111 122 132 133 123 124 125 114 105 95 94 104 103 102 91 81 80 70 61 51 62 72 71 82 83 73 64 53 44 45 34 24 33 43 42 31 22 21 20 10 0
97
2 2
105 105
43 43
42 42
8 8
22 22
45 45
9 9
111 111
48 48
51 51
53 53
102 102
64 64
61 61
12 12
104 104
114 114
72 72
73 73
68 68
67 67
77 77
71 71
70 70
116 116
81 81
125 125
118 118
76 76
15 26 15
86 96 86
87 87
80 80
89 89
16 16
82 82
83 83
17 17
94 94
95 95
21 21
18 18
99 99
4 4
120 120
123 123
98 98
101 101
20 20
122 122
24 24
130 130
146 146
29 29
150 150 151
5 5
152 152
153 153
154 154
155 155
147 147
149 149
158 158
133 133
132 132
31 31
167 167
161 161
160 160
108 108
166 166
165 165
164 164
33 33
176 176
107 107
178 178
175 175
127 127
181 181
129 129
186 186
187 187
188 188
189 189
103 103
182 182
183 183
184 184
139 139
37 37
39 39
199 199
140 140
196 196
198 198
