0 79 87 50 44 13 70 95 20 43 23 30 10 57 31 75 6 9 86 11 48 88 46 40 66 85 8 77 97 28 74 92 54 90 81 71 41 61 14 33 52 38 93 76 35 47 83 45 64 4 5 73 59 55 62 72 51 36 84 91 96 94 69 65 18 42 82 12 56 67 80 58 34 37 22 60 68 53 89 98 25 49 3 78 26 16 21 2 27 63 19 24 29 17 39 15 99 1 32 7 0
100
0 0
2 2
3 3
8 8
9 9
10 10
11 11
12 12
13 13
14 14
15 15
16 16
17 17
41 41
42 42
43 43
44 44
45 45
46 46
47 47
48 48
49 49
50 50
51 51
52 52
53 53
54 54
55 55
56 56
57 57
58 58
59 59
60 60
61 61
62 62
63 63
64 64
65 65
66 66
67 67
68 68
69 69
70 70
71 71
72 72
73 73
74 74
75 75
76 76
77 77
78 78
79 79
80 80
81 81
82 82
83 83
84 84
85 85
86 86
87 87
88 88
89 89
90 90
91 91
93 93
94 94
95 95
96 96
18 18
92 92
24 24
21 21
19 19
4 4
97 97
98 98
99 99
20 20
22 22
23 23
25 25
26 26
5 5
29 29
30 30
31 31
6 6
1 1
32 32
33 33
27 27
34 34
35 35
7 7
36 36
37 37
28 28
38 38
39 39
40 40
