BU FF DV DL CT FB AY CK BN CR DM DK GE BQ CX FH CZ CE GN CE AE EL DA DJ CB ER BZ HM HP EF GK BM BH FD AF FP BT FG GA DI AP EC FS GH GO AD CS CI HC EG EH AX CO ES FR BK FI GS BG GY CW FN EN DW FL FU EO FW DE AQ BY BF CD BW AN AV EK GQ HO CM AT HA ET EY DR AU DZ CQ DT EV HH DQ GG DD GP BA DS GT CV DX DP HJ BE GM EQ AR CY CA HF BU
97
AE AE
BQ BQ
EG EG
EC EC
BU BU
EH EH
BW BW HG
BZ BZ
BY BY
CA CA
CD CD
CM CM
CK CK
CO CO
CI CI
CQ CQ
CR CR
EK EK
AN AN
CV CV
EL EL
CX CX
CY CY
CZ CZ
AX AX
CS CS
CT CT
DD DD
EN EN
CW CW
AQ AQ
AP AP
DI DI
DJ DJ
DK DK
EO EO
DM DM
DE DE FY
AR AR
DQ DQ
DR DR
DS DS
DT DT
DL DL
DP DP
EQ EQ
AY AY
ET ET
AV AV
AT AT
ER ER
DV DV
DX DX
ES ES
EV EV
FS FS
FN FN
BA BA
AF AF
FP FP
FR FR
GA GA
FB FB
FU FU
BE BE
GE GE
FW FW
EY EY
GH GH
FD FD
BF BF
BG BG
GM GM
GP GP
GQ GQ
GK GK
GT GT
BH BH
FF DU FF
GN GN
GO GO
FG FG
GS GS
HA HA
GY GY
DZ DZ
BK BK
FI FI
HC HC
HJ HJ
HF HF
HH HH
BM BM
BN BN
FL FL
HM HM
HP HP
