Qatar Australia Mongolia Sweden Tunisia SierraLeone Albania France Andorra Nicaragua Macedonia Burundi SanMarino Belgium Singapore SaintLucia Estonia Netherlands Haiti Uzbekistan Angola Malta Armenia Kyrgyzstan UnitedKingdom CzechRepublic VaticanCity Tuvalu Peru Mali Tajikistan Tanzania RussianFederation GuineaBissau Gabon UAE Lebanon Mozambique Senegal Montenegro Guyana Liberia Kosovo CostaRica Danzig Belarus Georgia Morocco Egypt DemofChina Qatar
49
Mongolia Mongolia
Albania Albania
Montenegro Montenegro
Tanzania Tanzania America
Sweden Sweden
SierraLeone SierraLeone
Guyana Guyana
UnitedKingdom UnitedKingdom
Tuvalu Tuvalu
Mali Mali
UAE UAE
GuineaBissau GuineaBissau
France France
Burundi Burundi
Australia Australia
Andorra Andorra
Gabon Gabon
RussianFederation RussianFederation
Nicaragua Nicaragua
Netherlands Netherlands
Kosovo Kosovo
Kyrgyzstan Kyrgyzstan
Lebanon Lebanon
Mozambique Mozambique
Tajikistan Tajikistan
VaticanCity VaticanCity
Danzig Danzig
Belarus Belarus
Liberia Liberia
Morocco Morocco
Uzbekistan Uzbekistan
Angola Angola
SanMarino SanMarino
CostaRica CostaRica
Georgia Georgia
CzechRepublic CzechRepublic
Armenia Armenia
Senegal Senegal
Peru Peru
Macedonia Macedonia
Tunisia Tunisia
Belgium Belgium
Haiti Haiti
Egypt Egypt
DemofChina DemofChina
Singapore Singapore
Estonia Estonia
Malta Malta
SaintLucia SaintLucia
