Albania Gabon Vanuatu Paraguay Burkina MountAthos Pakistan Fiji Ethiopia Comoros UnitedKingdom TheGambia Italy Philippines SaudiArabia NewZealand Malaysia Lesotho Andorra Hungary Mauritius Mauritania Rwanda Latvia Luxembourg Israel SaintLucia Venezuela Burma Finland Romania VaticanCity Qatar CapeVerde Norway Panama SaoTomPrincipe Liechtenstein Germany France Estonia EquatorGuinea RussianFederation Tunisia Djibouti Thailand Bahamas Bulgaria IvoryCoast SriLanka UAE NorthKorea Kosovo America Yemen Cyprus Niger Togo Kiribati Eritrea BosHerzegovina Newfoundland Ukraine SolomonIslands SierraLeone CentralAfricanRep Dominica Danzig Maldives Peru Guatemala Rome Seychelles Chile Bhutan Tanzania Suriname Greece Portugal Cuba Algeria PapuaNewGuinea Poland Kazakhstan Lithuania Jamaica Argentina Mongolia Serbia Japan Grenada Switzerland Belarus Brazil Cambodia Mali Slovenia Laos Australia Nepal SaintKitts Albania
100
Paraguay Paraguay
Vanuatu Vanuatu
Estonia Estonia
Israel Israel
Qatar Qatar
Finland Finland
Luxembourg Luxembourg
Rwanda Rwanda
Mauritania Mauritania
Dominica Dominica
VaticanCity VaticanCity
Romania Romania
CentralAfricanRep CentralAfricanRep
Norway Norway
Latvia Latvia
France France
Panama Panama
CapeVerde CapeVerde
Liechtenstein Liechtenstein
Germany Germany
Ukraine Ukraine
RussianFederation RussianFederation
Djibouti Djibouti
Bahamas Bahamas
EquatorGuinea EquatorGuinea
Tunisia Tunisia
Venezuela Venezuela
SaoTomPrincipe SaoTomPrincipe
UAE UAE
NorthKorea NorthKorea
IvoryCoast IvoryCoast
Rome Rome
Cyprus Cyprus
Kiribati Kiribati
Danzig Danzig
Yemen Yemen
Bulgaria Bulgaria
SriLanka SriLanka
Burkina Burkina
Togo Togo
Niger Niger
Thailand Thailand
Portugal Portugal
America America
Kosovo Kosovo
Eritrea Eritrea
Newfoundland Newfoundland
BosHerzegovina BosHerzegovina
SierraLeone SierraLeone
Seychelles Seychelles
Peru Peru
Comoros Comoros
Algeria Algeria
Guatemala Guatemala
Gabon Gabon
PapuaNewGuinea PapuaNewGuinea
Chile Chile
Suriname Suriname
Grenada Grenada
Cuba Cuba
Argentina Argentina
Mongolia Mongolia
Pakistan Pakistan
Italy Italy
Serbia Serbia
Belarus Belarus
Poland Poland
Kazakhstan Kazakhstan
Jamaica Jamaica
Lesotho Lesotho
Andorra Andorra
SaudiArabia SaudiArabia
Hungary Hungary
Japan Japan
TheGambia TheGambia
Switzerland Switzerland
NewZealand NewZealand
Brazil Brazil
SolomonIslands SolomonIslands
Greece Greece
UnitedKingdom UnitedKingdom
Mali Mali
Philippines Philippines
Nepal Nepal
Cambodia Cambodia
Tanzania Tanzania
Lithuania Lithuania
Maldives Maldives
Ethiopia Ethiopia
Australia Australia
Laos Laos
Malaysia Malaysia
Bhutan Bhutan
MountAthos MountAthos
SaintKitts SaintKitts
Fiji Fiji
Mauritius Mauritius
SaintLucia SaintLucia
Burma Burma
Slovenia Slovenia
