Nepal Georgia Argentina Azerbaijan Ecuador Belarus UAE Vietnam Afghanistan Fiji Botswana SouthAfrica Serbia Niger Suriname Tajikistan Slovakia NewZealand TheGambia VaticanCity SaintLucia Liechtenstein Tanzania Nepal
22
Belarus Belarus
Vietnam Palau Vietnam
Argentina Argentina
Fiji Panama Fiji
Liechtenstein Liechtenstein
SaintLucia SaintLucia
TheGambia MarshallIslands
Azerbaijan Azerbaijan
NewZealand NewZealand
UAE UAE
Suriname Suriname
Serbia Serbia
Afghanistan Afghanistan
Slovakia Slovakia
SouthAfrica Kuwait
VaticanCity VaticanCity
Tanzania Tanzania
Botswana Botswana
Niger Mauritius Niger
Georgia Georgia
Tajikistan Tajikistan
Ecuador Estonia
