l0 h1 h49 h45 h11 h9 h7 h42 h6 h4 l40 h8 h3 h5 h44 h25 h39 h46 l36 h41 h35 h34 h38 h15 h43 h17 l12 h16 h36 h40 h33 h47 h26 h14 l15 h12 h13 l39 h2 h31 h18 h20 h30 h21 h30 h48 l43 h19 h23 h32 h29 l30 h27 h0 l0
46
h5 h5
h12 h12
h3 h3
h6 h6
h11 h11
h7 h7 h10
h2 h2
l30 h28
h1 h1
h8 h8
h9 h9
h0 h0
h13 h13
h17 h17 h37
h18 h18
h19 h19
h20 h20
h21 h22 h21
h16 h16
h23 h23
h14 h14
h25 h25
h26 h26
h27 h27
h15 h15
h29 h29
h30 h30
h31 h31
h32 h32
h33 h33
h34 h34
h35 h35
h36 h36
h4 h4
h38 h38
h39 h39
h40 h40
h41 h41
h42 h42
h43 h43
h44 h24 h44
h45 h45
h46 h46
h47 h47
h48 h48
h49 h49
