vBhpoFdJZxyttIlfaf7D 37APL8dpwT5Ds5AIG0t4 RRlYwTFLYqL48JIMSAmC 7PoxePhwnlLvMilKVpER 4ilNvg3IkxoJuvkwqYsS MiPSEwVMn3bbGh4tbRTf 535WuquKiicRqEyzCI3d W1jWYYdH0atiKtbaVDRT oFNlFPub6zLirsQwo0fu fp9JaV5iTp8QxXwwkR68 6PPTzNGrNxrgfdvm8cwZ 17OoKHzumyPaqfjSSc7S WN0Nl06Zx9w6LYUHMZam R6ZzYYWqarkWldqbKDab rkMvLqMMN5Aq3onq5XeZ ohy3S5QXymEhh63dMBQE wHEcyeduhdH7p3Lr1PtC 8mLI4Cl8exxeLw5eLCvi jTdja1e2hUhydiExPlJM nB1RHSnvjX4nG0Tch5En 8Le4AI986fwHZXPoOMK1 qM7lEl3z2COceXw7x0EC iki3BohF22ET0rMPxXQ5 eKaPpzrMwOPxNzeoOSFH DybFcuyeWxt51LawzVvs mv3tFPDoT2NlrLp24T9l RpMJGAvULIBCQ0RI369s zs7X4IJgeJEM8iqAbvF3 rMd1TXBMCuFfO59jF1Tq d6xeP6xeDJ3O2jY8D4pB 9B0w6Ahn3NsugfNn6veD J00g7hlLLSWTXvTYK9v2 XBxLd5K0m0Gtk5fTL45q tUVqKo1E6AibIE6zShkv 6koX1rNvAwrB84m39eQv XYk0VV4ujV55qqS8YiHV EHYUZOt1fTtm7KJue8on fHfopcx4v3MKBN0TMn7s InZnvPu8h9zAoLCNj2in NAqhSs9OpS9XtIaJtTCD 2LthmnS3Cdd5FBfY5GQ9 R7crXexksQ4TN5zY2ck3 WwLzOfqcc3FIzub2jh8R cs6LkMYfySGYUzb8VLcc n2Cqtp5v2DuwGX7LhuzE JEGgKJfdY8owvwdYhKMk XWHR07Y6kfSBbEuD62PN qkrT0EYt8AHuefFD25g1 uUumBfQJDh6S0d06Kb78 XX8iZd9Mw56dkKCstFAC vBhpoFdJZxyttIlfaf7D
49
eKaPpzrMwOPxNzeoOSFH eKaPpzrMwOPxNzeoOSFH
EHYUZOt1fTtm7KJue8on EHYUZOt1fTtm7KJue8on
nB1RHSnvjX4nG0Tch5En nB1RHSnvjX4nG0Tch5En
wHEcyeduhdH7p3Lr1PtC wHEcyeduhdH7p3Lr1PtC
mv3tFPDoT2NlrLp24T9l mv3tFPDoT2NlrLp24T9l
8mLI4Cl8exxeLw5eLCvi 8mLI4Cl8exxeLw5eLCvi
17OoKHzumyPaqfjSSc7S 17OoKHzumyPaqfjSSc7S
fHfopcx4v3MKBN0TMn7s fHfopcx4v3MKBN0TMn7s
RpMJGAvULIBCQ0RI369s RpMJGAvULIBCQ0RI369s
InZnvPu8h9zAoLCNj2in InZnvPu8h9zAoLCNj2in
jTdja1e2hUhydiExPlJM jTdja1e2hUhydiExPlJM
qM7lEl3z2COceXw7x0EC qM7lEl3z2COceXw7x0EC
rMd1TXBMCuFfO59jF1Tq rMd1TXBMCuFfO59jF1Tq
d6xeP6xeDJ3O2jY8D4pB vLwJebpyApE3MPksc9OW d6xeP6xeDJ3O2jY8D4pB
XX8iZd9Mw56dkKCstFAC XX8iZd9Mw56dkKCstFAC
RRlYwTFLYqL48JIMSAmC RRlYwTFLYqL48JIMSAmC
MiPSEwVMn3bbGh4tbRTf MiPSEwVMn3bbGh4tbRTf
6PPTzNGrNxrgfdvm8cwZ 6PPTzNGrNxrgfdvm8cwZ
WN0Nl06Zx9w6LYUHMZam WN0Nl06Zx9w6LYUHMZam
R7crXexksQ4TN5zY2ck3 R7crXexksQ4TN5zY2ck3
4ilNvg3IkxoJuvkwqYsS 4ilNvg3IkxoJuvkwqYsS
rkMvLqMMN5Aq3onq5XeZ rkMvLqMMN5Aq3onq5XeZ
tUVqKo1E6AibIE6zShkv tUVqKo1E6AibIE6zShkv
37APL8dpwT5Ds5AIG0t4 37APL8dpwT5Ds5AIG0t4
J00g7hlLLSWTXvTYK9v2 J00g7hlLLSWTXvTYK9v2
WwLzOfqcc3FIzub2jh8R WwLzOfqcc3FIzub2jh8R
oFNlFPub6zLirsQwo0fu oFNlFPub6zLirsQwo0fu
8Le4AI986fwHZXPoOMK1 8Le4AI986fwHZXPoOMK1
7PoxePhwnlLvMilKVpER 7PoxePhwnlLvMilKVpER
NAqhSs9OpS9XtIaJtTCD NAqhSs9OpS9XtIaJtTCD
ohy3S5QXymEhh63dMBQE ohy3S5QXymEhh63dMBQE
n2Cqtp5v2DuwGX7LhuzE n2Cqtp5v2DuwGX7LhuzE
JEGgKJfdY8owvwdYhKMk JEGgKJfdY8owvwdYhKMk
fp9JaV5iTp8QxXwwkR68 fp9JaV5iTp8QxXwwkR68
XBxLd5K0m0Gtk5fTL45q XBxLd5K0m0Gtk5fTL45q
R6ZzYYWqarkWldqbKDab R6ZzYYWqarkWldqbKDab
XYk0VV4ujV55qqS8YiHV XYk0VV4ujV55qqS8YiHV
cs6LkMYfySGYUzb8VLcc cs6LkMYfySGYUzb8VLcc
2LthmnS3Cdd5FBfY5GQ9 2LthmnS3Cdd5FBfY5GQ9
9B0w6Ahn3NsugfNn6veD 9B0w6Ahn3NsugfNn6veD
W1jWYYdH0atiKtbaVDRT W1jWYYdH0atiKtbaVDRT
DybFcuyeWxt51LawzVvs DybFcuyeWxt51LawzVvs
6koX1rNvAwrB84m39eQv 6koX1rNvAwrB84m39eQv
uUumBfQJDh6S0d06Kb78 uUumBfQJDh6S0d06Kb78
zs7X4IJgeJEM8iqAbvF3 zs7X4IJgeJEM8iqAbvF3
qkrT0EYt8AHuefFD25g1 qkrT0EYt8AHuefFD25g1
XWHR07Y6kfSBbEuD62PN XWHR07Y6kfSBbEuD62PN
iki3BohF22ET0rMPxXQ5 iki3BohF22ET0rMPxXQ5
535WuquKiicRqEyzCI3d 535WuquKiicRqEyzCI3d
