Mf966TmCJF9l0PTKetVd dOWv4G57nxm9UArCvQlq BCVfaQnOCgLubJ23r8nF XfWllIgv9lA6ZwGuKvLt 7c4FoaFf1TJetsLZUEok Hpniux0SkkA6CliHWNDc p6bp9pYgtaGo4Q50DQAM TmdW4dU59umpgT9XX8G3 eA2uctxdjBuXDZUrmUHy JWE9kJZ3fUSBbRtkVScl YrtjNlKZcZnAXu7owFPA bLojQFXmB5k6r0zKTWYe iRg3oRlKsAtLuOm5tUrC KKiBHd9DTQAd6AZYxlK3 Ad4iMaOuAofXNjJzNKWl TBEGhhvsdStRJh2Eqkyf 5ebtvAsyAh8vEmm1Z3wm Y5ZKsuPbCDUQp5LjPNey R87rV3jFUvYuE0RN4Z4a 4mdSIFCsq2HySOzm2H4M km12BN3CByUGmRV2tX7b acwLCbshqBQuYbTzAPRI GfTqQpqjWivAFXbCN2BL QZIvvAQe1weWyQjLrGi1 rzYdrZxXnbXlOjFVWVaR kVdbGuYm0jD2q8vsLFHY 2bMCdMiNzTpm8a2kNe9G S0PhmGw8tyUPzxvRSE5R VqBuOSJBVqxMG4rldwQn HKK5Jm9eHd0V7gvBWuw9 BLgd9OLqnPIJY5LCIxDK CLNCAWQgYnzuvt7RChAf JfzkldRR1w0Y52KBg47D wtlCpdxHbUUmSY7DnD2u 3Yod5nNtIcKNmTtNQ3xH GzkbHop7cJv0CvjQalTE trOoQ3enuOI8GUJqwAMC flliQzyn5hSC8yLOMyYJ Yw0z9L8p6xIk7hgYCgVd NvfSRypj4POoHWC3jDz3 KCy3uvDFe4h3kwRgxFiX sSdPSXUotKahf03SRnBn byF5FvS6RJUrgCsP3o6T ZPAxEbVjKWTr0cDqLbA0 ZDA7k1XMUYTsnmCfuUtR wNmo9den9k6ySqzO7o0M czjPVxJvSz9DoMc0Y7Vv BcvYB1mubFuRTbgMUsXg RrBlUMzlEzdRa5S1pyiF zDq8bGYKiSYw3c53IWfw W1IcDWCQWwTCriXsjtm4 y3cL4LyhfEAlU1Jj1Xj6 e2usEAoRX2qu6mneHOxg QMmklR1fA1rnjMsU1WMc wyZ3Q4gHyaxpdYdezyjU pxBA1Tii62WPeRWcccVp jAzyDyaN1mD5Ei1RjCiO OGxA8YvD4WfIxOfmtWm4 0O3lDJvzYSiuZNzHimQX TkZ4LHIfwKap48xdp8m2 kGhQ3uDjcFA7MLP7UF4W aU4DeG46NC8vRU6N0ahg NtZncVsU7O40k1BXousH aH2XDl7CjGFhEP3bbYjH Q4jkxyPtGKis0eXik3Gg AjMqEYKq0eELwsiEhQNE cAkwFDH7tSQkP40ewGcD CHHJQHxp9VQGraviPBS2 4mRiy2s23Ljl4N4CqEav N7mkTpLI9Mgh0txBOflw 7ArLVA3N0doHBQAlCDtl a6uUA0TEdnZwD1b73O9r VaRx19QfIOvUT5pZyulj Crbc9OlCoJ9dTIJXXsjb Xucw5TdPOzp0SQGWHjkE WZxeHszJ2ShfYgJs53YV mGfIqoDGGajPXw9RvY8S OyOgefgJfgx6VwEfudZn JfWSVxbK8iOEPzK7FV9x 1aGCWVuyE8DRxIV204ZW 4CVQrsejmjPmVL7elf2w b2icxuMf1zEyF7ImMEzE Ic20PkDM6xxefUTvJEIQ ul7ierPjffkmvfh4Ylme SQhK0n9L9aixdJxvdeKd UvtGaTsTes8Gs4gE8ya3 jZUUy27kZ3z2uIv0PGPy HhITLZSwERe6osGRUBXt IwnN6xRahpjWnxZTYR2F ydEppVwK15UN0USyP00U lrLgTYF7nIsDkEYlxuHz PLyQF48YPXs4LxxIxWHM 1crXui4lUlMG7IuTFiXo CxdADQl1Lh5mGQMAravk WQlZty1AKP9gLfjz0EYW u4VGAkqq00Jhej3knMJI 1wZce3qjltyIzzlL1Zfw bBJ5TDHtVrSIxXmQJ63J fsCdklolnC3ndvzFtyM3 56ePYTmTGzdOHfvnLEPd tH0lbMmdJDVlC4Pr7uAb Mf966TmCJF9l0PTKetVd
100
JWE9kJZ3fUSBbRtkVScl JWE9kJZ3fUSBbRtkVScl
CxdADQl1Lh5mGQMAravk CxdADQl1Lh5mGQMAravk
km12BN3CByUGmRV2tX7b km12BN3CByUGmRV2tX7b
AjMqEYKq0eELwsiEhQNE AjMqEYKq0eELwsiEhQNE
IwnN6xRahpjWnxZTYR2F IwnN6xRahpjWnxZTYR2F
NtZncVsU7O40k1BXousH NtZncVsU7O40k1BXousH
RrBlUMzlEzdRa5S1pyiF RrBlUMzlEzdRa5S1pyiF
KCy3uvDFe4h3kwRgxFiX KCy3uvDFe4h3kwRgxFiX
p6bp9pYgtaGo4Q50DQAM p6bp9pYgtaGo4Q50DQAM
1wZce3qjltyIzzlL1Zfw 1wZce3qjltyIzzlL1Zfw
OGxA8YvD4WfIxOfmtWm4 OGxA8YvD4WfIxOfmtWm4
trOoQ3enuOI8GUJqwAMC trOoQ3enuOI8GUJqwAMC
wyZ3Q4gHyaxpdYdezyjU wyZ3Q4gHyaxpdYdezyjU
Y5ZKsuPbCDUQp5LjPNey Y5ZKsuPbCDUQp5LjPNey
dOWv4G57nxm9UArCvQlq dOWv4G57nxm9UArCvQlq
ZDA7k1XMUYTsnmCfuUtR ZDA7k1XMUYTsnmCfuUtR
mGfIqoDGGajPXw9RvY8S mGfIqoDGGajPXw9RvY8S
ydEppVwK15UN0USyP00U ydEppVwK15UN0USyP00U
W1IcDWCQWwTCriXsjtm4 W1IcDWCQWwTCriXsjtm4
SQhK0n9L9aixdJxvdeKd SQhK0n9L9aixdJxvdeKd
byF5FvS6RJUrgCsP3o6T byF5FvS6RJUrgCsP3o6T
TkZ4LHIfwKap48xdp8m2 TkZ4LHIfwKap48xdp8m2
4CVQrsejmjPmVL7elf2w 4CVQrsejmjPmVL7elf2w
56ePYTmTGzdOHfvnLEPd 56ePYTmTGzdOHfvnLEPd
cAkwFDH7tSQkP40ewGcD cAkwFDH7tSQkP40ewGcD
S0PhmGw8tyUPzxvRSE5R S0PhmGw8tyUPzxvRSE5R
tH0lbMmdJDVlC4Pr7uAb tH0lbMmdJDVlC4Pr7uAb
lrLgTYF7nIsDkEYlxuHz lrLgTYF7nIsDkEYlxuHz
u4VGAkqq00Jhej3knMJI u4VGAkqq00Jhej3knMJI
1crXui4lUlMG7IuTFiXo 1crXui4lUlMG7IuTFiXo
rzYdrZxXnbXlOjFVWVaR rzYdrZxXnbXlOjFVWVaR
kGhQ3uDjcFA7MLP7UF4W kGhQ3uDjcFA7MLP7UF4W
JfWSVxbK8iOEPzK7FV9x JfWSVxbK8iOEPzK7FV9x
bBJ5TDHtVrSIxXmQJ63J bBJ5TDHtVrSIxXmQJ63J
BLgd9OLqnPIJY5LCIxDK BLgd9OLqnPIJY5LCIxDK
UvtGaTsTes8Gs4gE8ya3 UvtGaTsTes8Gs4gE8ya3
NvfSRypj4POoHWC3jDz3 NvfSRypj4POoHWC3jDz3
XfWllIgv9lA6ZwGuKvLt XfWllIgv9lA6ZwGuKvLt
7ArLVA3N0doHBQAlCDtl 7ArLVA3N0doHBQAlCDtl
acwLCbshqBQuYbTzAPRI acwLCbshqBQuYbTzAPRI
YrtjNlKZcZnAXu7owFPA YrtjNlKZcZnAXu7owFPA
QMmklR1fA1rnjMsU1WMc QMmklR1fA1rnjMsU1WMc
TmdW4dU59umpgT9XX8G3 TmdW4dU59umpgT9XX8G3
czjPVxJvSz9DoMc0Y7Vv czjPVxJvSz9DoMc0Y7Vv
R87rV3jFUvYuE0RN4Z4a R87rV3jFUvYuE0RN4Z4a
Hpniux0SkkA6CliHWNDc Hpniux0SkkA6CliHWNDc
GfTqQpqjWivAFXbCN2BL GfTqQpqjWivAFXbCN2BL
zDq8bGYKiSYw3c53IWfw zDq8bGYKiSYw3c53IWfw
Xucw5TdPOzp0SQGWHjkE Xucw5TdPOzp0SQGWHjkE
TBEGhhvsdStRJh2Eqkyf TBEGhhvsdStRJh2Eqkyf
QZIvvAQe1weWyQjLrGi1 QZIvvAQe1weWyQjLrGi1
WQlZty1AKP9gLfjz0EYW WQlZty1AKP9gLfjz0EYW
aH2XDl7CjGFhEP3bbYjH aH2XDl7CjGFhEP3bbYjH
WZxeHszJ2ShfYgJs53YV WZxeHszJ2ShfYgJs53YV
ZPAxEbVjKWTr0cDqLbA0 ZPAxEbVjKWTr0cDqLbA0
1aGCWVuyE8DRxIV204ZW 1aGCWVuyE8DRxIV204ZW
2bMCdMiNzTpm8a2kNe9G 2bMCdMiNzTpm8a2kNe9G
4mRiy2s23Ljl4N4CqEav 4mRiy2s23Ljl4N4CqEav
jZUUy27kZ3z2uIv0PGPy jZUUy27kZ3z2uIv0PGPy
fsCdklolnC3ndvzFtyM3 fsCdklolnC3ndvzFtyM3
wNmo9den9k6ySqzO7o0M wNmo9den9k6ySqzO7o0M
7c4FoaFf1TJetsLZUEok 7c4FoaFf1TJetsLZUEok
N7mkTpLI9Mgh0txBOflw N7mkTpLI9Mgh0txBOflw
y3cL4LyhfEAlU1Jj1Xj6 y3cL4LyhfEAlU1Jj1Xj6
BCVfaQnOCgLubJ23r8nF BCVfaQnOCgLubJ23r8nF
KKiBHd9DTQAd6AZYxlK3 KKiBHd9DTQAd6AZYxlK3
HKK5Jm9eHd0V7gvBWuw9 HKK5Jm9eHd0V7gvBWuw9
sSdPSXUotKahf03SRnBn sSdPSXUotKahf03SRnBn
CLNCAWQgYnzuvt7RChAf CLNCAWQgYnzuvt7RChAf
PLyQF48YPXs4LxxIxWHM PLyQF48YPXs4LxxIxWHM
OyOgefgJfgx6VwEfudZn OyOgefgJfgx6VwEfudZn
HhITLZSwERe6osGRUBXt HhITLZSwERe6osGRUBXt
BcvYB1mubFuRTbgMUsXg BcvYB1mubFuRTbgMUsXg
Yw0z9L8p6xIk7hgYCgVd Yw0z9L8p6xIk7hgYCgVd
pxBA1Tii62WPeRWcccVp pxBA1Tii62WPeRWcccVp
Q4jkxyPtGKis0eXik3Gg Q4jkxyPtGKis0eXik3Gg
Crbc9OlCoJ9dTIJXXsjb Crbc9OlCoJ9dTIJXXsjb
eA2uctxdjBuXDZUrmUHy eA2uctxdjBuXDZUrmUHy
4mdSIFCsq2HySOzm2H4M 4mdSIFCsq2HySOzm2H4M
aU4DeG46NC8vRU6N0ahg aU4DeG46NC8vRU6N0ahg
VaRx19QfIOvUT5pZyulj VaRx19QfIOvUT5pZyulj
e2usEAoRX2qu6mneHOxg e2usEAoRX2qu6mneHOxg
Ad4iMaOuAofXNjJzNKWl Ad4iMaOuAofXNjJzNKWl
kVdbGuYm0jD2q8vsLFHY kVdbGuYm0jD2q8vsLFHY
iRg3oRlKsAtLuOm5tUrC iRg3oRlKsAtLuOm5tUrC
Ic20PkDM6xxefUTvJEIQ Ic20PkDM6xxefUTvJEIQ
0O3lDJvzYSiuZNzHimQX 0O3lDJvzYSiuZNzHimQX
3Yod5nNtIcKNmTtNQ3xH 3Yod5nNtIcKNmTtNQ3xH
JfzkldRR1w0Y52KBg47D JfzkldRR1w0Y52KBg47D
bLojQFXmB5k6r0zKTWYe bLojQFXmB5k6r0zKTWYe
ul7ierPjffkmvfh4Ylme ul7ierPjffkmvfh4Ylme
5ebtvAsyAh8vEmm1Z3wm 5ebtvAsyAh8vEmm1Z3wm
a6uUA0TEdnZwD1b73O9r a6uUA0TEdnZwD1b73O9r
b2icxuMf1zEyF7ImMEzE b2icxuMf1zEyF7ImMEzE
wtlCpdxHbUUmSY7DnD2u wtlCpdxHbUUmSY7DnD2u
GzkbHop7cJv0CvjQalTE GzkbHop7cJv0CvjQalTE
jAzyDyaN1mD5Ei1RjCiO jAzyDyaN1mD5Ei1RjCiO
VqBuOSJBVqxMG4rldwQn VqBuOSJBVqxMG4rldwQn
CHHJQHxp9VQGraviPBS2 CHHJQHxp9VQGraviPBS2
flliQzyn5hSC8yLOMyYJ flliQzyn5hSC8yLOMyYJ
