0EzLvznzqSsDTCbR5WWQ TWpWLT2JICvczaB6q8Bo idUlMWK1ZaKWh4awCdHY vgcAaadTbDs3lU9Z1t49 K5LnOJV1Zh18kgMnZsVe LtVuPtXkki7L0rCf1ysG lEZ0YMvUzTvQYxlTiMir b69ITlIgTtPRUIpmSw5o YRtAAkfi0YIaAv0XqGni j7jI3vJM5SWQs3N9YWK4 hk9ECfFhibg7bmIlco5h 75EgdJC8MacBE2zKZlon HET4yE4ksHFmFRytJhfu cZGUbNgsLGnuZE3Ot20K 4ZMxz7AKccmgx6JK5gZn pWBi6tyyRZpOm0dbsZfH LTgssryHh3BZe1w1IMJd oFJmSdI9Mubs3awqWY5w 3iRTkaf7suaV2i91D7AI I7VRK3VugXxRlgxCe54Q N0EmviMgt156P2Bd7oet IVZaGmLbfT5MQpxXO2DP LS3fS52ozGva9KBtcfZZ m5Au4RgVgXhOUKbKSdGW tnUjNl6cWuoaXQEfxH4p wrf0xNKoLGLKfuhe6hpI 0EzLvznzqSsDTCbR5WWQ
25
m5Au4RgVgXhOUKbKSdGW m5Au4RgVgXhOUKbKSdGW
HET4yE4ksHFmFRytJhfu HET4yE4ksHFmFRytJhfu
TWpWLT2JICvczaB6q8Bo TWpWLT2JICvczaB6q8Bo
oFJmSdI9Mubs3awqWY5w oFJmSdI9Mubs3awqWY5w
idUlMWK1ZaKWh4awCdHY idUlMWK1ZaKWh4awCdHY
I7VRK3VugXxRlgxCe54Q I7VRK3VugXxRlgxCe54Q
N0EmviMgt156P2Bd7oet N0EmviMgt156P2Bd7oet
LtVuPtXkki7L0rCf1ysG LtVuPtXkki7L0rCf1ysG
b69ITlIgTtPRUIpmSw5o b69ITlIgTtPRUIpmSw5o
pWBi6tyyRZpOm0dbsZfH pWBi6tyyRZpOm0dbsZfH
cZGUbNgsLGnuZE3Ot20K cZGUbNgsLGnuZE3Ot20K
lEZ0YMvUzTvQYxlTiMir lEZ0YMvUzTvQYxlTiMir
YRtAAkfi0YIaAv0XqGni YRtAAkfi0YIaAv0XqGni
LTgssryHh3BZe1w1IMJd LTgssryHh3BZe1w1IMJd
tnUjNl6cWuoaXQEfxH4p tnUjNl6cWuoaXQEfxH4p
j7jI3vJM5SWQs3N9YWK4 j7jI3vJM5SWQs3N9YWK4
wrf0xNKoLGLKfuhe6hpI wrf0xNKoLGLKfuhe6hpI
75EgdJC8MacBE2zKZlon 75EgdJC8MacBE2zKZlon
IVZaGmLbfT5MQpxXO2DP IVZaGmLbfT5MQpxXO2DP
K5LnOJV1Zh18kgMnZsVe K5LnOJV1Zh18kgMnZsVe
4ZMxz7AKccmgx6JK5gZn 4ZMxz7AKccmgx6JK5gZn
LS3fS52ozGva9KBtcfZZ LS3fS52ozGva9KBtcfZZ
vgcAaadTbDs3lU9Z1t49 vgcAaadTbDs3lU9Z1t49
hk9ECfFhibg7bmIlco5h hk9ECfFhibg7bmIlco5h
3iRTkaf7suaV2i91D7AI 3iRTkaf7suaV2i91D7AI
