point0 point69 point0 point52 point56 point59 point49 point50 point51 point50 point55 point10 point11 point5 point15 point20 point18 point14 point21 point22 point3 point16 point32 point17 point32 point29 point35 point30 point25 point33 point31 point34 point27 point41 point38 point40 point39 point43 point85 point89 point87 point95 point92 point93 point86 point93 point94 point131 point135 point139 point140 point134 point186 point181 point183 point189 point179 point127 point126 point127 point123 point124 point112 point110 point111 point113 point116 point115 point72 point68 point67 point109 point67 point79 point76 point75 point73 point78 point84 point119 point125 point122 point83 point120 point132 point138 point187 point182 point190 point185 point168 point172 point175 point177 point178 point171 point160 point163 point162 point163 point155 point146 point153 point146 point151 point148 point144 point145 point149 point154 point152 point108 point102 point107 point103 point97 point101 point54 point0
78
point3 point3
point43 point43
point40 point40
point38 point38
point39 point42 point39
point41 point41
point110 point110
point124 point124
point112 point112
point111 point111
point102 point102
point49 point49
point51 point51
point10 point1 point10
point52 point52
point56 point56
point54 point54
point55 point55
point11 point11
point113 point113
point67 point67
point115 point115
point76 point76
point69 point69
point78 point78
point75 point75
point72 point72
point73 point73
point15 point13 point6 point15
point79 point79
point16 point16
point86 point86
point83 point83
point85 point85
point119 point119
point17 point17
point87 point87
point89 point89 point91
point120 point120
point18 point18
point94 point94
point123 point123
point21 point21
point126 point126
point122 point122
point144 point144 point157
point5 point5
point151 point151
point152 point152
point153 point153
point29 point29
point148 point148
point131 point131
point149 point149
point30 point30
point132 point132
point155 point155
point31 point31
point163 point163
point162 point162 point158
point160 point160
point108 point108
point134 point134
point135 point135
point107 point100
point33 point33
point27 point27
point172 point172
point34 point34
point177 point177
point179 point179
point183 point183
point103 point103
point109 point109
point138 point138
point139 point139 point180
point185 point184 point185
point187 point187
