55 57 182 101 173 177 45 151 20 161 11 168 118 81 14 36 14 17 131 185 89 149 171 188 86 80 102 88 26 174 66 43 140 58 133 10 163 184 153 78 77 69 107 74 187 41 148 175 109 97 40 42 62 181 146 56 90 179 122 15 113 114 28 172 8 53 127 54 9 67 76 116 134 32 150 105 170 27 164 126 30 152 59 119 29 158 106 63 115 61 91 48 186 33 83 137 111 189 16 55
86
8 8
111 111
45 12 45
42 42
107 107
40 40
41 41
9 9
43 43
53 53
54 54
48 48
58 58 166
11 11
113 113
57 57
56 85 56
115 115
114 114
59 59 159
105 105
61 61
62 62
63 63
67 67
66 66
116 116
77 77
15 135 13 15
80 80
81 81
74 74
126 126
76 76
16 16
118 118
78 78
17 17
119 119
83 83
106 106
26 26
86 86
88 88
90 90
91 91
97 97
20 20
122 122
101 101
131 131
29 29
149 149
153 153
27 27
146 146
30 30
148 148
150 49 150
151 151
152 152
133 133
163 163
158 158
134 134
32 32
109 109
33 33
172 172
173 173
171 171
175 175
168 168
177 177 162
170 170 160
179 179
137 137
182 182
36 36
181 181
140 140
184 184
185 185
186 186
188 188
189 189 71
